2024-11-01 13:00:13,421 - Workflow_Config_Helper - ERROR - Liquid requested Water is not connected to the pump
2024-11-01 13:00:13,421 - Workflow_Config_Helper - INFO - All solids and liquids requested in sample list are in the workflow
2024-11-01 13:00:13,421 - Workflow_Config_Helper - INFO - No errors in workflow detected
2024-11-01 13:00:17,443 - pylabware.connections.SerialConnection - INFO - Creating connection object with the following settings: 
{'address': '', 'port': '/dev/ttyUSB0', 'encoding': 'UTF-8', 'command_delay': 0.5, 'receive_buffer_size': 128, 'receive_timeout': 1, 'transmit_timeout': 1, 'receiving_interval': 0.05, 'write_timeout': 0.5, 'baudrate': 9600, 'bytesize': 7, 'parity': 'E', 'stopbits': 1, 'xonxoff': False, 'rtscts': False, 'dsrdtr': False, 'inter_byte_timeout': False}
2024-11-01 13:00:17,444 - pylabware.connections.SerialConnection - INFO - Creating connection object with the following settings: 
{'address': '1', 'port': '/dev/ttyUSB1', 'encoding': 'UTF-8', 'command_delay': 0, 'receive_buffer_size': 128, 'receive_timeout': 10, 'transmit_timeout': 1, 'receiving_interval': 0.05, 'write_timeout': 0.5, 'baudrate': 9600, 'bytesize': 8, 'parity': 'N', 'stopbits': 1, 'xonxoff': False, 'rtscts': False, 'dsrdtr': False, 'inter_byte_timeout': False}
2024-11-01 13:00:17,444 - pylabware.connections.SerialConnection - INFO - Creating connection object with the following settings: 
{'address': None, 'port': '/dev/ttyUSB2', 'encoding': 'UTF-8', 'command_delay': 0.5, 'receive_buffer_size': 128, 'receive_timeout': 1, 'transmit_timeout': 1, 'receiving_interval': 0.05, 'write_timeout': 0.5, 'baudrate': 9600, 'bytesize': 8, 'parity': 'N', 'stopbits': 1, 'xonxoff': True, 'rtscts': False, 'dsrdtr': False, 'inter_byte_timeout': False, 'timeout': 0.1}
2024-11-01 13:00:17,447 - pylabware.connections.SerialConnection - INFO - Starting connection listener...
2024-11-01 13:00:17,447 - pylabware.connections.SerialConnection - INFO - Port /dev/ttyUSB2 opened.
2024-11-01 13:00:17,448 - pylabware.connections.SerialConnection - WARNING - Command rate too high! Delaying next command for 0.5 seconds
2024-11-01 13:00:18,055 - pylabware.controllers.QuantosQB1.QUANTOS - INFO - No carousel/autosampler connected
2024-11-01 13:00:18,055 - pylabware.connections.SerialConnection - WARNING - Command rate too high! Delaying next command for 0.5 seconds
2024-11-01 13:00:21,326 - RiH_Main - INFO - Connecting IKA RCT digital..
2024-11-01 13:00:21,328 - pylabware.connections.SerialConnection - INFO - Starting connection listener...
2024-11-01 13:00:21,329 - pylabware.connections.SerialConnection - INFO - Port /dev/ttyUSB0 opened.
2024-11-01 13:00:21,329 - pylabware.controllers.RCTDigitalHotplate.IKA - INFO - Opened connection.
2024-11-01 13:00:23,398 - RiH_Main - INFO - IKA RCT digital connected.
2024-11-01 13:00:24,907 - RiH_Main - INFO - Stiring velocity set to 100.
2024-11-01 13:00:26,478 - RiH_Main - INFO - Current temperature: 0.0.
2024-11-01 13:00:26,478 - RiH_Main - INFO - Connecting Pump..
2024-11-01 13:00:26,480 - pylabware.connections.SerialConnection - INFO - Starting connection listener...
2024-11-01 13:00:26,480 - pylabware.connections.SerialConnection - INFO - Port /dev/ttyUSB1 opened.
2024-11-01 13:00:26,481 - pylabware.controllers.XCalibur.DISPENSE_PUMP - INFO - Opened connection.
2024-11-01 13:00:27,036 - RiH_Main - INFO - Pump connected.
2024-11-01 13:00:27,592 - pylabware.controllers.XCalibur.DISPENSE_PUMP - INFO - Device initialized.
2024-11-01 13:00:27,593 - RiH_Main - INFO - Pump initialised.
2024-11-01 13:00:28,095 - RiH_Main - INFO - Checking for pump errors
2024-11-01 13:00:28,096 - RiH_Main - INFO - Connecting to the Quantos - opening doors
2024-11-01 13:00:34,814 - RiH_Main - INFO - Quantos connected..
2024-11-01 13:00:34,814 - RiH_Main - INFO - Initialising the filter machine
2024-11-01 13:00:34,815 - RiH_Filtration_System - INFO - Initialising filtration system pump
2024-11-01 13:00:34,815 - pylabware.connections.SerialConnection - INFO - Creating connection object with the following settings: 
{'address': '1', 'port': '/dev/ttyUSB3', 'encoding': 'UTF-8', 'command_delay': 0, 'receive_buffer_size': 128, 'receive_timeout': 10, 'transmit_timeout': 1, 'receiving_interval': 0.05, 'write_timeout': 0.5, 'baudrate': 9600, 'bytesize': 8, 'parity': 'N', 'stopbits': 1, 'xonxoff': False, 'rtscts': False, 'dsrdtr': False, 'inter_byte_timeout': False}
2024-11-01 13:00:34,817 - pylabware.connections.SerialConnection - INFO - Starting connection listener...
2024-11-01 13:00:34,818 - pylabware.connections.SerialConnection - INFO - Port /dev/ttyUSB3 opened.
2024-11-01 13:00:34,818 - pylabware.controllers.XCalibur.FILT_PUMP - INFO - Opened connection.
2024-11-01 13:00:34,869 - pylabware.controllers.XCalibur.FILT_PUMP - INFO - Device initialized.
2024-11-01 13:00:37,694 - pylabware.controllers.XCalibur.FILT_PUMP - INFO - Reply was <Invalid command! Pump Ready.>
2024-11-01 13:00:37,695 - pylabware.controllers.XCalibur.FILT_PUMP - WARNING - A non-fatal error was recieved resending command - errors occured: 1
2024-11-01 13:00:38,300 - RiH_Filtration_System - INFO - Initialising the filtration system arduino
2024-11-01 13:00:38,309 - RiH_Main - INFO - Panda robot connected to 172.16.0.2
2024-11-01 13:00:38,310 - RiH_Main - ERROR - Capper camera is not available.
2024-11-01 13:14:25,667 - RiH_Main - ERROR - IKA slot 2 not available.
