2024-05-02 18:03:58,665 - pylabware.connections.SerialConnection - INFO - Creating connection object with the following settings: 
{'address': '', 'port': '/dev/ttyUSB2', 'encoding': 'UTF-8', 'command_delay': 0.5, 'receive_buffer_size': 128, 'receive_timeout': 1, 'transmit_timeout': 1, 'receiving_interval': 0.05, 'write_timeout': 0.5, 'baudrate': 9600, 'bytesize': 7, 'parity': 'E', 'stopbits': 1, 'xonxoff': False, 'rtscts': False, 'dsrdtr': False, 'inter_byte_timeout': False}
2024-05-02 18:03:58,666 - pylabware.connections.SerialConnection - INFO - Creating connection object with the following settings: 
{'address': '1', 'port': '/dev/ttyUSB1', 'encoding': 'UTF-8', 'command_delay': 0, 'receive_buffer_size': 128, 'receive_timeout': 10, 'transmit_timeout': 1, 'receiving_interval': 0.05, 'write_timeout': 0.5, 'baudrate': 9600, 'bytesize': 8, 'parity': 'N', 'stopbits': 1, 'xonxoff': False, 'rtscts': False, 'dsrdtr': False, 'inter_byte_timeout': False}
2024-05-02 18:03:58,666 - pylabware.connections.SerialConnection - INFO - Creating connection object with the following settings: 
{'address': None, 'port': '/dev/ttyUSB0', 'encoding': 'UTF-8', 'command_delay': 0.5, 'receive_buffer_size': 128, 'receive_timeout': 1, 'transmit_timeout': 1, 'receiving_interval': 0.05, 'write_timeout': 0.5, 'baudrate': 9600, 'bytesize': 8, 'parity': 'N', 'stopbits': 1, 'xonxoff': True, 'rtscts': False, 'dsrdtr': False, 'inter_byte_timeout': False, 'timeout': 0.1}
2024-05-02 18:03:58,669 - pylabware.connections.SerialConnection - INFO - Starting connection listener...
2024-05-02 18:03:58,669 - pylabware.connections.SerialConnection - INFO - Port /dev/ttyUSB0 opened.
2024-05-02 18:03:58,670 - pylabware.connections.SerialConnection - WARNING - Command rate too high! Delaying next command for 0.5 seconds
2024-05-02 18:03:59,277 - pylabware.controllers.QuantosQB1.QUANTOS - INFO - No carousel/autosampler connected
2024-05-02 18:03:59,277 - pylabware.connections.SerialConnection - WARNING - Command rate too high! Delaying next command for 0.5 seconds
2024-05-02 18:04:00,701 - pylabware.connections.SerialConnection - INFO - Starting connection listener...
2024-05-02 18:04:00,701 - pylabware.connections.SerialConnection - INFO - Port /dev/ttyUSB2 opened.
2024-05-02 18:04:00,701 - pylabware.controllers.RCTDigitalHotplate.IKA - INFO - Opened connection.
2024-05-02 18:04:05,850 - pylabware.connections.SerialConnection - INFO - Starting connection listener...
2024-05-02 18:04:05,850 - pylabware.connections.SerialConnection - INFO - Port /dev/ttyUSB1 opened.
2024-05-02 18:04:05,850 - pylabware.controllers.XCalibur.PUMP - INFO - Opened connection.
2024-05-02 18:04:06,962 - pylabware.controllers.XCalibur.PUMP - INFO - Device initialized.
2024-05-02 18:04:07,465 - root - INFO - CONNECTING QUANTOS - OPENING DOORS
2024-05-02 18:04:27,127 - pylabware.connections.SerialConnection - INFO - Creating connection object with the following settings: 
{'address': '', 'port': '/dev/ttyUSB2', 'encoding': 'UTF-8', 'command_delay': 0.5, 'receive_buffer_size': 128, 'receive_timeout': 1, 'transmit_timeout': 1, 'receiving_interval': 0.05, 'write_timeout': 0.5, 'baudrate': 9600, 'bytesize': 7, 'parity': 'E', 'stopbits': 1, 'xonxoff': False, 'rtscts': False, 'dsrdtr': False, 'inter_byte_timeout': False}
2024-05-02 18:04:27,128 - pylabware.connections.SerialConnection - INFO - Creating connection object with the following settings: 
{'address': '1', 'port': '/dev/ttyUSB1', 'encoding': 'UTF-8', 'command_delay': 0, 'receive_buffer_size': 128, 'receive_timeout': 10, 'transmit_timeout': 1, 'receiving_interval': 0.05, 'write_timeout': 0.5, 'baudrate': 9600, 'bytesize': 8, 'parity': 'N', 'stopbits': 1, 'xonxoff': False, 'rtscts': False, 'dsrdtr': False, 'inter_byte_timeout': False}
2024-05-02 18:04:27,128 - pylabware.connections.SerialConnection - INFO - Creating connection object with the following settings: 
{'address': None, 'port': '/dev/ttyUSB0', 'encoding': 'UTF-8', 'command_delay': 0.5, 'receive_buffer_size': 128, 'receive_timeout': 1, 'transmit_timeout': 1, 'receiving_interval': 0.05, 'write_timeout': 0.5, 'baudrate': 9600, 'bytesize': 8, 'parity': 'N', 'stopbits': 1, 'xonxoff': True, 'rtscts': False, 'dsrdtr': False, 'inter_byte_timeout': False, 'timeout': 0.1}
2024-05-02 18:04:27,131 - pylabware.connections.SerialConnection - INFO - Starting connection listener...
2024-05-02 18:04:27,131 - pylabware.connections.SerialConnection - INFO - Port /dev/ttyUSB0 opened.
2024-05-02 18:04:27,131 - pylabware.connections.SerialConnection - WARNING - Command rate too high! Delaying next command for 0.5 seconds
2024-05-02 18:04:27,738 - pylabware.controllers.QuantosQB1.QUANTOS - INFO - No carousel/autosampler connected
2024-05-02 18:04:27,738 - pylabware.connections.SerialConnection - WARNING - Command rate too high! Delaying next command for 0.5 seconds
2024-05-02 18:04:29,208 - pylabware.connections.SerialConnection - INFO - Starting connection listener...
2024-05-02 18:04:29,209 - pylabware.connections.SerialConnection - INFO - Port /dev/ttyUSB2 opened.
2024-05-02 18:04:29,209 - pylabware.controllers.RCTDigitalHotplate.IKA - INFO - Opened connection.
2024-05-02 18:04:34,365 - pylabware.connections.SerialConnection - INFO - Starting connection listener...
2024-05-02 18:04:34,365 - pylabware.connections.SerialConnection - INFO - Port /dev/ttyUSB1 opened.
2024-05-02 18:04:34,366 - pylabware.controllers.XCalibur.PUMP - INFO - Opened connection.
2024-05-02 18:04:35,476 - pylabware.controllers.XCalibur.PUMP - INFO - Device initialized.
2024-05-02 18:04:35,979 - root - INFO - CONNECTING QUANTOS - OPENING DOORS
2024-05-02 18:04:42,499 - root - INFO - PRIMING DISPENSE LINE WITH SOLVENT FROM PORT: 3
2024-05-02 18:04:42,499 - root - INFO - EMPTYING 2 mL VOLUME FROM PORT 1 INTO WASTE ON PORT 6
2024-05-02 18:04:42,542 - pylabware.controllers.XCalibur.PUMP - WARNING - A non-fatal error was recieved resending command - errors occured: 1
2024-05-02 18:04:43,095 - pylabware.controllers.XCalibur.PUMP - INFO - Dispensing 2000 ul as 2 full dispenses of the 1.0mL and 0 ul remaining volume
2024-05-02 18:04:43,854 - pylabware.controllers.XCalibur.PUMP - INFO - Valve position is: 1
2024-05-02 18:04:43,854 - pylabware.controllers.XCalibur.PUMP - INFO - Requested valve was 1 current valve is 1
2024-05-02 18:04:48,497 - pylabware.controllers.XCalibur.PUMP - INFO - Plunger position is 3000
2024-05-02 18:04:48,497 - pylabware.controllers.XCalibur.PUMP - INFO - Requested increment position was 3000 current position is 3000
2024-05-02 18:04:49,255 - pylabware.controllers.XCalibur.PUMP - INFO - Valve position is: 6
2024-05-02 18:04:49,255 - pylabware.controllers.XCalibur.PUMP - INFO - Requested valve was 6 current valve is 6
2024-05-02 18:04:53,897 - pylabware.controllers.XCalibur.PUMP - INFO - Plunger position is 0
2024-05-02 18:04:53,898 - pylabware.controllers.XCalibur.PUMP - INFO - Requested increment position was 0 current position is 0
2024-05-02 18:04:54,654 - pylabware.controllers.XCalibur.PUMP - INFO - Valve position is: 1
2024-05-02 18:04:54,655 - pylabware.controllers.XCalibur.PUMP - INFO - Requested valve was 1 current valve is 1
2024-05-02 18:04:59,294 - pylabware.controllers.XCalibur.PUMP - INFO - Plunger position is 3000
2024-05-02 18:04:59,294 - pylabware.controllers.XCalibur.PUMP - INFO - Requested increment position was 3000 current position is 3000
2024-05-02 18:05:00,051 - pylabware.controllers.XCalibur.PUMP - INFO - Valve position is: 6
2024-05-02 18:05:00,052 - pylabware.controllers.XCalibur.PUMP - INFO - Requested valve was 6 current valve is 6
2024-05-02 18:05:04,693 - pylabware.controllers.XCalibur.PUMP - INFO - Plunger position is 0
2024-05-02 18:05:04,693 - pylabware.controllers.XCalibur.PUMP - INFO - Requested increment position was 0 current position is 0
2024-05-02 18:05:04,693 - pylabware.controllers.XCalibur.PUMP - INFO - Remaining volume 0 ul is 0.0 rounded to 0
2024-05-02 18:05:04,693 - pylabware.controllers.XCalibur.PUMP - INFO - Dispensing complete
2024-05-02 18:05:04,694 - root - INFO - STARTING 1 BACKWARD WASHING CYCLE
2024-05-02 18:05:04,694 - root - INFO - DISPENSING 1 mL SOLVENT FROM PORT: 3 - OVERSPILL INTO WASTE VIAL
2024-05-02 18:05:04,743 - pylabware.controllers.XCalibur.PUMP - INFO - Dispensing 1000 ul as 1 full dispenses of the 1.0mL and 0 ul remaining volume
2024-05-02 18:05:06,055 - pylabware.controllers.XCalibur.PUMP - INFO - Valve position is: 3
2024-05-02 18:05:06,055 - pylabware.controllers.XCalibur.PUMP - INFO - Requested valve was 3 current valve is 3
2024-05-02 18:05:10,696 - pylabware.controllers.XCalibur.PUMP - INFO - Plunger position is 3000
2024-05-02 18:05:10,696 - pylabware.controllers.XCalibur.PUMP - INFO - Requested increment position was 3000 current position is 3000
2024-05-02 18:05:12,008 - pylabware.controllers.XCalibur.PUMP - INFO - Valve position is: 1
2024-05-02 18:05:12,008 - pylabware.controllers.XCalibur.PUMP - INFO - Requested valve was 1 current valve is 1
2024-05-02 18:05:16,648 - pylabware.controllers.XCalibur.PUMP - INFO - Plunger position is 0
2024-05-02 18:05:16,649 - pylabware.controllers.XCalibur.PUMP - INFO - Requested increment position was 0 current position is 0
2024-05-02 18:05:16,649 - pylabware.controllers.XCalibur.PUMP - INFO - Remaining volume 0 ul is 0.0 rounded to 0
2024-05-02 18:05:16,649 - pylabware.controllers.XCalibur.PUMP - INFO - Dispensing complete
2024-05-02 18:05:16,649 - root - INFO - ASPIRATING 2 mL VOLUME FROM DISPENSE LINE (PORT 1) TO WASTE (PORT 6)
2024-05-02 18:05:16,699 - pylabware.controllers.XCalibur.PUMP - INFO - Dispensing 2000 ul as 2 full dispenses of the 1.0mL and 0 ul remaining volume
2024-05-02 18:05:16,901 - pylabware.controllers.XCalibur.PUMP - INFO - Valve position is: 1
2024-05-02 18:05:16,902 - pylabware.controllers.XCalibur.PUMP - INFO - Requested valve was 1 current valve is 1
2024-05-02 18:05:21,542 - pylabware.controllers.XCalibur.PUMP - INFO - Plunger position is 3000
2024-05-02 18:05:21,542 - pylabware.controllers.XCalibur.PUMP - INFO - Requested increment position was 3000 current position is 3000
2024-05-02 18:05:22,299 - pylabware.controllers.XCalibur.PUMP - INFO - Valve position is: 6
2024-05-02 18:05:22,299 - pylabware.controllers.XCalibur.PUMP - INFO - Requested valve was 6 current valve is 6
2024-05-02 18:05:26,939 - pylabware.controllers.XCalibur.PUMP - INFO - Plunger position is 0
2024-05-02 18:05:26,939 - pylabware.controllers.XCalibur.PUMP - INFO - Requested increment position was 0 current position is 0
2024-05-02 18:05:27,696 - pylabware.controllers.XCalibur.PUMP - INFO - Valve position is: 1
2024-05-02 18:05:27,696 - pylabware.controllers.XCalibur.PUMP - INFO - Requested valve was 1 current valve is 1
2024-05-02 18:05:32,387 - pylabware.controllers.XCalibur.PUMP - INFO - Plunger position is 3000
2024-05-02 18:05:32,387 - pylabware.controllers.XCalibur.PUMP - INFO - Requested increment position was 3000 current position is 3000
2024-05-02 18:05:33,144 - pylabware.controllers.XCalibur.PUMP - INFO - Valve position is: 6
2024-05-02 18:05:33,145 - pylabware.controllers.XCalibur.PUMP - INFO - Requested valve was 6 current valve is 6
2024-05-02 18:05:37,786 - pylabware.controllers.XCalibur.PUMP - INFO - Plunger position is 0
2024-05-02 18:05:37,787 - pylabware.controllers.XCalibur.PUMP - INFO - Requested increment position was 0 current position is 0
2024-05-02 18:05:37,787 - pylabware.controllers.XCalibur.PUMP - INFO - Remaining volume 0 ul is 0.0 rounded to 0
2024-05-02 18:05:37,787 - pylabware.controllers.XCalibur.PUMP - INFO - Dispensing complete
2024-05-02 18:05:37,787 - root - INFO - STARTING 2 BACKWARD WASHING CYCLE
2024-05-02 18:05:37,787 - root - INFO - DISPENSING 1 mL SOLVENT FROM PORT: 3 - OVERSPILL INTO WASTE VIAL
2024-05-02 18:05:37,837 - pylabware.controllers.XCalibur.PUMP - INFO - Dispensing 1000 ul as 1 full dispenses of the 1.0mL and 0 ul remaining volume
2024-05-02 18:05:39,149 - pylabware.controllers.XCalibur.PUMP - INFO - Valve position is: 3
2024-05-02 18:05:39,149 - pylabware.controllers.XCalibur.PUMP - INFO - Requested valve was 3 current valve is 3
2024-05-02 18:05:43,790 - pylabware.controllers.XCalibur.PUMP - INFO - Plunger position is 3000
2024-05-02 18:05:43,790 - pylabware.controllers.XCalibur.PUMP - INFO - Requested increment position was 3000 current position is 3000
2024-05-02 18:05:45,102 - pylabware.controllers.XCalibur.PUMP - INFO - Valve position is: 1
2024-05-02 18:05:45,102 - pylabware.controllers.XCalibur.PUMP - INFO - Requested valve was 1 current valve is 1
2024-05-02 18:05:49,744 - pylabware.controllers.XCalibur.PUMP - INFO - Plunger position is 0
2024-05-02 18:05:49,744 - pylabware.controllers.XCalibur.PUMP - INFO - Requested increment position was 0 current position is 0
2024-05-02 18:05:49,744 - pylabware.controllers.XCalibur.PUMP - INFO - Remaining volume 0 ul is 0.0 rounded to 0
2024-05-02 18:05:49,744 - pylabware.controllers.XCalibur.PUMP - INFO - Dispensing complete
2024-05-02 18:05:49,744 - root - INFO - ASPIRATING 2 mL VOLUME FROM DISPENSE LINE (PORT 1) TO WASTE (PORT 6)
2024-05-02 18:05:49,794 - pylabware.controllers.XCalibur.PUMP - INFO - Dispensing 2000 ul as 2 full dispenses of the 1.0mL and 0 ul remaining volume
2024-05-02 18:05:49,997 - pylabware.controllers.XCalibur.PUMP - INFO - Valve position is: 1
2024-05-02 18:05:49,997 - pylabware.controllers.XCalibur.PUMP - INFO - Requested valve was 1 current valve is 1
2024-05-02 18:05:54,638 - pylabware.controllers.XCalibur.PUMP - INFO - Plunger position is 3000
2024-05-02 18:05:54,638 - pylabware.controllers.XCalibur.PUMP - INFO - Requested increment position was 3000 current position is 3000
2024-05-02 18:05:55,395 - pylabware.controllers.XCalibur.PUMP - INFO - Valve position is: 6
2024-05-02 18:05:55,395 - pylabware.controllers.XCalibur.PUMP - INFO - Requested valve was 6 current valve is 6
2024-05-02 18:06:00,036 - pylabware.controllers.XCalibur.PUMP - INFO - Plunger position is 0
2024-05-02 18:06:00,036 - pylabware.controllers.XCalibur.PUMP - INFO - Requested increment position was 0 current position is 0
2024-05-02 18:06:00,793 - pylabware.controllers.XCalibur.PUMP - INFO - Valve position is: 1
2024-05-02 18:06:00,794 - pylabware.controllers.XCalibur.PUMP - INFO - Requested valve was 1 current valve is 1
2024-05-02 18:06:05,485 - pylabware.controllers.XCalibur.PUMP - INFO - Plunger position is 3000
2024-05-02 18:06:05,485 - pylabware.controllers.XCalibur.PUMP - INFO - Requested increment position was 3000 current position is 3000
2024-05-02 18:06:06,242 - pylabware.controllers.XCalibur.PUMP - INFO - Valve position is: 6
2024-05-02 18:06:06,243 - pylabware.controllers.XCalibur.PUMP - INFO - Requested valve was 6 current valve is 6
2024-05-02 18:06:10,934 - pylabware.controllers.XCalibur.PUMP - INFO - Plunger position is 0
2024-05-02 18:06:10,934 - pylabware.controllers.XCalibur.PUMP - INFO - Requested increment position was 0 current position is 0
2024-05-02 18:06:10,934 - pylabware.controllers.XCalibur.PUMP - INFO - Remaining volume 0 ul is 0.0 rounded to 0
2024-05-02 18:06:10,934 - pylabware.controllers.XCalibur.PUMP - INFO - Dispensing complete
2024-05-02 18:06:10,934 - root - INFO - PRIMING THE DISPENSE LINE WITH 1 uL FROM PORT 3
2024-05-02 18:06:10,984 - pylabware.controllers.XCalibur.PUMP - INFO - Dispensing 1000 ul as 1 full dispenses of the 1.0mL and 0 ul remaining volume
2024-05-02 18:06:12,296 - pylabware.controllers.XCalibur.PUMP - INFO - Valve position is: 3
2024-05-02 18:06:12,296 - pylabware.controllers.XCalibur.PUMP - INFO - Requested valve was 3 current valve is 3
2024-05-02 18:06:16,937 - pylabware.controllers.XCalibur.PUMP - INFO - Plunger position is 3000
2024-05-02 18:06:16,937 - pylabware.controllers.XCalibur.PUMP - INFO - Requested increment position was 3000 current position is 3000
2024-05-02 18:06:18,248 - pylabware.controllers.XCalibur.PUMP - INFO - Valve position is: 1
2024-05-02 18:06:18,249 - pylabware.controllers.XCalibur.PUMP - INFO - Requested valve was 1 current valve is 1
2024-05-02 18:06:22,889 - pylabware.controllers.XCalibur.PUMP - INFO - Plunger position is 0
2024-05-02 18:06:22,889 - pylabware.controllers.XCalibur.PUMP - INFO - Requested increment position was 0 current position is 0
2024-05-02 18:06:22,889 - pylabware.controllers.XCalibur.PUMP - INFO - Remaining volume 0 ul is 0.0 rounded to 0
2024-05-02 18:06:22,889 - pylabware.controllers.XCalibur.PUMP - INFO - Dispensing complete
2024-05-02 18:07:54,036 - pylabware.connections.SerialConnection - INFO - Creating connection object with the following settings: 
{'address': '', 'port': '/dev/ttyUSB2', 'encoding': 'UTF-8', 'command_delay': 0.5, 'receive_buffer_size': 128, 'receive_timeout': 1, 'transmit_timeout': 1, 'receiving_interval': 0.05, 'write_timeout': 0.5, 'baudrate': 9600, 'bytesize': 7, 'parity': 'E', 'stopbits': 1, 'xonxoff': False, 'rtscts': False, 'dsrdtr': False, 'inter_byte_timeout': False}
2024-05-02 18:07:54,037 - pylabware.connections.SerialConnection - INFO - Creating connection object with the following settings: 
{'address': '1', 'port': '/dev/ttyUSB1', 'encoding': 'UTF-8', 'command_delay': 0, 'receive_buffer_size': 128, 'receive_timeout': 10, 'transmit_timeout': 1, 'receiving_interval': 0.05, 'write_timeout': 0.5, 'baudrate': 9600, 'bytesize': 8, 'parity': 'N', 'stopbits': 1, 'xonxoff': False, 'rtscts': False, 'dsrdtr': False, 'inter_byte_timeout': False}
2024-05-02 18:07:54,037 - pylabware.connections.SerialConnection - INFO - Creating connection object with the following settings: 
{'address': None, 'port': '/dev/ttyUSB0', 'encoding': 'UTF-8', 'command_delay': 0.5, 'receive_buffer_size': 128, 'receive_timeout': 1, 'transmit_timeout': 1, 'receiving_interval': 0.05, 'write_timeout': 0.5, 'baudrate': 9600, 'bytesize': 8, 'parity': 'N', 'stopbits': 1, 'xonxoff': True, 'rtscts': False, 'dsrdtr': False, 'inter_byte_timeout': False, 'timeout': 0.1}
2024-05-02 18:07:54,039 - pylabware.connections.SerialConnection - INFO - Starting connection listener...
2024-05-02 18:07:54,040 - pylabware.connections.SerialConnection - INFO - Port /dev/ttyUSB0 opened.
2024-05-02 18:07:54,040 - pylabware.connections.SerialConnection - WARNING - Command rate too high! Delaying next command for 0.5 seconds
2024-05-02 18:07:54,647 - pylabware.controllers.QuantosQB1.QUANTOS - INFO - No carousel/autosampler connected
2024-05-02 18:07:54,648 - pylabware.connections.SerialConnection - WARNING - Command rate too high! Delaying next command for 0.5 seconds
2024-05-02 18:07:56,065 - pylabware.connections.SerialConnection - INFO - Starting connection listener...
2024-05-02 18:07:56,065 - pylabware.connections.SerialConnection - INFO - Port /dev/ttyUSB2 opened.
2024-05-02 18:07:56,065 - pylabware.controllers.RCTDigitalHotplate.IKA - INFO - Opened connection.
2024-05-02 18:08:01,216 - pylabware.connections.SerialConnection - INFO - Starting connection listener...
2024-05-02 18:08:01,217 - pylabware.connections.SerialConnection - INFO - Port /dev/ttyUSB1 opened.
2024-05-02 18:08:01,217 - pylabware.controllers.XCalibur.PUMP - INFO - Opened connection.
2024-05-02 18:08:02,327 - pylabware.controllers.XCalibur.PUMP - INFO - Device initialized.
2024-05-02 18:08:02,830 - root - INFO - CONNECTING QUANTOS - OPENING DOORS
