2024-12-04 16:12:45,695 - Workflow_Config_Helper - INFO - All solids and liquids requested in sample list are in the workflow
2024-12-04 16:12:45,695 - Workflow_Config_Helper - INFO - No errors in workflow detected
2024-12-04 16:12:49,717 - pylabware.connections.SerialConnection - INFO - Creating connection object with the following settings: 
{'address': '', 'port': '/dev/ttyUSB0', 'encoding': 'UTF-8', 'command_delay': 0.5, 'receive_buffer_size': 128, 'receive_timeout': 1, 'transmit_timeout': 1, 'receiving_interval': 0.05, 'write_timeout': 0.5, 'baudrate': 9600, 'bytesize': 7, 'parity': 'E', 'stopbits': 1, 'xonxoff': False, 'rtscts': False, 'dsrdtr': False, 'inter_byte_timeout': False}
2024-12-04 16:12:49,717 - pylabware.connections.SerialConnection - INFO - Creating connection object with the following settings: 
{'address': '1', 'port': '/dev/ttyUSB1', 'encoding': 'UTF-8', 'command_delay': 0, 'receive_buffer_size': 128, 'receive_timeout': 10, 'transmit_timeout': 1, 'receiving_interval': 0.05, 'write_timeout': 0.5, 'baudrate': 9600, 'bytesize': 8, 'parity': 'N', 'stopbits': 1, 'xonxoff': False, 'rtscts': False, 'dsrdtr': False, 'inter_byte_timeout': False}
2024-12-04 16:12:49,718 - pylabware.connections.SerialConnection - INFO - Creating connection object with the following settings: 
{'address': None, 'port': '/dev/ttyUSB2', 'encoding': 'UTF-8', 'command_delay': 0.5, 'receive_buffer_size': 128, 'receive_timeout': 1, 'transmit_timeout': 1, 'receiving_interval': 0.05, 'write_timeout': 0.5, 'baudrate': 9600, 'bytesize': 8, 'parity': 'N', 'stopbits': 1, 'xonxoff': True, 'rtscts': False, 'dsrdtr': False, 'inter_byte_timeout': False, 'timeout': 0.1}
2024-12-04 16:12:49,721 - pylabware.connections.SerialConnection - INFO - Starting connection listener...
2024-12-04 16:12:49,721 - pylabware.connections.SerialConnection - INFO - Port /dev/ttyUSB2 opened.
2024-12-04 16:12:49,721 - pylabware.connections.SerialConnection - WARNING - Command rate too high! Delaying next command for 0.5 seconds
2024-12-04 16:12:50,328 - pylabware.controllers.QuantosQB1.QUANTOS - INFO - No carousel/autosampler connected
2024-12-04 16:12:50,329 - pylabware.connections.SerialConnection - WARNING - Command rate too high! Delaying next command for 0.5 seconds
2024-12-04 16:12:53,549 - RiH_Main - INFO - Connecting IKA RCT digital..
2024-12-04 16:12:53,552 - pylabware.connections.SerialConnection - INFO - Starting connection listener...
2024-12-04 16:12:53,552 - pylabware.connections.SerialConnection - INFO - Port /dev/ttyUSB0 opened.
2024-12-04 16:12:53,553 - pylabware.controllers.RCTDigitalHotplate.IKA - INFO - Opened connection.
2024-12-04 16:12:56,435 - RiH_Main - ERROR - IKA RCT not connected.
2024-12-04 16:12:56,435 - RiH_Main - INFO - Connecting Pump..
2024-12-04 16:12:56,437 - pylabware.connections.SerialConnection - INFO - Starting connection listener...
2024-12-04 16:12:56,438 - pylabware.connections.SerialConnection - INFO - Port /dev/ttyUSB1 opened.
2024-12-04 16:12:56,438 - pylabware.controllers.XCalibur.DISPENSE_PUMP - INFO - Opened connection.
2024-12-04 16:14:01,366 - Workflow_Config_Helper - INFO - All solids and liquids requested in sample list are in the workflow
2024-12-04 16:14:01,366 - Workflow_Config_Helper - INFO - No errors in workflow detected
2024-12-04 16:14:05,391 - pylabware.connections.SerialConnection - INFO - Creating connection object with the following settings: 
{'address': '', 'port': '/dev/ttyUSB0', 'encoding': 'UTF-8', 'command_delay': 0.5, 'receive_buffer_size': 128, 'receive_timeout': 1, 'transmit_timeout': 1, 'receiving_interval': 0.05, 'write_timeout': 0.5, 'baudrate': 9600, 'bytesize': 7, 'parity': 'E', 'stopbits': 1, 'xonxoff': False, 'rtscts': False, 'dsrdtr': False, 'inter_byte_timeout': False}
2024-12-04 16:14:05,392 - pylabware.connections.SerialConnection - INFO - Creating connection object with the following settings: 
{'address': '1', 'port': '/dev/ttyUSB1', 'encoding': 'UTF-8', 'command_delay': 0, 'receive_buffer_size': 128, 'receive_timeout': 10, 'transmit_timeout': 1, 'receiving_interval': 0.05, 'write_timeout': 0.5, 'baudrate': 9600, 'bytesize': 8, 'parity': 'N', 'stopbits': 1, 'xonxoff': False, 'rtscts': False, 'dsrdtr': False, 'inter_byte_timeout': False}
2024-12-04 16:14:05,392 - pylabware.connections.SerialConnection - INFO - Creating connection object with the following settings: 
{'address': None, 'port': '/dev/ttyUSB2', 'encoding': 'UTF-8', 'command_delay': 0.5, 'receive_buffer_size': 128, 'receive_timeout': 1, 'transmit_timeout': 1, 'receiving_interval': 0.05, 'write_timeout': 0.5, 'baudrate': 9600, 'bytesize': 8, 'parity': 'N', 'stopbits': 1, 'xonxoff': True, 'rtscts': False, 'dsrdtr': False, 'inter_byte_timeout': False, 'timeout': 0.1}
2024-12-04 16:14:05,395 - pylabware.connections.SerialConnection - INFO - Starting connection listener...
2024-12-04 16:14:05,396 - pylabware.connections.SerialConnection - INFO - Port /dev/ttyUSB2 opened.
2024-12-04 16:14:05,396 - pylabware.connections.SerialConnection - WARNING - Command rate too high! Delaying next command for 0.5 seconds
2024-12-04 16:14:06,003 - pylabware.controllers.QuantosQB1.QUANTOS - INFO - No carousel/autosampler connected
2024-12-04 16:14:06,003 - pylabware.connections.SerialConnection - WARNING - Command rate too high! Delaying next command for 0.5 seconds
2024-12-04 16:14:09,222 - RiH_Main - INFO - Connecting IKA RCT digital..
2024-12-04 16:14:09,225 - pylabware.connections.SerialConnection - INFO - Starting connection listener...
2024-12-04 16:14:09,225 - pylabware.connections.SerialConnection - INFO - Port /dev/ttyUSB0 opened.
2024-12-04 16:14:09,226 - pylabware.controllers.RCTDigitalHotplate.IKA - INFO - Opened connection.
2024-12-04 16:14:11,292 - RiH_Main - INFO - IKA RCT digital connected.
2024-12-04 16:14:12,801 - RiH_Main - INFO - Stiring velocity set to 200.
2024-12-04 16:14:14,367 - RiH_Main - INFO - Current temperature: 0.0.
2024-12-04 16:14:14,368 - RiH_Main - INFO - Connecting Pump..
2024-12-04 16:14:14,370 - pylabware.connections.SerialConnection - INFO - Starting connection listener...
2024-12-04 16:14:14,370 - pylabware.connections.SerialConnection - INFO - Port /dev/ttyUSB1 opened.
2024-12-04 16:14:14,371 - pylabware.controllers.XCalibur.DISPENSE_PUMP - INFO - Opened connection.
2024-12-04 16:14:14,927 - RiH_Main - INFO - Pump connected.
2024-12-04 16:14:15,482 - pylabware.controllers.XCalibur.DISPENSE_PUMP - INFO - Device initialized.
2024-12-04 16:14:15,482 - RiH_Main - INFO - Pump initialised.
2024-12-04 16:14:15,982 - RiH_Main - INFO - Checking for pump errors
2024-12-04 16:14:15,983 - RiH_Main - INFO - Connecting to the Quantos - opening doors
2024-12-04 16:14:22,586 - RiH_Main - INFO - Quantos connected..
2024-12-04 16:14:22,587 - RiH_Main - INFO - Initialising the filter machine
2024-12-04 16:14:22,587 - RiH_Filtration_System - INFO - Initialising filtration system pump
2024-12-04 16:14:25,599 - pylabware.connections.SerialConnection - INFO - Creating connection object with the following settings: 
{'address': '1', 'port': '/dev/ttyUSB3', 'encoding': 'UTF-8', 'command_delay': 0, 'receive_buffer_size': 128, 'receive_timeout': 10, 'transmit_timeout': 1, 'receiving_interval': 0.05, 'write_timeout': 0.5, 'baudrate': 9600, 'bytesize': 8, 'parity': 'N', 'stopbits': 1, 'xonxoff': False, 'rtscts': False, 'dsrdtr': False, 'inter_byte_timeout': False}
2024-12-04 16:14:25,601 - pylabware.connections.SerialConnection - INFO - Starting connection listener...
2024-12-04 16:14:25,602 - pylabware.connections.SerialConnection - INFO - Port /dev/ttyUSB3 opened.
2024-12-04 16:14:25,602 - pylabware.controllers.XCalibur.FILT_PUMP - INFO - Opened connection.
2024-12-04 16:14:25,653 - pylabware.controllers.XCalibur.FILT_PUMP - INFO - Device initialized.
2024-12-04 16:14:27,923 - pylabware.controllers.XCalibur.FILT_PUMP - INFO - Reply was <Invalid command! Pump Ready.>
2024-12-04 16:14:27,924 - pylabware.controllers.XCalibur.FILT_PUMP - WARNING - A non-fatal error was recieved resending command - errors occured: 1
2024-12-04 16:14:28,529 - RiH_Filtration_System - INFO - Initialising the filtration system arduino
2024-12-04 16:14:28,538 - RiH_Main - INFO - Panda robot connected to 172.16.0.2
2024-12-04 16:14:28,538 - RiH_Main - ERROR - Capper camera is not available.
2024-12-04 16:14:34,418 - RiH_Filtration_System - INFO - Washing filter before start of filtering process with 9.0 mL
2024-12-04 16:14:34,418 - RiH_Filtration_System - INFO - E stop is off - checking pump is ready
2024-12-04 16:14:34,476 - RiH_Filtration_System - INFO - pump is idle running command
2024-12-04 16:14:34,476 - RiH_Filtration_System - INFO - Clamping
2024-12-04 16:14:39,479 - RiH_Filtration_System - INFO - E stop is off - checking pump is ready
2024-12-04 16:14:39,515 - RiH_Filtration_System - INFO - pump is idle running command
2024-12-04 16:14:39,516 - RiH_Filtration_System - INFO - Forward pouring
2024-12-04 16:14:54,554 - RiH_Filtration_System - INFO - E stop is off - checking pump is ready
2024-12-04 16:14:54,585 - RiH_Filtration_System - INFO - pump is idle running command
2024-12-04 16:14:55,343 - pylabware.controllers.XCalibur.FILT_PUMP - INFO - Valve position is: 5
2024-12-04 16:14:55,344 - pylabware.controllers.XCalibur.FILT_PUMP - INFO - Requested valve was 5 current valve is 5
2024-12-04 16:14:55,344 - RiH_Filtration_System - INFO - Vacuum on
2024-12-04 16:15:00,363 - RiH_Filtration_System - INFO - E stop is off - checking pump is ready
2024-12-04 16:15:00,434 - RiH_Filtration_System - INFO - pump is idle running command
2024-12-04 16:15:00,435 - RiH_Filtration_System - INFO - Backward pouring
2024-12-04 16:18:15,573 - RiH_Filtration_System - INFO - E stop is off - checking pump is ready
2024-12-04 16:18:15,598 - RiH_Filtration_System - INFO - pump is idle running command
2024-12-04 16:18:15,598 - RiH_Filtration_System - INFO - Recovering pre-filtration wash (9000 + 5 mL) from receiving flask
2024-12-04 16:18:15,649 - pylabware.controllers.XCalibur.FILT_PUMP - INFO - Dispensing 14000 ul as 2 full dispenses of the 5.0mL and 4000 ul remaining volume
2024-12-04 16:18:16,407 - pylabware.controllers.XCalibur.FILT_PUMP - INFO - Valve position is: 1
2024-12-04 16:18:16,407 - pylabware.controllers.XCalibur.FILT_PUMP - INFO - Requested valve was 1 current valve is 1
2024-12-04 16:22:32,862 - Workflow_Config_Helper - INFO - All solids and liquids requested in sample list are in the workflow
2024-12-04 16:22:32,862 - Workflow_Config_Helper - INFO - No errors in workflow detected
2024-12-04 16:22:36,881 - pylabware.connections.SerialConnection - INFO - Creating connection object with the following settings: 
{'address': '', 'port': '/dev/ttyUSB0', 'encoding': 'UTF-8', 'command_delay': 0.5, 'receive_buffer_size': 128, 'receive_timeout': 1, 'transmit_timeout': 1, 'receiving_interval': 0.05, 'write_timeout': 0.5, 'baudrate': 9600, 'bytesize': 7, 'parity': 'E', 'stopbits': 1, 'xonxoff': False, 'rtscts': False, 'dsrdtr': False, 'inter_byte_timeout': False}
2024-12-04 16:22:36,882 - pylabware.connections.SerialConnection - INFO - Creating connection object with the following settings: 
{'address': '1', 'port': '/dev/ttyUSB1', 'encoding': 'UTF-8', 'command_delay': 0, 'receive_buffer_size': 128, 'receive_timeout': 10, 'transmit_timeout': 1, 'receiving_interval': 0.05, 'write_timeout': 0.5, 'baudrate': 9600, 'bytesize': 8, 'parity': 'N', 'stopbits': 1, 'xonxoff': False, 'rtscts': False, 'dsrdtr': False, 'inter_byte_timeout': False}
2024-12-04 16:22:36,882 - pylabware.connections.SerialConnection - INFO - Creating connection object with the following settings: 
{'address': None, 'port': '/dev/ttyUSB2', 'encoding': 'UTF-8', 'command_delay': 0.5, 'receive_buffer_size': 128, 'receive_timeout': 1, 'transmit_timeout': 1, 'receiving_interval': 0.05, 'write_timeout': 0.5, 'baudrate': 9600, 'bytesize': 8, 'parity': 'N', 'stopbits': 1, 'xonxoff': True, 'rtscts': False, 'dsrdtr': False, 'inter_byte_timeout': False, 'timeout': 0.1}
2024-12-04 16:22:36,885 - pylabware.connections.SerialConnection - INFO - Starting connection listener...
2024-12-04 16:22:36,885 - pylabware.connections.SerialConnection - INFO - Port /dev/ttyUSB2 opened.
2024-12-04 16:22:36,886 - pylabware.connections.SerialConnection - WARNING - Command rate too high! Delaying next command for 0.5 seconds
2024-12-04 16:22:37,492 - pylabware.controllers.QuantosQB1.QUANTOS - INFO - No carousel/autosampler connected
2024-12-04 16:22:37,493 - pylabware.connections.SerialConnection - WARNING - Command rate too high! Delaying next command for 0.5 seconds
2024-12-04 16:22:40,662 - RiH_Main - INFO - Connecting IKA RCT digital..
2024-12-04 16:22:40,665 - pylabware.connections.SerialConnection - INFO - Starting connection listener...
2024-12-04 16:22:40,665 - pylabware.connections.SerialConnection - INFO - Port /dev/ttyUSB0 opened.
2024-12-04 16:22:40,665 - pylabware.controllers.RCTDigitalHotplate.IKA - INFO - Opened connection.
2024-12-04 16:22:42,733 - RiH_Main - INFO - IKA RCT digital connected.
2024-12-04 16:22:44,241 - RiH_Main - INFO - Stiring velocity set to 200.
2024-12-04 16:22:45,809 - RiH_Main - INFO - Current temperature: 0.0.
2024-12-04 16:22:45,809 - RiH_Main - INFO - Connecting Pump..
2024-12-04 16:22:45,811 - pylabware.connections.SerialConnection - INFO - Starting connection listener...
2024-12-04 16:22:45,812 - pylabware.connections.SerialConnection - INFO - Port /dev/ttyUSB1 opened.
2024-12-04 16:22:45,812 - pylabware.controllers.XCalibur.DISPENSE_PUMP - INFO - Opened connection.
2024-12-04 16:22:46,367 - RiH_Main - INFO - Pump connected.
2024-12-04 16:22:46,922 - pylabware.controllers.XCalibur.DISPENSE_PUMP - INFO - Device initialized.
2024-12-04 16:22:46,923 - RiH_Main - INFO - Pump initialised.
2024-12-04 16:22:47,426 - RiH_Main - INFO - Checking for pump errors
2024-12-04 16:22:47,426 - RiH_Main - INFO - Connecting to the Quantos - opening doors
2024-12-04 16:22:53,928 - RiH_Main - INFO - Quantos connected..
2024-12-04 16:22:53,929 - RiH_Main - INFO - Initialising the filter machine
2024-12-04 16:22:53,929 - RiH_Filtration_System - INFO - Initialising filtration system pump
2024-12-04 16:22:56,945 - pylabware.connections.SerialConnection - INFO - Creating connection object with the following settings: 
{'address': '1', 'port': '/dev/ttyUSB3', 'encoding': 'UTF-8', 'command_delay': 0, 'receive_buffer_size': 128, 'receive_timeout': 10, 'transmit_timeout': 1, 'receiving_interval': 0.05, 'write_timeout': 0.5, 'baudrate': 9600, 'bytesize': 8, 'parity': 'N', 'stopbits': 1, 'xonxoff': False, 'rtscts': False, 'dsrdtr': False, 'inter_byte_timeout': False}
2024-12-04 16:22:56,948 - pylabware.connections.SerialConnection - INFO - Starting connection listener...
2024-12-04 16:22:56,949 - pylabware.connections.SerialConnection - INFO - Port /dev/ttyUSB3 opened.
2024-12-04 16:22:56,949 - pylabware.controllers.XCalibur.FILT_PUMP - INFO - Opened connection.
2024-12-04 16:22:57,001 - pylabware.controllers.XCalibur.FILT_PUMP - INFO - Device initialized.
2024-12-04 16:23:12,031 - pylabware.controllers.XCalibur.FILT_PUMP - INFO - Reply was <Invalid command! Pump Ready.>
2024-12-04 16:23:12,031 - pylabware.controllers.XCalibur.FILT_PUMP - WARNING - A non-fatal error was recieved resending command - errors occured: 1
2024-12-04 16:23:12,637 - RiH_Filtration_System - INFO - Initialising the filtration system arduino
2024-12-04 16:23:12,645 - RiH_Main - INFO - Panda robot connected to 172.16.0.2
2024-12-04 16:23:12,646 - RiH_Main - ERROR - Capper camera is not available.
2024-12-04 16:23:52,311 - RiH_Filtration_System - INFO - Washing filter before start of filtering process with 9.0 mL
2024-12-04 16:23:52,312 - RiH_Filtration_System - INFO - E stop is off - checking pump is ready
2024-12-04 16:23:52,357 - RiH_Filtration_System - INFO - pump is idle running command
2024-12-04 16:23:52,358 - RiH_Filtration_System - INFO - Clamping
2024-12-04 16:23:57,383 - RiH_Filtration_System - INFO - E stop is off - checking pump is ready
2024-12-04 16:23:57,449 - RiH_Filtration_System - INFO - pump is idle running command
2024-12-04 16:23:57,449 - RiH_Filtration_System - INFO - Forward pouring
2024-12-04 16:24:12,521 - RiH_Filtration_System - INFO - E stop is off - checking pump is ready
2024-12-04 16:24:12,572 - RiH_Filtration_System - INFO - pump is idle running command
2024-12-04 16:24:13,330 - pylabware.controllers.XCalibur.FILT_PUMP - INFO - Valve position is: 5
2024-12-04 16:24:13,330 - pylabware.controllers.XCalibur.FILT_PUMP - INFO - Requested valve was 5 current valve is 5
2024-12-04 16:24:13,331 - RiH_Filtration_System - INFO - Vacuum on
2024-12-04 16:24:18,356 - RiH_Filtration_System - INFO - E stop is off - checking pump is ready
2024-12-04 16:24:18,420 - RiH_Filtration_System - INFO - pump is idle running command
2024-12-04 16:24:18,421 - RiH_Filtration_System - INFO - Backward pouring
2024-12-04 16:24:48,567 - RiH_Filtration_System - INFO - E stop is off - checking pump is ready
2024-12-04 16:24:48,618 - RiH_Filtration_System - INFO - pump is idle running command
2024-12-04 16:24:48,619 - RiH_Filtration_System - INFO - Recovering pre-filtration wash (9000 + 5 mL) from receiving flask
2024-12-04 16:24:48,669 - pylabware.controllers.XCalibur.FILT_PUMP - INFO - Dispensing 14000 ul as 2 full dispenses of the 5.0mL and 4000 ul remaining volume
2024-12-04 16:24:49,427 - pylabware.controllers.XCalibur.FILT_PUMP - INFO - Valve position is: 1
2024-12-04 16:24:49,428 - pylabware.controllers.XCalibur.FILT_PUMP - INFO - Requested valve was 1 current valve is 1
2024-12-04 16:24:55,731 - pylabware.controllers.XCalibur.FILT_PUMP - INFO - Plunger position is 3000
2024-12-04 16:24:55,731 - pylabware.controllers.XCalibur.FILT_PUMP - INFO - Requested increment position was 3000 current position is 3000
2024-12-04 16:24:56,489 - pylabware.controllers.XCalibur.FILT_PUMP - INFO - Valve position is: 3
2024-12-04 16:24:56,489 - pylabware.controllers.XCalibur.FILT_PUMP - INFO - Requested valve was 3 current valve is 3
2024-12-04 16:25:02,794 - pylabware.controllers.XCalibur.FILT_PUMP - INFO - Plunger position is 0
2024-12-04 16:25:02,794 - pylabware.controllers.XCalibur.FILT_PUMP - INFO - Requested increment position was 0 current position is 0
2024-12-04 16:25:04,107 - pylabware.controllers.XCalibur.FILT_PUMP - INFO - Valve position is: 1
2024-12-04 16:25:04,107 - pylabware.controllers.XCalibur.FILT_PUMP - INFO - Requested valve was 1 current valve is 1
2024-12-04 16:25:10,412 - pylabware.controllers.XCalibur.FILT_PUMP - INFO - Plunger position is 3000
2024-12-04 16:25:10,413 - pylabware.controllers.XCalibur.FILT_PUMP - INFO - Requested increment position was 3000 current position is 3000
2024-12-04 16:25:11,170 - pylabware.controllers.XCalibur.FILT_PUMP - INFO - Valve position is: 3
2024-12-04 16:25:11,170 - pylabware.controllers.XCalibur.FILT_PUMP - INFO - Requested valve was 3 current valve is 3
2024-12-04 16:25:17,476 - pylabware.controllers.XCalibur.FILT_PUMP - INFO - Plunger position is 0
2024-12-04 16:25:17,476 - pylabware.controllers.XCalibur.FILT_PUMP - INFO - Requested increment position was 0 current position is 0
2024-12-04 16:25:17,476 - pylabware.controllers.XCalibur.FILT_PUMP - INFO - Remaining volume 4000 ul is 2400.0 rounded to 2400
2024-12-04 16:25:18,789 - pylabware.controllers.XCalibur.FILT_PUMP - INFO - Valve position is: 1
2024-12-04 16:25:18,789 - pylabware.controllers.XCalibur.FILT_PUMP - INFO - Requested valve was 1 current valve is 1
2024-12-04 16:25:23,985 - pylabware.controllers.XCalibur.FILT_PUMP - INFO - Plunger position is 2400
2024-12-04 16:25:23,986 - pylabware.controllers.XCalibur.FILT_PUMP - INFO - Requested increment position was 2400 current position is 2400
2024-12-04 16:25:24,743 - pylabware.controllers.XCalibur.FILT_PUMP - INFO - Valve position is: 3
2024-12-04 16:25:24,744 - pylabware.controllers.XCalibur.FILT_PUMP - INFO - Requested valve was 3 current valve is 3
2024-12-04 16:25:29,940 - pylabware.controllers.XCalibur.FILT_PUMP - INFO - Plunger position is 0
2024-12-04 16:25:29,940 - pylabware.controllers.XCalibur.FILT_PUMP - INFO - Requested increment position was 0 current position is 0
2024-12-04 16:25:29,941 - pylabware.controllers.XCalibur.FILT_PUMP - INFO - Dispensing complete
2024-12-04 16:25:29,941 - RiH_Filtration_System - INFO - E stop is off - checking pump is ready
2024-12-04 16:25:29,991 - RiH_Filtration_System - INFO - pump is idle running command
2024-12-04 16:25:29,991 - RiH_Filtration_System - INFO - Releasing
2024-12-04 16:26:30,662 - RiH_Filtration_System - INFO - Filtering 9.0 mL of solvent - vacuum will be on for 300 s
2024-12-04 16:26:30,662 - RiH_Filtration_System - INFO - E stop is off - checking pump is ready
2024-12-04 16:26:30,720 - RiH_Filtration_System - INFO - pump is idle running command
2024-12-04 16:26:30,720 - RiH_Filtration_System - INFO - Clamping
2024-12-04 16:26:35,730 - RiH_Filtration_System - INFO - E stop is off - checking pump is ready
2024-12-04 16:26:35,760 - RiH_Filtration_System - INFO - pump is idle running command
2024-12-04 16:26:36,517 - pylabware.controllers.XCalibur.FILT_PUMP - INFO - Valve position is: 5
2024-12-04 16:26:36,517 - pylabware.controllers.XCalibur.FILT_PUMP - INFO - Requested valve was 5 current valve is 5
2024-12-04 16:26:36,518 - RiH_Filtration_System - INFO - Vacuum on
2024-12-04 16:26:41,530 - RiH_Filtration_System - INFO - E stop is off - checking pump is ready
2024-12-04 16:26:41,558 - RiH_Filtration_System - INFO - pump is idle running command
2024-12-04 16:26:41,566 - RiH_Filtration_System - INFO - Forward pouring
2024-12-04 16:46:25,705 - Workflow_Config_Helper - INFO - All solids and liquids requested in sample list are in the workflow
2024-12-04 16:46:25,705 - Workflow_Config_Helper - INFO - No errors in workflow detected
2024-12-04 16:46:29,730 - pylabware.connections.SerialConnection - INFO - Creating connection object with the following settings: 
{'address': '', 'port': '/dev/ttyUSB0', 'encoding': 'UTF-8', 'command_delay': 0.5, 'receive_buffer_size': 128, 'receive_timeout': 1, 'transmit_timeout': 1, 'receiving_interval': 0.05, 'write_timeout': 0.5, 'baudrate': 9600, 'bytesize': 7, 'parity': 'E', 'stopbits': 1, 'xonxoff': False, 'rtscts': False, 'dsrdtr': False, 'inter_byte_timeout': False}
2024-12-04 16:46:29,730 - pylabware.connections.SerialConnection - INFO - Creating connection object with the following settings: 
{'address': '1', 'port': '/dev/ttyUSB1', 'encoding': 'UTF-8', 'command_delay': 0, 'receive_buffer_size': 128, 'receive_timeout': 10, 'transmit_timeout': 1, 'receiving_interval': 0.05, 'write_timeout': 0.5, 'baudrate': 9600, 'bytesize': 8, 'parity': 'N', 'stopbits': 1, 'xonxoff': False, 'rtscts': False, 'dsrdtr': False, 'inter_byte_timeout': False}
2024-12-04 16:46:29,731 - pylabware.connections.SerialConnection - INFO - Creating connection object with the following settings: 
{'address': None, 'port': '/dev/ttyUSB2', 'encoding': 'UTF-8', 'command_delay': 0.5, 'receive_buffer_size': 128, 'receive_timeout': 1, 'transmit_timeout': 1, 'receiving_interval': 0.05, 'write_timeout': 0.5, 'baudrate': 9600, 'bytesize': 8, 'parity': 'N', 'stopbits': 1, 'xonxoff': True, 'rtscts': False, 'dsrdtr': False, 'inter_byte_timeout': False, 'timeout': 0.1}
2024-12-04 16:46:29,733 - pylabware.connections.SerialConnection - INFO - Starting connection listener...
2024-12-04 16:46:29,734 - pylabware.connections.SerialConnection - INFO - Port /dev/ttyUSB2 opened.
2024-12-04 16:46:29,734 - pylabware.connections.SerialConnection - WARNING - Command rate too high! Delaying next command for 0.5 seconds
2024-12-04 16:46:30,342 - pylabware.controllers.QuantosQB1.QUANTOS - INFO - No carousel/autosampler connected
2024-12-04 16:46:30,342 - pylabware.connections.SerialConnection - WARNING - Command rate too high! Delaying next command for 0.5 seconds
2024-12-04 16:46:33,614 - RiH_Main - INFO - Connecting IKA RCT digital..
2024-12-04 16:46:33,617 - pylabware.connections.SerialConnection - INFO - Starting connection listener...
2024-12-04 16:46:33,617 - pylabware.connections.SerialConnection - INFO - Port /dev/ttyUSB0 opened.
2024-12-04 16:46:33,618 - pylabware.controllers.RCTDigitalHotplate.IKA - INFO - Opened connection.
2024-12-04 16:46:35,687 - RiH_Main - INFO - IKA RCT digital connected.
2024-12-04 16:46:37,195 - RiH_Main - INFO - Stiring velocity set to 200.
2024-12-04 16:46:38,764 - RiH_Main - INFO - Current temperature: 0.0.
2024-12-04 16:46:38,765 - RiH_Main - INFO - Connecting Pump..
2024-12-04 16:46:38,767 - pylabware.connections.SerialConnection - INFO - Starting connection listener...
2024-12-04 16:46:38,767 - pylabware.connections.SerialConnection - INFO - Port /dev/ttyUSB1 opened.
2024-12-04 16:46:38,768 - pylabware.controllers.XCalibur.DISPENSE_PUMP - INFO - Opened connection.
2024-12-04 16:46:39,324 - RiH_Main - INFO - Pump connected.
2024-12-04 16:46:39,878 - pylabware.controllers.XCalibur.DISPENSE_PUMP - INFO - Device initialized.
2024-12-04 16:46:39,878 - RiH_Main - INFO - Pump initialised.
2024-12-04 16:46:40,381 - RiH_Main - INFO - Checking for pump errors
2024-12-04 16:46:40,381 - RiH_Main - INFO - Connecting to the Quantos - opening doors
2024-12-04 16:46:46,996 - RiH_Main - INFO - Quantos connected..
2024-12-04 16:46:46,996 - RiH_Main - INFO - Initialising the filter machine
2024-12-04 16:46:46,996 - RiH_Filtration_System - INFO - Initialising filtration system pump
2024-12-04 16:46:50,012 - pylabware.connections.SerialConnection - INFO - Creating connection object with the following settings: 
{'address': '1', 'port': '/dev/ttyUSB3', 'encoding': 'UTF-8', 'command_delay': 0, 'receive_buffer_size': 128, 'receive_timeout': 10, 'transmit_timeout': 1, 'receiving_interval': 0.05, 'write_timeout': 0.5, 'baudrate': 9600, 'bytesize': 8, 'parity': 'N', 'stopbits': 1, 'xonxoff': False, 'rtscts': False, 'dsrdtr': False, 'inter_byte_timeout': False}
2024-12-04 16:46:50,015 - pylabware.connections.SerialConnection - INFO - Starting connection listener...
2024-12-04 16:46:50,016 - pylabware.connections.SerialConnection - INFO - Port /dev/ttyUSB3 opened.
2024-12-04 16:46:50,017 - pylabware.controllers.XCalibur.FILT_PUMP - INFO - Opened connection.
2024-12-04 16:46:50,068 - pylabware.controllers.XCalibur.FILT_PUMP - INFO - Device initialized.
2024-12-04 16:46:52,894 - pylabware.controllers.XCalibur.FILT_PUMP - INFO - Reply was <Invalid command! Pump Ready.>
2024-12-04 16:46:52,895 - pylabware.controllers.XCalibur.FILT_PUMP - WARNING - A non-fatal error was recieved resending command - errors occured: 1
2024-12-04 16:46:53,500 - RiH_Filtration_System - INFO - Initialising the filtration system arduino
2024-12-04 16:46:53,508 - RiH_Main - INFO - Panda robot connected to 172.16.0.2
2024-12-04 16:46:53,509 - RiH_Main - ERROR - Capper camera is not available.
2024-12-04 16:47:21,486 - RiH_Filtration_System - INFO - Filtering 9.0 mL of solvent - vacuum will be on for 300 s
2024-12-04 16:47:21,487 - RiH_Filtration_System - INFO - E stop is off - checking pump is ready
2024-12-04 16:47:21,538 - RiH_Filtration_System - INFO - pump is idle running command
2024-12-04 16:47:21,538 - RiH_Filtration_System - INFO - Clamping
2024-12-04 16:47:26,541 - RiH_Filtration_System - INFO - E stop is off - checking pump is ready
2024-12-04 16:47:26,580 - RiH_Filtration_System - INFO - pump is idle running command
2024-12-04 16:47:27,338 - pylabware.controllers.XCalibur.FILT_PUMP - INFO - Valve position is: 5
2024-12-04 16:47:27,338 - pylabware.controllers.XCalibur.FILT_PUMP - INFO - Requested valve was 5 current valve is 5
2024-12-04 16:47:27,339 - RiH_Filtration_System - INFO - Vacuum on
2024-12-04 16:47:32,364 - RiH_Filtration_System - INFO - E stop is off - checking pump is ready
2024-12-04 16:47:32,431 - RiH_Filtration_System - INFO - pump is idle running command
2024-12-04 16:47:32,432 - RiH_Filtration_System - INFO - Forward pouring
2024-12-04 16:47:40,551 - Workflow_Config_Helper - INFO - All solids and liquids requested in sample list are in the workflow
2024-12-04 16:47:40,552 - Workflow_Config_Helper - INFO - No errors in workflow detected
2024-12-04 16:47:44,576 - pylabware.connections.SerialConnection - INFO - Creating connection object with the following settings: 
{'address': '', 'port': '/dev/ttyUSB0', 'encoding': 'UTF-8', 'command_delay': 0.5, 'receive_buffer_size': 128, 'receive_timeout': 1, 'transmit_timeout': 1, 'receiving_interval': 0.05, 'write_timeout': 0.5, 'baudrate': 9600, 'bytesize': 7, 'parity': 'E', 'stopbits': 1, 'xonxoff': False, 'rtscts': False, 'dsrdtr': False, 'inter_byte_timeout': False}
2024-12-04 16:47:44,577 - pylabware.connections.SerialConnection - INFO - Creating connection object with the following settings: 
{'address': '1', 'port': '/dev/ttyUSB1', 'encoding': 'UTF-8', 'command_delay': 0, 'receive_buffer_size': 128, 'receive_timeout': 10, 'transmit_timeout': 1, 'receiving_interval': 0.05, 'write_timeout': 0.5, 'baudrate': 9600, 'bytesize': 8, 'parity': 'N', 'stopbits': 1, 'xonxoff': False, 'rtscts': False, 'dsrdtr': False, 'inter_byte_timeout': False}
2024-12-04 16:47:44,577 - pylabware.connections.SerialConnection - INFO - Creating connection object with the following settings: 
{'address': None, 'port': '/dev/ttyUSB2', 'encoding': 'UTF-8', 'command_delay': 0.5, 'receive_buffer_size': 128, 'receive_timeout': 1, 'transmit_timeout': 1, 'receiving_interval': 0.05, 'write_timeout': 0.5, 'baudrate': 9600, 'bytesize': 8, 'parity': 'N', 'stopbits': 1, 'xonxoff': True, 'rtscts': False, 'dsrdtr': False, 'inter_byte_timeout': False, 'timeout': 0.1}
2024-12-04 16:47:44,580 - pylabware.connections.SerialConnection - INFO - Starting connection listener...
2024-12-04 16:47:44,580 - pylabware.connections.SerialConnection - INFO - Port /dev/ttyUSB2 opened.
2024-12-04 16:47:44,581 - pylabware.connections.SerialConnection - WARNING - Command rate too high! Delaying next command for 0.5 seconds
2024-12-04 16:47:45,186 - pylabware.controllers.QuantosQB1.QUANTOS - INFO - No carousel/autosampler connected
2024-12-04 16:47:45,187 - pylabware.connections.SerialConnection - WARNING - Command rate too high! Delaying next command for 0.5 seconds
2024-12-04 16:47:48,406 - RiH_Main - INFO - Connecting IKA RCT digital..
2024-12-04 16:47:48,409 - pylabware.connections.SerialConnection - INFO - Starting connection listener...
2024-12-04 16:47:48,409 - pylabware.connections.SerialConnection - INFO - Port /dev/ttyUSB0 opened.
2024-12-04 16:47:48,410 - pylabware.controllers.RCTDigitalHotplate.IKA - INFO - Opened connection.
2024-12-04 16:47:50,479 - RiH_Main - INFO - IKA RCT digital connected.
2024-12-04 16:47:51,987 - RiH_Main - INFO - Stiring velocity set to 200.
2024-12-04 16:47:53,556 - RiH_Main - INFO - Current temperature: 0.0.
2024-12-04 16:47:53,556 - RiH_Main - INFO - Connecting Pump..
2024-12-04 16:47:53,558 - pylabware.connections.SerialConnection - INFO - Starting connection listener...
2024-12-04 16:47:53,559 - pylabware.connections.SerialConnection - INFO - Port /dev/ttyUSB1 opened.
2024-12-04 16:47:53,559 - pylabware.controllers.XCalibur.DISPENSE_PUMP - INFO - Opened connection.
2024-12-04 16:47:54,114 - RiH_Main - INFO - Pump connected.
2024-12-04 16:47:54,669 - pylabware.controllers.XCalibur.DISPENSE_PUMP - INFO - Device initialized.
2024-12-04 16:47:54,669 - RiH_Main - INFO - Pump initialised.
2024-12-04 16:47:55,172 - RiH_Main - INFO - Checking for pump errors
2024-12-04 16:47:55,173 - RiH_Main - INFO - Connecting to the Quantos - opening doors
2024-12-04 16:48:01,737 - RiH_Main - INFO - Quantos connected..
2024-12-04 16:48:01,737 - RiH_Main - INFO - Initialising the filter machine
2024-12-04 16:48:01,737 - RiH_Filtration_System - INFO - Initialising filtration system pump
2024-12-04 16:48:04,753 - pylabware.connections.SerialConnection - INFO - Creating connection object with the following settings: 
{'address': '1', 'port': '/dev/ttyUSB3', 'encoding': 'UTF-8', 'command_delay': 0, 'receive_buffer_size': 128, 'receive_timeout': 10, 'transmit_timeout': 1, 'receiving_interval': 0.05, 'write_timeout': 0.5, 'baudrate': 9600, 'bytesize': 8, 'parity': 'N', 'stopbits': 1, 'xonxoff': False, 'rtscts': False, 'dsrdtr': False, 'inter_byte_timeout': False}
2024-12-04 16:48:04,757 - pylabware.connections.SerialConnection - INFO - Starting connection listener...
2024-12-04 16:48:04,757 - pylabware.connections.SerialConnection - INFO - Port /dev/ttyUSB3 opened.
2024-12-04 16:48:04,757 - pylabware.controllers.XCalibur.FILT_PUMP - INFO - Opened connection.
2024-12-04 16:48:04,808 - pylabware.controllers.XCalibur.FILT_PUMP - INFO - Device initialized.
2024-12-04 16:48:07,636 - pylabware.controllers.XCalibur.FILT_PUMP - INFO - Reply was <Invalid command! Pump Ready.>
2024-12-04 16:48:07,636 - pylabware.controllers.XCalibur.FILT_PUMP - WARNING - A non-fatal error was recieved resending command - errors occured: 1
2024-12-04 16:48:08,242 - RiH_Filtration_System - INFO - Initialising the filtration system arduino
2024-12-04 16:48:08,250 - RiH_Main - INFO - Panda robot connected to 172.16.0.2
2024-12-04 16:48:08,250 - RiH_Main - ERROR - Capper camera is not available.
2024-12-04 16:48:25,598 - RiH_Filtration_System - INFO - Filtering 9.0 mL of solvent - vacuum will be on for 10 s
2024-12-04 16:48:25,598 - RiH_Filtration_System - INFO - E stop is off - checking pump is ready
2024-12-04 16:48:25,636 - RiH_Filtration_System - INFO - pump is idle running command
2024-12-04 16:48:25,637 - RiH_Filtration_System - INFO - Clamping
2024-12-04 16:48:30,662 - RiH_Filtration_System - INFO - E stop is off - checking pump is ready
2024-12-04 16:48:30,728 - RiH_Filtration_System - INFO - pump is idle running command
2024-12-04 16:48:31,486 - pylabware.controllers.XCalibur.FILT_PUMP - INFO - Valve position is: 5
2024-12-04 16:48:31,487 - pylabware.controllers.XCalibur.FILT_PUMP - INFO - Requested valve was 5 current valve is 5
2024-12-04 16:48:31,487 - RiH_Filtration_System - INFO - Vacuum on
2024-12-04 16:48:36,512 - RiH_Filtration_System - INFO - E stop is off - checking pump is ready
2024-12-04 16:48:36,579 - RiH_Filtration_System - INFO - pump is idle running command
2024-12-04 16:48:36,579 - RiH_Filtration_System - INFO - Forward pouring
2024-12-04 16:49:01,623 - RiH_Filtration_System - INFO - E stop is off - checking pump is ready
2024-12-04 16:49:01,688 - RiH_Filtration_System - INFO - pump is idle running command
2024-12-04 16:49:01,688 - RiH_Filtration_System - INFO - Vacuum off
2024-12-04 16:49:06,749 - RiH_Filtration_System - INFO - E stop is off - checking pump is ready
2024-12-04 16:49:06,780 - RiH_Filtration_System - INFO - pump is idle running command
2024-12-04 16:49:06,786 - RiH_Filtration_System - INFO - Backward pouring
2024-12-04 16:49:21,856 - RiH_Filtration_System - INFO - E stop is off - checking pump is ready
2024-12-04 16:49:21,907 - RiH_Filtration_System - INFO - pump is idle running command
2024-12-04 16:49:21,908 - RiH_Filtration_System - INFO - Moving needle to dispense position
2024-12-04 16:49:26,933 - RiH_Filtration_System - INFO - E stop is off - checking pump is ready
2024-12-04 16:49:27,001 - RiH_Filtration_System - INFO - pump is idle running command
2024-12-04 16:49:27,001 - RiH_Filtration_System - INFO - Recovering filtrate (f9000 + 10 mL) from receiving flask
2024-12-04 16:49:27,052 - pylabware.controllers.XCalibur.FILT_PUMP - INFO - Dispensing 19000 ul as 3 full dispenses of the 5.0mL and 4000 ul remaining volume
2024-12-04 16:49:27,809 - pylabware.controllers.XCalibur.FILT_PUMP - INFO - Valve position is: 1
2024-12-04 16:49:27,810 - pylabware.controllers.XCalibur.FILT_PUMP - INFO - Requested valve was 1 current valve is 1
2024-12-04 16:49:34,115 - pylabware.controllers.XCalibur.FILT_PUMP - INFO - Plunger position is 3000
2024-12-04 16:49:34,116 - pylabware.controllers.XCalibur.FILT_PUMP - INFO - Requested increment position was 3000 current position is 3000
2024-12-04 16:49:34,873 - pylabware.controllers.XCalibur.FILT_PUMP - INFO - Valve position is: 4
2024-12-04 16:49:34,873 - pylabware.controllers.XCalibur.FILT_PUMP - INFO - Requested valve was 4 current valve is 4
2024-12-04 16:49:41,180 - pylabware.controllers.XCalibur.FILT_PUMP - INFO - Plunger position is 0
2024-12-04 16:49:41,181 - pylabware.controllers.XCalibur.FILT_PUMP - INFO - Requested increment position was 0 current position is 0
2024-12-04 16:49:42,494 - pylabware.controllers.XCalibur.FILT_PUMP - INFO - Valve position is: 1
2024-12-04 16:49:42,494 - pylabware.controllers.XCalibur.FILT_PUMP - INFO - Requested valve was 1 current valve is 1
2024-12-04 16:49:48,852 - pylabware.controllers.XCalibur.FILT_PUMP - INFO - Plunger position is 3000
2024-12-04 16:49:48,852 - pylabware.controllers.XCalibur.FILT_PUMP - INFO - Requested increment position was 3000 current position is 3000
2024-12-04 16:49:49,610 - pylabware.controllers.XCalibur.FILT_PUMP - INFO - Valve position is: 4
2024-12-04 16:49:49,610 - pylabware.controllers.XCalibur.FILT_PUMP - INFO - Requested valve was 4 current valve is 4
2024-12-04 16:49:55,919 - pylabware.controllers.XCalibur.FILT_PUMP - INFO - Plunger position is 0
2024-12-04 16:49:55,919 - pylabware.controllers.XCalibur.FILT_PUMP - INFO - Requested increment position was 0 current position is 0
2024-12-04 16:49:57,232 - pylabware.controllers.XCalibur.FILT_PUMP - INFO - Valve position is: 1
2024-12-04 16:49:57,232 - pylabware.controllers.XCalibur.FILT_PUMP - INFO - Requested valve was 1 current valve is 1
2024-12-04 16:50:03,539 - pylabware.controllers.XCalibur.FILT_PUMP - INFO - Plunger position is 3000
2024-12-04 16:50:03,539 - pylabware.controllers.XCalibur.FILT_PUMP - INFO - Requested increment position was 3000 current position is 3000
2024-12-04 16:50:04,296 - pylabware.controllers.XCalibur.FILT_PUMP - INFO - Valve position is: 4
2024-12-04 16:50:04,296 - pylabware.controllers.XCalibur.FILT_PUMP - INFO - Requested valve was 4 current valve is 4
2024-12-04 16:50:10,601 - pylabware.controllers.XCalibur.FILT_PUMP - INFO - Plunger position is 0
2024-12-04 16:50:10,602 - pylabware.controllers.XCalibur.FILT_PUMP - INFO - Requested increment position was 0 current position is 0
2024-12-04 16:50:10,602 - pylabware.controllers.XCalibur.FILT_PUMP - INFO - Remaining volume 4000 ul is 2400.0 rounded to 2400
2024-12-04 16:50:11,914 - pylabware.controllers.XCalibur.FILT_PUMP - INFO - Valve position is: 1
2024-12-04 16:50:11,915 - pylabware.controllers.XCalibur.FILT_PUMP - INFO - Requested valve was 1 current valve is 1
2024-12-04 16:50:17,110 - pylabware.controllers.XCalibur.FILT_PUMP - INFO - Plunger position is 2400
2024-12-04 16:50:17,111 - pylabware.controllers.XCalibur.FILT_PUMP - INFO - Requested increment position was 2400 current position is 2400
2024-12-04 16:50:17,868 - pylabware.controllers.XCalibur.FILT_PUMP - INFO - Valve position is: 4
2024-12-04 16:50:17,869 - pylabware.controllers.XCalibur.FILT_PUMP - INFO - Requested valve was 4 current valve is 4
2024-12-04 16:50:23,066 - pylabware.controllers.XCalibur.FILT_PUMP - INFO - Plunger position is 0
2024-12-04 16:50:23,066 - pylabware.controllers.XCalibur.FILT_PUMP - INFO - Requested increment position was 0 current position is 0
2024-12-04 16:50:23,067 - pylabware.controllers.XCalibur.FILT_PUMP - INFO - Dispensing complete
2024-12-04 16:50:23,067 - RiH_Filtration_System - INFO - E stop is off - checking pump is ready
2024-12-04 16:50:23,116 - RiH_Filtration_System - INFO - pump is idle running command
2024-12-04 16:50:23,117 - RiH_Filtration_System - INFO - Moving needle to wash position
2024-12-04 16:50:28,125 - RiH_Filtration_System - INFO - E stop is off - checking pump is ready
2024-12-04 16:50:28,159 - RiH_Filtration_System - INFO - pump is idle running command
2024-12-04 16:50:28,161 - RiH_Filtration_System - INFO - Releasing
2024-12-04 16:51:38,108 - RiH_Filtration_System - INFO - Washing receiving flask with 9.0 mL of Water(DI)
2024-12-04 16:51:38,109 - RiH_Filtration_System - INFO - E stop is off - checking pump is ready
2024-12-04 16:51:38,167 - RiH_Filtration_System - INFO - pump is idle running command
2024-12-04 16:51:38,167 - RiH_Filtration_System - INFO - Cleaning receiving flask with 18.0 mL solvent:Water(DI)
2024-12-04 16:51:38,217 - pylabware.controllers.XCalibur.FILT_PUMP - INFO - Dispensing 18000 ul as 3 full dispenses of the 5.0mL and 3000 ul remaining volume
2024-12-04 16:51:38,975 - pylabware.controllers.XCalibur.FILT_PUMP - INFO - Valve position is: 7
2024-12-04 16:51:38,976 - pylabware.controllers.XCalibur.FILT_PUMP - INFO - Requested valve was 7 current valve is 7
2024-12-04 16:51:45,283 - pylabware.controllers.XCalibur.FILT_PUMP - INFO - Plunger position is 3000
2024-12-04 16:51:45,283 - pylabware.controllers.XCalibur.FILT_PUMP - INFO - Requested increment position was 3000 current position is 3000
2024-12-04 16:51:46,041 - pylabware.controllers.XCalibur.FILT_PUMP - INFO - Valve position is: 1
2024-12-04 16:51:46,041 - pylabware.controllers.XCalibur.FILT_PUMP - INFO - Requested valve was 1 current valve is 1
2024-12-04 16:51:52,349 - pylabware.controllers.XCalibur.FILT_PUMP - INFO - Plunger position is 0
2024-12-04 16:51:52,349 - pylabware.controllers.XCalibur.FILT_PUMP - INFO - Requested increment position was 0 current position is 0
2024-12-04 16:51:53,107 - pylabware.controllers.XCalibur.FILT_PUMP - INFO - Valve position is: 7
2024-12-04 16:51:53,108 - pylabware.controllers.XCalibur.FILT_PUMP - INFO - Requested valve was 7 current valve is 7
2024-12-04 16:51:59,416 - pylabware.controllers.XCalibur.FILT_PUMP - INFO - Plunger position is 3000
2024-12-04 16:51:59,416 - pylabware.controllers.XCalibur.FILT_PUMP - INFO - Requested increment position was 3000 current position is 3000
2024-12-04 16:52:00,173 - pylabware.controllers.XCalibur.FILT_PUMP - INFO - Valve position is: 1
2024-12-04 16:52:00,173 - pylabware.controllers.XCalibur.FILT_PUMP - INFO - Requested valve was 1 current valve is 1
2024-12-04 16:52:06,485 - pylabware.controllers.XCalibur.FILT_PUMP - INFO - Plunger position is 0
2024-12-04 16:52:06,485 - pylabware.controllers.XCalibur.FILT_PUMP - INFO - Requested increment position was 0 current position is 0
2024-12-04 16:52:07,243 - pylabware.controllers.XCalibur.FILT_PUMP - INFO - Valve position is: 7
2024-12-04 16:52:07,244 - pylabware.controllers.XCalibur.FILT_PUMP - INFO - Requested valve was 7 current valve is 7
2024-12-04 16:52:13,550 - pylabware.controllers.XCalibur.FILT_PUMP - INFO - Plunger position is 3000
2024-12-04 16:52:13,551 - pylabware.controllers.XCalibur.FILT_PUMP - INFO - Requested increment position was 3000 current position is 3000
2024-12-04 16:52:14,308 - pylabware.controllers.XCalibur.FILT_PUMP - INFO - Valve position is: 1
2024-12-04 16:52:14,308 - pylabware.controllers.XCalibur.FILT_PUMP - INFO - Requested valve was 1 current valve is 1
2024-12-04 16:52:20,616 - pylabware.controllers.XCalibur.FILT_PUMP - INFO - Plunger position is 0
2024-12-04 16:52:20,617 - pylabware.controllers.XCalibur.FILT_PUMP - INFO - Requested increment position was 0 current position is 0
2024-12-04 16:52:20,617 - pylabware.controllers.XCalibur.FILT_PUMP - INFO - Remaining volume 3000 ul is 1800.0 rounded to 1800
2024-12-04 16:52:21,374 - pylabware.controllers.XCalibur.FILT_PUMP - INFO - Valve position is: 7
2024-12-04 16:52:21,375 - pylabware.controllers.XCalibur.FILT_PUMP - INFO - Requested valve was 7 current valve is 7
2024-12-04 16:52:25,463 - pylabware.controllers.XCalibur.FILT_PUMP - INFO - Plunger position is 1800
2024-12-04 16:52:25,463 - pylabware.controllers.XCalibur.FILT_PUMP - INFO - Requested increment position was 1800 current position is 1800
2024-12-04 16:52:26,221 - pylabware.controllers.XCalibur.FILT_PUMP - INFO - Valve position is: 1
2024-12-04 16:52:26,221 - pylabware.controllers.XCalibur.FILT_PUMP - INFO - Requested valve was 1 current valve is 1
2024-12-04 16:52:30,309 - pylabware.controllers.XCalibur.FILT_PUMP - INFO - Plunger position is 0
2024-12-04 16:52:30,309 - pylabware.controllers.XCalibur.FILT_PUMP - INFO - Requested increment position was 0 current position is 0
2024-12-04 16:52:30,309 - pylabware.controllers.XCalibur.FILT_PUMP - INFO - Dispensing complete
2024-12-04 16:52:30,359 - pylabware.controllers.XCalibur.FILT_PUMP - INFO - Dispensing 28000 ul as 5 full dispenses of the 5.0mL and 3000 ul remaining volume
2024-12-04 16:52:30,563 - pylabware.controllers.XCalibur.FILT_PUMP - INFO - Valve position is: 1
2024-12-04 16:52:30,563 - pylabware.controllers.XCalibur.FILT_PUMP - INFO - Requested valve was 1 current valve is 1
2024-12-04 16:52:36,870 - pylabware.controllers.XCalibur.FILT_PUMP - INFO - Plunger position is 3000
2024-12-04 16:52:36,870 - pylabware.controllers.XCalibur.FILT_PUMP - INFO - Requested increment position was 3000 current position is 3000
2024-12-04 16:52:37,628 - pylabware.controllers.XCalibur.FILT_PUMP - INFO - Valve position is: 3
2024-12-04 16:52:37,628 - pylabware.controllers.XCalibur.FILT_PUMP - INFO - Requested valve was 3 current valve is 3
2024-12-04 16:52:43,933 - pylabware.controllers.XCalibur.FILT_PUMP - INFO - Plunger position is 0
2024-12-04 16:52:43,933 - pylabware.controllers.XCalibur.FILT_PUMP - INFO - Requested increment position was 0 current position is 0
2024-12-04 16:52:45,246 - pylabware.controllers.XCalibur.FILT_PUMP - INFO - Valve position is: 1
2024-12-04 16:52:45,246 - pylabware.controllers.XCalibur.FILT_PUMP - INFO - Requested valve was 1 current valve is 1
2024-12-04 16:52:51,554 - pylabware.controllers.XCalibur.FILT_PUMP - INFO - Plunger position is 3000
2024-12-04 16:52:51,554 - pylabware.controllers.XCalibur.FILT_PUMP - INFO - Requested increment position was 3000 current position is 3000
2024-12-04 16:52:52,311 - pylabware.controllers.XCalibur.FILT_PUMP - INFO - Valve position is: 3
2024-12-04 16:52:52,311 - pylabware.controllers.XCalibur.FILT_PUMP - INFO - Requested valve was 3 current valve is 3
2024-12-04 16:52:58,619 - pylabware.controllers.XCalibur.FILT_PUMP - INFO - Plunger position is 0
2024-12-04 16:52:58,620 - pylabware.controllers.XCalibur.FILT_PUMP - INFO - Requested increment position was 0 current position is 0
2024-12-04 16:52:59,933 - pylabware.controllers.XCalibur.FILT_PUMP - INFO - Valve position is: 1
2024-12-04 16:52:59,933 - pylabware.controllers.XCalibur.FILT_PUMP - INFO - Requested valve was 1 current valve is 1
2024-12-04 16:53:06,241 - pylabware.controllers.XCalibur.FILT_PUMP - INFO - Plunger position is 3000
2024-12-04 16:53:06,241 - pylabware.controllers.XCalibur.FILT_PUMP - INFO - Requested increment position was 3000 current position is 3000
2024-12-04 16:53:06,999 - pylabware.controllers.XCalibur.FILT_PUMP - INFO - Valve position is: 3
2024-12-04 16:53:06,999 - pylabware.controllers.XCalibur.FILT_PUMP - INFO - Requested valve was 3 current valve is 3
2024-12-04 16:53:13,306 - pylabware.controllers.XCalibur.FILT_PUMP - INFO - Plunger position is 0
2024-12-04 16:53:13,306 - pylabware.controllers.XCalibur.FILT_PUMP - INFO - Requested increment position was 0 current position is 0
2024-12-04 16:53:14,618 - pylabware.controllers.XCalibur.FILT_PUMP - INFO - Valve position is: 1
2024-12-04 16:53:14,618 - pylabware.controllers.XCalibur.FILT_PUMP - INFO - Requested valve was 1 current valve is 1
2024-12-04 16:53:20,926 - pylabware.controllers.XCalibur.FILT_PUMP - INFO - Plunger position is 3000
2024-12-04 16:53:20,926 - pylabware.controllers.XCalibur.FILT_PUMP - INFO - Requested increment position was 3000 current position is 3000
2024-12-04 16:53:21,684 - pylabware.controllers.XCalibur.FILT_PUMP - INFO - Valve position is: 3
2024-12-04 16:53:21,685 - pylabware.controllers.XCalibur.FILT_PUMP - INFO - Requested valve was 3 current valve is 3
2024-12-04 16:53:27,991 - pylabware.controllers.XCalibur.FILT_PUMP - INFO - Plunger position is 0
2024-12-04 16:53:27,992 - pylabware.controllers.XCalibur.FILT_PUMP - INFO - Requested increment position was 0 current position is 0
2024-12-04 16:53:29,304 - pylabware.controllers.XCalibur.FILT_PUMP - INFO - Valve position is: 1
2024-12-04 16:53:29,305 - pylabware.controllers.XCalibur.FILT_PUMP - INFO - Requested valve was 1 current valve is 1
2024-12-04 16:53:35,613 - pylabware.controllers.XCalibur.FILT_PUMP - INFO - Plunger position is 3000
2024-12-04 16:53:35,613 - pylabware.controllers.XCalibur.FILT_PUMP - INFO - Requested increment position was 3000 current position is 3000
2024-12-04 16:53:36,371 - pylabware.controllers.XCalibur.FILT_PUMP - INFO - Valve position is: 3
2024-12-04 16:53:36,371 - pylabware.controllers.XCalibur.FILT_PUMP - INFO - Requested valve was 3 current valve is 3
2024-12-04 16:53:42,680 - pylabware.controllers.XCalibur.FILT_PUMP - INFO - Plunger position is 0
2024-12-04 16:53:42,680 - pylabware.controllers.XCalibur.FILT_PUMP - INFO - Requested increment position was 0 current position is 0
2024-12-04 16:53:42,681 - pylabware.controllers.XCalibur.FILT_PUMP - INFO - Remaining volume 3000 ul is 1800.0 rounded to 1800
2024-12-04 16:53:43,992 - pylabware.controllers.XCalibur.FILT_PUMP - INFO - Valve position is: 1
2024-12-04 16:53:43,993 - pylabware.controllers.XCalibur.FILT_PUMP - INFO - Requested valve was 1 current valve is 1
2024-12-04 16:53:48,079 - pylabware.controllers.XCalibur.FILT_PUMP - INFO - Plunger position is 1800
2024-12-04 16:53:48,080 - pylabware.controllers.XCalibur.FILT_PUMP - INFO - Requested increment position was 1800 current position is 1800
2024-12-04 16:53:48,837 - pylabware.controllers.XCalibur.FILT_PUMP - INFO - Valve position is: 3
2024-12-04 16:53:48,838 - pylabware.controllers.XCalibur.FILT_PUMP - INFO - Requested valve was 3 current valve is 3
2024-12-04 16:53:52,925 - pylabware.controllers.XCalibur.FILT_PUMP - INFO - Plunger position is 0
2024-12-04 16:53:52,925 - pylabware.controllers.XCalibur.FILT_PUMP - INFO - Requested increment position was 0 current position is 0
2024-12-04 16:53:52,925 - pylabware.controllers.XCalibur.FILT_PUMP - INFO - Dispensing complete
2024-12-04 16:53:52,926 - RiH_Filtration_System - INFO - E stop is off - checking pump is ready
2024-12-04 16:53:52,976 - RiH_Filtration_System - INFO - pump is idle running command
2024-12-04 16:53:52,976 - RiH_Filtration_System - INFO - Washing output needle with 4 mL of solvent Water(DI)
2024-12-04 16:53:53,027 - pylabware.controllers.XCalibur.FILT_PUMP - INFO - Dispensing 4000 ul as 0 full dispenses of the 5.0mL and 4000 ul remaining volume
2024-12-04 16:53:53,027 - pylabware.controllers.XCalibur.FILT_PUMP - INFO - Remaining volume 4000 ul is 2400.0 rounded to 2400
2024-12-04 16:53:53,785 - pylabware.controllers.XCalibur.FILT_PUMP - INFO - Valve position is: 7
2024-12-04 16:53:53,785 - pylabware.controllers.XCalibur.FILT_PUMP - INFO - Requested valve was 7 current valve is 7
2024-12-04 16:53:58,981 - pylabware.controllers.XCalibur.FILT_PUMP - INFO - Plunger position is 2400
2024-12-04 16:53:58,981 - pylabware.controllers.XCalibur.FILT_PUMP - INFO - Requested increment position was 2400 current position is 2400
2024-12-04 16:54:00,294 - pylabware.controllers.XCalibur.FILT_PUMP - INFO - Valve position is: 4
2024-12-04 16:54:00,294 - pylabware.controllers.XCalibur.FILT_PUMP - INFO - Requested valve was 4 current valve is 4
2024-12-04 16:54:05,491 - pylabware.controllers.XCalibur.FILT_PUMP - INFO - Plunger position is 0
2024-12-04 16:54:05,491 - pylabware.controllers.XCalibur.FILT_PUMP - INFO - Requested increment position was 0 current position is 0
2024-12-04 16:54:05,492 - pylabware.controllers.XCalibur.FILT_PUMP - INFO - Dispensing complete
2024-12-04 16:54:05,542 - pylabware.controllers.XCalibur.FILT_PUMP - INFO - Dispensing 4000 ul as 0 full dispenses of the 5.0mL and 4000 ul remaining volume
2024-12-04 16:54:05,542 - pylabware.controllers.XCalibur.FILT_PUMP - INFO - Remaining volume 4000 ul is 2400.0 rounded to 2400
2024-12-04 16:54:06,300 - pylabware.controllers.XCalibur.FILT_PUMP - INFO - Valve position is: 5
2024-12-04 16:54:06,301 - pylabware.controllers.XCalibur.FILT_PUMP - INFO - Requested valve was 5 current valve is 5
2024-12-04 16:54:11,499 - pylabware.controllers.XCalibur.FILT_PUMP - INFO - Plunger position is 2400
2024-12-04 16:54:11,499 - pylabware.controllers.XCalibur.FILT_PUMP - INFO - Requested increment position was 2400 current position is 2400
2024-12-04 16:54:12,812 - pylabware.controllers.XCalibur.FILT_PUMP - INFO - Valve position is: 4
2024-12-04 16:54:12,812 - pylabware.controllers.XCalibur.FILT_PUMP - INFO - Requested valve was 4 current valve is 4
2024-12-04 16:54:18,010 - pylabware.controllers.XCalibur.FILT_PUMP - INFO - Plunger position is 0
2024-12-04 16:54:18,010 - pylabware.controllers.XCalibur.FILT_PUMP - INFO - Requested increment position was 0 current position is 0
2024-12-04 16:54:18,011 - pylabware.controllers.XCalibur.FILT_PUMP - INFO - Dispensing complete
2024-12-04 16:59:49,613 - Workflow_Config_Helper - INFO - All solids and liquids requested in sample list are in the workflow
2024-12-04 16:59:49,613 - Workflow_Config_Helper - INFO - No errors in workflow detected
2024-12-04 16:59:53,637 - pylabware.connections.SerialConnection - INFO - Creating connection object with the following settings: 
{'address': '', 'port': '/dev/ttyUSB0', 'encoding': 'UTF-8', 'command_delay': 0.5, 'receive_buffer_size': 128, 'receive_timeout': 1, 'transmit_timeout': 1, 'receiving_interval': 0.05, 'write_timeout': 0.5, 'baudrate': 9600, 'bytesize': 7, 'parity': 'E', 'stopbits': 1, 'xonxoff': False, 'rtscts': False, 'dsrdtr': False, 'inter_byte_timeout': False}
2024-12-04 16:59:53,637 - pylabware.connections.SerialConnection - INFO - Creating connection object with the following settings: 
{'address': '1', 'port': '/dev/ttyUSB1', 'encoding': 'UTF-8', 'command_delay': 0, 'receive_buffer_size': 128, 'receive_timeout': 10, 'transmit_timeout': 1, 'receiving_interval': 0.05, 'write_timeout': 0.5, 'baudrate': 9600, 'bytesize': 8, 'parity': 'N', 'stopbits': 1, 'xonxoff': False, 'rtscts': False, 'dsrdtr': False, 'inter_byte_timeout': False}
2024-12-04 16:59:53,638 - pylabware.connections.SerialConnection - INFO - Creating connection object with the following settings: 
{'address': None, 'port': '/dev/ttyUSB2', 'encoding': 'UTF-8', 'command_delay': 0.5, 'receive_buffer_size': 128, 'receive_timeout': 1, 'transmit_timeout': 1, 'receiving_interval': 0.05, 'write_timeout': 0.5, 'baudrate': 9600, 'bytesize': 8, 'parity': 'N', 'stopbits': 1, 'xonxoff': True, 'rtscts': False, 'dsrdtr': False, 'inter_byte_timeout': False, 'timeout': 0.1}
2024-12-04 16:59:53,638 - pylabware.connections.SerialConnection - INFO - Starting connection listener...
2024-12-04 16:59:53,639 - pylabware.connections.SerialConnection - INFO - Port /dev/ttyUSB2 opened.
2024-12-04 16:59:53,639 - pylabware.connections.SerialConnection - WARNING - Command rate too high! Delaying next command for 0.5 seconds
2024-12-04 16:59:54,245 - pylabware.controllers.QuantosQB1.QUANTOS - INFO - No carousel/autosampler connected
2024-12-04 16:59:54,246 - pylabware.connections.SerialConnection - WARNING - Command rate too high! Delaying next command for 0.5 seconds
2024-12-04 16:59:57,568 - RiH_Main - INFO - Connecting IKA RCT digital..
2024-12-04 16:59:57,571 - pylabware.connections.SerialConnection - INFO - Starting connection listener...
2024-12-04 16:59:57,572 - pylabware.connections.SerialConnection - INFO - Port /dev/ttyUSB0 opened.
2024-12-04 16:59:57,572 - pylabware.controllers.RCTDigitalHotplate.IKA - INFO - Opened connection.
2024-12-04 16:59:59,641 - RiH_Main - INFO - IKA RCT digital connected.
2024-12-04 17:00:01,149 - RiH_Main - INFO - Stiring velocity set to 200.
2024-12-04 17:00:02,717 - RiH_Main - INFO - Current temperature: 0.0.
2024-12-04 17:00:02,718 - RiH_Main - INFO - Connecting Pump..
2024-12-04 17:00:02,720 - pylabware.connections.SerialConnection - INFO - Starting connection listener...
2024-12-04 17:00:02,720 - pylabware.connections.SerialConnection - INFO - Port /dev/ttyUSB1 opened.
2024-12-04 17:00:02,721 - pylabware.controllers.XCalibur.DISPENSE_PUMP - INFO - Opened connection.
2024-12-04 17:00:03,276 - RiH_Main - INFO - Pump connected.
2024-12-04 17:00:03,831 - pylabware.controllers.XCalibur.DISPENSE_PUMP - INFO - Device initialized.
2024-12-04 17:00:03,831 - RiH_Main - INFO - Pump initialised.
2024-12-04 17:00:04,334 - RiH_Main - INFO - Checking for pump errors
2024-12-04 17:00:04,334 - RiH_Main - INFO - Connecting to the Quantos - opening doors
2024-12-04 17:00:10,998 - RiH_Main - INFO - Quantos connected..
2024-12-04 17:00:10,998 - RiH_Main - INFO - Initialising the filter machine
2024-12-04 17:00:10,999 - RiH_Filtration_System - INFO - Initialising filtration system pump
2024-12-04 17:00:14,015 - pylabware.connections.SerialConnection - INFO - Creating connection object with the following settings: 
{'address': '1', 'port': '/dev/ttyUSB3', 'encoding': 'UTF-8', 'command_delay': 0, 'receive_buffer_size': 128, 'receive_timeout': 10, 'transmit_timeout': 1, 'receiving_interval': 0.05, 'write_timeout': 0.5, 'baudrate': 9600, 'bytesize': 8, 'parity': 'N', 'stopbits': 1, 'xonxoff': False, 'rtscts': False, 'dsrdtr': False, 'inter_byte_timeout': False}
2024-12-04 17:00:14,018 - pylabware.connections.SerialConnection - INFO - Starting connection listener...
2024-12-04 17:00:14,018 - pylabware.connections.SerialConnection - INFO - Port /dev/ttyUSB3 opened.
2024-12-04 17:00:14,019 - pylabware.controllers.XCalibur.FILT_PUMP - INFO - Opened connection.
2024-12-04 17:00:14,069 - pylabware.controllers.XCalibur.FILT_PUMP - INFO - Device initialized.
2024-12-04 17:00:16,895 - pylabware.controllers.XCalibur.FILT_PUMP - INFO - Reply was <Invalid command! Pump Ready.>
2024-12-04 17:00:16,895 - pylabware.controllers.XCalibur.FILT_PUMP - WARNING - A non-fatal error was recieved resending command - errors occured: 1
2024-12-04 17:00:17,501 - RiH_Filtration_System - INFO - Initialising the filtration system arduino
2024-12-04 17:00:17,508 - RiH_Main - INFO - Panda robot connected to 172.16.0.2
2024-12-04 17:00:17,508 - RiH_Main - ERROR - Capper camera is not available.
2024-12-04 17:00:23,633 - RiH_Filtration_System - INFO - Washing filter before start of filtering process with 9.0 mL
2024-12-04 17:00:23,633 - RiH_Filtration_System - INFO - E stop is off - checking pump is ready
2024-12-04 17:00:23,703 - RiH_Filtration_System - INFO - pump is idle running command
2024-12-04 17:00:23,703 - RiH_Filtration_System - INFO - Clamping
2024-12-04 17:00:28,710 - RiH_Filtration_System - INFO - E stop is off - checking pump is ready
2024-12-04 17:00:28,745 - RiH_Filtration_System - INFO - pump is idle running command
2024-12-04 17:00:28,746 - RiH_Filtration_System - INFO - Forward pouring
2024-12-04 17:00:43,821 - RiH_Filtration_System - INFO - E stop is off - checking pump is ready
2024-12-04 17:00:43,870 - RiH_Filtration_System - INFO - pump is idle running command
2024-12-04 17:00:44,628 - pylabware.controllers.XCalibur.FILT_PUMP - INFO - Valve position is: 5
2024-12-04 17:00:44,628 - pylabware.controllers.XCalibur.FILT_PUMP - INFO - Requested valve was 5 current valve is 5
2024-12-04 17:00:44,628 - RiH_Filtration_System - INFO - Vacuum on
2024-12-04 17:00:49,654 - RiH_Filtration_System - INFO - E stop is off - checking pump is ready
2024-12-04 17:00:49,720 - RiH_Filtration_System - INFO - pump is idle running command
2024-12-04 17:00:49,720 - RiH_Filtration_System - INFO - Backward pouring
2024-12-04 17:01:19,859 - RiH_Filtration_System - INFO - E stop is off - checking pump is ready
2024-12-04 17:01:19,923 - RiH_Filtration_System - INFO - pump is idle running command
2024-12-04 17:01:19,923 - RiH_Filtration_System - INFO - Recovering pre-filtration wash (9000 + 5 mL) from receiving flask
2024-12-04 17:01:19,974 - pylabware.controllers.XCalibur.FILT_PUMP - INFO - Dispensing 14000 ul as 2 full dispenses of the 5.0mL and 4000 ul remaining volume
2024-12-04 17:01:20,732 - pylabware.controllers.XCalibur.FILT_PUMP - INFO - Valve position is: 1
2024-12-04 17:01:20,732 - pylabware.controllers.XCalibur.FILT_PUMP - INFO - Requested valve was 1 current valve is 1
2024-12-04 17:01:27,040 - pylabware.controllers.XCalibur.FILT_PUMP - INFO - Plunger position is 3000
2024-12-04 17:01:27,040 - pylabware.controllers.XCalibur.FILT_PUMP - INFO - Requested increment position was 3000 current position is 3000
2024-12-04 17:01:27,798 - pylabware.controllers.XCalibur.FILT_PUMP - INFO - Valve position is: 3
2024-12-04 17:01:27,798 - pylabware.controllers.XCalibur.FILT_PUMP - INFO - Requested valve was 3 current valve is 3
2024-12-04 17:01:34,106 - pylabware.controllers.XCalibur.FILT_PUMP - INFO - Plunger position is 0
2024-12-04 17:01:34,106 - pylabware.controllers.XCalibur.FILT_PUMP - INFO - Requested increment position was 0 current position is 0
2024-12-04 17:01:35,419 - pylabware.controllers.XCalibur.FILT_PUMP - INFO - Valve position is: 1
2024-12-04 17:01:35,419 - pylabware.controllers.XCalibur.FILT_PUMP - INFO - Requested valve was 1 current valve is 1
2024-12-04 17:01:41,727 - pylabware.controllers.XCalibur.FILT_PUMP - INFO - Plunger position is 3000
2024-12-04 17:01:41,727 - pylabware.controllers.XCalibur.FILT_PUMP - INFO - Requested increment position was 3000 current position is 3000
2024-12-04 17:01:42,484 - pylabware.controllers.XCalibur.FILT_PUMP - INFO - Valve position is: 3
2024-12-04 17:01:42,484 - pylabware.controllers.XCalibur.FILT_PUMP - INFO - Requested valve was 3 current valve is 3
2024-12-04 17:01:48,792 - pylabware.controllers.XCalibur.FILT_PUMP - INFO - Plunger position is 0
2024-12-04 17:01:48,792 - pylabware.controllers.XCalibur.FILT_PUMP - INFO - Requested increment position was 0 current position is 0
2024-12-04 17:01:48,792 - pylabware.controllers.XCalibur.FILT_PUMP - INFO - Remaining volume 4000 ul is 2400.0 rounded to 2400
2024-12-04 17:01:50,105 - pylabware.controllers.XCalibur.FILT_PUMP - INFO - Valve position is: 1
2024-12-04 17:01:50,105 - pylabware.controllers.XCalibur.FILT_PUMP - INFO - Requested valve was 1 current valve is 1
2024-12-04 17:01:55,303 - pylabware.controllers.XCalibur.FILT_PUMP - INFO - Plunger position is 2400
2024-12-04 17:01:55,303 - pylabware.controllers.XCalibur.FILT_PUMP - INFO - Requested increment position was 2400 current position is 2400
2024-12-04 17:01:56,061 - pylabware.controllers.XCalibur.FILT_PUMP - INFO - Valve position is: 3
2024-12-04 17:01:56,061 - pylabware.controllers.XCalibur.FILT_PUMP - INFO - Requested valve was 3 current valve is 3
2024-12-04 17:02:01,259 - pylabware.controllers.XCalibur.FILT_PUMP - INFO - Plunger position is 0
2024-12-04 17:02:01,259 - pylabware.controllers.XCalibur.FILT_PUMP - INFO - Requested increment position was 0 current position is 0
2024-12-04 17:02:01,259 - pylabware.controllers.XCalibur.FILT_PUMP - INFO - Dispensing complete
2024-12-04 17:02:01,259 - RiH_Filtration_System - INFO - E stop is off - checking pump is ready
2024-12-04 17:02:01,309 - RiH_Filtration_System - INFO - pump is idle running command
2024-12-04 17:02:01,310 - RiH_Filtration_System - INFO - Releasing
2024-12-04 17:02:20,192 - RiH_Filtration_System - INFO - Washing receiving flask with 9.0 mL of Water(DI)
2024-12-04 17:02:20,193 - RiH_Filtration_System - INFO - E stop is off - checking pump is ready
2024-12-04 17:02:20,213 - RiH_Filtration_System - INFO - pump is idle running command
2024-12-04 17:02:20,213 - RiH_Filtration_System - INFO - Cleaning receiving flask with 18.0 mL solvent:Water(DI)
2024-12-04 17:02:20,263 - pylabware.controllers.XCalibur.FILT_PUMP - INFO - Dispensing 18000 ul as 3 full dispenses of the 5.0mL and 3000 ul remaining volume
2024-12-04 17:02:21,022 - pylabware.controllers.XCalibur.FILT_PUMP - INFO - Valve position is: 7
2024-12-04 17:02:21,022 - pylabware.controllers.XCalibur.FILT_PUMP - INFO - Requested valve was 7 current valve is 7
2024-12-04 17:02:27,330 - pylabware.controllers.XCalibur.FILT_PUMP - INFO - Plunger position is 3000
2024-12-04 17:02:27,331 - pylabware.controllers.XCalibur.FILT_PUMP - INFO - Requested increment position was 3000 current position is 3000
2024-12-04 17:02:28,139 - pylabware.controllers.XCalibur.FILT_PUMP - INFO - Valve position is: 1
2024-12-04 17:02:28,139 - pylabware.controllers.XCalibur.FILT_PUMP - INFO - Requested valve was 1 current valve is 1
2024-12-04 17:02:34,448 - pylabware.controllers.XCalibur.FILT_PUMP - INFO - Plunger position is 0
2024-12-04 17:02:34,448 - pylabware.controllers.XCalibur.FILT_PUMP - INFO - Requested increment position was 0 current position is 0
2024-12-04 17:02:35,206 - pylabware.controllers.XCalibur.FILT_PUMP - INFO - Valve position is: 7
2024-12-04 17:02:35,206 - pylabware.controllers.XCalibur.FILT_PUMP - INFO - Requested valve was 7 current valve is 7
2024-12-04 17:02:41,513 - pylabware.controllers.XCalibur.FILT_PUMP - INFO - Plunger position is 3000
2024-12-04 17:02:41,513 - pylabware.controllers.XCalibur.FILT_PUMP - INFO - Requested increment position was 3000 current position is 3000
2024-12-04 17:02:42,271 - pylabware.controllers.XCalibur.FILT_PUMP - INFO - Valve position is: 1
2024-12-04 17:02:42,271 - pylabware.controllers.XCalibur.FILT_PUMP - INFO - Requested valve was 1 current valve is 1
2024-12-04 17:02:48,578 - pylabware.controllers.XCalibur.FILT_PUMP - INFO - Plunger position is 0
2024-12-04 17:02:48,578 - pylabware.controllers.XCalibur.FILT_PUMP - INFO - Requested increment position was 0 current position is 0
2024-12-04 17:02:49,336 - pylabware.controllers.XCalibur.FILT_PUMP - INFO - Valve position is: 7
2024-12-04 17:02:49,336 - pylabware.controllers.XCalibur.FILT_PUMP - INFO - Requested valve was 7 current valve is 7
2024-12-04 17:02:55,643 - pylabware.controllers.XCalibur.FILT_PUMP - INFO - Plunger position is 3000
2024-12-04 17:02:55,643 - pylabware.controllers.XCalibur.FILT_PUMP - INFO - Requested increment position was 3000 current position is 3000
2024-12-04 17:02:56,401 - pylabware.controllers.XCalibur.FILT_PUMP - INFO - Valve position is: 1
2024-12-04 17:02:56,401 - pylabware.controllers.XCalibur.FILT_PUMP - INFO - Requested valve was 1 current valve is 1
2024-12-04 17:03:02,708 - pylabware.controllers.XCalibur.FILT_PUMP - INFO - Plunger position is 0
2024-12-04 17:03:02,708 - pylabware.controllers.XCalibur.FILT_PUMP - INFO - Requested increment position was 0 current position is 0
2024-12-04 17:03:02,708 - pylabware.controllers.XCalibur.FILT_PUMP - INFO - Remaining volume 3000 ul is 1800.0 rounded to 1800
2024-12-04 17:03:03,466 - pylabware.controllers.XCalibur.FILT_PUMP - INFO - Valve position is: 7
2024-12-04 17:03:03,466 - pylabware.controllers.XCalibur.FILT_PUMP - INFO - Requested valve was 7 current valve is 7
2024-12-04 17:03:07,553 - pylabware.controllers.XCalibur.FILT_PUMP - INFO - Plunger position is 1800
2024-12-04 17:03:07,553 - pylabware.controllers.XCalibur.FILT_PUMP - INFO - Requested increment position was 1800 current position is 1800
2024-12-04 17:03:08,311 - pylabware.controllers.XCalibur.FILT_PUMP - INFO - Valve position is: 1
2024-12-04 17:03:08,311 - pylabware.controllers.XCalibur.FILT_PUMP - INFO - Requested valve was 1 current valve is 1
2024-12-04 17:03:12,397 - pylabware.controllers.XCalibur.FILT_PUMP - INFO - Plunger position is 0
2024-12-04 17:03:12,398 - pylabware.controllers.XCalibur.FILT_PUMP - INFO - Requested increment position was 0 current position is 0
2024-12-04 17:03:12,403 - pylabware.controllers.XCalibur.FILT_PUMP - INFO - Dispensing complete
2024-12-04 17:03:12,448 - pylabware.controllers.XCalibur.FILT_PUMP - INFO - Dispensing 28000 ul as 5 full dispenses of the 5.0mL and 3000 ul remaining volume
2024-12-04 17:03:12,651 - pylabware.controllers.XCalibur.FILT_PUMP - INFO - Valve position is: 1
2024-12-04 17:03:12,652 - pylabware.controllers.XCalibur.FILT_PUMP - INFO - Requested valve was 1 current valve is 1
2024-12-04 17:03:18,959 - pylabware.controllers.XCalibur.FILT_PUMP - INFO - Plunger position is 3000
2024-12-04 17:03:18,959 - pylabware.controllers.XCalibur.FILT_PUMP - INFO - Requested increment position was 3000 current position is 3000
2024-12-04 17:03:19,717 - pylabware.controllers.XCalibur.FILT_PUMP - INFO - Valve position is: 3
2024-12-04 17:03:19,717 - pylabware.controllers.XCalibur.FILT_PUMP - INFO - Requested valve was 3 current valve is 3
2024-12-04 17:03:26,024 - pylabware.controllers.XCalibur.FILT_PUMP - INFO - Plunger position is 0
2024-12-04 17:03:26,024 - pylabware.controllers.XCalibur.FILT_PUMP - INFO - Requested increment position was 0 current position is 0
2024-12-04 17:03:27,336 - pylabware.controllers.XCalibur.FILT_PUMP - INFO - Valve position is: 1
2024-12-04 17:03:27,336 - pylabware.controllers.XCalibur.FILT_PUMP - INFO - Requested valve was 1 current valve is 1
2024-12-04 17:03:33,644 - pylabware.controllers.XCalibur.FILT_PUMP - INFO - Plunger position is 3000
2024-12-04 17:03:33,645 - pylabware.controllers.XCalibur.FILT_PUMP - INFO - Requested increment position was 3000 current position is 3000
2024-12-04 17:03:34,403 - pylabware.controllers.XCalibur.FILT_PUMP - INFO - Valve position is: 3
2024-12-04 17:03:34,403 - pylabware.controllers.XCalibur.FILT_PUMP - INFO - Requested valve was 3 current valve is 3
2024-12-04 17:03:40,710 - pylabware.controllers.XCalibur.FILT_PUMP - INFO - Plunger position is 0
2024-12-04 17:03:40,710 - pylabware.controllers.XCalibur.FILT_PUMP - INFO - Requested increment position was 0 current position is 0
2024-12-04 17:03:42,023 - pylabware.controllers.XCalibur.FILT_PUMP - INFO - Valve position is: 1
2024-12-04 17:03:42,023 - pylabware.controllers.XCalibur.FILT_PUMP - INFO - Requested valve was 1 current valve is 1
2024-12-04 17:03:48,330 - pylabware.controllers.XCalibur.FILT_PUMP - INFO - Plunger position is 3000
2024-12-04 17:03:48,331 - pylabware.controllers.XCalibur.FILT_PUMP - INFO - Requested increment position was 3000 current position is 3000
2024-12-04 17:03:49,088 - pylabware.controllers.XCalibur.FILT_PUMP - INFO - Valve position is: 3
2024-12-04 17:03:49,088 - pylabware.controllers.XCalibur.FILT_PUMP - INFO - Requested valve was 3 current valve is 3
2024-12-04 17:03:55,396 - pylabware.controllers.XCalibur.FILT_PUMP - INFO - Plunger position is 0
2024-12-04 17:03:55,396 - pylabware.controllers.XCalibur.FILT_PUMP - INFO - Requested increment position was 0 current position is 0
2024-12-04 17:03:56,709 - pylabware.controllers.XCalibur.FILT_PUMP - INFO - Valve position is: 1
2024-12-04 17:03:56,709 - pylabware.controllers.XCalibur.FILT_PUMP - INFO - Requested valve was 1 current valve is 1
2024-12-04 17:04:03,016 - pylabware.controllers.XCalibur.FILT_PUMP - INFO - Plunger position is 3000
2024-12-04 17:04:03,016 - pylabware.controllers.XCalibur.FILT_PUMP - INFO - Requested increment position was 3000 current position is 3000
2024-12-04 17:04:03,774 - pylabware.controllers.XCalibur.FILT_PUMP - INFO - Valve position is: 3
2024-12-04 17:04:03,774 - pylabware.controllers.XCalibur.FILT_PUMP - INFO - Requested valve was 3 current valve is 3
2024-12-04 17:04:10,081 - pylabware.controllers.XCalibur.FILT_PUMP - INFO - Plunger position is 0
2024-12-04 17:04:10,081 - pylabware.controllers.XCalibur.FILT_PUMP - INFO - Requested increment position was 0 current position is 0
2024-12-04 17:04:11,394 - pylabware.controllers.XCalibur.FILT_PUMP - INFO - Valve position is: 1
2024-12-04 17:04:11,394 - pylabware.controllers.XCalibur.FILT_PUMP - INFO - Requested valve was 1 current valve is 1
2024-12-04 17:04:17,702 - pylabware.controllers.XCalibur.FILT_PUMP - INFO - Plunger position is 3000
2024-12-04 17:04:17,703 - pylabware.controllers.XCalibur.FILT_PUMP - INFO - Requested increment position was 3000 current position is 3000
2024-12-04 17:04:18,460 - pylabware.controllers.XCalibur.FILT_PUMP - INFO - Valve position is: 3
2024-12-04 17:04:18,460 - pylabware.controllers.XCalibur.FILT_PUMP - INFO - Requested valve was 3 current valve is 3
2024-12-04 17:04:24,769 - pylabware.controllers.XCalibur.FILT_PUMP - INFO - Plunger position is 0
2024-12-04 17:04:24,769 - pylabware.controllers.XCalibur.FILT_PUMP - INFO - Requested increment position was 0 current position is 0
2024-12-04 17:04:24,769 - pylabware.controllers.XCalibur.FILT_PUMP - INFO - Remaining volume 3000 ul is 1800.0 rounded to 1800
2024-12-04 17:04:26,082 - pylabware.controllers.XCalibur.FILT_PUMP - INFO - Valve position is: 1
2024-12-04 17:04:26,082 - pylabware.controllers.XCalibur.FILT_PUMP - INFO - Requested valve was 1 current valve is 1
2024-12-04 17:04:30,170 - pylabware.controllers.XCalibur.FILT_PUMP - INFO - Plunger position is 1800
2024-12-04 17:04:30,171 - pylabware.controllers.XCalibur.FILT_PUMP - INFO - Requested increment position was 1800 current position is 1800
2024-12-04 17:04:30,928 - pylabware.controllers.XCalibur.FILT_PUMP - INFO - Valve position is: 3
2024-12-04 17:04:30,928 - pylabware.controllers.XCalibur.FILT_PUMP - INFO - Requested valve was 3 current valve is 3
2024-12-04 17:04:35,016 - pylabware.controllers.XCalibur.FILT_PUMP - INFO - Plunger position is 0
2024-12-04 17:04:35,016 - pylabware.controllers.XCalibur.FILT_PUMP - INFO - Requested increment position was 0 current position is 0
2024-12-04 17:04:35,017 - pylabware.controllers.XCalibur.FILT_PUMP - INFO - Dispensing complete
2024-12-04 17:04:35,017 - RiH_Filtration_System - INFO - E stop is off - checking pump is ready
2024-12-04 17:04:35,067 - RiH_Filtration_System - INFO - pump is idle running command
2024-12-04 17:04:35,067 - RiH_Filtration_System - INFO - Washing output needle with 4 mL of solvent Water(DI)
2024-12-04 17:04:35,117 - pylabware.controllers.XCalibur.FILT_PUMP - INFO - Dispensing 4000 ul as 0 full dispenses of the 5.0mL and 4000 ul remaining volume
2024-12-04 17:04:35,118 - pylabware.controllers.XCalibur.FILT_PUMP - INFO - Remaining volume 4000 ul is 2400.0 rounded to 2400
2024-12-04 17:04:35,875 - pylabware.controllers.XCalibur.FILT_PUMP - INFO - Valve position is: 7
2024-12-04 17:04:35,875 - pylabware.controllers.XCalibur.FILT_PUMP - INFO - Requested valve was 7 current valve is 7
2024-12-04 17:04:41,073 - pylabware.controllers.XCalibur.FILT_PUMP - INFO - Plunger position is 2400
2024-12-04 17:04:41,073 - pylabware.controllers.XCalibur.FILT_PUMP - INFO - Requested increment position was 2400 current position is 2400
2024-12-04 17:04:42,386 - pylabware.controllers.XCalibur.FILT_PUMP - INFO - Valve position is: 4
2024-12-04 17:04:42,386 - pylabware.controllers.XCalibur.FILT_PUMP - INFO - Requested valve was 4 current valve is 4
2024-12-04 17:04:47,583 - pylabware.controllers.XCalibur.FILT_PUMP - INFO - Plunger position is 0
2024-12-04 17:04:47,583 - pylabware.controllers.XCalibur.FILT_PUMP - INFO - Requested increment position was 0 current position is 0
2024-12-04 17:04:47,583 - pylabware.controllers.XCalibur.FILT_PUMP - INFO - Dispensing complete
2024-12-04 17:04:47,633 - pylabware.controllers.XCalibur.FILT_PUMP - INFO - Dispensing 4000 ul as 0 full dispenses of the 5.0mL and 4000 ul remaining volume
2024-12-04 17:04:47,634 - pylabware.controllers.XCalibur.FILT_PUMP - INFO - Remaining volume 4000 ul is 2400.0 rounded to 2400
2024-12-04 17:04:48,391 - pylabware.controllers.XCalibur.FILT_PUMP - INFO - Valve position is: 5
2024-12-04 17:04:48,392 - pylabware.controllers.XCalibur.FILT_PUMP - INFO - Requested valve was 5 current valve is 5
2024-12-04 17:04:53,590 - pylabware.controllers.XCalibur.FILT_PUMP - INFO - Plunger position is 2400
2024-12-04 17:04:53,591 - pylabware.controllers.XCalibur.FILT_PUMP - INFO - Requested increment position was 2400 current position is 2400
2024-12-04 17:04:54,903 - pylabware.controllers.XCalibur.FILT_PUMP - INFO - Valve position is: 4
2024-12-04 17:04:54,904 - pylabware.controllers.XCalibur.FILT_PUMP - INFO - Requested valve was 4 current valve is 4
2024-12-04 17:05:00,102 - pylabware.controllers.XCalibur.FILT_PUMP - INFO - Plunger position is 0
2024-12-04 17:05:00,102 - pylabware.controllers.XCalibur.FILT_PUMP - INFO - Requested increment position was 0 current position is 0
2024-12-04 17:05:00,102 - pylabware.controllers.XCalibur.FILT_PUMP - INFO - Dispensing complete
2024-12-04 17:06:50,830 - Workflow_Config_Helper - INFO - All solids and liquids requested in sample list are in the workflow
2024-12-04 17:06:50,830 - Workflow_Config_Helper - INFO - No errors in workflow detected
2024-12-04 17:06:54,855 - pylabware.connections.SerialConnection - INFO - Creating connection object with the following settings: 
{'address': '', 'port': '/dev/ttyUSB0', 'encoding': 'UTF-8', 'command_delay': 0.5, 'receive_buffer_size': 128, 'receive_timeout': 1, 'transmit_timeout': 1, 'receiving_interval': 0.05, 'write_timeout': 0.5, 'baudrate': 9600, 'bytesize': 7, 'parity': 'E', 'stopbits': 1, 'xonxoff': False, 'rtscts': False, 'dsrdtr': False, 'inter_byte_timeout': False}
2024-12-04 17:06:54,856 - pylabware.connections.SerialConnection - INFO - Creating connection object with the following settings: 
{'address': '1', 'port': '/dev/ttyUSB1', 'encoding': 'UTF-8', 'command_delay': 0, 'receive_buffer_size': 128, 'receive_timeout': 10, 'transmit_timeout': 1, 'receiving_interval': 0.05, 'write_timeout': 0.5, 'baudrate': 9600, 'bytesize': 8, 'parity': 'N', 'stopbits': 1, 'xonxoff': False, 'rtscts': False, 'dsrdtr': False, 'inter_byte_timeout': False}
2024-12-04 17:06:54,856 - pylabware.connections.SerialConnection - INFO - Creating connection object with the following settings: 
{'address': None, 'port': '/dev/ttyUSB2', 'encoding': 'UTF-8', 'command_delay': 0.5, 'receive_buffer_size': 128, 'receive_timeout': 1, 'transmit_timeout': 1, 'receiving_interval': 0.05, 'write_timeout': 0.5, 'baudrate': 9600, 'bytesize': 8, 'parity': 'N', 'stopbits': 1, 'xonxoff': True, 'rtscts': False, 'dsrdtr': False, 'inter_byte_timeout': False, 'timeout': 0.1}
2024-12-04 17:06:54,859 - pylabware.connections.SerialConnection - INFO - Starting connection listener...
2024-12-04 17:06:54,859 - pylabware.connections.SerialConnection - INFO - Port /dev/ttyUSB2 opened.
2024-12-04 17:06:54,860 - pylabware.connections.SerialConnection - WARNING - Command rate too high! Delaying next command for 0.5 seconds
2024-12-04 17:06:55,466 - pylabware.controllers.QuantosQB1.QUANTOS - INFO - No carousel/autosampler connected
2024-12-04 17:06:55,466 - pylabware.connections.SerialConnection - WARNING - Command rate too high! Delaying next command for 0.5 seconds
2024-12-04 17:06:58,688 - RiH_Main - INFO - Connecting IKA RCT digital..
2024-12-04 17:06:58,690 - pylabware.connections.SerialConnection - INFO - Starting connection listener...
2024-12-04 17:06:58,691 - pylabware.connections.SerialConnection - INFO - Port /dev/ttyUSB0 opened.
2024-12-04 17:06:58,691 - pylabware.controllers.RCTDigitalHotplate.IKA - INFO - Opened connection.
2024-12-04 17:07:00,761 - RiH_Main - INFO - IKA RCT digital connected.
2024-12-04 17:07:02,269 - RiH_Main - INFO - Stiring velocity set to 200.
2024-12-04 17:07:03,838 - RiH_Main - INFO - Current temperature: 0.0.
2024-12-04 17:07:03,839 - RiH_Main - INFO - Connecting Pump..
2024-12-04 17:07:03,841 - pylabware.connections.SerialConnection - INFO - Starting connection listener...
2024-12-04 17:07:03,841 - pylabware.connections.SerialConnection - INFO - Port /dev/ttyUSB1 opened.
2024-12-04 17:07:03,842 - pylabware.controllers.XCalibur.DISPENSE_PUMP - INFO - Opened connection.
2024-12-04 17:07:04,397 - RiH_Main - INFO - Pump connected.
2024-12-04 17:07:04,951 - pylabware.controllers.XCalibur.DISPENSE_PUMP - INFO - Device initialized.
2024-12-04 17:07:04,951 - RiH_Main - INFO - Pump initialised.
2024-12-04 17:07:05,454 - RiH_Main - INFO - Checking for pump errors
2024-12-04 17:07:05,455 - RiH_Main - INFO - Connecting to the Quantos - opening doors
2024-12-04 17:07:12,112 - RiH_Main - INFO - Quantos connected..
2024-12-04 17:07:12,112 - RiH_Main - INFO - Initialising the filter machine
2024-12-04 17:07:12,113 - RiH_Filtration_System - INFO - Initialising filtration system pump
2024-12-04 17:07:15,124 - pylabware.connections.SerialConnection - INFO - Creating connection object with the following settings: 
{'address': '1', 'port': '/dev/ttyUSB3', 'encoding': 'UTF-8', 'command_delay': 0, 'receive_buffer_size': 128, 'receive_timeout': 10, 'transmit_timeout': 1, 'receiving_interval': 0.05, 'write_timeout': 0.5, 'baudrate': 9600, 'bytesize': 8, 'parity': 'N', 'stopbits': 1, 'xonxoff': False, 'rtscts': False, 'dsrdtr': False, 'inter_byte_timeout': False}
2024-12-04 17:07:15,128 - pylabware.connections.SerialConnection - INFO - Starting connection listener...
2024-12-04 17:07:15,128 - pylabware.connections.SerialConnection - INFO - Port /dev/ttyUSB3 opened.
2024-12-04 17:07:15,129 - pylabware.controllers.XCalibur.FILT_PUMP - INFO - Opened connection.
2024-12-04 17:07:15,180 - pylabware.controllers.XCalibur.FILT_PUMP - INFO - Device initialized.
2024-12-04 17:07:18,006 - pylabware.controllers.XCalibur.FILT_PUMP - INFO - Reply was <Invalid command! Pump Ready.>
2024-12-04 17:07:18,006 - pylabware.controllers.XCalibur.FILT_PUMP - WARNING - A non-fatal error was recieved resending command - errors occured: 1
2024-12-04 17:07:18,612 - RiH_Filtration_System - INFO - Initialising the filtration system arduino
2024-12-04 17:07:18,620 - RiH_Main - INFO - Panda robot connected to 172.16.0.2
2024-12-04 17:07:18,620 - RiH_Main - ERROR - Capper camera is not available.
2024-12-04 17:07:18,621 - RiH_Filtration_System - INFO - E stop is off - checking pump is ready
2024-12-04 17:07:18,662 - RiH_Filtration_System - INFO - pump is idle running command
2024-12-04 17:07:18,663 - RiH_Filtration_System - INFO - Vacuum off
