2024-11-06 12:13:11,996 - Workflow_Config_Helper - INFO - All solids and liquids requested in sample list are in the workflow
2024-11-06 12:13:11,996 - Workflow_Config_Helper - INFO - No errors in workflow detected
2024-11-06 12:13:16,019 - pylabware.connections.SerialConnection - INFO - Creating connection object with the following settings: 
{'address': '', 'port': '/dev/ttyUSB0', 'encoding': 'UTF-8', 'command_delay': 0.5, 'receive_buffer_size': 128, 'receive_timeout': 1, 'transmit_timeout': 1, 'receiving_interval': 0.05, 'write_timeout': 0.5, 'baudrate': 9600, 'bytesize': 7, 'parity': 'E', 'stopbits': 1, 'xonxoff': False, 'rtscts': False, 'dsrdtr': False, 'inter_byte_timeout': False}
2024-11-06 12:13:16,019 - pylabware.connections.SerialConnection - INFO - Creating connection object with the following settings: 
{'address': '1', 'port': '/dev/ttyUSB1', 'encoding': 'UTF-8', 'command_delay': 0, 'receive_buffer_size': 128, 'receive_timeout': 10, 'transmit_timeout': 1, 'receiving_interval': 0.05, 'write_timeout': 0.5, 'baudrate': 9600, 'bytesize': 8, 'parity': 'N', 'stopbits': 1, 'xonxoff': False, 'rtscts': False, 'dsrdtr': False, 'inter_byte_timeout': False}
2024-11-06 12:13:16,020 - pylabware.connections.SerialConnection - INFO - Creating connection object with the following settings: 
{'address': None, 'port': '/dev/ttyUSB2', 'encoding': 'UTF-8', 'command_delay': 0.5, 'receive_buffer_size': 128, 'receive_timeout': 1, 'transmit_timeout': 1, 'receiving_interval': 0.05, 'write_timeout': 0.5, 'baudrate': 9600, 'bytesize': 8, 'parity': 'N', 'stopbits': 1, 'xonxoff': True, 'rtscts': False, 'dsrdtr': False, 'inter_byte_timeout': False, 'timeout': 0.1}
2024-11-06 12:13:16,023 - pylabware.connections.SerialConnection - INFO - Starting connection listener...
2024-11-06 12:13:16,023 - pylabware.connections.SerialConnection - INFO - Port /dev/ttyUSB2 opened.
2024-11-06 12:13:16,024 - pylabware.connections.SerialConnection - WARNING - Command rate too high! Delaying next command for 0.5 seconds
2024-11-06 12:13:16,630 - pylabware.controllers.QuantosQB1.QUANTOS - INFO - No carousel/autosampler connected
2024-11-06 12:13:16,630 - pylabware.connections.SerialConnection - WARNING - Command rate too high! Delaying next command for 0.5 seconds
2024-11-06 12:13:19,848 - RiH_Main - INFO - Connecting IKA RCT digital..
2024-11-06 12:13:19,851 - pylabware.connections.SerialConnection - INFO - Starting connection listener...
2024-11-06 12:13:19,851 - pylabware.connections.SerialConnection - INFO - Port /dev/ttyUSB0 opened.
2024-11-06 12:13:19,851 - pylabware.controllers.RCTDigitalHotplate.IKA - INFO - Opened connection.
2024-11-06 12:13:21,920 - RiH_Main - INFO - IKA RCT digital connected.
2024-11-06 12:13:23,428 - RiH_Main - INFO - Stiring velocity set to 100.
2024-11-06 12:13:24,999 - RiH_Main - INFO - Current temperature: 0.0.
2024-11-06 12:13:24,999 - RiH_Main - INFO - Connecting Pump..
2024-11-06 12:13:25,001 - pylabware.connections.SerialConnection - INFO - Starting connection listener...
2024-11-06 12:13:25,001 - pylabware.connections.SerialConnection - INFO - Port /dev/ttyUSB1 opened.
2024-11-06 12:13:25,002 - pylabware.controllers.XCalibur.DISPENSE_PUMP - INFO - Opened connection.
2024-11-06 12:13:25,558 - RiH_Main - INFO - Pump connected.
2024-11-06 12:13:26,114 - pylabware.controllers.XCalibur.DISPENSE_PUMP - INFO - Device initialized.
2024-11-06 12:13:26,114 - RiH_Main - INFO - Pump initialised.
2024-11-06 12:13:26,617 - RiH_Main - INFO - Checking for pump errors
2024-11-06 12:13:26,617 - RiH_Main - INFO - Connecting to the Quantos - opening doors
2024-11-06 12:13:33,230 - RiH_Main - INFO - Quantos connected..
2024-11-06 12:13:33,230 - RiH_Main - INFO - Initialising the filter machine
2024-11-06 12:13:33,231 - RiH_Filtration_System - INFO - Initialising filtration system pump
2024-11-06 12:13:33,231 - pylabware.connections.SerialConnection - INFO - Creating connection object with the following settings: 
{'address': '1', 'port': '/dev/ttyUSB3', 'encoding': 'UTF-8', 'command_delay': 0, 'receive_buffer_size': 128, 'receive_timeout': 10, 'transmit_timeout': 1, 'receiving_interval': 0.05, 'write_timeout': 0.5, 'baudrate': 9600, 'bytesize': 8, 'parity': 'N', 'stopbits': 1, 'xonxoff': False, 'rtscts': False, 'dsrdtr': False, 'inter_byte_timeout': False}
2024-11-06 12:13:33,234 - pylabware.connections.SerialConnection - INFO - Starting connection listener...
2024-11-06 12:13:33,234 - pylabware.connections.SerialConnection - INFO - Port /dev/ttyUSB3 opened.
2024-11-06 12:13:33,234 - pylabware.controllers.XCalibur.FILT_PUMP - INFO - Opened connection.
2024-11-06 12:13:33,286 - pylabware.controllers.XCalibur.FILT_PUMP - INFO - Device initialized.
2024-11-06 12:13:36,114 - pylabware.controllers.XCalibur.FILT_PUMP - INFO - Reply was <Invalid command! Pump Ready.>
2024-11-06 12:13:36,114 - pylabware.controllers.XCalibur.FILT_PUMP - WARNING - A non-fatal error was recieved resending command - errors occured: 1
2024-11-06 12:13:36,720 - RiH_Filtration_System - INFO - Initialising the filtration system arduino
2024-11-06 12:13:36,728 - RiH_Main - INFO - Panda robot connected to 172.16.0.2
2024-11-06 12:13:36,729 - RiH_Main - ERROR - Capper camera is not available.
2024-11-06 12:13:36,730 - pylabware.connections.SerialConnection - WARNING - Command rate too high! Delaying next command for 0.5 seconds
2024-11-06 12:13:37,233 - Timer - INFO - Setting timer to 23 h 59 m 59 s
2024-11-06 12:13:37,233 - Timer - INFO - Timer set to 86399
2024-11-06 12:13:37,234 - Timer - INFO - Elapsed time: 0 h 0 m 0 s
2024-11-06 12:13:38,239 - Timer - INFO - Elapsed time: 0 h 0 m 1 s
2024-11-06 12:13:39,244 - Timer - INFO - Elapsed time: 0 h 0 m 2 s
2024-11-06 12:13:40,250 - Timer - INFO - Elapsed time: 0 h 0 m 3 s
2024-11-06 12:13:41,256 - Timer - INFO - Elapsed time: 0 h 0 m 4 s
2024-11-06 12:13:42,261 - Timer - INFO - Elapsed time: 0 h 0 m 5 s
2024-11-06 12:13:43,267 - Timer - INFO - Elapsed time: 0 h 0 m 6 s
2024-11-06 12:13:44,272 - Timer - INFO - Elapsed time: 0 h 0 m 7 s
2024-11-06 12:13:45,278 - Timer - INFO - Elapsed time: 0 h 0 m 8 s
2024-11-06 12:13:46,284 - Timer - INFO - Elapsed time: 0 h 0 m 9 s
2024-11-06 12:13:47,289 - Timer - INFO - Elapsed time: 0 h 0 m 10 s
2024-11-06 12:13:48,295 - Timer - INFO - Elapsed time: 0 h 0 m 11 s
2024-11-06 12:13:49,300 - Timer - INFO - Elapsed time: 0 h 0 m 12 s
2024-11-06 12:13:50,306 - Timer - INFO - Elapsed time: 0 h 0 m 13 s
2024-11-06 12:13:51,309 - Timer - INFO - Elapsed time: 0 h 0 m 14 s
2024-11-06 12:13:52,315 - Timer - INFO - Elapsed time: 0 h 0 m 15 s
2024-11-06 12:13:53,320 - Timer - INFO - Elapsed time: 0 h 0 m 16 s
2024-11-06 12:13:54,326 - Timer - INFO - Elapsed time: 0 h 0 m 17 s
2024-11-06 12:13:55,329 - Timer - INFO - Elapsed time: 0 h 0 m 18 s
2024-11-06 12:13:56,334 - Timer - INFO - Elapsed time: 0 h 0 m 19 s
2024-11-06 12:13:57,340 - Timer - INFO - Elapsed time: 0 h 0 m 20 s
2024-11-06 12:13:58,345 - Timer - INFO - Elapsed time: 0 h 0 m 21 s
2024-11-06 12:13:59,351 - Timer - INFO - Elapsed time: 0 h 0 m 22 s
2024-11-06 12:14:00,356 - Timer - INFO - Elapsed time: 0 h 0 m 23 s
2024-11-06 12:14:01,362 - Timer - INFO - Elapsed time: 0 h 0 m 24 s
2024-11-06 12:14:02,364 - Timer - INFO - Elapsed time: 0 h 0 m 25 s
2024-11-06 12:14:03,370 - Timer - INFO - Elapsed time: 0 h 0 m 26 s
2024-11-06 12:14:04,374 - Timer - INFO - Elapsed time: 0 h 0 m 27 s
2024-11-06 12:14:05,380 - Timer - INFO - Elapsed time: 0 h 0 m 28 s
2024-11-06 12:14:06,382 - Timer - INFO - Elapsed time: 0 h 0 m 29 s
2024-11-06 12:14:07,388 - Timer - INFO - Elapsed time: 0 h 0 m 30 s
2024-11-06 12:14:08,394 - Timer - INFO - Elapsed time: 0 h 0 m 31 s
2024-11-06 12:14:09,399 - Timer - INFO - Elapsed time: 0 h 0 m 32 s
2024-11-06 12:14:10,405 - Timer - INFO - Elapsed time: 0 h 0 m 33 s
2024-11-06 12:14:11,410 - Timer - INFO - Elapsed time: 0 h 0 m 34 s
2024-11-06 12:14:12,414 - Timer - INFO - Elapsed time: 0 h 0 m 35 s
2024-11-06 12:14:13,415 - Timer - INFO - Elapsed time: 0 h 0 m 36 s
2024-11-06 12:14:14,421 - Timer - INFO - Elapsed time: 0 h 0 m 37 s
2024-11-06 12:14:15,426 - Timer - INFO - Elapsed time: 0 h 0 m 38 s
2024-11-06 12:14:16,432 - Timer - INFO - Elapsed time: 0 h 0 m 39 s
2024-11-06 12:14:17,437 - Timer - INFO - Elapsed time: 0 h 0 m 40 s
2024-11-06 12:14:18,443 - Timer - INFO - Elapsed time: 0 h 0 m 41 s
2024-11-06 12:14:19,447 - Timer - INFO - Elapsed time: 0 h 0 m 42 s
2024-11-06 12:14:20,452 - Timer - INFO - Elapsed time: 0 h 0 m 43 s
2024-11-06 12:14:21,458 - Timer - INFO - Elapsed time: 0 h 0 m 44 s
2024-11-06 12:14:22,463 - Timer - INFO - Elapsed time: 0 h 0 m 45 s
2024-11-06 12:14:23,469 - Timer - INFO - Elapsed time: 0 h 0 m 46 s
2024-11-06 12:14:24,474 - Timer - INFO - Elapsed time: 0 h 0 m 47 s
2024-11-06 12:14:25,480 - Timer - INFO - Elapsed time: 0 h 0 m 48 s
2024-11-06 12:14:26,486 - Timer - INFO - Elapsed time: 0 h 0 m 49 s
2024-11-06 12:14:27,491 - Timer - INFO - Elapsed time: 0 h 0 m 50 s
2024-11-06 12:14:28,497 - Timer - INFO - Elapsed time: 0 h 0 m 51 s
2024-11-06 12:14:29,502 - Timer - INFO - Elapsed time: 0 h 0 m 52 s
2024-11-06 12:14:30,508 - Timer - INFO - Elapsed time: 0 h 0 m 53 s
2024-11-06 12:14:31,513 - Timer - INFO - Elapsed time: 0 h 0 m 54 s
2024-11-06 12:14:32,519 - Timer - INFO - Elapsed time: 0 h 0 m 55 s
2024-11-06 12:14:33,522 - Timer - INFO - Elapsed time: 0 h 0 m 56 s
2024-11-06 12:14:34,526 - Timer - INFO - Elapsed time: 0 h 0 m 57 s
2024-11-06 12:14:35,532 - Timer - INFO - Elapsed time: 0 h 0 m 58 s
2024-11-06 12:14:36,537 - Timer - INFO - Elapsed time: 0 h 0 m 59 s
2024-11-06 12:14:37,543 - Timer - INFO - Elapsed time: 0 h 1 m 0 s
2024-11-06 12:14:38,548 - Timer - INFO - Elapsed time: 0 h 1 m 1 s
2024-11-06 12:14:39,554 - Timer - INFO - Elapsed time: 0 h 1 m 2 s
2024-11-06 12:14:40,559 - Timer - INFO - Elapsed time: 0 h 1 m 3 s
2024-11-06 12:14:41,565 - Timer - INFO - Elapsed time: 0 h 1 m 4 s
2024-11-06 12:14:42,570 - Timer - INFO - Elapsed time: 0 h 1 m 5 s
2024-11-06 12:14:43,574 - Timer - INFO - Elapsed time: 0 h 1 m 6 s
2024-11-06 12:14:44,579 - Timer - INFO - Elapsed time: 0 h 1 m 7 s
2024-11-06 12:14:45,585 - Timer - INFO - Elapsed time: 0 h 1 m 8 s
2024-11-06 12:14:46,586 - Timer - INFO - Elapsed time: 0 h 1 m 9 s
2024-11-06 12:14:47,591 - Timer - INFO - Elapsed time: 0 h 1 m 10 s
2024-11-06 12:14:48,596 - Timer - INFO - Elapsed time: 0 h 1 m 11 s
2024-11-06 12:14:49,602 - Timer - INFO - Elapsed time: 0 h 1 m 12 s
2024-11-06 12:14:50,607 - Timer - INFO - Elapsed time: 0 h 1 m 13 s
2024-11-06 12:14:51,609 - Timer - INFO - Elapsed time: 0 h 1 m 14 s
2024-11-06 12:14:52,614 - Timer - INFO - Elapsed time: 0 h 1 m 15 s
2024-11-06 12:14:53,620 - Timer - INFO - Elapsed time: 0 h 1 m 16 s
2024-11-06 12:14:54,626 - Timer - INFO - Elapsed time: 0 h 1 m 17 s
2024-11-06 12:14:55,631 - Timer - INFO - Elapsed time: 0 h 1 m 18 s
2024-11-06 12:14:56,636 - Timer - INFO - Elapsed time: 0 h 1 m 19 s
2024-11-06 12:14:57,642 - Timer - INFO - Elapsed time: 0 h 1 m 20 s
2024-11-06 12:14:58,647 - Timer - INFO - Elapsed time: 0 h 1 m 21 s
2024-11-06 12:14:59,653 - Timer - INFO - Elapsed time: 0 h 1 m 22 s
2024-11-06 12:15:00,659 - Timer - INFO - Elapsed time: 0 h 1 m 23 s
2024-11-06 12:15:01,664 - Timer - INFO - Elapsed time: 0 h 1 m 24 s
2024-11-06 12:15:02,670 - Timer - INFO - Elapsed time: 0 h 1 m 25 s
2024-11-06 12:15:03,674 - Timer - INFO - Elapsed time: 0 h 1 m 26 s
2024-11-06 12:15:04,680 - Timer - INFO - Elapsed time: 0 h 1 m 27 s
2024-11-06 12:15:05,686 - Timer - INFO - Elapsed time: 0 h 1 m 28 s
2024-11-06 12:15:06,691 - Timer - INFO - Elapsed time: 0 h 1 m 29 s
2024-11-06 12:15:07,697 - Timer - INFO - Elapsed time: 0 h 1 m 30 s
2024-11-06 12:15:08,702 - Timer - INFO - Elapsed time: 0 h 1 m 31 s
2024-11-06 12:15:09,708 - Timer - INFO - Elapsed time: 0 h 1 m 32 s
2024-11-06 12:15:10,712 - Timer - INFO - Elapsed time: 0 h 1 m 33 s
2024-11-06 12:15:11,718 - Timer - INFO - Elapsed time: 0 h 1 m 34 s
2024-11-06 12:15:12,723 - Timer - INFO - Elapsed time: 0 h 1 m 35 s
2024-11-06 12:15:13,729 - Timer - INFO - Elapsed time: 0 h 1 m 36 s
2024-11-06 12:15:14,734 - Timer - INFO - Elapsed time: 0 h 1 m 37 s
2024-11-06 12:15:15,740 - Timer - INFO - Elapsed time: 0 h 1 m 38 s
2024-11-06 12:15:16,745 - Timer - INFO - Elapsed time: 0 h 1 m 39 s
2024-11-06 12:15:17,751 - Timer - INFO - Elapsed time: 0 h 1 m 40 s
2024-11-06 12:15:18,756 - Timer - INFO - Elapsed time: 0 h 1 m 41 s
2024-11-06 12:15:19,762 - Timer - INFO - Elapsed time: 0 h 1 m 42 s
2024-11-06 12:15:20,768 - Timer - INFO - Elapsed time: 0 h 1 m 43 s
2024-11-06 12:15:21,773 - Timer - INFO - Elapsed time: 0 h 1 m 44 s
2024-11-06 12:15:22,779 - Timer - INFO - Elapsed time: 0 h 1 m 45 s
2024-11-06 12:15:23,784 - Timer - INFO - Elapsed time: 0 h 1 m 46 s
2024-11-06 12:15:24,790 - Timer - INFO - Elapsed time: 0 h 1 m 47 s
2024-11-06 12:15:25,795 - Timer - INFO - Elapsed time: 0 h 1 m 48 s
2024-11-06 12:15:26,801 - Timer - INFO - Elapsed time: 0 h 1 m 49 s
2024-11-06 12:15:27,802 - Timer - INFO - Elapsed time: 0 h 1 m 50 s
2024-11-06 12:15:28,807 - Timer - INFO - Elapsed time: 0 h 1 m 51 s
2024-11-06 12:15:29,813 - Timer - INFO - Elapsed time: 0 h 1 m 52 s
2024-11-06 12:15:30,818 - Timer - INFO - Elapsed time: 0 h 1 m 53 s
2024-11-06 12:15:31,824 - Timer - INFO - Elapsed time: 0 h 1 m 54 s
2024-11-06 12:15:32,829 - Timer - INFO - Elapsed time: 0 h 1 m 55 s
2024-11-06 12:15:33,835 - Timer - INFO - Elapsed time: 0 h 1 m 56 s
2024-11-06 12:15:34,840 - Timer - INFO - Elapsed time: 0 h 1 m 57 s
2024-11-06 12:15:35,846 - Timer - INFO - Elapsed time: 0 h 1 m 58 s
2024-11-06 12:15:36,852 - Timer - INFO - Elapsed time: 0 h 1 m 59 s
2024-11-06 12:15:37,857 - Timer - INFO - Elapsed time: 0 h 2 m 0 s
2024-11-06 12:15:38,863 - Timer - INFO - Elapsed time: 0 h 2 m 1 s
2024-11-06 12:15:39,868 - Timer - INFO - Elapsed time: 0 h 2 m 2 s
2024-11-06 12:15:40,874 - Timer - INFO - Elapsed time: 0 h 2 m 3 s
2024-11-06 12:15:41,876 - Timer - INFO - Elapsed time: 0 h 2 m 4 s
2024-11-06 12:15:42,882 - Timer - INFO - Elapsed time: 0 h 2 m 5 s
2024-11-06 12:15:43,887 - Timer - INFO - Elapsed time: 0 h 2 m 6 s
2024-11-06 12:15:44,893 - Timer - INFO - Elapsed time: 0 h 2 m 7 s
2024-11-06 12:15:45,898 - Timer - INFO - Elapsed time: 0 h 2 m 8 s
2024-11-06 12:15:46,904 - Timer - INFO - Elapsed time: 0 h 2 m 9 s
2024-11-06 12:15:47,909 - Timer - INFO - Elapsed time: 0 h 2 m 10 s
2024-11-06 12:15:48,915 - Timer - INFO - Elapsed time: 0 h 2 m 11 s
2024-11-06 12:15:49,920 - Timer - INFO - Elapsed time: 0 h 2 m 12 s
2024-11-06 12:15:50,926 - Timer - INFO - Elapsed time: 0 h 2 m 13 s
2024-11-06 12:15:51,931 - Timer - INFO - Elapsed time: 0 h 2 m 14 s
2024-11-06 12:15:52,937 - Timer - INFO - Elapsed time: 0 h 2 m 15 s
2024-11-06 12:15:53,943 - Timer - INFO - Elapsed time: 0 h 2 m 16 s
2024-11-06 12:15:54,948 - Timer - INFO - Elapsed time: 0 h 2 m 17 s
2024-11-06 12:15:55,951 - Timer - INFO - Elapsed time: 0 h 2 m 18 s
2024-11-06 12:15:56,954 - Timer - INFO - Elapsed time: 0 h 2 m 19 s
2024-11-06 12:15:57,960 - Timer - INFO - Elapsed time: 0 h 2 m 20 s
2024-11-06 12:15:58,965 - Timer - INFO - Elapsed time: 0 h 2 m 21 s
2024-11-06 12:15:59,971 - Timer - INFO - Elapsed time: 0 h 2 m 22 s
2024-11-06 12:16:00,976 - Timer - INFO - Elapsed time: 0 h 2 m 23 s
2024-11-06 12:16:01,982 - Timer - INFO - Elapsed time: 0 h 2 m 24 s
2024-11-06 12:16:02,987 - Timer - INFO - Elapsed time: 0 h 2 m 25 s
2024-11-06 12:16:03,993 - Timer - INFO - Elapsed time: 0 h 2 m 26 s
2024-11-06 12:16:04,998 - Timer - INFO - Elapsed time: 0 h 2 m 27 s
2024-11-06 12:16:06,004 - Timer - INFO - Elapsed time: 0 h 2 m 28 s
2024-11-06 12:16:07,009 - Timer - INFO - Elapsed time: 0 h 2 m 29 s
2024-11-06 12:16:08,015 - Timer - INFO - Elapsed time: 0 h 2 m 30 s
2024-11-06 12:16:09,020 - Timer - INFO - Elapsed time: 0 h 2 m 31 s
2024-11-06 12:16:10,026 - Timer - INFO - Elapsed time: 0 h 2 m 32 s
2024-11-06 12:16:11,032 - Timer - INFO - Elapsed time: 0 h 2 m 33 s
2024-11-06 12:16:12,037 - Timer - INFO - Elapsed time: 0 h 2 m 34 s
2024-11-06 12:16:13,042 - Timer - INFO - Elapsed time: 0 h 2 m 35 s
2024-11-06 12:16:14,048 - Timer - INFO - Elapsed time: 0 h 2 m 36 s
2024-11-06 12:16:15,054 - Timer - INFO - Elapsed time: 0 h 2 m 37 s
2024-11-06 12:16:16,059 - Timer - INFO - Elapsed time: 0 h 2 m 38 s
2024-11-06 12:16:17,065 - Timer - INFO - Elapsed time: 0 h 2 m 39 s
2024-11-06 12:16:18,070 - Timer - INFO - Elapsed time: 0 h 2 m 40 s
2024-11-06 12:16:19,076 - Timer - INFO - Elapsed time: 0 h 2 m 41 s
2024-11-06 12:16:20,081 - Timer - INFO - Elapsed time: 0 h 2 m 42 s
2024-11-06 12:16:21,087 - Timer - INFO - Elapsed time: 0 h 2 m 43 s
2024-11-06 12:16:22,092 - Timer - INFO - Elapsed time: 0 h 2 m 44 s
2024-11-06 12:16:23,098 - Timer - INFO - Elapsed time: 0 h 2 m 45 s
2024-11-06 12:16:24,104 - Timer - INFO - Elapsed time: 0 h 2 m 46 s
2024-11-06 12:16:25,109 - Timer - INFO - Elapsed time: 0 h 2 m 47 s
2024-11-06 12:16:26,115 - Timer - INFO - Elapsed time: 0 h 2 m 48 s
2024-11-06 12:16:27,120 - Timer - INFO - Elapsed time: 0 h 2 m 49 s
2024-11-06 12:16:28,125 - Timer - INFO - Elapsed time: 0 h 2 m 50 s
2024-11-06 12:16:29,131 - Timer - INFO - Elapsed time: 0 h 2 m 51 s
2024-11-06 12:16:30,136 - Timer - INFO - Elapsed time: 0 h 2 m 52 s
2024-11-06 12:16:31,142 - Timer - INFO - Elapsed time: 0 h 2 m 53 s
2024-11-06 12:16:32,147 - Timer - INFO - Elapsed time: 0 h 2 m 54 s
2024-11-06 12:16:33,153 - Timer - INFO - Elapsed time: 0 h 2 m 55 s
2024-11-06 12:16:34,158 - Timer - INFO - Elapsed time: 0 h 2 m 56 s
2024-11-06 12:16:35,164 - Timer - INFO - Elapsed time: 0 h 2 m 57 s
2024-11-06 12:16:36,169 - Timer - INFO - Elapsed time: 0 h 2 m 58 s
2024-11-06 12:16:37,175 - Timer - INFO - Elapsed time: 0 h 2 m 59 s
2024-11-06 12:16:38,177 - Timer - INFO - Elapsed time: 0 h 3 m 0 s
2024-11-06 12:16:39,183 - Timer - INFO - Elapsed time: 0 h 3 m 1 s
2024-11-06 12:16:40,188 - Timer - INFO - Elapsed time: 0 h 3 m 2 s
2024-11-06 12:16:41,194 - Timer - INFO - Elapsed time: 0 h 3 m 3 s
2024-11-06 12:16:42,199 - Timer - INFO - Elapsed time: 0 h 3 m 4 s
2024-11-06 12:16:43,205 - Timer - INFO - Elapsed time: 0 h 3 m 5 s
2024-11-06 12:16:44,210 - Timer - INFO - Elapsed time: 0 h 3 m 6 s
2024-11-06 12:16:45,216 - Timer - INFO - Elapsed time: 0 h 3 m 7 s
2024-11-06 12:16:46,221 - Timer - INFO - Elapsed time: 0 h 3 m 8 s
2024-11-06 12:16:47,227 - Timer - INFO - Elapsed time: 0 h 3 m 9 s
2024-11-06 12:16:48,227 - Timer - INFO - Elapsed time: 0 h 3 m 10 s
2024-11-06 12:16:49,233 - Timer - INFO - Elapsed time: 0 h 3 m 11 s
2024-11-06 12:16:50,239 - Timer - INFO - Elapsed time: 0 h 3 m 13 s
2024-11-06 12:16:51,244 - Timer - INFO - Elapsed time: 0 h 3 m 14 s
2024-11-06 12:16:52,250 - Timer - INFO - Elapsed time: 0 h 3 m 15 s
2024-11-06 12:16:53,255 - Timer - INFO - Elapsed time: 0 h 3 m 16 s
2024-11-06 12:16:54,261 - Timer - INFO - Elapsed time: 0 h 3 m 17 s
2024-11-06 12:16:55,266 - Timer - INFO - Elapsed time: 0 h 3 m 18 s
2024-11-06 12:16:56,272 - Timer - INFO - Elapsed time: 0 h 3 m 19 s
2024-11-06 12:16:57,278 - Timer - INFO - Elapsed time: 0 h 3 m 20 s
2024-11-06 12:16:58,283 - Timer - INFO - Elapsed time: 0 h 3 m 21 s
2024-11-06 12:16:59,289 - Timer - INFO - Elapsed time: 0 h 3 m 22 s
2024-11-06 12:17:00,294 - Timer - INFO - Elapsed time: 0 h 3 m 23 s
2024-11-06 12:17:01,300 - Timer - INFO - Elapsed time: 0 h 3 m 24 s
2024-11-06 12:17:02,305 - Timer - INFO - Elapsed time: 0 h 3 m 25 s
2024-11-06 12:17:03,311 - Timer - INFO - Elapsed time: 0 h 3 m 26 s
2024-11-06 12:17:04,316 - Timer - INFO - Elapsed time: 0 h 3 m 27 s
2024-11-06 12:17:05,322 - Timer - INFO - Elapsed time: 0 h 3 m 28 s
2024-11-06 12:17:06,327 - Timer - INFO - Elapsed time: 0 h 3 m 29 s
2024-11-06 12:17:07,333 - Timer - INFO - Elapsed time: 0 h 3 m 30 s
2024-11-06 12:17:08,339 - Timer - INFO - Elapsed time: 0 h 3 m 31 s
2024-11-06 12:17:09,344 - Timer - INFO - Elapsed time: 0 h 3 m 32 s
2024-11-06 12:17:10,350 - Timer - INFO - Elapsed time: 0 h 3 m 33 s
2024-11-06 12:17:11,355 - Timer - INFO - Elapsed time: 0 h 3 m 34 s
2024-11-06 12:17:12,361 - Timer - INFO - Elapsed time: 0 h 3 m 35 s
2024-11-06 12:17:13,366 - Timer - INFO - Elapsed time: 0 h 3 m 36 s
2024-11-06 12:17:14,372 - Timer - INFO - Elapsed time: 0 h 3 m 37 s
2024-11-06 12:17:15,377 - Timer - INFO - Elapsed time: 0 h 3 m 38 s
2024-11-06 12:17:16,383 - Timer - INFO - Elapsed time: 0 h 3 m 39 s
2024-11-06 12:17:17,388 - Timer - INFO - Elapsed time: 0 h 3 m 40 s
2024-11-06 12:17:18,394 - Timer - INFO - Elapsed time: 0 h 3 m 41 s
2024-11-06 12:17:19,435 - Timer - INFO - Elapsed time: 0 h 3 m 42 s
2024-11-06 12:17:20,441 - Timer - INFO - Elapsed time: 0 h 3 m 43 s
2024-11-06 12:17:21,446 - Timer - INFO - Elapsed time: 0 h 3 m 44 s
2024-11-06 12:17:22,452 - Timer - INFO - Elapsed time: 0 h 3 m 45 s
2024-11-06 12:17:23,457 - Timer - INFO - Elapsed time: 0 h 3 m 46 s
2024-11-06 12:17:24,463 - Timer - INFO - Elapsed time: 0 h 3 m 47 s
2024-11-06 12:17:25,468 - Timer - INFO - Elapsed time: 0 h 3 m 48 s
2024-11-06 12:17:26,474 - Timer - INFO - Elapsed time: 0 h 3 m 49 s
2024-11-06 12:17:27,479 - Timer - INFO - Elapsed time: 0 h 3 m 50 s
2024-11-06 12:17:28,484 - Timer - INFO - Elapsed time: 0 h 3 m 51 s
2024-11-06 12:17:29,490 - Timer - INFO - Elapsed time: 0 h 3 m 52 s
2024-11-06 12:17:30,495 - Timer - INFO - Elapsed time: 0 h 3 m 53 s
2024-11-06 12:17:31,501 - Timer - INFO - Elapsed time: 0 h 3 m 54 s
2024-11-06 12:17:32,502 - Timer - INFO - Elapsed time: 0 h 3 m 55 s
2024-11-06 12:17:33,508 - Timer - INFO - Elapsed time: 0 h 3 m 56 s
2024-11-06 12:17:34,513 - Timer - INFO - Elapsed time: 0 h 3 m 57 s
2024-11-06 12:17:35,519 - Timer - INFO - Elapsed time: 0 h 3 m 58 s
2024-11-06 12:17:36,524 - Timer - INFO - Elapsed time: 0 h 3 m 59 s
2024-11-06 12:17:37,530 - Timer - INFO - Elapsed time: 0 h 4 m 0 s
2024-11-06 12:17:38,535 - Timer - INFO - Elapsed time: 0 h 4 m 1 s
2024-11-06 12:17:39,541 - Timer - INFO - Elapsed time: 0 h 4 m 2 s
2024-11-06 12:17:40,547 - Timer - INFO - Elapsed time: 0 h 4 m 3 s
2024-11-06 12:17:41,552 - Timer - INFO - Elapsed time: 0 h 4 m 4 s
2024-11-06 12:17:42,558 - Timer - INFO - Elapsed time: 0 h 4 m 5 s
2024-11-06 12:17:43,563 - Timer - INFO - Elapsed time: 0 h 4 m 6 s
2024-11-06 12:17:44,569 - Timer - INFO - Elapsed time: 0 h 4 m 7 s
2024-11-06 12:17:45,574 - Timer - INFO - Elapsed time: 0 h 4 m 8 s
2024-11-06 12:17:46,580 - Timer - INFO - Elapsed time: 0 h 4 m 9 s
2024-11-06 12:17:47,586 - Timer - INFO - Elapsed time: 0 h 4 m 10 s
2024-11-06 12:17:48,591 - Timer - INFO - Elapsed time: 0 h 4 m 11 s
2024-11-06 12:17:49,597 - Timer - INFO - Elapsed time: 0 h 4 m 12 s
2024-11-06 12:17:50,602 - Timer - INFO - Elapsed time: 0 h 4 m 13 s
2024-11-06 12:17:51,608 - Timer - INFO - Elapsed time: 0 h 4 m 14 s
2024-11-06 12:17:52,613 - Timer - INFO - Elapsed time: 0 h 4 m 15 s
2024-11-06 12:17:53,619 - Timer - INFO - Elapsed time: 0 h 4 m 16 s
2024-11-06 12:17:54,624 - Timer - INFO - Elapsed time: 0 h 4 m 17 s
2024-11-06 12:17:55,630 - Timer - INFO - Elapsed time: 0 h 4 m 18 s
2024-11-06 12:17:56,635 - Timer - INFO - Elapsed time: 0 h 4 m 19 s
2024-11-06 12:17:57,641 - Timer - INFO - Elapsed time: 0 h 4 m 20 s
2024-11-06 12:17:58,646 - Timer - INFO - Elapsed time: 0 h 4 m 21 s
2024-11-06 12:17:59,651 - Timer - INFO - Elapsed time: 0 h 4 m 22 s
2024-11-06 12:18:00,657 - Timer - INFO - Elapsed time: 0 h 4 m 23 s
2024-11-06 12:18:01,662 - Timer - INFO - Elapsed time: 0 h 4 m 24 s
2024-11-06 12:18:02,667 - Timer - INFO - Elapsed time: 0 h 4 m 25 s
2024-11-06 12:18:03,673 - Timer - INFO - Elapsed time: 0 h 4 m 26 s
2024-11-06 12:18:04,678 - Timer - INFO - Elapsed time: 0 h 4 m 27 s
2024-11-06 12:18:05,684 - Timer - INFO - Elapsed time: 0 h 4 m 28 s
2024-11-06 12:18:06,689 - Timer - INFO - Elapsed time: 0 h 4 m 29 s
2024-11-06 12:18:07,695 - Timer - INFO - Elapsed time: 0 h 4 m 30 s
2024-11-06 12:18:08,700 - Timer - INFO - Elapsed time: 0 h 4 m 31 s
2024-11-06 12:18:09,706 - Timer - INFO - Elapsed time: 0 h 4 m 32 s
2024-11-06 12:18:10,711 - Timer - INFO - Elapsed time: 0 h 4 m 33 s
2024-11-06 12:18:11,717 - Timer - INFO - Elapsed time: 0 h 4 m 34 s
2024-11-06 12:18:12,722 - Timer - INFO - Elapsed time: 0 h 4 m 35 s
2024-11-06 12:18:13,727 - Timer - INFO - Elapsed time: 0 h 4 m 36 s
2024-11-06 12:18:14,733 - Timer - INFO - Elapsed time: 0 h 4 m 37 s
2024-11-06 12:18:15,738 - Timer - INFO - Elapsed time: 0 h 4 m 38 s
2024-11-06 12:18:16,744 - Timer - INFO - Elapsed time: 0 h 4 m 39 s
2024-11-06 12:18:17,749 - Timer - INFO - Elapsed time: 0 h 4 m 40 s
2024-11-06 12:18:18,755 - Timer - INFO - Elapsed time: 0 h 4 m 41 s
2024-11-06 12:18:19,760 - Timer - INFO - Elapsed time: 0 h 4 m 42 s
2024-11-06 12:18:20,766 - Timer - INFO - Elapsed time: 0 h 4 m 43 s
2024-11-06 12:18:21,770 - Timer - INFO - Elapsed time: 0 h 4 m 44 s
2024-11-06 12:18:22,776 - Timer - INFO - Elapsed time: 0 h 4 m 45 s
2024-11-06 12:18:23,782 - Timer - INFO - Elapsed time: 0 h 4 m 46 s
2024-11-06 12:18:24,787 - Timer - INFO - Elapsed time: 0 h 4 m 47 s
2024-11-06 12:18:25,793 - Timer - INFO - Elapsed time: 0 h 4 m 48 s
2024-11-06 12:18:26,798 - Timer - INFO - Elapsed time: 0 h 4 m 49 s
2024-11-06 12:18:27,804 - Timer - INFO - Elapsed time: 0 h 4 m 50 s
2024-11-06 12:18:28,810 - Timer - INFO - Elapsed time: 0 h 4 m 51 s
2024-11-06 12:18:29,815 - Timer - INFO - Elapsed time: 0 h 4 m 52 s
2024-11-06 12:18:30,821 - Timer - INFO - Elapsed time: 0 h 4 m 53 s
2024-11-06 12:18:31,826 - Timer - INFO - Elapsed time: 0 h 4 m 54 s
2024-11-06 12:18:32,832 - Timer - INFO - Elapsed time: 0 h 4 m 55 s
2024-11-06 12:18:33,837 - Timer - INFO - Elapsed time: 0 h 4 m 56 s
2024-11-06 12:18:34,843 - Timer - INFO - Elapsed time: 0 h 4 m 57 s
2024-11-06 12:18:35,848 - Timer - INFO - Elapsed time: 0 h 4 m 58 s
2024-11-06 12:18:36,854 - Timer - INFO - Elapsed time: 0 h 4 m 59 s
2024-11-06 12:18:37,859 - Timer - INFO - Elapsed time: 0 h 5 m 0 s
2024-11-06 12:18:38,865 - Timer - INFO - Elapsed time: 0 h 5 m 1 s
2024-11-06 12:18:39,870 - Timer - INFO - Elapsed time: 0 h 5 m 2 s
2024-11-06 12:18:40,876 - Timer - INFO - Elapsed time: 0 h 5 m 3 s
2024-11-06 12:18:41,877 - Timer - INFO - Elapsed time: 0 h 5 m 4 s
2024-11-06 12:18:42,883 - Timer - INFO - Elapsed time: 0 h 5 m 5 s
2024-11-06 12:18:43,888 - Timer - INFO - Elapsed time: 0 h 5 m 6 s
2024-11-06 12:18:44,894 - Timer - INFO - Elapsed time: 0 h 5 m 7 s
2024-11-06 12:18:45,899 - Timer - INFO - Elapsed time: 0 h 5 m 8 s
2024-11-06 12:18:46,905 - Timer - INFO - Elapsed time: 0 h 5 m 9 s
2024-11-06 12:18:47,911 - Timer - INFO - Elapsed time: 0 h 5 m 10 s
2024-11-06 12:18:48,916 - Timer - INFO - Elapsed time: 0 h 5 m 11 s
2024-11-06 12:18:49,922 - Timer - INFO - Elapsed time: 0 h 5 m 12 s
2024-11-06 12:18:50,927 - Timer - INFO - Elapsed time: 0 h 5 m 13 s
2024-11-06 12:18:51,933 - Timer - INFO - Elapsed time: 0 h 5 m 14 s
2024-11-06 12:18:52,938 - Timer - INFO - Elapsed time: 0 h 5 m 15 s
2024-11-06 12:18:53,944 - Timer - INFO - Elapsed time: 0 h 5 m 16 s
2024-11-06 12:18:54,949 - Timer - INFO - Elapsed time: 0 h 5 m 17 s
2024-11-06 12:18:55,955 - Timer - INFO - Elapsed time: 0 h 5 m 18 s
2024-11-06 12:18:56,961 - Timer - INFO - Elapsed time: 0 h 5 m 19 s
2024-11-06 12:18:57,966 - Timer - INFO - Elapsed time: 0 h 5 m 20 s
2024-11-06 12:18:58,972 - Timer - INFO - Elapsed time: 0 h 5 m 21 s
2024-11-06 12:18:59,977 - Timer - INFO - Elapsed time: 0 h 5 m 22 s
2024-11-06 12:19:00,983 - Timer - INFO - Elapsed time: 0 h 5 m 23 s
2024-11-06 12:19:01,988 - Timer - INFO - Elapsed time: 0 h 5 m 24 s
2024-11-06 12:19:02,994 - Timer - INFO - Elapsed time: 0 h 5 m 25 s
2024-11-06 12:19:03,999 - Timer - INFO - Elapsed time: 0 h 5 m 26 s
2024-11-06 12:19:05,005 - Timer - INFO - Elapsed time: 0 h 5 m 27 s
2024-11-06 12:19:06,010 - Timer - INFO - Elapsed time: 0 h 5 m 28 s
2024-11-06 12:19:07,016 - Timer - INFO - Elapsed time: 0 h 5 m 29 s
2024-11-06 12:19:08,022 - Timer - INFO - Elapsed time: 0 h 5 m 30 s
2024-11-06 12:19:09,027 - Timer - INFO - Elapsed time: 0 h 5 m 31 s
2024-11-06 12:19:10,033 - Timer - INFO - Elapsed time: 0 h 5 m 32 s
2024-11-06 12:19:11,038 - Timer - INFO - Elapsed time: 0 h 5 m 33 s
2024-11-06 12:19:12,044 - Timer - INFO - Elapsed time: 0 h 5 m 34 s
2024-11-06 12:19:13,049 - Timer - INFO - Elapsed time: 0 h 5 m 35 s
2024-11-06 12:19:14,055 - Timer - INFO - Elapsed time: 0 h 5 m 36 s
2024-11-06 12:19:15,060 - Timer - INFO - Elapsed time: 0 h 5 m 37 s
2024-11-06 12:19:16,066 - Timer - INFO - Elapsed time: 0 h 5 m 38 s
2024-11-06 12:19:17,071 - Timer - INFO - Elapsed time: 0 h 5 m 39 s
2024-11-06 12:19:18,077 - Timer - INFO - Elapsed time: 0 h 5 m 40 s
2024-11-06 12:19:19,083 - Timer - INFO - Elapsed time: 0 h 5 m 41 s
2024-11-06 12:19:20,084 - Timer - INFO - Elapsed time: 0 h 5 m 42 s
2024-11-06 12:19:21,090 - Timer - INFO - Elapsed time: 0 h 5 m 43 s
2024-11-06 12:19:22,096 - Timer - INFO - Elapsed time: 0 h 5 m 44 s
2024-11-06 12:19:23,101 - Timer - INFO - Elapsed time: 0 h 5 m 45 s
2024-11-06 12:19:24,103 - Timer - INFO - Elapsed time: 0 h 5 m 46 s
2024-11-06 12:19:25,109 - Timer - INFO - Elapsed time: 0 h 5 m 47 s
2024-11-06 12:19:26,114 - Timer - INFO - Elapsed time: 0 h 5 m 48 s
2024-11-06 12:19:27,120 - Timer - INFO - Elapsed time: 0 h 5 m 49 s
2024-11-06 12:19:28,125 - Timer - INFO - Elapsed time: 0 h 5 m 50 s
2024-11-06 12:19:29,131 - Timer - INFO - Elapsed time: 0 h 5 m 51 s
2024-11-06 12:19:30,136 - Timer - INFO - Elapsed time: 0 h 5 m 52 s
2024-11-06 12:19:31,142 - Timer - INFO - Elapsed time: 0 h 5 m 53 s
2024-11-06 12:19:32,147 - Timer - INFO - Elapsed time: 0 h 5 m 54 s
2024-11-06 12:19:33,153 - Timer - INFO - Elapsed time: 0 h 5 m 55 s
2024-11-06 12:19:34,157 - Timer - INFO - Elapsed time: 0 h 5 m 56 s
2024-11-06 12:19:35,163 - Timer - INFO - Elapsed time: 0 h 5 m 57 s
2024-11-06 12:19:36,168 - Timer - INFO - Elapsed time: 0 h 5 m 58 s
2024-11-06 12:19:37,174 - Timer - INFO - Elapsed time: 0 h 5 m 59 s
2024-11-06 12:19:38,177 - Timer - INFO - Elapsed time: 0 h 6 m 0 s
2024-11-06 12:19:39,183 - Timer - INFO - Elapsed time: 0 h 6 m 1 s
2024-11-06 12:19:40,188 - Timer - INFO - Elapsed time: 0 h 6 m 2 s
2024-11-06 12:19:41,194 - Timer - INFO - Elapsed time: 0 h 6 m 3 s
2024-11-06 12:19:42,199 - Timer - INFO - Elapsed time: 0 h 6 m 4 s
2024-11-06 12:19:43,205 - Timer - INFO - Elapsed time: 0 h 6 m 5 s
2024-11-06 12:19:44,210 - Timer - INFO - Elapsed time: 0 h 6 m 6 s
2024-11-06 12:19:45,216 - Timer - INFO - Elapsed time: 0 h 6 m 7 s
2024-11-06 12:19:46,222 - Timer - INFO - Elapsed time: 0 h 6 m 8 s
2024-11-06 12:19:47,227 - Timer - INFO - Elapsed time: 0 h 6 m 9 s
2024-11-06 12:19:48,232 - Timer - INFO - Elapsed time: 0 h 6 m 10 s
2024-11-06 12:19:49,238 - Timer - INFO - Elapsed time: 0 h 6 m 12 s
2024-11-06 12:19:50,243 - Timer - INFO - Elapsed time: 0 h 6 m 13 s
2024-11-06 12:19:51,249 - Timer - INFO - Elapsed time: 0 h 6 m 14 s
2024-11-06 12:19:52,255 - Timer - INFO - Elapsed time: 0 h 6 m 15 s
2024-11-06 12:19:53,260 - Timer - INFO - Elapsed time: 0 h 6 m 16 s
2024-11-06 12:19:54,266 - Timer - INFO - Elapsed time: 0 h 6 m 17 s
2024-11-06 12:19:55,271 - Timer - INFO - Elapsed time: 0 h 6 m 18 s
2024-11-06 12:19:56,277 - Timer - INFO - Elapsed time: 0 h 6 m 19 s
2024-11-06 12:19:57,282 - Timer - INFO - Elapsed time: 0 h 6 m 20 s
2024-11-06 12:19:58,288 - Timer - INFO - Elapsed time: 0 h 6 m 21 s
2024-11-06 12:19:59,293 - Timer - INFO - Elapsed time: 0 h 6 m 22 s
2024-11-06 12:20:00,296 - Timer - INFO - Elapsed time: 0 h 6 m 23 s
2024-11-06 12:20:01,301 - Timer - INFO - Elapsed time: 0 h 6 m 24 s
2024-11-06 12:20:02,307 - Timer - INFO - Elapsed time: 0 h 6 m 25 s
2024-11-06 12:20:03,312 - Timer - INFO - Elapsed time: 0 h 6 m 26 s
2024-11-06 12:20:04,318 - Timer - INFO - Elapsed time: 0 h 6 m 27 s
2024-11-06 12:20:05,318 - Timer - INFO - Elapsed time: 0 h 6 m 28 s
2024-11-06 12:20:06,324 - Timer - INFO - Elapsed time: 0 h 6 m 29 s
2024-11-06 12:20:07,329 - Timer - INFO - Elapsed time: 0 h 6 m 30 s
2024-11-06 12:20:08,335 - Timer - INFO - Elapsed time: 0 h 6 m 31 s
2024-11-06 12:20:09,340 - Timer - INFO - Elapsed time: 0 h 6 m 32 s
2024-11-06 12:20:10,346 - Timer - INFO - Elapsed time: 0 h 6 m 33 s
2024-11-06 12:20:11,351 - Timer - INFO - Elapsed time: 0 h 6 m 34 s
2024-11-06 12:20:12,357 - Timer - INFO - Elapsed time: 0 h 6 m 35 s
2024-11-06 12:20:13,362 - Timer - INFO - Elapsed time: 0 h 6 m 36 s
2024-11-06 12:20:14,368 - Timer - INFO - Elapsed time: 0 h 6 m 37 s
2024-11-06 12:20:15,373 - Timer - INFO - Elapsed time: 0 h 6 m 38 s
2024-11-06 12:20:16,379 - Timer - INFO - Elapsed time: 0 h 6 m 39 s
2024-11-06 12:20:17,384 - Timer - INFO - Elapsed time: 0 h 6 m 40 s
2024-11-06 12:20:18,390 - Timer - INFO - Elapsed time: 0 h 6 m 41 s
2024-11-06 12:20:19,393 - Timer - INFO - Elapsed time: 0 h 6 m 42 s
2024-11-06 12:20:20,399 - Timer - INFO - Elapsed time: 0 h 6 m 43 s
2024-11-06 12:20:21,404 - Timer - INFO - Elapsed time: 0 h 6 m 44 s
2024-11-06 12:20:22,410 - Timer - INFO - Elapsed time: 0 h 6 m 45 s
2024-11-06 12:20:23,415 - Timer - INFO - Elapsed time: 0 h 6 m 46 s
2024-11-06 12:20:24,421 - Timer - INFO - Elapsed time: 0 h 6 m 47 s
2024-11-06 12:20:25,426 - Timer - INFO - Elapsed time: 0 h 6 m 48 s
2024-11-06 12:20:26,432 - Timer - INFO - Elapsed time: 0 h 6 m 49 s
2024-11-06 12:20:27,437 - Timer - INFO - Elapsed time: 0 h 6 m 50 s
2024-11-06 12:20:28,443 - Timer - INFO - Elapsed time: 0 h 6 m 51 s
2024-11-06 12:20:29,448 - Timer - INFO - Elapsed time: 0 h 6 m 52 s
2024-11-06 12:20:30,454 - Timer - INFO - Elapsed time: 0 h 6 m 53 s
2024-11-06 12:20:31,459 - Timer - INFO - Elapsed time: 0 h 6 m 54 s
2024-11-06 12:20:32,465 - Timer - INFO - Elapsed time: 0 h 6 m 55 s
2024-11-06 12:20:33,470 - Timer - INFO - Elapsed time: 0 h 6 m 56 s
2024-11-06 12:20:34,476 - Timer - INFO - Elapsed time: 0 h 6 m 57 s
2024-11-06 12:20:35,481 - Timer - INFO - Elapsed time: 0 h 6 m 58 s
2024-11-06 12:20:36,487 - Timer - INFO - Elapsed time: 0 h 6 m 59 s
2024-11-06 12:20:37,492 - Timer - INFO - Elapsed time: 0 h 7 m 0 s
2024-11-06 12:20:38,498 - Timer - INFO - Elapsed time: 0 h 7 m 1 s
2024-11-06 12:20:39,503 - Timer - INFO - Elapsed time: 0 h 7 m 2 s
2024-11-06 12:20:40,509 - Timer - INFO - Elapsed time: 0 h 7 m 3 s
2024-11-06 12:20:41,512 - Timer - INFO - Elapsed time: 0 h 7 m 4 s
2024-11-06 12:20:42,518 - Timer - INFO - Elapsed time: 0 h 7 m 5 s
2024-11-06 12:20:43,523 - Timer - INFO - Elapsed time: 0 h 7 m 6 s
2024-11-06 12:20:44,529 - Timer - INFO - Elapsed time: 0 h 7 m 7 s
2024-11-06 12:20:45,534 - Timer - INFO - Elapsed time: 0 h 7 m 8 s
2024-11-06 12:20:46,540 - Timer - INFO - Elapsed time: 0 h 7 m 9 s
2024-11-06 12:20:47,545 - Timer - INFO - Elapsed time: 0 h 7 m 10 s
2024-11-06 12:20:48,551 - Timer - INFO - Elapsed time: 0 h 7 m 11 s
2024-11-06 12:20:49,556 - Timer - INFO - Elapsed time: 0 h 7 m 12 s
2024-11-06 12:20:50,562 - Timer - INFO - Elapsed time: 0 h 7 m 13 s
2024-11-06 12:20:51,567 - Timer - INFO - Elapsed time: 0 h 7 m 14 s
2024-11-06 12:20:52,573 - Timer - INFO - Elapsed time: 0 h 7 m 15 s
2024-11-06 12:20:53,578 - Timer - INFO - Elapsed time: 0 h 7 m 16 s
2024-11-06 12:20:54,584 - Timer - INFO - Elapsed time: 0 h 7 m 17 s
2024-11-06 12:20:55,589 - Timer - INFO - Elapsed time: 0 h 7 m 18 s
2024-11-06 12:20:56,594 - Timer - INFO - Elapsed time: 0 h 7 m 19 s
2024-11-06 12:20:57,596 - Timer - INFO - Elapsed time: 0 h 7 m 20 s
2024-11-06 12:20:58,602 - Timer - INFO - Elapsed time: 0 h 7 m 21 s
2024-11-06 12:20:59,608 - Timer - INFO - Elapsed time: 0 h 7 m 22 s
2024-11-06 12:21:00,613 - Timer - INFO - Elapsed time: 0 h 7 m 23 s
2024-11-06 12:21:01,619 - Timer - INFO - Elapsed time: 0 h 7 m 24 s
2024-11-06 12:21:02,624 - Timer - INFO - Elapsed time: 0 h 7 m 25 s
2024-11-06 12:21:03,626 - Timer - INFO - Elapsed time: 0 h 7 m 26 s
2024-11-06 12:21:04,632 - Timer - INFO - Elapsed time: 0 h 7 m 27 s
2024-11-06 12:21:05,636 - Timer - INFO - Elapsed time: 0 h 7 m 28 s
2024-11-06 12:21:06,642 - Timer - INFO - Elapsed time: 0 h 7 m 29 s
2024-11-06 12:21:07,647 - Timer - INFO - Elapsed time: 0 h 7 m 30 s
2024-11-06 12:21:08,650 - Timer - INFO - Elapsed time: 0 h 7 m 31 s
2024-11-06 12:21:09,655 - Timer - INFO - Elapsed time: 0 h 7 m 32 s
2024-11-06 12:21:10,660 - Timer - INFO - Elapsed time: 0 h 7 m 33 s
2024-11-06 12:21:11,666 - Timer - INFO - Elapsed time: 0 h 7 m 34 s
2024-11-06 12:21:12,671 - Timer - INFO - Elapsed time: 0 h 7 m 35 s
2024-11-06 12:21:13,672 - Timer - INFO - Elapsed time: 0 h 7 m 36 s
2024-11-06 12:21:14,677 - Timer - INFO - Elapsed time: 0 h 7 m 37 s
2024-11-06 12:21:15,682 - Timer - INFO - Elapsed time: 0 h 7 m 38 s
2024-11-06 12:21:16,687 - Timer - INFO - Elapsed time: 0 h 7 m 39 s
2024-11-06 12:21:17,693 - Timer - INFO - Elapsed time: 0 h 7 m 40 s
2024-11-06 12:21:18,698 - Timer - INFO - Elapsed time: 0 h 7 m 41 s
2024-11-06 12:21:19,704 - Timer - INFO - Elapsed time: 0 h 7 m 42 s
2024-11-06 12:21:20,709 - Timer - INFO - Elapsed time: 0 h 7 m 43 s
2024-11-06 12:21:21,711 - Timer - INFO - Elapsed time: 0 h 7 m 44 s
2024-11-06 12:21:22,717 - Timer - INFO - Elapsed time: 0 h 7 m 45 s
2024-11-06 12:21:23,722 - Timer - INFO - Elapsed time: 0 h 7 m 46 s
2024-11-06 12:21:24,728 - Timer - INFO - Elapsed time: 0 h 7 m 47 s
2024-11-06 12:21:25,734 - Timer - INFO - Elapsed time: 0 h 7 m 48 s
2024-11-06 12:21:26,739 - Timer - INFO - Elapsed time: 0 h 7 m 49 s
2024-11-06 12:21:27,745 - Timer - INFO - Elapsed time: 0 h 7 m 50 s
2024-11-06 12:21:28,749 - Timer - INFO - Elapsed time: 0 h 7 m 51 s
2024-11-06 12:21:29,754 - Timer - INFO - Elapsed time: 0 h 7 m 52 s
2024-11-06 12:21:30,760 - Timer - INFO - Elapsed time: 0 h 7 m 53 s
2024-11-06 12:21:31,766 - Timer - INFO - Elapsed time: 0 h 7 m 54 s
2024-11-06 12:21:32,771 - Timer - INFO - Elapsed time: 0 h 7 m 55 s
2024-11-06 12:21:33,777 - Timer - INFO - Elapsed time: 0 h 7 m 56 s
2024-11-06 12:21:34,782 - Timer - INFO - Elapsed time: 0 h 7 m 57 s
2024-11-06 12:21:35,788 - Timer - INFO - Elapsed time: 0 h 7 m 58 s
2024-11-06 12:21:36,793 - Timer - INFO - Elapsed time: 0 h 7 m 59 s
2024-11-06 12:21:37,799 - Timer - INFO - Elapsed time: 0 h 8 m 0 s
2024-11-06 12:21:38,804 - Timer - INFO - Elapsed time: 0 h 8 m 1 s
2024-11-06 12:21:39,810 - Timer - INFO - Elapsed time: 0 h 8 m 2 s
2024-11-06 12:21:40,815 - Timer - INFO - Elapsed time: 0 h 8 m 3 s
2024-11-06 12:21:41,821 - Timer - INFO - Elapsed time: 0 h 8 m 4 s
2024-11-06 12:21:42,826 - Timer - INFO - Elapsed time: 0 h 8 m 5 s
2024-11-06 12:21:43,830 - Timer - INFO - Elapsed time: 0 h 8 m 6 s
2024-11-06 12:21:44,836 - Timer - INFO - Elapsed time: 0 h 8 m 7 s
2024-11-06 12:21:45,842 - Timer - INFO - Elapsed time: 0 h 8 m 8 s
2024-11-06 12:21:46,844 - Timer - INFO - Elapsed time: 0 h 8 m 9 s
2024-11-06 12:21:47,850 - Timer - INFO - Elapsed time: 0 h 8 m 10 s
2024-11-06 12:21:48,855 - Timer - INFO - Elapsed time: 0 h 8 m 11 s
2024-11-06 12:21:49,861 - Timer - INFO - Elapsed time: 0 h 8 m 12 s
2024-11-06 12:21:50,866 - Timer - INFO - Elapsed time: 0 h 8 m 13 s
2024-11-06 12:21:51,872 - Timer - INFO - Elapsed time: 0 h 8 m 14 s
2024-11-06 12:21:52,878 - Timer - INFO - Elapsed time: 0 h 8 m 15 s
2024-11-06 12:21:53,883 - Timer - INFO - Elapsed time: 0 h 8 m 16 s
2024-11-06 12:21:54,889 - Timer - INFO - Elapsed time: 0 h 8 m 17 s
2024-11-06 12:21:55,894 - Timer - INFO - Elapsed time: 0 h 8 m 18 s
2024-11-06 12:21:56,900 - Timer - INFO - Elapsed time: 0 h 8 m 19 s
2024-11-06 12:21:57,905 - Timer - INFO - Elapsed time: 0 h 8 m 20 s
2024-11-06 12:21:58,911 - Timer - INFO - Elapsed time: 0 h 8 m 21 s
2024-11-06 12:21:59,916 - Timer - INFO - Elapsed time: 0 h 8 m 22 s
2024-11-06 12:22:00,922 - Timer - INFO - Elapsed time: 0 h 8 m 23 s
2024-11-06 12:22:01,927 - Timer - INFO - Elapsed time: 0 h 8 m 24 s
2024-11-06 12:22:02,933 - Timer - INFO - Elapsed time: 0 h 8 m 25 s
2024-11-06 12:22:03,938 - Timer - INFO - Elapsed time: 0 h 8 m 26 s
2024-11-06 12:22:04,944 - Timer - INFO - Elapsed time: 0 h 8 m 27 s
2024-11-06 12:22:05,950 - Timer - INFO - Elapsed time: 0 h 8 m 28 s
2024-11-06 12:22:06,955 - Timer - INFO - Elapsed time: 0 h 8 m 29 s
2024-11-06 12:22:07,961 - Timer - INFO - Elapsed time: 0 h 8 m 30 s
2024-11-06 12:22:08,966 - Timer - INFO - Elapsed time: 0 h 8 m 31 s
2024-11-06 12:22:09,972 - Timer - INFO - Elapsed time: 0 h 8 m 32 s
2024-11-06 12:22:10,978 - Timer - INFO - Elapsed time: 0 h 8 m 33 s
2024-11-06 12:22:11,983 - Timer - INFO - Elapsed time: 0 h 8 m 34 s
2024-11-06 12:22:12,989 - Timer - INFO - Elapsed time: 0 h 8 m 35 s
2024-11-06 12:22:13,994 - Timer - INFO - Elapsed time: 0 h 8 m 36 s
2024-11-06 12:22:15,000 - Timer - INFO - Elapsed time: 0 h 8 m 37 s
2024-11-06 12:22:16,005 - Timer - INFO - Elapsed time: 0 h 8 m 38 s
2024-11-06 12:22:17,011 - Timer - INFO - Elapsed time: 0 h 8 m 39 s
2024-11-06 12:22:18,016 - Timer - INFO - Elapsed time: 0 h 8 m 40 s
2024-11-06 12:22:19,022 - Timer - INFO - Elapsed time: 0 h 8 m 41 s
2024-11-06 12:22:20,028 - Timer - INFO - Elapsed time: 0 h 8 m 42 s
2024-11-06 12:22:21,033 - Timer - INFO - Elapsed time: 0 h 8 m 43 s
2024-11-06 12:22:22,039 - Timer - INFO - Elapsed time: 0 h 8 m 44 s
2024-11-06 12:22:23,044 - Timer - INFO - Elapsed time: 0 h 8 m 45 s
2024-11-06 12:22:24,050 - Timer - INFO - Elapsed time: 0 h 8 m 46 s
2024-11-06 12:22:25,055 - Timer - INFO - Elapsed time: 0 h 8 m 47 s
2024-11-06 12:22:26,061 - Timer - INFO - Elapsed time: 0 h 8 m 48 s
2024-11-06 12:22:27,067 - Timer - INFO - Elapsed time: 0 h 8 m 49 s
2024-11-06 12:22:28,072 - Timer - INFO - Elapsed time: 0 h 8 m 50 s
2024-11-06 12:22:29,078 - Timer - INFO - Elapsed time: 0 h 8 m 51 s
2024-11-06 12:22:30,083 - Timer - INFO - Elapsed time: 0 h 8 m 52 s
2024-11-06 12:22:31,089 - Timer - INFO - Elapsed time: 0 h 8 m 53 s
2024-11-06 12:22:32,094 - Timer - INFO - Elapsed time: 0 h 8 m 54 s
2024-11-06 12:22:33,100 - Timer - INFO - Elapsed time: 0 h 8 m 55 s
2024-11-06 12:22:34,102 - Timer - INFO - Elapsed time: 0 h 8 m 56 s
2024-11-06 12:22:35,108 - Timer - INFO - Elapsed time: 0 h 8 m 57 s
2024-11-06 12:22:36,113 - Timer - INFO - Elapsed time: 0 h 8 m 58 s
2024-11-06 12:22:37,119 - Timer - INFO - Elapsed time: 0 h 8 m 59 s
2024-11-06 12:22:38,124 - Timer - INFO - Elapsed time: 0 h 9 m 0 s
2024-11-06 12:22:39,130 - Timer - INFO - Elapsed time: 0 h 9 m 1 s
2024-11-06 12:22:40,135 - Timer - INFO - Elapsed time: 0 h 9 m 2 s
2024-11-06 12:22:41,141 - Timer - INFO - Elapsed time: 0 h 9 m 3 s
2024-11-06 12:22:42,146 - Timer - INFO - Elapsed time: 0 h 9 m 4 s
2024-11-06 12:22:43,152 - Timer - INFO - Elapsed time: 0 h 9 m 5 s
2024-11-06 12:22:44,157 - Timer - INFO - Elapsed time: 0 h 9 m 6 s
2024-11-06 12:22:45,163 - Timer - INFO - Elapsed time: 0 h 9 m 7 s
2024-11-06 12:22:46,168 - Timer - INFO - Elapsed time: 0 h 9 m 8 s
2024-11-06 12:22:47,174 - Timer - INFO - Elapsed time: 0 h 9 m 9 s
2024-11-06 12:22:48,179 - Timer - INFO - Elapsed time: 0 h 9 m 10 s
2024-11-06 12:22:49,180 - Timer - INFO - Elapsed time: 0 h 9 m 11 s
2024-11-06 12:22:50,185 - Timer - INFO - Elapsed time: 0 h 9 m 12 s
2024-11-06 12:22:51,191 - Timer - INFO - Elapsed time: 0 h 9 m 13 s
2024-11-06 12:22:52,196 - Timer - INFO - Elapsed time: 0 h 9 m 14 s
2024-11-06 12:22:53,196 - Timer - INFO - Elapsed time: 0 h 9 m 15 s
2024-11-06 12:22:54,202 - Timer - INFO - Elapsed time: 0 h 9 m 16 s
2024-11-06 12:22:55,207 - Timer - INFO - Elapsed time: 0 h 9 m 17 s
2024-11-06 12:22:56,213 - Timer - INFO - Elapsed time: 0 h 9 m 18 s
2024-11-06 12:22:57,218 - Timer - INFO - Elapsed time: 0 h 9 m 19 s
2024-11-06 12:22:58,224 - Timer - INFO - Elapsed time: 0 h 9 m 20 s
2024-11-06 12:22:59,229 - Timer - INFO - Elapsed time: 0 h 9 m 21 s
2024-11-06 12:23:00,235 - Timer - INFO - Elapsed time: 0 h 9 m 23 s
2024-11-06 12:23:01,240 - Timer - INFO - Elapsed time: 0 h 9 m 24 s
2024-11-06 12:23:02,246 - Timer - INFO - Elapsed time: 0 h 9 m 25 s
2024-11-06 12:23:03,251 - Timer - INFO - Elapsed time: 0 h 9 m 26 s
2024-11-06 12:23:04,257 - Timer - INFO - Elapsed time: 0 h 9 m 27 s
2024-11-06 12:23:05,261 - Timer - INFO - Elapsed time: 0 h 9 m 28 s
2024-11-06 12:23:06,266 - Timer - INFO - Elapsed time: 0 h 9 m 29 s
2024-11-06 12:23:07,272 - Timer - INFO - Elapsed time: 0 h 9 m 30 s
2024-11-06 12:23:08,277 - Timer - INFO - Elapsed time: 0 h 9 m 31 s
2024-11-06 12:23:09,283 - Timer - INFO - Elapsed time: 0 h 9 m 32 s
2024-11-06 12:23:10,288 - Timer - INFO - Elapsed time: 0 h 9 m 33 s
2024-11-06 12:23:11,294 - Timer - INFO - Elapsed time: 0 h 9 m 34 s
2024-11-06 12:23:12,299 - Timer - INFO - Elapsed time: 0 h 9 m 35 s
2024-11-06 12:23:13,305 - Timer - INFO - Elapsed time: 0 h 9 m 36 s
2024-11-06 12:23:14,310 - Timer - INFO - Elapsed time: 0 h 9 m 37 s
2024-11-06 12:23:15,316 - Timer - INFO - Elapsed time: 0 h 9 m 38 s
2024-11-06 12:23:16,322 - Timer - INFO - Elapsed time: 0 h 9 m 39 s
2024-11-06 12:23:17,327 - Timer - INFO - Elapsed time: 0 h 9 m 40 s
2024-11-06 12:23:18,333 - Timer - INFO - Elapsed time: 0 h 9 m 41 s
2024-11-06 12:23:19,338 - Timer - INFO - Elapsed time: 0 h 9 m 42 s
2024-11-06 12:23:20,344 - Timer - INFO - Elapsed time: 0 h 9 m 43 s
2024-11-06 12:23:21,350 - Timer - INFO - Elapsed time: 0 h 9 m 44 s
2024-11-06 12:23:22,355 - Timer - INFO - Elapsed time: 0 h 9 m 45 s
2024-11-06 12:23:23,361 - Timer - INFO - Elapsed time: 0 h 9 m 46 s
2024-11-06 12:23:24,398 - Timer - INFO - Elapsed time: 0 h 9 m 47 s
2024-11-06 12:23:25,404 - Timer - INFO - Elapsed time: 0 h 9 m 48 s
2024-11-06 12:23:26,409 - Timer - INFO - Elapsed time: 0 h 9 m 49 s
2024-11-06 12:23:27,415 - Timer - INFO - Elapsed time: 0 h 9 m 50 s
2024-11-06 12:23:28,417 - Timer - INFO - Elapsed time: 0 h 9 m 51 s
2024-11-06 12:23:29,421 - Timer - INFO - Elapsed time: 0 h 9 m 52 s
2024-11-06 12:23:30,426 - Timer - INFO - Elapsed time: 0 h 9 m 53 s
2024-11-06 12:23:31,432 - Timer - INFO - Elapsed time: 0 h 9 m 54 s
2024-11-06 12:23:32,437 - Timer - INFO - Elapsed time: 0 h 9 m 55 s
2024-11-06 12:23:33,441 - Timer - INFO - Elapsed time: 0 h 9 m 56 s
2024-11-06 12:23:34,447 - Timer - INFO - Elapsed time: 0 h 9 m 57 s
2024-11-06 12:23:35,452 - Timer - INFO - Elapsed time: 0 h 9 m 58 s
2024-11-06 12:23:36,458 - Timer - INFO - Elapsed time: 0 h 9 m 59 s
2024-11-06 12:23:37,464 - Timer - INFO - Elapsed time: 0 h 10 m 0 s
2024-11-06 12:23:38,469 - Timer - INFO - Elapsed time: 0 h 10 m 1 s
2024-11-06 12:23:39,475 - Timer - INFO - Elapsed time: 0 h 10 m 2 s
2024-11-06 12:23:40,480 - Timer - INFO - Elapsed time: 0 h 10 m 3 s
2024-11-06 12:23:41,486 - Timer - INFO - Elapsed time: 0 h 10 m 4 s
2024-11-06 12:23:42,491 - Timer - INFO - Elapsed time: 0 h 10 m 5 s
2024-11-06 12:23:43,497 - Timer - INFO - Elapsed time: 0 h 10 m 6 s
2024-11-06 12:23:44,503 - Timer - INFO - Elapsed time: 0 h 10 m 7 s
2024-11-06 12:23:45,508 - Timer - INFO - Elapsed time: 0 h 10 m 8 s
2024-11-06 12:23:46,514 - Timer - INFO - Elapsed time: 0 h 10 m 9 s
2024-11-06 12:23:47,519 - Timer - INFO - Elapsed time: 0 h 10 m 10 s
2024-11-06 12:23:48,525 - Timer - INFO - Elapsed time: 0 h 10 m 11 s
2024-11-06 12:23:49,530 - Timer - INFO - Elapsed time: 0 h 10 m 12 s
2024-11-06 12:23:50,536 - Timer - INFO - Elapsed time: 0 h 10 m 13 s
2024-11-06 12:23:51,541 - Timer - INFO - Elapsed time: 0 h 10 m 14 s
2024-11-06 12:23:52,547 - Timer - INFO - Elapsed time: 0 h 10 m 15 s
2024-11-06 12:23:53,553 - Timer - INFO - Elapsed time: 0 h 10 m 16 s
2024-11-06 12:23:54,558 - Timer - INFO - Elapsed time: 0 h 10 m 17 s
2024-11-06 12:23:55,564 - Timer - INFO - Elapsed time: 0 h 10 m 18 s
2024-11-06 12:23:56,567 - Timer - INFO - Elapsed time: 0 h 10 m 19 s
2024-11-06 12:23:57,573 - Timer - INFO - Elapsed time: 0 h 10 m 20 s
2024-11-06 12:23:58,578 - Timer - INFO - Elapsed time: 0 h 10 m 21 s
2024-11-06 12:23:59,584 - Timer - INFO - Elapsed time: 0 h 10 m 22 s
2024-11-06 12:24:00,590 - Timer - INFO - Elapsed time: 0 h 10 m 23 s
2024-11-06 12:24:01,595 - Timer - INFO - Elapsed time: 0 h 10 m 24 s
2024-11-06 12:24:02,601 - Timer - INFO - Elapsed time: 0 h 10 m 25 s
2024-11-06 12:24:03,606 - Timer - INFO - Elapsed time: 0 h 10 m 26 s
2024-11-06 12:24:04,612 - Timer - INFO - Elapsed time: 0 h 10 m 27 s
2024-11-06 12:24:05,617 - Timer - INFO - Elapsed time: 0 h 10 m 28 s
2024-11-06 12:24:06,623 - Timer - INFO - Elapsed time: 0 h 10 m 29 s
2024-11-06 12:24:07,628 - Timer - INFO - Elapsed time: 0 h 10 m 30 s
2024-11-06 12:24:08,634 - Timer - INFO - Elapsed time: 0 h 10 m 31 s
2024-11-06 12:24:09,639 - Timer - INFO - Elapsed time: 0 h 10 m 32 s
2024-11-06 12:24:10,645 - Timer - INFO - Elapsed time: 0 h 10 m 33 s
2024-11-06 12:24:11,650 - Timer - INFO - Elapsed time: 0 h 10 m 34 s
2024-11-06 12:24:12,656 - Timer - INFO - Elapsed time: 0 h 10 m 35 s
2024-11-06 12:24:13,661 - Timer - INFO - Elapsed time: 0 h 10 m 36 s
2024-11-06 12:24:14,667 - Timer - INFO - Elapsed time: 0 h 10 m 37 s
2024-11-06 12:24:15,672 - Timer - INFO - Elapsed time: 0 h 10 m 38 s
2024-11-06 12:24:16,675 - Timer - INFO - Elapsed time: 0 h 10 m 39 s
2024-11-06 12:24:17,681 - Timer - INFO - Elapsed time: 0 h 10 m 40 s
2024-11-06 12:24:18,686 - Timer - INFO - Elapsed time: 0 h 10 m 41 s
2024-11-06 12:24:19,692 - Timer - INFO - Elapsed time: 0 h 10 m 42 s
2024-11-06 12:24:20,697 - Timer - INFO - Elapsed time: 0 h 10 m 43 s
2024-11-06 12:24:21,703 - Timer - INFO - Elapsed time: 0 h 10 m 44 s
2024-11-06 12:24:22,708 - Timer - INFO - Elapsed time: 0 h 10 m 45 s
2024-11-06 12:24:23,714 - Timer - INFO - Elapsed time: 0 h 10 m 46 s
2024-11-06 12:24:24,720 - Timer - INFO - Elapsed time: 0 h 10 m 47 s
2024-11-06 12:24:25,725 - Timer - INFO - Elapsed time: 0 h 10 m 48 s
2024-11-06 12:24:26,731 - Timer - INFO - Elapsed time: 0 h 10 m 49 s
2024-11-06 12:24:27,736 - Timer - INFO - Elapsed time: 0 h 10 m 50 s
2024-11-06 12:24:28,742 - Timer - INFO - Elapsed time: 0 h 10 m 51 s
2024-11-06 12:24:29,747 - Timer - INFO - Elapsed time: 0 h 10 m 52 s
2024-11-06 12:24:30,752 - Timer - INFO - Elapsed time: 0 h 10 m 53 s
2024-11-06 12:24:31,758 - Timer - INFO - Elapsed time: 0 h 10 m 54 s
2024-11-06 12:24:32,763 - Timer - INFO - Elapsed time: 0 h 10 m 55 s
2024-11-06 12:24:33,769 - Timer - INFO - Elapsed time: 0 h 10 m 56 s
2024-11-06 12:24:34,771 - Timer - INFO - Elapsed time: 0 h 10 m 57 s
2024-11-06 12:24:35,777 - Timer - INFO - Elapsed time: 0 h 10 m 58 s
2024-11-06 12:24:36,783 - Timer - INFO - Elapsed time: 0 h 10 m 59 s
2024-11-06 12:24:37,788 - Timer - INFO - Elapsed time: 0 h 11 m 0 s
2024-11-06 12:24:38,794 - Timer - INFO - Elapsed time: 0 h 11 m 1 s
2024-11-06 12:24:39,799 - Timer - INFO - Elapsed time: 0 h 11 m 2 s
2024-11-06 12:24:40,804 - Timer - INFO - Elapsed time: 0 h 11 m 3 s
2024-11-06 12:24:41,810 - Timer - INFO - Elapsed time: 0 h 11 m 4 s
2024-11-06 12:24:42,815 - Timer - INFO - Elapsed time: 0 h 11 m 5 s
2024-11-06 12:24:43,820 - Timer - INFO - Elapsed time: 0 h 11 m 6 s
2024-11-06 12:24:44,826 - Timer - INFO - Elapsed time: 0 h 11 m 7 s
2024-11-06 12:24:45,831 - Timer - INFO - Elapsed time: 0 h 11 m 8 s
2024-11-06 12:24:46,836 - Timer - INFO - Elapsed time: 0 h 11 m 9 s
2024-11-06 12:24:47,842 - Timer - INFO - Elapsed time: 0 h 11 m 10 s
2024-11-06 12:24:48,847 - Timer - INFO - Elapsed time: 0 h 11 m 11 s
2024-11-06 12:24:49,853 - Timer - INFO - Elapsed time: 0 h 11 m 12 s
2024-11-06 12:24:50,856 - Timer - INFO - Elapsed time: 0 h 11 m 13 s
2024-11-06 12:24:51,862 - Timer - INFO - Elapsed time: 0 h 11 m 14 s
2024-11-06 12:24:52,867 - Timer - INFO - Elapsed time: 0 h 11 m 15 s
2024-11-06 12:24:53,873 - Timer - INFO - Elapsed time: 0 h 11 m 16 s
2024-11-06 12:24:54,878 - Timer - INFO - Elapsed time: 0 h 11 m 17 s
2024-11-06 12:24:55,884 - Timer - INFO - Elapsed time: 0 h 11 m 18 s
2024-11-06 12:24:56,890 - Timer - INFO - Elapsed time: 0 h 11 m 19 s
2024-11-06 12:24:57,895 - Timer - INFO - Elapsed time: 0 h 11 m 20 s
2024-11-06 12:24:58,901 - Timer - INFO - Elapsed time: 0 h 11 m 21 s
2024-11-06 12:24:59,906 - Timer - INFO - Elapsed time: 0 h 11 m 22 s
2024-11-06 12:25:00,912 - Timer - INFO - Elapsed time: 0 h 11 m 23 s
2024-11-06 12:25:01,917 - Timer - INFO - Elapsed time: 0 h 11 m 24 s
2024-11-06 12:25:02,923 - Timer - INFO - Elapsed time: 0 h 11 m 25 s
2024-11-06 12:25:03,928 - Timer - INFO - Elapsed time: 0 h 11 m 26 s
2024-11-06 12:25:04,934 - Timer - INFO - Elapsed time: 0 h 11 m 27 s
2024-11-06 12:25:05,939 - Timer - INFO - Elapsed time: 0 h 11 m 28 s
2024-11-06 12:25:06,945 - Timer - INFO - Elapsed time: 0 h 11 m 29 s
2024-11-06 12:25:07,950 - Timer - INFO - Elapsed time: 0 h 11 m 30 s
2024-11-06 12:25:08,956 - Timer - INFO - Elapsed time: 0 h 11 m 31 s
2024-11-06 12:25:09,962 - Timer - INFO - Elapsed time: 0 h 11 m 32 s
2024-11-06 12:25:10,967 - Timer - INFO - Elapsed time: 0 h 11 m 33 s
2024-11-06 12:25:11,973 - Timer - INFO - Elapsed time: 0 h 11 m 34 s
2024-11-06 12:25:12,978 - Timer - INFO - Elapsed time: 0 h 11 m 35 s
2024-11-06 12:25:13,984 - Timer - INFO - Elapsed time: 0 h 11 m 36 s
2024-11-06 12:25:14,989 - Timer - INFO - Elapsed time: 0 h 11 m 37 s
2024-11-06 12:25:15,995 - Timer - INFO - Elapsed time: 0 h 11 m 38 s
2024-11-06 12:25:17,000 - Timer - INFO - Elapsed time: 0 h 11 m 39 s
2024-11-06 12:25:18,006 - Timer - INFO - Elapsed time: 0 h 11 m 40 s
2024-11-06 12:25:19,011 - Timer - INFO - Elapsed time: 0 h 11 m 41 s
2024-11-06 12:25:20,017 - Timer - INFO - Elapsed time: 0 h 11 m 42 s
2024-11-06 12:25:21,022 - Timer - INFO - Elapsed time: 0 h 11 m 43 s
2024-11-06 12:25:22,028 - Timer - INFO - Elapsed time: 0 h 11 m 44 s
2024-11-06 12:25:23,033 - Timer - INFO - Elapsed time: 0 h 11 m 45 s
2024-11-06 12:25:24,039 - Timer - INFO - Elapsed time: 0 h 11 m 46 s
2024-11-06 12:25:25,044 - Timer - INFO - Elapsed time: 0 h 11 m 47 s
2024-11-06 12:25:26,050 - Timer - INFO - Elapsed time: 0 h 11 m 48 s
2024-11-06 12:25:27,055 - Timer - INFO - Elapsed time: 0 h 11 m 49 s
2024-11-06 12:25:28,061 - Timer - INFO - Elapsed time: 0 h 11 m 50 s
2024-11-06 12:25:29,066 - Timer - INFO - Elapsed time: 0 h 11 m 51 s
2024-11-06 12:25:30,072 - Timer - INFO - Elapsed time: 0 h 11 m 52 s
2024-11-06 12:25:31,078 - Timer - INFO - Elapsed time: 0 h 11 m 53 s
2024-11-06 12:25:32,083 - Timer - INFO - Elapsed time: 0 h 11 m 54 s
2024-11-06 12:25:33,089 - Timer - INFO - Elapsed time: 0 h 11 m 55 s
2024-11-06 12:25:34,094 - Timer - INFO - Elapsed time: 0 h 11 m 56 s
2024-11-06 12:25:35,100 - Timer - INFO - Elapsed time: 0 h 11 m 57 s
2024-11-06 12:25:36,105 - Timer - INFO - Elapsed time: 0 h 11 m 58 s
2024-11-06 12:25:37,111 - Timer - INFO - Elapsed time: 0 h 11 m 59 s
2024-11-06 12:25:38,116 - Timer - INFO - Elapsed time: 0 h 12 m 0 s
2024-11-06 12:25:39,122 - Timer - INFO - Elapsed time: 0 h 12 m 1 s
2024-11-06 12:25:40,127 - Timer - INFO - Elapsed time: 0 h 12 m 2 s
2024-11-06 12:25:41,133 - Timer - INFO - Elapsed time: 0 h 12 m 3 s
2024-11-06 12:25:42,139 - Timer - INFO - Elapsed time: 0 h 12 m 4 s
2024-11-06 12:25:43,144 - Timer - INFO - Elapsed time: 0 h 12 m 5 s
2024-11-06 12:25:44,150 - Timer - INFO - Elapsed time: 0 h 12 m 6 s
2024-11-06 12:25:45,155 - Timer - INFO - Elapsed time: 0 h 12 m 7 s
2024-11-06 12:25:46,161 - Timer - INFO - Elapsed time: 0 h 12 m 8 s
2024-11-06 12:25:47,164 - Timer - INFO - Elapsed time: 0 h 12 m 9 s
2024-11-06 12:25:48,169 - Timer - INFO - Elapsed time: 0 h 12 m 10 s
2024-11-06 12:25:49,175 - Timer - INFO - Elapsed time: 0 h 12 m 11 s
2024-11-06 12:25:50,180 - Timer - INFO - Elapsed time: 0 h 12 m 12 s
2024-11-06 12:25:51,184 - Timer - INFO - Elapsed time: 0 h 12 m 13 s
2024-11-06 12:25:52,189 - Timer - INFO - Elapsed time: 0 h 12 m 14 s
2024-11-06 12:25:53,195 - Timer - INFO - Elapsed time: 0 h 12 m 15 s
2024-11-06 12:25:54,200 - Timer - INFO - Elapsed time: 0 h 12 m 16 s
2024-11-06 12:25:55,206 - Timer - INFO - Elapsed time: 0 h 12 m 17 s
2024-11-06 12:25:56,211 - Timer - INFO - Elapsed time: 0 h 12 m 18 s
2024-11-06 12:25:57,217 - Timer - INFO - Elapsed time: 0 h 12 m 19 s
2024-11-06 12:25:58,222 - Timer - INFO - Elapsed time: 0 h 12 m 20 s
2024-11-06 12:25:59,228 - Timer - INFO - Elapsed time: 0 h 12 m 21 s
2024-11-06 12:26:00,233 - Timer - INFO - Elapsed time: 0 h 12 m 22 s
2024-11-06 12:26:01,239 - Timer - INFO - Elapsed time: 0 h 12 m 24 s
2024-11-06 12:26:02,244 - Timer - INFO - Elapsed time: 0 h 12 m 25 s
2024-11-06 12:26:03,250 - Timer - INFO - Elapsed time: 0 h 12 m 26 s
2024-11-06 12:26:04,255 - Timer - INFO - Elapsed time: 0 h 12 m 27 s
2024-11-06 12:26:05,256 - Timer - INFO - Elapsed time: 0 h 12 m 28 s
2024-11-06 12:26:06,261 - Timer - INFO - Elapsed time: 0 h 12 m 29 s
2024-11-06 12:26:07,267 - Timer - INFO - Elapsed time: 0 h 12 m 30 s
2024-11-06 12:26:08,272 - Timer - INFO - Elapsed time: 0 h 12 m 31 s
2024-11-06 12:26:09,278 - Timer - INFO - Elapsed time: 0 h 12 m 32 s
2024-11-06 12:26:10,283 - Timer - INFO - Elapsed time: 0 h 12 m 33 s
2024-11-06 12:26:11,289 - Timer - INFO - Elapsed time: 0 h 12 m 34 s
2024-11-06 12:26:12,295 - Timer - INFO - Elapsed time: 0 h 12 m 35 s
2024-11-06 12:26:13,300 - Timer - INFO - Elapsed time: 0 h 12 m 36 s
2024-11-06 12:26:14,306 - Timer - INFO - Elapsed time: 0 h 12 m 37 s
2024-11-06 12:26:15,311 - Timer - INFO - Elapsed time: 0 h 12 m 38 s
2024-11-06 12:26:16,317 - Timer - INFO - Elapsed time: 0 h 12 m 39 s
2024-11-06 12:26:17,322 - Timer - INFO - Elapsed time: 0 h 12 m 40 s
2024-11-06 12:26:18,327 - Timer - INFO - Elapsed time: 0 h 12 m 41 s
2024-11-06 12:26:19,333 - Timer - INFO - Elapsed time: 0 h 12 m 42 s
2024-11-06 12:26:20,338 - Timer - INFO - Elapsed time: 0 h 12 m 43 s
2024-11-06 12:26:21,344 - Timer - INFO - Elapsed time: 0 h 12 m 44 s
2024-11-06 12:26:22,350 - Timer - INFO - Elapsed time: 0 h 12 m 45 s
2024-11-06 12:26:23,355 - Timer - INFO - Elapsed time: 0 h 12 m 46 s
2024-11-06 12:26:24,361 - Timer - INFO - Elapsed time: 0 h 12 m 47 s
2024-11-06 12:26:25,366 - Timer - INFO - Elapsed time: 0 h 12 m 48 s
2024-11-06 12:26:26,372 - Timer - INFO - Elapsed time: 0 h 12 m 49 s
2024-11-06 12:26:27,377 - Timer - INFO - Elapsed time: 0 h 12 m 50 s
2024-11-06 12:26:28,383 - Timer - INFO - Elapsed time: 0 h 12 m 51 s
2024-11-06 12:26:29,388 - Timer - INFO - Elapsed time: 0 h 12 m 52 s
2024-11-06 12:26:30,394 - Timer - INFO - Elapsed time: 0 h 12 m 53 s
2024-11-06 12:26:31,399 - Timer - INFO - Elapsed time: 0 h 12 m 54 s
2024-11-06 12:26:32,405 - Timer - INFO - Elapsed time: 0 h 12 m 55 s
2024-11-06 12:26:33,410 - Timer - INFO - Elapsed time: 0 h 12 m 56 s
2024-11-06 12:26:34,416 - Timer - INFO - Elapsed time: 0 h 12 m 57 s
2024-11-06 12:26:35,422 - Timer - INFO - Elapsed time: 0 h 12 m 58 s
2024-11-06 12:26:36,427 - Timer - INFO - Elapsed time: 0 h 12 m 59 s
2024-11-06 12:26:37,433 - Timer - INFO - Elapsed time: 0 h 13 m 0 s
2024-11-06 12:26:38,438 - Timer - INFO - Elapsed time: 0 h 13 m 1 s
2024-11-06 12:26:39,444 - Timer - INFO - Elapsed time: 0 h 13 m 2 s
2024-11-06 12:26:40,449 - Timer - INFO - Elapsed time: 0 h 13 m 3 s
2024-11-06 12:26:41,455 - Timer - INFO - Elapsed time: 0 h 13 m 4 s
2024-11-06 12:26:42,460 - Timer - INFO - Elapsed time: 0 h 13 m 5 s
2024-11-06 12:26:43,466 - Timer - INFO - Elapsed time: 0 h 13 m 6 s
2024-11-06 12:26:44,472 - Timer - INFO - Elapsed time: 0 h 13 m 7 s
2024-11-06 12:26:45,477 - Timer - INFO - Elapsed time: 0 h 13 m 8 s
2024-11-06 12:26:46,482 - Timer - INFO - Elapsed time: 0 h 13 m 9 s
2024-11-06 12:26:47,485 - Timer - INFO - Elapsed time: 0 h 13 m 10 s
2024-11-06 12:26:48,491 - Timer - INFO - Elapsed time: 0 h 13 m 11 s
2024-11-06 12:26:49,496 - Timer - INFO - Elapsed time: 0 h 13 m 12 s
2024-11-06 12:26:50,502 - Timer - INFO - Elapsed time: 0 h 13 m 13 s
2024-11-06 12:26:51,507 - Timer - INFO - Elapsed time: 0 h 13 m 14 s
2024-11-06 12:26:52,513 - Timer - INFO - Elapsed time: 0 h 13 m 15 s
2024-11-06 12:26:53,519 - Timer - INFO - Elapsed time: 0 h 13 m 16 s
2024-11-06 12:26:54,524 - Timer - INFO - Elapsed time: 0 h 13 m 17 s
2024-11-06 12:26:55,530 - Timer - INFO - Elapsed time: 0 h 13 m 18 s
2024-11-06 12:26:56,535 - Timer - INFO - Elapsed time: 0 h 13 m 19 s
2024-11-06 12:26:57,541 - Timer - INFO - Elapsed time: 0 h 13 m 20 s
2024-11-06 12:26:58,546 - Timer - INFO - Elapsed time: 0 h 13 m 21 s
2024-11-06 12:26:59,548 - Timer - INFO - Elapsed time: 0 h 13 m 22 s
2024-11-06 12:27:00,552 - Timer - INFO - Elapsed time: 0 h 13 m 23 s
2024-11-06 12:27:01,553 - Timer - INFO - Elapsed time: 0 h 13 m 24 s
2024-11-06 12:27:02,559 - Timer - INFO - Elapsed time: 0 h 13 m 25 s
2024-11-06 12:27:03,564 - Timer - INFO - Elapsed time: 0 h 13 m 26 s
2024-11-06 12:27:04,570 - Timer - INFO - Elapsed time: 0 h 13 m 27 s
2024-11-06 12:27:05,575 - Timer - INFO - Elapsed time: 0 h 13 m 28 s
2024-11-06 12:27:06,581 - Timer - INFO - Elapsed time: 0 h 13 m 29 s
2024-11-06 12:27:07,587 - Timer - INFO - Elapsed time: 0 h 13 m 30 s
2024-11-06 12:27:08,592 - Timer - INFO - Elapsed time: 0 h 13 m 31 s
2024-11-06 12:27:09,597 - Timer - INFO - Elapsed time: 0 h 13 m 32 s
2024-11-06 12:27:10,603 - Timer - INFO - Elapsed time: 0 h 13 m 33 s
2024-11-06 12:27:11,606 - Timer - INFO - Elapsed time: 0 h 13 m 34 s
2024-11-06 12:27:12,611 - Timer - INFO - Elapsed time: 0 h 13 m 35 s
2024-11-06 12:27:13,614 - Timer - INFO - Elapsed time: 0 h 13 m 36 s
2024-11-06 12:27:14,620 - Timer - INFO - Elapsed time: 0 h 13 m 37 s
2024-11-06 12:27:15,625 - Timer - INFO - Elapsed time: 0 h 13 m 38 s
2024-11-06 12:27:16,628 - Timer - INFO - Elapsed time: 0 h 13 m 39 s
2024-11-06 12:27:17,633 - Timer - INFO - Elapsed time: 0 h 13 m 40 s
2024-11-06 12:27:18,639 - Timer - INFO - Elapsed time: 0 h 13 m 41 s
2024-11-06 12:27:19,642 - Timer - INFO - Elapsed time: 0 h 13 m 42 s
2024-11-06 12:27:20,648 - Timer - INFO - Elapsed time: 0 h 13 m 43 s
2024-11-06 12:27:21,654 - Timer - INFO - Elapsed time: 0 h 13 m 44 s
2024-11-06 12:27:22,655 - Timer - INFO - Elapsed time: 0 h 13 m 45 s
2024-11-06 12:27:23,660 - Timer - INFO - Elapsed time: 0 h 13 m 46 s
2024-11-06 12:27:24,666 - Timer - INFO - Elapsed time: 0 h 13 m 47 s
2024-11-06 12:27:25,671 - Timer - INFO - Elapsed time: 0 h 13 m 48 s
2024-11-06 12:27:26,676 - Timer - INFO - Elapsed time: 0 h 13 m 49 s
2024-11-06 12:27:27,682 - Timer - INFO - Elapsed time: 0 h 13 m 50 s
2024-11-06 12:27:28,687 - Timer - INFO - Elapsed time: 0 h 13 m 51 s
2024-11-06 12:27:29,693 - Timer - INFO - Elapsed time: 0 h 13 m 52 s
2024-11-06 12:27:30,698 - Timer - INFO - Elapsed time: 0 h 13 m 53 s
2024-11-06 12:27:31,704 - Timer - INFO - Elapsed time: 0 h 13 m 54 s
2024-11-06 12:27:32,709 - Timer - INFO - Elapsed time: 0 h 13 m 55 s
2024-11-06 12:27:33,715 - Timer - INFO - Elapsed time: 0 h 13 m 56 s
2024-11-06 12:27:34,720 - Timer - INFO - Elapsed time: 0 h 13 m 57 s
2024-11-06 12:27:35,726 - Timer - INFO - Elapsed time: 0 h 13 m 58 s
2024-11-06 12:27:36,731 - Timer - INFO - Elapsed time: 0 h 13 m 59 s
2024-11-06 12:27:37,736 - Timer - INFO - Elapsed time: 0 h 14 m 0 s
2024-11-06 12:27:38,742 - Timer - INFO - Elapsed time: 0 h 14 m 1 s
2024-11-06 12:27:39,748 - Timer - INFO - Elapsed time: 0 h 14 m 2 s
2024-11-06 12:27:40,753 - Timer - INFO - Elapsed time: 0 h 14 m 3 s
2024-11-06 12:27:41,758 - Timer - INFO - Elapsed time: 0 h 14 m 4 s
2024-11-06 12:27:42,764 - Timer - INFO - Elapsed time: 0 h 14 m 5 s
2024-11-06 12:27:43,769 - Timer - INFO - Elapsed time: 0 h 14 m 6 s
2024-11-06 12:27:44,775 - Timer - INFO - Elapsed time: 0 h 14 m 7 s
2024-11-06 12:27:45,780 - Timer - INFO - Elapsed time: 0 h 14 m 8 s
2024-11-06 12:27:46,786 - Timer - INFO - Elapsed time: 0 h 14 m 9 s
2024-11-06 12:27:47,792 - Timer - INFO - Elapsed time: 0 h 14 m 10 s
2024-11-06 12:27:48,797 - Timer - INFO - Elapsed time: 0 h 14 m 11 s
2024-11-06 12:27:49,802 - Timer - INFO - Elapsed time: 0 h 14 m 12 s
2024-11-06 12:27:50,808 - Timer - INFO - Elapsed time: 0 h 14 m 13 s
2024-11-06 12:27:51,814 - Timer - INFO - Elapsed time: 0 h 14 m 14 s
2024-11-06 12:27:52,819 - Timer - INFO - Elapsed time: 0 h 14 m 15 s
2024-11-06 12:27:53,821 - Timer - INFO - Elapsed time: 0 h 14 m 16 s
2024-11-06 12:27:54,826 - Timer - INFO - Elapsed time: 0 h 14 m 17 s
2024-11-06 12:27:55,832 - Timer - INFO - Elapsed time: 0 h 14 m 18 s
2024-11-06 12:27:56,837 - Timer - INFO - Elapsed time: 0 h 14 m 19 s
2024-11-06 12:27:57,843 - Timer - INFO - Elapsed time: 0 h 14 m 20 s
2024-11-06 12:27:58,848 - Timer - INFO - Elapsed time: 0 h 14 m 21 s
2024-11-06 12:27:59,854 - Timer - INFO - Elapsed time: 0 h 14 m 22 s
2024-11-06 12:28:00,859 - Timer - INFO - Elapsed time: 0 h 14 m 23 s
2024-11-06 12:28:01,865 - Timer - INFO - Elapsed time: 0 h 14 m 24 s
2024-11-06 12:28:02,870 - Timer - INFO - Elapsed time: 0 h 14 m 25 s
2024-11-06 12:28:03,876 - Timer - INFO - Elapsed time: 0 h 14 m 26 s
2024-11-06 12:28:04,881 - Timer - INFO - Elapsed time: 0 h 14 m 27 s
2024-11-06 12:28:05,887 - Timer - INFO - Elapsed time: 0 h 14 m 28 s
2024-11-06 12:28:06,892 - Timer - INFO - Elapsed time: 0 h 14 m 29 s
2024-11-06 12:28:07,898 - Timer - INFO - Elapsed time: 0 h 14 m 30 s
2024-11-06 12:28:08,903 - Timer - INFO - Elapsed time: 0 h 14 m 31 s
2024-11-06 12:28:09,909 - Timer - INFO - Elapsed time: 0 h 14 m 32 s
2024-11-06 12:28:10,914 - Timer - INFO - Elapsed time: 0 h 14 m 33 s
2024-11-06 12:28:11,920 - Timer - INFO - Elapsed time: 0 h 14 m 34 s
2024-11-06 12:28:12,925 - Timer - INFO - Elapsed time: 0 h 14 m 35 s
2024-11-06 12:28:13,931 - Timer - INFO - Elapsed time: 0 h 14 m 36 s
2024-11-06 12:28:14,937 - Timer - INFO - Elapsed time: 0 h 14 m 37 s
2024-11-06 12:28:15,942 - Timer - INFO - Elapsed time: 0 h 14 m 38 s
2024-11-06 12:28:16,948 - Timer - INFO - Elapsed time: 0 h 14 m 39 s
2024-11-06 12:28:17,953 - Timer - INFO - Elapsed time: 0 h 14 m 40 s
2024-11-06 12:28:18,959 - Timer - INFO - Elapsed time: 0 h 14 m 41 s
2024-11-06 12:28:19,964 - Timer - INFO - Elapsed time: 0 h 14 m 42 s
2024-11-06 12:28:20,970 - Timer - INFO - Elapsed time: 0 h 14 m 43 s
2024-11-06 12:28:21,976 - Timer - INFO - Elapsed time: 0 h 14 m 44 s
2024-11-06 12:28:22,981 - Timer - INFO - Elapsed time: 0 h 14 m 45 s
2024-11-06 12:28:23,986 - Timer - INFO - Elapsed time: 0 h 14 m 46 s
2024-11-06 12:28:24,992 - Timer - INFO - Elapsed time: 0 h 14 m 47 s
2024-11-06 12:28:25,997 - Timer - INFO - Elapsed time: 0 h 14 m 48 s
2024-11-06 12:28:27,003 - Timer - INFO - Elapsed time: 0 h 14 m 49 s
2024-11-06 12:28:28,008 - Timer - INFO - Elapsed time: 0 h 14 m 50 s
2024-11-06 12:28:29,014 - Timer - INFO - Elapsed time: 0 h 14 m 51 s
2024-11-06 12:28:30,020 - Timer - INFO - Elapsed time: 0 h 14 m 52 s
2024-11-06 12:28:31,025 - Timer - INFO - Elapsed time: 0 h 14 m 53 s
2024-11-06 12:28:32,031 - Timer - INFO - Elapsed time: 0 h 14 m 54 s
2024-11-06 12:28:33,036 - Timer - INFO - Elapsed time: 0 h 14 m 55 s
2024-11-06 12:28:34,042 - Timer - INFO - Elapsed time: 0 h 14 m 56 s
2024-11-06 12:28:35,042 - Timer - INFO - Elapsed time: 0 h 14 m 57 s
2024-11-06 12:28:36,048 - Timer - INFO - Elapsed time: 0 h 14 m 58 s
2024-11-06 12:28:37,054 - Timer - INFO - Elapsed time: 0 h 14 m 59 s
2024-11-06 12:28:38,059 - Timer - INFO - Elapsed time: 0 h 15 m 0 s
2024-11-06 12:28:39,065 - Timer - INFO - Elapsed time: 0 h 15 m 1 s
2024-11-06 12:28:40,070 - Timer - INFO - Elapsed time: 0 h 15 m 2 s
2024-11-06 12:28:41,076 - Timer - INFO - Elapsed time: 0 h 15 m 3 s
2024-11-06 12:28:42,081 - Timer - INFO - Elapsed time: 0 h 15 m 4 s
2024-11-06 12:28:43,087 - Timer - INFO - Elapsed time: 0 h 15 m 5 s
2024-11-06 12:28:44,092 - Timer - INFO - Elapsed time: 0 h 15 m 6 s
2024-11-06 12:28:45,098 - Timer - INFO - Elapsed time: 0 h 15 m 7 s
2024-11-06 12:28:46,103 - Timer - INFO - Elapsed time: 0 h 15 m 8 s
2024-11-06 12:28:47,109 - Timer - INFO - Elapsed time: 0 h 15 m 9 s
2024-11-06 12:28:48,114 - Timer - INFO - Elapsed time: 0 h 15 m 10 s
2024-11-06 12:28:49,120 - Timer - INFO - Elapsed time: 0 h 15 m 11 s
2024-11-06 12:28:50,126 - Timer - INFO - Elapsed time: 0 h 15 m 12 s
2024-11-06 12:28:51,131 - Timer - INFO - Elapsed time: 0 h 15 m 13 s
2024-11-06 12:28:52,137 - Timer - INFO - Elapsed time: 0 h 15 m 14 s
2024-11-06 12:28:53,142 - Timer - INFO - Elapsed time: 0 h 15 m 15 s
2024-11-06 12:28:54,148 - Timer - INFO - Elapsed time: 0 h 15 m 16 s
2024-11-06 12:28:55,154 - Timer - INFO - Elapsed time: 0 h 15 m 17 s
2024-11-06 12:28:56,159 - Timer - INFO - Elapsed time: 0 h 15 m 18 s
2024-11-06 12:28:57,163 - Timer - INFO - Elapsed time: 0 h 15 m 19 s
2024-11-06 12:28:58,169 - Timer - INFO - Elapsed time: 0 h 15 m 20 s
2024-11-06 12:28:59,174 - Timer - INFO - Elapsed time: 0 h 15 m 21 s
2024-11-06 12:29:00,180 - Timer - INFO - Elapsed time: 0 h 15 m 22 s
2024-11-06 12:29:01,185 - Timer - INFO - Elapsed time: 0 h 15 m 23 s
2024-11-06 12:29:02,191 - Timer - INFO - Elapsed time: 0 h 15 m 24 s
2024-11-06 12:29:03,197 - Timer - INFO - Elapsed time: 0 h 15 m 25 s
2024-11-06 12:29:04,202 - Timer - INFO - Elapsed time: 0 h 15 m 26 s
2024-11-06 12:29:05,208 - Timer - INFO - Elapsed time: 0 h 15 m 27 s
2024-11-06 12:29:06,213 - Timer - INFO - Elapsed time: 0 h 15 m 28 s
2024-11-06 12:29:07,219 - Timer - INFO - Elapsed time: 0 h 15 m 29 s
2024-11-06 12:29:08,224 - Timer - INFO - Elapsed time: 0 h 15 m 30 s
2024-11-06 12:29:09,230 - Timer - INFO - Elapsed time: 0 h 15 m 31 s
2024-11-06 12:29:10,235 - Timer - INFO - Elapsed time: 0 h 15 m 33 s
2024-11-06 12:29:11,241 - Timer - INFO - Elapsed time: 0 h 15 m 34 s
2024-11-06 12:29:12,246 - Timer - INFO - Elapsed time: 0 h 15 m 35 s
2024-11-06 12:29:13,252 - Timer - INFO - Elapsed time: 0 h 15 m 36 s
2024-11-06 12:29:14,257 - Timer - INFO - Elapsed time: 0 h 15 m 37 s
2024-11-06 12:29:15,263 - Timer - INFO - Elapsed time: 0 h 15 m 38 s
2024-11-06 12:29:16,268 - Timer - INFO - Elapsed time: 0 h 15 m 39 s
2024-11-06 12:29:17,274 - Timer - INFO - Elapsed time: 0 h 15 m 40 s
2024-11-06 12:29:18,279 - Timer - INFO - Elapsed time: 0 h 15 m 41 s
2024-11-06 12:29:19,285 - Timer - INFO - Elapsed time: 0 h 15 m 42 s
2024-11-06 12:29:20,291 - Timer - INFO - Elapsed time: 0 h 15 m 43 s
2024-11-06 12:29:21,296 - Timer - INFO - Elapsed time: 0 h 15 m 44 s
2024-11-06 12:29:22,302 - Timer - INFO - Elapsed time: 0 h 15 m 45 s
2024-11-06 12:29:23,307 - Timer - INFO - Elapsed time: 0 h 15 m 46 s
2024-11-06 12:29:24,310 - Timer - INFO - Elapsed time: 0 h 15 m 47 s
2024-11-06 12:29:25,315 - Timer - INFO - Elapsed time: 0 h 15 m 48 s
2024-11-06 12:29:26,321 - Timer - INFO - Elapsed time: 0 h 15 m 49 s
2024-11-06 12:29:27,326 - Timer - INFO - Elapsed time: 0 h 15 m 50 s
2024-11-06 12:29:28,332 - Timer - INFO - Elapsed time: 0 h 15 m 51 s
2024-11-06 12:29:29,337 - Timer - INFO - Elapsed time: 0 h 15 m 52 s
2024-11-06 12:29:30,343 - Timer - INFO - Elapsed time: 0 h 15 m 53 s
2024-11-06 12:29:31,348 - Timer - INFO - Elapsed time: 0 h 15 m 54 s
2024-11-06 12:29:32,354 - Timer - INFO - Elapsed time: 0 h 15 m 55 s
2024-11-06 12:29:33,360 - Timer - INFO - Elapsed time: 0 h 15 m 56 s
2024-11-06 12:29:34,365 - Timer - INFO - Elapsed time: 0 h 15 m 57 s
2024-11-06 12:29:35,371 - Timer - INFO - Elapsed time: 0 h 15 m 58 s
2024-11-06 12:29:36,376 - Timer - INFO - Elapsed time: 0 h 15 m 59 s
2024-11-06 12:29:37,382 - Timer - INFO - Elapsed time: 0 h 16 m 0 s
2024-11-06 12:29:38,387 - Timer - INFO - Elapsed time: 0 h 16 m 1 s
2024-11-06 12:29:39,393 - Timer - INFO - Elapsed time: 0 h 16 m 2 s
2024-11-06 12:29:40,399 - Timer - INFO - Elapsed time: 0 h 16 m 3 s
2024-11-06 12:29:41,404 - Timer - INFO - Elapsed time: 0 h 16 m 4 s
2024-11-06 12:29:42,410 - Timer - INFO - Elapsed time: 0 h 16 m 5 s
2024-11-06 12:29:43,415 - Timer - INFO - Elapsed time: 0 h 16 m 6 s
2024-11-06 12:29:44,421 - Timer - INFO - Elapsed time: 0 h 16 m 7 s
2024-11-06 12:29:45,426 - Timer - INFO - Elapsed time: 0 h 16 m 8 s
2024-11-06 12:29:46,432 - Timer - INFO - Elapsed time: 0 h 16 m 9 s
2024-11-06 12:29:47,437 - Timer - INFO - Elapsed time: 0 h 16 m 10 s
2024-11-06 12:29:48,443 - Timer - INFO - Elapsed time: 0 h 16 m 11 s
2024-11-06 12:29:49,448 - Timer - INFO - Elapsed time: 0 h 16 m 12 s
2024-11-06 12:29:50,454 - Timer - INFO - Elapsed time: 0 h 16 m 13 s
2024-11-06 12:29:51,459 - Timer - INFO - Elapsed time: 0 h 16 m 14 s
2024-11-06 12:29:52,465 - Timer - INFO - Elapsed time: 0 h 16 m 15 s
2024-11-06 12:29:53,470 - Timer - INFO - Elapsed time: 0 h 16 m 16 s
2024-11-06 12:29:54,476 - Timer - INFO - Elapsed time: 0 h 16 m 17 s
2024-11-06 12:29:55,482 - Timer - INFO - Elapsed time: 0 h 16 m 18 s
2024-11-06 12:29:56,487 - Timer - INFO - Elapsed time: 0 h 16 m 19 s
2024-11-06 12:29:57,493 - Timer - INFO - Elapsed time: 0 h 16 m 20 s
2024-11-06 12:29:58,498 - Timer - INFO - Elapsed time: 0 h 16 m 21 s
2024-11-06 12:29:59,504 - Timer - INFO - Elapsed time: 0 h 16 m 22 s
2024-11-06 12:30:00,506 - Timer - INFO - Elapsed time: 0 h 16 m 23 s
2024-11-06 12:30:01,511 - Timer - INFO - Elapsed time: 0 h 16 m 24 s
2024-11-06 12:30:02,517 - Timer - INFO - Elapsed time: 0 h 16 m 25 s
2024-11-06 12:30:03,522 - Timer - INFO - Elapsed time: 0 h 16 m 26 s
2024-11-06 12:30:04,528 - Timer - INFO - Elapsed time: 0 h 16 m 27 s
2024-11-06 12:30:05,533 - Timer - INFO - Elapsed time: 0 h 16 m 28 s
2024-11-06 12:30:06,539 - Timer - INFO - Elapsed time: 0 h 16 m 29 s
2024-11-06 12:30:07,544 - Timer - INFO - Elapsed time: 0 h 16 m 30 s
2024-11-06 12:30:08,550 - Timer - INFO - Elapsed time: 0 h 16 m 31 s
2024-11-06 12:30:09,555 - Timer - INFO - Elapsed time: 0 h 16 m 32 s
2024-11-06 12:30:10,561 - Timer - INFO - Elapsed time: 0 h 16 m 33 s
2024-11-06 12:30:11,566 - Timer - INFO - Elapsed time: 0 h 16 m 34 s
2024-11-06 12:30:12,572 - Timer - INFO - Elapsed time: 0 h 16 m 35 s
2024-11-06 12:30:13,578 - Timer - INFO - Elapsed time: 0 h 16 m 36 s
2024-11-06 12:30:14,583 - Timer - INFO - Elapsed time: 0 h 16 m 37 s
2024-11-06 12:30:15,589 - Timer - INFO - Elapsed time: 0 h 16 m 38 s
2024-11-06 12:30:16,595 - Timer - INFO - Elapsed time: 0 h 16 m 39 s
2024-11-06 12:30:17,600 - Timer - INFO - Elapsed time: 0 h 16 m 40 s
2024-11-06 12:30:18,606 - Timer - INFO - Elapsed time: 0 h 16 m 41 s
2024-11-06 12:30:19,611 - Timer - INFO - Elapsed time: 0 h 16 m 42 s
2024-11-06 12:30:20,617 - Timer - INFO - Elapsed time: 0 h 16 m 43 s
2024-11-06 12:30:21,623 - Timer - INFO - Elapsed time: 0 h 16 m 44 s
2024-11-06 12:30:22,628 - Timer - INFO - Elapsed time: 0 h 16 m 45 s
2024-11-06 12:30:23,634 - Timer - INFO - Elapsed time: 0 h 16 m 46 s
2024-11-06 12:30:24,639 - Timer - INFO - Elapsed time: 0 h 16 m 47 s
2024-11-06 12:30:25,645 - Timer - INFO - Elapsed time: 0 h 16 m 48 s
2024-11-06 12:30:26,650 - Timer - INFO - Elapsed time: 0 h 16 m 49 s
2024-11-06 12:30:27,656 - Timer - INFO - Elapsed time: 0 h 16 m 50 s
2024-11-06 12:30:28,662 - Timer - INFO - Elapsed time: 0 h 16 m 51 s
2024-11-06 12:30:29,667 - Timer - INFO - Elapsed time: 0 h 16 m 52 s
2024-11-06 12:30:30,673 - Timer - INFO - Elapsed time: 0 h 16 m 53 s
2024-11-06 12:30:31,678 - Timer - INFO - Elapsed time: 0 h 16 m 54 s
2024-11-06 12:30:32,684 - Timer - INFO - Elapsed time: 0 h 16 m 55 s
2024-11-06 12:30:33,689 - Timer - INFO - Elapsed time: 0 h 16 m 56 s
2024-11-06 12:30:34,695 - Timer - INFO - Elapsed time: 0 h 16 m 57 s
2024-11-06 12:30:35,700 - Timer - INFO - Elapsed time: 0 h 16 m 58 s
2024-11-06 12:30:36,706 - Timer - INFO - Elapsed time: 0 h 16 m 59 s
2024-11-06 12:30:37,712 - Timer - INFO - Elapsed time: 0 h 17 m 0 s
2024-11-06 12:30:38,717 - Timer - INFO - Elapsed time: 0 h 17 m 1 s
2024-11-06 12:30:39,719 - Timer - INFO - Elapsed time: 0 h 17 m 2 s
2024-11-06 12:30:40,725 - Timer - INFO - Elapsed time: 0 h 17 m 3 s
2024-11-06 12:30:41,730 - Timer - INFO - Elapsed time: 0 h 17 m 4 s
2024-11-06 12:30:42,736 - Timer - INFO - Elapsed time: 0 h 17 m 5 s
2024-11-06 12:30:43,739 - Timer - INFO - Elapsed time: 0 h 17 m 6 s
2024-11-06 12:30:44,744 - Timer - INFO - Elapsed time: 0 h 17 m 7 s
2024-11-06 12:30:45,750 - Timer - INFO - Elapsed time: 0 h 17 m 8 s
2024-11-06 12:30:46,755 - Timer - INFO - Elapsed time: 0 h 17 m 9 s
2024-11-06 12:30:47,761 - Timer - INFO - Elapsed time: 0 h 17 m 10 s
2024-11-06 12:30:48,766 - Timer - INFO - Elapsed time: 0 h 17 m 11 s
2024-11-06 12:30:49,772 - Timer - INFO - Elapsed time: 0 h 17 m 12 s
2024-11-06 12:30:50,777 - Timer - INFO - Elapsed time: 0 h 17 m 13 s
2024-11-06 12:30:51,782 - Timer - INFO - Elapsed time: 0 h 17 m 14 s
2024-11-06 12:30:52,788 - Timer - INFO - Elapsed time: 0 h 17 m 15 s
2024-11-06 12:30:53,794 - Timer - INFO - Elapsed time: 0 h 17 m 16 s
2024-11-06 12:30:54,799 - Timer - INFO - Elapsed time: 0 h 17 m 17 s
2024-11-06 12:30:55,801 - Timer - INFO - Elapsed time: 0 h 17 m 18 s
2024-11-06 12:30:56,806 - Timer - INFO - Elapsed time: 0 h 17 m 19 s
2024-11-06 12:30:57,812 - Timer - INFO - Elapsed time: 0 h 17 m 20 s
2024-11-06 12:30:58,817 - Timer - INFO - Elapsed time: 0 h 17 m 21 s
2024-11-06 12:30:59,823 - Timer - INFO - Elapsed time: 0 h 17 m 22 s
2024-11-06 12:31:00,828 - Timer - INFO - Elapsed time: 0 h 17 m 23 s
2024-11-06 12:31:01,834 - Timer - INFO - Elapsed time: 0 h 17 m 24 s
2024-11-06 12:31:02,839 - Timer - INFO - Elapsed time: 0 h 17 m 25 s
2024-11-06 12:31:03,845 - Timer - INFO - Elapsed time: 0 h 17 m 26 s
2024-11-06 12:31:04,850 - Timer - INFO - Elapsed time: 0 h 17 m 27 s
2024-11-06 12:31:05,855 - Timer - INFO - Elapsed time: 0 h 17 m 28 s
2024-11-06 12:31:06,861 - Timer - INFO - Elapsed time: 0 h 17 m 29 s
2024-11-06 12:31:07,866 - Timer - INFO - Elapsed time: 0 h 17 m 30 s
2024-11-06 12:31:08,869 - Timer - INFO - Elapsed time: 0 h 17 m 31 s
2024-11-06 12:31:09,874 - Timer - INFO - Elapsed time: 0 h 17 m 32 s
2024-11-06 12:31:10,880 - Timer - INFO - Elapsed time: 0 h 17 m 33 s
2024-11-06 12:31:11,883 - Timer - INFO - Elapsed time: 0 h 17 m 34 s
2024-11-06 12:31:12,889 - Timer - INFO - Elapsed time: 0 h 17 m 35 s
2024-11-06 12:31:13,894 - Timer - INFO - Elapsed time: 0 h 17 m 36 s
2024-11-06 12:31:14,900 - Timer - INFO - Elapsed time: 0 h 17 m 37 s
2024-11-06 12:31:15,905 - Timer - INFO - Elapsed time: 0 h 17 m 38 s
2024-11-06 12:31:16,911 - Timer - INFO - Elapsed time: 0 h 17 m 39 s
2024-11-06 12:31:17,916 - Timer - INFO - Elapsed time: 0 h 17 m 40 s
2024-11-06 12:31:18,922 - Timer - INFO - Elapsed time: 0 h 17 m 41 s
2024-11-06 12:31:19,927 - Timer - INFO - Elapsed time: 0 h 17 m 42 s
2024-11-06 12:31:20,933 - Timer - INFO - Elapsed time: 0 h 17 m 43 s
2024-11-06 12:31:21,938 - Timer - INFO - Elapsed time: 0 h 17 m 44 s
2024-11-06 12:31:22,944 - Timer - INFO - Elapsed time: 0 h 17 m 45 s
2024-11-06 12:31:23,949 - Timer - INFO - Elapsed time: 0 h 17 m 46 s
2024-11-06 12:31:24,955 - Timer - INFO - Elapsed time: 0 h 17 m 47 s
2024-11-06 12:31:25,960 - Timer - INFO - Elapsed time: 0 h 17 m 48 s
2024-11-06 12:31:26,966 - Timer - INFO - Elapsed time: 0 h 17 m 49 s
2024-11-06 12:31:27,971 - Timer - INFO - Elapsed time: 0 h 17 m 50 s
2024-11-06 12:31:28,977 - Timer - INFO - Elapsed time: 0 h 17 m 51 s
2024-11-06 12:31:29,982 - Timer - INFO - Elapsed time: 0 h 17 m 52 s
2024-11-06 12:31:30,988 - Timer - INFO - Elapsed time: 0 h 17 m 53 s
2024-11-06 12:31:31,994 - Timer - INFO - Elapsed time: 0 h 17 m 54 s
2024-11-06 12:31:32,999 - Timer - INFO - Elapsed time: 0 h 17 m 55 s
2024-11-06 12:31:34,005 - Timer - INFO - Elapsed time: 0 h 17 m 56 s
2024-11-06 12:31:35,010 - Timer - INFO - Elapsed time: 0 h 17 m 57 s
2024-11-06 12:31:36,016 - Timer - INFO - Elapsed time: 0 h 17 m 58 s
2024-11-06 12:31:37,021 - Timer - INFO - Elapsed time: 0 h 17 m 59 s
2024-11-06 12:31:38,027 - Timer - INFO - Elapsed time: 0 h 18 m 0 s
2024-11-06 12:31:39,032 - Timer - INFO - Elapsed time: 0 h 18 m 1 s
2024-11-06 12:31:40,038 - Timer - INFO - Elapsed time: 0 h 18 m 2 s
2024-11-06 12:31:41,043 - Timer - INFO - Elapsed time: 0 h 18 m 3 s
2024-11-06 12:31:42,048 - Timer - INFO - Elapsed time: 0 h 18 m 4 s
2024-11-06 12:31:43,054 - Timer - INFO - Elapsed time: 0 h 18 m 5 s
2024-11-06 12:31:44,059 - Timer - INFO - Elapsed time: 0 h 18 m 6 s
2024-11-06 12:31:45,064 - Timer - INFO - Elapsed time: 0 h 18 m 7 s
2024-11-06 12:31:46,070 - Timer - INFO - Elapsed time: 0 h 18 m 8 s
2024-11-06 12:31:47,075 - Timer - INFO - Elapsed time: 0 h 18 m 9 s
2024-11-06 12:31:48,081 - Timer - INFO - Elapsed time: 0 h 18 m 10 s
2024-11-06 12:31:49,086 - Timer - INFO - Elapsed time: 0 h 18 m 11 s
2024-11-06 12:31:50,092 - Timer - INFO - Elapsed time: 0 h 18 m 12 s
2024-11-06 12:31:51,097 - Timer - INFO - Elapsed time: 0 h 18 m 13 s
2024-11-06 12:31:52,103 - Timer - INFO - Elapsed time: 0 h 18 m 14 s
2024-11-06 12:31:53,108 - Timer - INFO - Elapsed time: 0 h 18 m 15 s
2024-11-06 12:31:54,114 - Timer - INFO - Elapsed time: 0 h 18 m 16 s
2024-11-06 12:31:55,120 - Timer - INFO - Elapsed time: 0 h 18 m 17 s
2024-11-06 12:31:56,125 - Timer - INFO - Elapsed time: 0 h 18 m 18 s
2024-11-06 12:31:57,131 - Timer - INFO - Elapsed time: 0 h 18 m 19 s
2024-11-06 12:31:58,136 - Timer - INFO - Elapsed time: 0 h 18 m 20 s
2024-11-06 12:31:59,142 - Timer - INFO - Elapsed time: 0 h 18 m 21 s
2024-11-06 12:32:00,147 - Timer - INFO - Elapsed time: 0 h 18 m 22 s
2024-11-06 12:32:01,153 - Timer - INFO - Elapsed time: 0 h 18 m 23 s
2024-11-06 12:32:02,158 - Timer - INFO - Elapsed time: 0 h 18 m 24 s
2024-11-06 12:32:03,164 - Timer - INFO - Elapsed time: 0 h 18 m 25 s
2024-11-06 12:32:04,169 - Timer - INFO - Elapsed time: 0 h 18 m 26 s
2024-11-06 12:32:05,175 - Timer - INFO - Elapsed time: 0 h 18 m 27 s
2024-11-06 12:32:06,180 - Timer - INFO - Elapsed time: 0 h 18 m 28 s
2024-11-06 12:32:07,186 - Timer - INFO - Elapsed time: 0 h 18 m 29 s
2024-11-06 12:32:08,191 - Timer - INFO - Elapsed time: 0 h 18 m 30 s
2024-11-06 12:32:09,197 - Timer - INFO - Elapsed time: 0 h 18 m 31 s
2024-11-06 12:32:10,203 - Timer - INFO - Elapsed time: 0 h 18 m 32 s
2024-11-06 12:32:11,208 - Timer - INFO - Elapsed time: 0 h 18 m 33 s
2024-11-06 12:32:12,214 - Timer - INFO - Elapsed time: 0 h 18 m 34 s
2024-11-06 12:32:13,219 - Timer - INFO - Elapsed time: 0 h 18 m 35 s
2024-11-06 12:32:14,225 - Timer - INFO - Elapsed time: 0 h 18 m 36 s
2024-11-06 12:32:15,230 - Timer - INFO - Elapsed time: 0 h 18 m 37 s
2024-11-06 12:32:16,236 - Timer - INFO - Elapsed time: 0 h 18 m 39 s
2024-11-06 12:32:17,241 - Timer - INFO - Elapsed time: 0 h 18 m 40 s
2024-11-06 12:32:18,246 - Timer - INFO - Elapsed time: 0 h 18 m 41 s
2024-11-06 12:32:19,252 - Timer - INFO - Elapsed time: 0 h 18 m 42 s
2024-11-06 12:32:20,258 - Timer - INFO - Elapsed time: 0 h 18 m 43 s
2024-11-06 12:32:21,263 - Timer - INFO - Elapsed time: 0 h 18 m 44 s
2024-11-06 12:32:22,268 - Timer - INFO - Elapsed time: 0 h 18 m 45 s
2024-11-06 12:32:23,274 - Timer - INFO - Elapsed time: 0 h 18 m 46 s
2024-11-06 12:32:24,279 - Timer - INFO - Elapsed time: 0 h 18 m 47 s
2024-11-06 12:32:25,285 - Timer - INFO - Elapsed time: 0 h 18 m 48 s
2024-11-06 12:32:26,290 - Timer - INFO - Elapsed time: 0 h 18 m 49 s
2024-11-06 12:32:27,296 - Timer - INFO - Elapsed time: 0 h 18 m 50 s
2024-11-06 12:32:28,301 - Timer - INFO - Elapsed time: 0 h 18 m 51 s
2024-11-06 12:32:29,307 - Timer - INFO - Elapsed time: 0 h 18 m 52 s
2024-11-06 12:32:30,312 - Timer - INFO - Elapsed time: 0 h 18 m 53 s
2024-11-06 12:32:31,318 - Timer - INFO - Elapsed time: 0 h 18 m 54 s
2024-11-06 12:32:32,323 - Timer - INFO - Elapsed time: 0 h 18 m 55 s
2024-11-06 12:32:33,329 - Timer - INFO - Elapsed time: 0 h 18 m 56 s
2024-11-06 12:32:34,334 - Timer - INFO - Elapsed time: 0 h 18 m 57 s
2024-11-06 12:32:35,340 - Timer - INFO - Elapsed time: 0 h 18 m 58 s
2024-11-06 12:32:36,345 - Timer - INFO - Elapsed time: 0 h 18 m 59 s
2024-11-06 12:32:37,355 - Timer - INFO - Elapsed time: 0 h 19 m 0 s
2024-11-06 12:32:38,361 - Timer - INFO - Elapsed time: 0 h 19 m 1 s
2024-11-06 12:32:39,366 - Timer - INFO - Elapsed time: 0 h 19 m 2 s
2024-11-06 12:32:40,372 - Timer - INFO - Elapsed time: 0 h 19 m 3 s
2024-11-06 12:32:41,377 - Timer - INFO - Elapsed time: 0 h 19 m 4 s
2024-11-06 12:32:42,383 - Timer - INFO - Elapsed time: 0 h 19 m 5 s
2024-11-06 12:32:43,389 - Timer - INFO - Elapsed time: 0 h 19 m 6 s
2024-11-06 12:32:44,394 - Timer - INFO - Elapsed time: 0 h 19 m 7 s
2024-11-06 12:32:45,400 - Timer - INFO - Elapsed time: 0 h 19 m 8 s
2024-11-06 12:32:46,405 - Timer - INFO - Elapsed time: 0 h 19 m 9 s
2024-11-06 12:32:47,407 - Timer - INFO - Elapsed time: 0 h 19 m 10 s
2024-11-06 12:32:48,413 - Timer - INFO - Elapsed time: 0 h 19 m 11 s
2024-11-06 12:32:49,418 - Timer - INFO - Elapsed time: 0 h 19 m 12 s
2024-11-06 12:32:50,423 - Timer - INFO - Elapsed time: 0 h 19 m 13 s
2024-11-06 12:32:51,428 - Timer - INFO - Elapsed time: 0 h 19 m 14 s
2024-11-06 12:32:52,434 - Timer - INFO - Elapsed time: 0 h 19 m 15 s
2024-11-06 12:32:53,439 - Timer - INFO - Elapsed time: 0 h 19 m 16 s
2024-11-06 12:32:54,445 - Timer - INFO - Elapsed time: 0 h 19 m 17 s
2024-11-06 12:32:55,450 - Timer - INFO - Elapsed time: 0 h 19 m 18 s
2024-11-06 12:32:56,456 - Timer - INFO - Elapsed time: 0 h 19 m 19 s
2024-11-06 12:32:57,461 - Timer - INFO - Elapsed time: 0 h 19 m 20 s
2024-11-06 12:32:58,467 - Timer - INFO - Elapsed time: 0 h 19 m 21 s
2024-11-06 12:32:59,472 - Timer - INFO - Elapsed time: 0 h 19 m 22 s
2024-11-06 12:33:00,478 - Timer - INFO - Elapsed time: 0 h 19 m 23 s
2024-11-06 12:33:01,483 - Timer - INFO - Elapsed time: 0 h 19 m 24 s
2024-11-06 12:33:02,489 - Timer - INFO - Elapsed time: 0 h 19 m 25 s
2024-11-06 12:33:03,494 - Timer - INFO - Elapsed time: 0 h 19 m 26 s
2024-11-06 12:33:04,500 - Timer - INFO - Elapsed time: 0 h 19 m 27 s
2024-11-06 12:33:05,505 - Timer - INFO - Elapsed time: 0 h 19 m 28 s
2024-11-06 12:33:06,509 - Timer - INFO - Elapsed time: 0 h 19 m 29 s
2024-11-06 12:33:07,514 - Timer - INFO - Elapsed time: 0 h 19 m 30 s
2024-11-06 12:33:08,520 - Timer - INFO - Elapsed time: 0 h 19 m 31 s
2024-11-06 12:33:09,526 - Timer - INFO - Elapsed time: 0 h 19 m 32 s
2024-11-06 12:33:10,531 - Timer - INFO - Elapsed time: 0 h 19 m 33 s
2024-11-06 12:33:11,537 - Timer - INFO - Elapsed time: 0 h 19 m 34 s
2024-11-06 12:33:12,542 - Timer - INFO - Elapsed time: 0 h 19 m 35 s
2024-11-06 12:33:13,548 - Timer - INFO - Elapsed time: 0 h 19 m 36 s
2024-11-06 12:33:14,550 - Timer - INFO - Elapsed time: 0 h 19 m 37 s
2024-11-06 12:33:15,556 - Timer - INFO - Elapsed time: 0 h 19 m 38 s
2024-11-06 12:33:16,561 - Timer - INFO - Elapsed time: 0 h 19 m 39 s
2024-11-06 12:33:17,567 - Timer - INFO - Elapsed time: 0 h 19 m 40 s
2024-11-06 12:33:18,572 - Timer - INFO - Elapsed time: 0 h 19 m 41 s
2024-11-06 12:33:19,578 - Timer - INFO - Elapsed time: 0 h 19 m 42 s
2024-11-06 12:33:20,583 - Timer - INFO - Elapsed time: 0 h 19 m 43 s
2024-11-06 12:33:21,589 - Timer - INFO - Elapsed time: 0 h 19 m 44 s
2024-11-06 12:33:22,594 - Timer - INFO - Elapsed time: 0 h 19 m 45 s
2024-11-06 12:33:23,600 - Timer - INFO - Elapsed time: 0 h 19 m 46 s
2024-11-06 12:33:24,606 - Timer - INFO - Elapsed time: 0 h 19 m 47 s
2024-11-06 12:33:25,611 - Timer - INFO - Elapsed time: 0 h 19 m 48 s
2024-11-06 12:33:26,616 - Timer - INFO - Elapsed time: 0 h 19 m 49 s
2024-11-06 12:33:27,622 - Timer - INFO - Elapsed time: 0 h 19 m 50 s
2024-11-06 12:33:28,628 - Timer - INFO - Elapsed time: 0 h 19 m 51 s
2024-11-06 12:33:29,633 - Timer - INFO - Elapsed time: 0 h 19 m 52 s
2024-11-06 12:33:30,639 - Timer - INFO - Elapsed time: 0 h 19 m 53 s
2024-11-06 12:33:31,644 - Timer - INFO - Elapsed time: 0 h 19 m 54 s
2024-11-06 12:33:32,650 - Timer - INFO - Elapsed time: 0 h 19 m 55 s
2024-11-06 12:33:33,655 - Timer - INFO - Elapsed time: 0 h 19 m 56 s
2024-11-06 12:33:34,661 - Timer - INFO - Elapsed time: 0 h 19 m 57 s
2024-11-06 12:33:35,666 - Timer - INFO - Elapsed time: 0 h 19 m 58 s
2024-11-06 12:33:36,672 - Timer - INFO - Elapsed time: 0 h 19 m 59 s
2024-11-06 12:33:37,677 - Timer - INFO - Elapsed time: 0 h 20 m 0 s
2024-11-06 12:33:38,683 - Timer - INFO - Elapsed time: 0 h 20 m 1 s
2024-11-06 12:33:39,688 - Timer - INFO - Elapsed time: 0 h 20 m 2 s
2024-11-06 12:33:40,694 - Timer - INFO - Elapsed time: 0 h 20 m 3 s
2024-11-06 12:33:41,699 - Timer - INFO - Elapsed time: 0 h 20 m 4 s
2024-11-06 12:33:42,705 - Timer - INFO - Elapsed time: 0 h 20 m 5 s
2024-11-06 12:33:43,707 - Timer - INFO - Elapsed time: 0 h 20 m 6 s
2024-11-06 12:33:44,712 - Timer - INFO - Elapsed time: 0 h 20 m 7 s
2024-11-06 12:33:45,718 - Timer - INFO - Elapsed time: 0 h 20 m 8 s
2024-11-06 12:33:46,723 - Timer - INFO - Elapsed time: 0 h 20 m 9 s
2024-11-06 12:33:47,729 - Timer - INFO - Elapsed time: 0 h 20 m 10 s
2024-11-06 12:33:48,734 - Timer - INFO - Elapsed time: 0 h 20 m 11 s
2024-11-06 12:33:49,740 - Timer - INFO - Elapsed time: 0 h 20 m 12 s
2024-11-06 12:33:50,746 - Timer - INFO - Elapsed time: 0 h 20 m 13 s
2024-11-06 12:33:51,751 - Timer - INFO - Elapsed time: 0 h 20 m 14 s
2024-11-06 12:33:52,757 - Timer - INFO - Elapsed time: 0 h 20 m 15 s
2024-11-06 12:33:53,760 - Timer - INFO - Elapsed time: 0 h 20 m 16 s
2024-11-06 12:33:54,766 - Timer - INFO - Elapsed time: 0 h 20 m 17 s
2024-11-06 12:33:55,771 - Timer - INFO - Elapsed time: 0 h 20 m 18 s
2024-11-06 12:33:56,776 - Timer - INFO - Elapsed time: 0 h 20 m 19 s
2024-11-06 12:33:57,782 - Timer - INFO - Elapsed time: 0 h 20 m 20 s
2024-11-06 12:33:58,787 - Timer - INFO - Elapsed time: 0 h 20 m 21 s
2024-11-06 12:33:59,793 - Timer - INFO - Elapsed time: 0 h 20 m 22 s
2024-11-06 12:34:00,798 - Timer - INFO - Elapsed time: 0 h 20 m 23 s
2024-11-06 12:34:01,800 - Timer - INFO - Elapsed time: 0 h 20 m 24 s
2024-11-06 12:34:02,805 - Timer - INFO - Elapsed time: 0 h 20 m 25 s
2024-11-06 12:34:03,811 - Timer - INFO - Elapsed time: 0 h 20 m 26 s
2024-11-06 12:34:04,816 - Timer - INFO - Elapsed time: 0 h 20 m 27 s
2024-11-06 12:34:05,822 - Timer - INFO - Elapsed time: 0 h 20 m 28 s
2024-11-06 12:34:06,828 - Timer - INFO - Elapsed time: 0 h 20 m 29 s
2024-11-06 12:34:07,831 - Timer - INFO - Elapsed time: 0 h 20 m 30 s
2024-11-06 12:34:08,837 - Timer - INFO - Elapsed time: 0 h 20 m 31 s
2024-11-06 12:34:09,842 - Timer - INFO - Elapsed time: 0 h 20 m 32 s
2024-11-06 12:34:10,844 - Timer - INFO - Elapsed time: 0 h 20 m 33 s
2024-11-06 12:34:11,849 - Timer - INFO - Elapsed time: 0 h 20 m 34 s
2024-11-06 12:34:12,855 - Timer - INFO - Elapsed time: 0 h 20 m 35 s
2024-11-06 12:34:13,860 - Timer - INFO - Elapsed time: 0 h 20 m 36 s
2024-11-06 12:34:14,866 - Timer - INFO - Elapsed time: 0 h 20 m 37 s
2024-11-06 12:34:15,871 - Timer - INFO - Elapsed time: 0 h 20 m 38 s
2024-11-06 12:34:16,877 - Timer - INFO - Elapsed time: 0 h 20 m 39 s
2024-11-06 12:34:17,882 - Timer - INFO - Elapsed time: 0 h 20 m 40 s
2024-11-06 12:34:18,888 - Timer - INFO - Elapsed time: 0 h 20 m 41 s
2024-11-06 12:34:19,893 - Timer - INFO - Elapsed time: 0 h 20 m 42 s
2024-11-06 12:34:20,899 - Timer - INFO - Elapsed time: 0 h 20 m 43 s
2024-11-06 12:34:21,902 - Timer - INFO - Elapsed time: 0 h 20 m 44 s
2024-11-06 12:34:22,907 - Timer - INFO - Elapsed time: 0 h 20 m 45 s
2024-11-06 12:34:23,913 - Timer - INFO - Elapsed time: 0 h 20 m 46 s
2024-11-06 12:34:24,919 - Timer - INFO - Elapsed time: 0 h 20 m 47 s
2024-11-06 12:34:25,924 - Timer - INFO - Elapsed time: 0 h 20 m 48 s
2024-11-06 12:34:26,930 - Timer - INFO - Elapsed time: 0 h 20 m 49 s
2024-11-06 12:34:27,935 - Timer - INFO - Elapsed time: 0 h 20 m 50 s
2024-11-06 12:34:28,937 - Timer - INFO - Elapsed time: 0 h 20 m 51 s
2024-11-06 12:34:29,943 - Timer - INFO - Elapsed time: 0 h 20 m 52 s
2024-11-06 12:34:30,947 - Timer - INFO - Elapsed time: 0 h 20 m 53 s
2024-11-06 12:34:31,952 - Timer - INFO - Elapsed time: 0 h 20 m 54 s
2024-11-06 12:34:32,958 - Timer - INFO - Elapsed time: 0 h 20 m 55 s
2024-11-06 12:34:33,960 - Timer - INFO - Elapsed time: 0 h 20 m 56 s
2024-11-06 12:34:34,966 - Timer - INFO - Elapsed time: 0 h 20 m 57 s
2024-11-06 12:34:35,971 - Timer - INFO - Elapsed time: 0 h 20 m 58 s
2024-11-06 12:34:36,977 - Timer - INFO - Elapsed time: 0 h 20 m 59 s
2024-11-06 12:34:37,982 - Timer - INFO - Elapsed time: 0 h 21 m 0 s
2024-11-06 12:34:38,988 - Timer - INFO - Elapsed time: 0 h 21 m 1 s
2024-11-06 12:34:39,993 - Timer - INFO - Elapsed time: 0 h 21 m 2 s
2024-11-06 12:34:40,999 - Timer - INFO - Elapsed time: 0 h 21 m 3 s
2024-11-06 12:34:42,004 - Timer - INFO - Elapsed time: 0 h 21 m 4 s
2024-11-06 12:34:43,010 - Timer - INFO - Elapsed time: 0 h 21 m 5 s
2024-11-06 12:34:44,015 - Timer - INFO - Elapsed time: 0 h 21 m 6 s
2024-11-06 12:34:45,021 - Timer - INFO - Elapsed time: 0 h 21 m 7 s
2024-11-06 12:34:46,026 - Timer - INFO - Elapsed time: 0 h 21 m 8 s
2024-11-06 12:34:47,032 - Timer - INFO - Elapsed time: 0 h 21 m 9 s
2024-11-06 12:34:48,037 - Timer - INFO - Elapsed time: 0 h 21 m 10 s
2024-11-06 12:34:49,040 - Timer - INFO - Elapsed time: 0 h 21 m 11 s
2024-11-06 12:34:50,044 - Timer - INFO - Elapsed time: 0 h 21 m 12 s
2024-11-06 12:34:51,050 - Timer - INFO - Elapsed time: 0 h 21 m 13 s
2024-11-06 12:34:52,055 - Timer - INFO - Elapsed time: 0 h 21 m 14 s
2024-11-06 12:34:53,061 - Timer - INFO - Elapsed time: 0 h 21 m 15 s
