2024-11-07 11:53:37,789 - Workflow_Config_Helper - INFO - All solids and liquids requested in sample list are in the workflow
2024-11-07 11:53:37,789 - Workflow_Config_Helper - INFO - No errors in workflow detected
2024-11-07 11:53:41,802 - pylabware.connections.SerialConnection - INFO - Creating connection object with the following settings: 
{'address': '', 'port': '/dev/ttyUSB0', 'encoding': 'UTF-8', 'command_delay': 0.5, 'receive_buffer_size': 128, 'receive_timeout': 1, 'transmit_timeout': 1, 'receiving_interval': 0.05, 'write_timeout': 0.5, 'baudrate': 9600, 'bytesize': 7, 'parity': 'E', 'stopbits': 1, 'xonxoff': False, 'rtscts': False, 'dsrdtr': False, 'inter_byte_timeout': False}
2024-11-07 11:53:41,803 - pylabware.connections.SerialConnection - INFO - Creating connection object with the following settings: 
{'address': '1', 'port': '/dev/ttyUSB1', 'encoding': 'UTF-8', 'command_delay': 0, 'receive_buffer_size': 128, 'receive_timeout': 10, 'transmit_timeout': 1, 'receiving_interval': 0.05, 'write_timeout': 0.5, 'baudrate': 9600, 'bytesize': 8, 'parity': 'N', 'stopbits': 1, 'xonxoff': False, 'rtscts': False, 'dsrdtr': False, 'inter_byte_timeout': False}
2024-11-07 11:53:41,804 - pylabware.connections.SerialConnection - INFO - Creating connection object with the following settings: 
{'address': None, 'port': '/dev/ttyUSB2', 'encoding': 'UTF-8', 'command_delay': 0.5, 'receive_buffer_size': 128, 'receive_timeout': 1, 'transmit_timeout': 1, 'receiving_interval': 0.05, 'write_timeout': 0.5, 'baudrate': 9600, 'bytesize': 8, 'parity': 'N', 'stopbits': 1, 'xonxoff': True, 'rtscts': False, 'dsrdtr': False, 'inter_byte_timeout': False, 'timeout': 0.1}
2024-11-07 11:53:41,806 - pylabware.connections.SerialConnection - INFO - Starting connection listener...
2024-11-07 11:53:41,807 - pylabware.connections.SerialConnection - INFO - Port /dev/ttyUSB2 opened.
2024-11-07 11:53:41,807 - pylabware.connections.SerialConnection - WARNING - Command rate too high! Delaying next command for 0.5 seconds
2024-11-07 11:53:42,415 - pylabware.controllers.QuantosQB1.QUANTOS - INFO - No carousel/autosampler connected
2024-11-07 11:53:42,415 - pylabware.connections.SerialConnection - WARNING - Command rate too high! Delaying next command for 0.5 seconds
2024-11-07 11:53:45,636 - RiH_Main - INFO - Connecting IKA RCT digital..
2024-11-07 11:53:45,639 - pylabware.connections.SerialConnection - INFO - Starting connection listener...
2024-11-07 11:53:45,639 - pylabware.connections.SerialConnection - INFO - Port /dev/ttyUSB0 opened.
2024-11-07 11:53:45,639 - pylabware.controllers.RCTDigitalHotplate.IKA - INFO - Opened connection.
2024-11-07 11:53:47,709 - RiH_Main - INFO - IKA RCT digital connected.
2024-11-07 11:53:49,217 - RiH_Main - INFO - Stiring velocity set to 100.
2024-11-07 11:53:50,787 - RiH_Main - INFO - Current temperature: 0.0.
2024-11-07 11:53:50,788 - RiH_Main - INFO - Connecting Pump..
2024-11-07 11:53:50,790 - pylabware.connections.SerialConnection - INFO - Starting connection listener...
2024-11-07 11:53:50,790 - pylabware.connections.SerialConnection - INFO - Port /dev/ttyUSB1 opened.
2024-11-07 11:53:50,791 - pylabware.controllers.XCalibur.DISPENSE_PUMP - INFO - Opened connection.
2024-11-07 11:53:51,346 - RiH_Main - INFO - Pump connected.
2024-11-07 11:53:51,901 - pylabware.controllers.XCalibur.DISPENSE_PUMP - INFO - Device initialized.
2024-11-07 11:53:51,902 - RiH_Main - INFO - Pump initialised.
2024-11-07 11:53:52,405 - RiH_Main - INFO - Checking for pump errors
2024-11-07 11:53:52,405 - RiH_Main - INFO - Connecting to the Quantos - opening doors
2024-11-07 11:53:59,072 - RiH_Main - INFO - Quantos connected..
2024-11-07 11:53:59,072 - RiH_Main - INFO - Initialising the filter machine
2024-11-07 11:53:59,108 - RiH_Filtration_System - INFO - Initialising filtration system pump
2024-11-07 11:53:59,108 - pylabware.connections.SerialConnection - INFO - Creating connection object with the following settings: 
{'address': '1', 'port': '/dev/ttyUSB3', 'encoding': 'UTF-8', 'command_delay': 0, 'receive_buffer_size': 128, 'receive_timeout': 10, 'transmit_timeout': 1, 'receiving_interval': 0.05, 'write_timeout': 0.5, 'baudrate': 9600, 'bytesize': 8, 'parity': 'N', 'stopbits': 1, 'xonxoff': False, 'rtscts': False, 'dsrdtr': False, 'inter_byte_timeout': False}
2024-11-07 11:53:59,111 - pylabware.connections.SerialConnection - INFO - Starting connection listener...
2024-11-07 11:53:59,112 - pylabware.connections.SerialConnection - INFO - Port /dev/ttyUSB3 opened.
2024-11-07 11:53:59,112 - pylabware.controllers.XCalibur.FILT_PUMP - INFO - Opened connection.
2024-11-07 11:53:59,163 - pylabware.controllers.XCalibur.FILT_PUMP - INFO - Device initialized.
2024-11-07 11:54:01,990 - pylabware.controllers.XCalibur.FILT_PUMP - INFO - Reply was <Invalid command! Pump Ready.>
2024-11-07 11:54:01,990 - pylabware.controllers.XCalibur.FILT_PUMP - WARNING - A non-fatal error was recieved resending command - errors occured: 1
2024-11-07 11:54:02,597 - RiH_Filtration_System - INFO - Initialising the filtration system arduino
2024-11-07 11:54:02,606 - RiH_Main - INFO - Panda robot connected to 172.16.0.2
2024-11-07 11:54:02,606 - RiH_Main - ERROR - Capper camera is not available.
2024-11-07 11:54:02,607 - pylabware.connections.SerialConnection - WARNING - Command rate too high! Delaying next command for 0.5 seconds
2024-11-07 11:54:03,110 - Timer - INFO - Setting timer to 23 h 59 m 59 s
2024-11-07 11:54:03,111 - Timer - INFO - Timer set to 86399
2024-11-07 11:54:03,111 - Timer - INFO - Elapsed time: 0 h 0 m 0 s
2024-11-07 11:54:04,117 - Timer - INFO - Elapsed time: 0 h 0 m 1 s
2024-11-07 11:54:05,122 - Timer - INFO - Elapsed time: 0 h 0 m 2 s
2024-11-07 11:54:06,128 - Timer - INFO - Elapsed time: 0 h 0 m 3 s
2024-11-07 11:54:07,134 - Timer - INFO - Elapsed time: 0 h 0 m 4 s
2024-11-07 11:54:08,139 - Timer - INFO - Elapsed time: 0 h 0 m 5 s
2024-11-07 11:54:09,145 - Timer - INFO - Elapsed time: 0 h 0 m 6 s
2024-11-07 11:54:10,150 - Timer - INFO - Elapsed time: 0 h 0 m 7 s
2024-11-07 11:54:11,156 - Timer - INFO - Elapsed time: 0 h 0 m 8 s
2024-11-07 11:54:12,161 - Timer - INFO - Elapsed time: 0 h 0 m 9 s
2024-11-07 11:54:13,167 - Timer - INFO - Elapsed time: 0 h 0 m 10 s
2024-11-07 11:54:14,172 - Timer - INFO - Elapsed time: 0 h 0 m 11 s
2024-11-07 11:54:15,178 - Timer - INFO - Elapsed time: 0 h 0 m 12 s
2024-11-07 11:54:16,180 - Timer - INFO - Elapsed time: 0 h 0 m 13 s
2024-11-07 11:54:17,185 - Timer - INFO - Elapsed time: 0 h 0 m 14 s
2024-11-07 11:54:18,191 - Timer - INFO - Elapsed time: 0 h 0 m 15 s
2024-11-07 11:54:19,196 - Timer - INFO - Elapsed time: 0 h 0 m 16 s
2024-11-07 11:54:20,202 - Timer - INFO - Elapsed time: 0 h 0 m 17 s
2024-11-07 11:54:21,208 - Timer - INFO - Elapsed time: 0 h 0 m 18 s
2024-11-07 11:54:22,213 - Timer - INFO - Elapsed time: 0 h 0 m 19 s
2024-11-07 11:54:23,219 - Timer - INFO - Elapsed time: 0 h 0 m 20 s
2024-11-07 11:54:24,224 - Timer - INFO - Elapsed time: 0 h 0 m 21 s
2024-11-07 11:54:25,230 - Timer - INFO - Elapsed time: 0 h 0 m 22 s
2024-11-07 11:54:26,235 - Timer - INFO - Elapsed time: 0 h 0 m 23 s
2024-11-07 11:54:27,241 - Timer - INFO - Elapsed time: 0 h 0 m 24 s
2024-11-07 11:54:28,246 - Timer - INFO - Elapsed time: 0 h 0 m 25 s
2024-11-07 11:54:29,252 - Timer - INFO - Elapsed time: 0 h 0 m 26 s
2024-11-07 11:54:30,258 - Timer - INFO - Elapsed time: 0 h 0 m 27 s
2024-11-07 11:54:31,263 - Timer - INFO - Elapsed time: 0 h 0 m 28 s
2024-11-07 11:54:32,269 - Timer - INFO - Elapsed time: 0 h 0 m 29 s
2024-11-07 11:54:33,274 - Timer - INFO - Elapsed time: 0 h 0 m 30 s
2024-11-07 11:54:34,280 - Timer - INFO - Elapsed time: 0 h 0 m 31 s
2024-11-07 11:54:35,285 - Timer - INFO - Elapsed time: 0 h 0 m 32 s
2024-11-07 11:54:36,291 - Timer - INFO - Elapsed time: 0 h 0 m 33 s
2024-11-07 11:54:37,296 - Timer - INFO - Elapsed time: 0 h 0 m 34 s
2024-11-07 11:54:38,302 - Timer - INFO - Elapsed time: 0 h 0 m 35 s
2024-11-07 11:54:39,307 - Timer - INFO - Elapsed time: 0 h 0 m 36 s
2024-11-07 11:54:40,313 - Timer - INFO - Elapsed time: 0 h 0 m 37 s
2024-11-07 11:54:41,318 - Timer - INFO - Elapsed time: 0 h 0 m 38 s
2024-11-07 11:54:42,324 - Timer - INFO - Elapsed time: 0 h 0 m 39 s
2024-11-07 11:54:43,329 - Timer - INFO - Elapsed time: 0 h 0 m 40 s
2024-11-07 11:54:44,335 - Timer - INFO - Elapsed time: 0 h 0 m 41 s
2024-11-07 11:54:45,340 - Timer - INFO - Elapsed time: 0 h 0 m 42 s
2024-11-07 11:54:46,346 - Timer - INFO - Elapsed time: 0 h 0 m 43 s
2024-11-07 11:54:47,351 - Timer - INFO - Elapsed time: 0 h 0 m 44 s
2024-11-07 11:54:48,357 - Timer - INFO - Elapsed time: 0 h 0 m 45 s
2024-11-07 11:54:49,362 - Timer - INFO - Elapsed time: 0 h 0 m 46 s
2024-11-07 11:54:50,368 - Timer - INFO - Elapsed time: 0 h 0 m 47 s
2024-11-07 11:54:51,373 - Timer - INFO - Elapsed time: 0 h 0 m 48 s
2024-11-07 11:54:52,378 - Timer - INFO - Elapsed time: 0 h 0 m 49 s
2024-11-07 11:54:53,384 - Timer - INFO - Elapsed time: 0 h 0 m 50 s
2024-11-07 11:54:54,389 - Timer - INFO - Elapsed time: 0 h 0 m 51 s
2024-11-07 11:54:55,395 - Timer - INFO - Elapsed time: 0 h 0 m 52 s
2024-11-07 11:54:56,400 - Timer - INFO - Elapsed time: 0 h 0 m 53 s
2024-11-07 11:54:57,406 - Timer - INFO - Elapsed time: 0 h 0 m 54 s
2024-11-07 11:54:58,409 - Timer - INFO - Elapsed time: 0 h 0 m 55 s
2024-11-07 11:54:59,415 - Timer - INFO - Elapsed time: 0 h 0 m 56 s
2024-11-07 11:55:00,420 - Timer - INFO - Elapsed time: 0 h 0 m 57 s
2024-11-07 11:55:01,426 - Timer - INFO - Elapsed time: 0 h 0 m 58 s
2024-11-07 11:55:02,431 - Timer - INFO - Elapsed time: 0 h 0 m 59 s
2024-11-07 11:55:03,437 - Timer - INFO - Elapsed time: 0 h 1 m 0 s
2024-11-07 11:55:04,442 - Timer - INFO - Elapsed time: 0 h 1 m 1 s
2024-11-07 11:55:05,448 - Timer - INFO - Elapsed time: 0 h 1 m 2 s
2024-11-07 11:55:06,453 - Timer - INFO - Elapsed time: 0 h 1 m 3 s
2024-11-07 11:55:07,459 - Timer - INFO - Elapsed time: 0 h 1 m 4 s
2024-11-07 11:55:08,464 - Timer - INFO - Elapsed time: 0 h 1 m 5 s
2024-11-07 11:55:09,470 - Timer - INFO - Elapsed time: 0 h 1 m 6 s
2024-11-07 11:55:10,475 - Timer - INFO - Elapsed time: 0 h 1 m 7 s
2024-11-07 11:55:11,481 - Timer - INFO - Elapsed time: 0 h 1 m 8 s
2024-11-07 11:55:12,522 - Timer - INFO - Elapsed time: 0 h 1 m 9 s
2024-11-07 11:55:13,527 - Timer - INFO - Elapsed time: 0 h 1 m 10 s
2024-11-07 11:55:14,532 - Timer - INFO - Elapsed time: 0 h 1 m 11 s
2024-11-07 11:55:15,538 - Timer - INFO - Elapsed time: 0 h 1 m 12 s
2024-11-07 11:55:16,543 - Timer - INFO - Elapsed time: 0 h 1 m 13 s
2024-11-07 11:55:17,549 - Timer - INFO - Elapsed time: 0 h 1 m 14 s
2024-11-07 11:55:18,555 - Timer - INFO - Elapsed time: 0 h 1 m 15 s
2024-11-07 11:55:19,560 - Timer - INFO - Elapsed time: 0 h 1 m 16 s
2024-11-07 11:55:20,566 - Timer - INFO - Elapsed time: 0 h 1 m 17 s
2024-11-07 11:55:21,571 - Timer - INFO - Elapsed time: 0 h 1 m 18 s
2024-11-07 11:55:22,576 - Timer - INFO - Elapsed time: 0 h 1 m 19 s
2024-11-07 11:55:23,582 - Timer - INFO - Elapsed time: 0 h 1 m 20 s
2024-11-07 11:55:24,585 - Timer - INFO - Elapsed time: 0 h 1 m 21 s
2024-11-07 11:55:25,590 - Timer - INFO - Elapsed time: 0 h 1 m 22 s
2024-11-07 11:55:26,596 - Timer - INFO - Elapsed time: 0 h 1 m 23 s
2024-11-07 11:55:27,602 - Timer - INFO - Elapsed time: 0 h 1 m 24 s
2024-11-07 11:55:28,607 - Timer - INFO - Elapsed time: 0 h 1 m 25 s
2024-11-07 11:55:29,613 - Timer - INFO - Elapsed time: 0 h 1 m 26 s
2024-11-07 11:55:30,618 - Timer - INFO - Elapsed time: 0 h 1 m 27 s
2024-11-07 11:55:31,624 - Timer - INFO - Elapsed time: 0 h 1 m 28 s
2024-11-07 11:55:32,629 - Timer - INFO - Elapsed time: 0 h 1 m 29 s
2024-11-07 11:55:33,630 - Timer - INFO - Elapsed time: 0 h 1 m 30 s
2024-11-07 11:55:34,636 - Timer - INFO - Elapsed time: 0 h 1 m 31 s
2024-11-07 11:55:35,641 - Timer - INFO - Elapsed time: 0 h 1 m 32 s
2024-11-07 11:55:36,647 - Timer - INFO - Elapsed time: 0 h 1 m 33 s
2024-11-07 11:55:37,652 - Timer - INFO - Elapsed time: 0 h 1 m 34 s
2024-11-07 11:55:38,658 - Timer - INFO - Elapsed time: 0 h 1 m 35 s
2024-11-07 11:55:39,663 - Timer - INFO - Elapsed time: 0 h 1 m 36 s
2024-11-07 11:55:40,669 - Timer - INFO - Elapsed time: 0 h 1 m 37 s
2024-11-07 11:55:41,674 - Timer - INFO - Elapsed time: 0 h 1 m 38 s
2024-11-07 11:55:42,680 - Timer - INFO - Elapsed time: 0 h 1 m 39 s
2024-11-07 11:55:43,686 - Timer - INFO - Elapsed time: 0 h 1 m 40 s
2024-11-07 11:55:44,691 - Timer - INFO - Elapsed time: 0 h 1 m 41 s
2024-11-07 11:55:45,697 - Timer - INFO - Elapsed time: 0 h 1 m 42 s
2024-11-07 11:55:46,702 - Timer - INFO - Elapsed time: 0 h 1 m 43 s
2024-11-07 11:55:47,704 - Timer - INFO - Elapsed time: 0 h 1 m 44 s
2024-11-07 11:55:48,709 - Timer - INFO - Elapsed time: 0 h 1 m 45 s
2024-11-07 11:55:49,715 - Timer - INFO - Elapsed time: 0 h 1 m 46 s
2024-11-07 11:55:50,720 - Timer - INFO - Elapsed time: 0 h 1 m 47 s
2024-11-07 11:55:51,726 - Timer - INFO - Elapsed time: 0 h 1 m 48 s
2024-11-07 11:55:52,731 - Timer - INFO - Elapsed time: 0 h 1 m 49 s
2024-11-07 11:55:53,737 - Timer - INFO - Elapsed time: 0 h 1 m 50 s
2024-11-07 11:55:54,742 - Timer - INFO - Elapsed time: 0 h 1 m 51 s
2024-11-07 11:55:55,748 - Timer - INFO - Elapsed time: 0 h 1 m 52 s
2024-11-07 11:55:56,754 - Timer - INFO - Elapsed time: 0 h 1 m 53 s
2024-11-07 11:55:57,759 - Timer - INFO - Elapsed time: 0 h 1 m 54 s
2024-11-07 11:55:58,765 - Timer - INFO - Elapsed time: 0 h 1 m 55 s
2024-11-07 11:55:59,770 - Timer - INFO - Elapsed time: 0 h 1 m 56 s
2024-11-07 11:56:00,775 - Timer - INFO - Elapsed time: 0 h 1 m 57 s
2024-11-07 11:56:01,781 - Timer - INFO - Elapsed time: 0 h 1 m 58 s
2024-11-07 11:56:02,786 - Timer - INFO - Elapsed time: 0 h 1 m 59 s
2024-11-07 11:56:03,792 - Timer - INFO - Elapsed time: 0 h 2 m 0 s
2024-11-07 11:56:04,797 - Timer - INFO - Elapsed time: 0 h 2 m 1 s
2024-11-07 11:56:05,803 - Timer - INFO - Elapsed time: 0 h 2 m 2 s
2024-11-07 11:56:06,808 - Timer - INFO - Elapsed time: 0 h 2 m 3 s
2024-11-07 11:56:07,814 - Timer - INFO - Elapsed time: 0 h 2 m 4 s
2024-11-07 11:56:08,819 - Timer - INFO - Elapsed time: 0 h 2 m 5 s
2024-11-07 11:56:09,825 - Timer - INFO - Elapsed time: 0 h 2 m 6 s
2024-11-07 11:56:10,831 - Timer - INFO - Elapsed time: 0 h 2 m 7 s
2024-11-07 11:56:11,836 - Timer - INFO - Elapsed time: 0 h 2 m 8 s
2024-11-07 11:56:12,842 - Timer - INFO - Elapsed time: 0 h 2 m 9 s
2024-11-07 11:56:13,847 - Timer - INFO - Elapsed time: 0 h 2 m 10 s
2024-11-07 11:56:14,853 - Timer - INFO - Elapsed time: 0 h 2 m 11 s
2024-11-07 11:56:15,858 - Timer - INFO - Elapsed time: 0 h 2 m 12 s
2024-11-07 11:56:16,864 - Timer - INFO - Elapsed time: 0 h 2 m 13 s
2024-11-07 11:56:17,870 - Timer - INFO - Elapsed time: 0 h 2 m 14 s
2024-11-07 11:56:18,875 - Timer - INFO - Elapsed time: 0 h 2 m 15 s
2024-11-07 11:56:19,881 - Timer - INFO - Elapsed time: 0 h 2 m 16 s
2024-11-07 11:56:20,886 - Timer - INFO - Elapsed time: 0 h 2 m 17 s
2024-11-07 11:56:21,892 - Timer - INFO - Elapsed time: 0 h 2 m 18 s
2024-11-07 11:56:22,897 - Timer - INFO - Elapsed time: 0 h 2 m 19 s
2024-11-07 11:56:23,903 - Timer - INFO - Elapsed time: 0 h 2 m 20 s
2024-11-07 11:56:24,908 - Timer - INFO - Elapsed time: 0 h 2 m 21 s
2024-11-07 11:56:25,914 - Timer - INFO - Elapsed time: 0 h 2 m 22 s
2024-11-07 11:56:26,919 - Timer - INFO - Elapsed time: 0 h 2 m 23 s
2024-11-07 11:56:27,925 - Timer - INFO - Elapsed time: 0 h 2 m 24 s
2024-11-07 11:56:28,930 - Timer - INFO - Elapsed time: 0 h 2 m 25 s
2024-11-07 11:56:29,936 - Timer - INFO - Elapsed time: 0 h 2 m 26 s
2024-11-07 11:56:30,942 - Timer - INFO - Elapsed time: 0 h 2 m 27 s
2024-11-07 11:56:31,947 - Timer - INFO - Elapsed time: 0 h 2 m 28 s
2024-11-07 11:56:32,953 - Timer - INFO - Elapsed time: 0 h 2 m 29 s
2024-11-07 11:56:33,958 - Timer - INFO - Elapsed time: 0 h 2 m 30 s
2024-11-07 11:56:34,964 - Timer - INFO - Elapsed time: 0 h 2 m 31 s
2024-11-07 11:56:35,969 - Timer - INFO - Elapsed time: 0 h 2 m 32 s
2024-11-07 11:56:36,975 - Timer - INFO - Elapsed time: 0 h 2 m 33 s
2024-11-07 11:56:37,980 - Timer - INFO - Elapsed time: 0 h 2 m 34 s
2024-11-07 11:56:38,986 - Timer - INFO - Elapsed time: 0 h 2 m 35 s
2024-11-07 11:56:39,991 - Timer - INFO - Elapsed time: 0 h 2 m 36 s
2024-11-07 11:56:40,996 - Timer - INFO - Elapsed time: 0 h 2 m 37 s
2024-11-07 11:56:42,002 - Timer - INFO - Elapsed time: 0 h 2 m 38 s
2024-11-07 11:56:43,007 - Timer - INFO - Elapsed time: 0 h 2 m 39 s
2024-11-07 11:56:44,013 - Timer - INFO - Elapsed time: 0 h 2 m 40 s
2024-11-07 11:56:45,018 - Timer - INFO - Elapsed time: 0 h 2 m 41 s
2024-11-07 11:56:46,021 - Timer - INFO - Elapsed time: 0 h 2 m 42 s
2024-11-07 11:56:47,027 - Timer - INFO - Elapsed time: 0 h 2 m 43 s
2024-11-07 11:56:48,032 - Timer - INFO - Elapsed time: 0 h 2 m 44 s
2024-11-07 11:56:49,038 - Timer - INFO - Elapsed time: 0 h 2 m 45 s
2024-11-07 11:56:50,042 - Timer - INFO - Elapsed time: 0 h 2 m 46 s
2024-11-07 11:56:51,047 - Timer - INFO - Elapsed time: 0 h 2 m 47 s
2024-11-07 11:56:52,053 - Timer - INFO - Elapsed time: 0 h 2 m 48 s
2024-11-07 11:56:53,059 - Timer - INFO - Elapsed time: 0 h 2 m 49 s
2024-11-07 11:56:54,064 - Timer - INFO - Elapsed time: 0 h 2 m 50 s
2024-11-07 11:56:55,070 - Timer - INFO - Elapsed time: 0 h 2 m 51 s
2024-11-07 11:56:56,075 - Timer - INFO - Elapsed time: 0 h 2 m 52 s
2024-11-07 11:56:57,081 - Timer - INFO - Elapsed time: 0 h 2 m 53 s
2024-11-07 11:56:58,086 - Timer - INFO - Elapsed time: 0 h 2 m 54 s
2024-11-07 11:56:59,092 - Timer - INFO - Elapsed time: 0 h 2 m 55 s
2024-11-07 11:57:00,097 - Timer - INFO - Elapsed time: 0 h 2 m 56 s
2024-11-07 11:57:01,103 - Timer - INFO - Elapsed time: 0 h 2 m 57 s
2024-11-07 11:57:02,109 - Timer - INFO - Elapsed time: 0 h 2 m 58 s
2024-11-07 11:57:03,114 - Timer - INFO - Elapsed time: 0 h 3 m 0 s
2024-11-07 11:57:04,120 - Timer - INFO - Elapsed time: 0 h 3 m 1 s
2024-11-07 11:57:05,125 - Timer - INFO - Elapsed time: 0 h 3 m 2 s
2024-11-07 11:57:06,131 - Timer - INFO - Elapsed time: 0 h 3 m 3 s
2024-11-07 11:57:07,136 - Timer - INFO - Elapsed time: 0 h 3 m 4 s
2024-11-07 11:57:08,142 - Timer - INFO - Elapsed time: 0 h 3 m 5 s
2024-11-07 11:57:09,147 - Timer - INFO - Elapsed time: 0 h 3 m 6 s
2024-11-07 11:57:10,153 - Timer - INFO - Elapsed time: 0 h 3 m 7 s
2024-11-07 11:57:11,158 - Timer - INFO - Elapsed time: 0 h 3 m 8 s
2024-11-07 11:57:12,163 - Timer - INFO - Elapsed time: 0 h 3 m 9 s
2024-11-07 11:57:13,169 - Timer - INFO - Elapsed time: 0 h 3 m 10 s
2024-11-07 11:57:14,175 - Timer - INFO - Elapsed time: 0 h 3 m 11 s
2024-11-07 11:57:15,180 - Timer - INFO - Elapsed time: 0 h 3 m 12 s
2024-11-07 11:57:16,186 - Timer - INFO - Elapsed time: 0 h 3 m 13 s
2024-11-07 11:57:17,191 - Timer - INFO - Elapsed time: 0 h 3 m 14 s
2024-11-07 11:57:18,197 - Timer - INFO - Elapsed time: 0 h 3 m 15 s
2024-11-07 11:57:19,202 - Timer - INFO - Elapsed time: 0 h 3 m 16 s
2024-11-07 11:57:20,208 - Timer - INFO - Elapsed time: 0 h 3 m 17 s
2024-11-07 11:57:21,212 - Timer - INFO - Elapsed time: 0 h 3 m 18 s
2024-11-07 11:57:22,218 - Timer - INFO - Elapsed time: 0 h 3 m 19 s
2024-11-07 11:57:23,223 - Timer - INFO - Elapsed time: 0 h 3 m 20 s
2024-11-07 11:57:24,229 - Timer - INFO - Elapsed time: 0 h 3 m 21 s
2024-11-07 11:57:25,231 - Timer - INFO - Elapsed time: 0 h 3 m 22 s
2024-11-07 11:57:26,237 - Timer - INFO - Elapsed time: 0 h 3 m 23 s
2024-11-07 11:57:27,243 - Timer - INFO - Elapsed time: 0 h 3 m 24 s
2024-11-07 11:57:28,248 - Timer - INFO - Elapsed time: 0 h 3 m 25 s
2024-11-07 11:57:29,253 - Timer - INFO - Elapsed time: 0 h 3 m 26 s
2024-11-07 11:57:30,259 - Timer - INFO - Elapsed time: 0 h 3 m 27 s
2024-11-07 11:57:31,264 - Timer - INFO - Elapsed time: 0 h 3 m 28 s
2024-11-07 11:57:32,270 - Timer - INFO - Elapsed time: 0 h 3 m 29 s
2024-11-07 11:57:33,276 - Timer - INFO - Elapsed time: 0 h 3 m 30 s
2024-11-07 11:57:34,281 - Timer - INFO - Elapsed time: 0 h 3 m 31 s
2024-11-07 11:57:35,283 - Timer - INFO - Elapsed time: 0 h 3 m 32 s
2024-11-07 11:57:36,288 - Timer - INFO - Elapsed time: 0 h 3 m 33 s
2024-11-07 11:57:37,294 - Timer - INFO - Elapsed time: 0 h 3 m 34 s
2024-11-07 11:57:38,299 - Timer - INFO - Elapsed time: 0 h 3 m 35 s
2024-11-07 11:57:39,304 - Timer - INFO - Elapsed time: 0 h 3 m 36 s
2024-11-07 11:57:40,310 - Timer - INFO - Elapsed time: 0 h 3 m 37 s
2024-11-07 11:57:41,316 - Timer - INFO - Elapsed time: 0 h 3 m 38 s
2024-11-07 11:57:42,321 - Timer - INFO - Elapsed time: 0 h 3 m 39 s
2024-11-07 11:57:43,327 - Timer - INFO - Elapsed time: 0 h 3 m 40 s
2024-11-07 11:57:44,332 - Timer - INFO - Elapsed time: 0 h 3 m 41 s
2024-11-07 11:57:45,338 - Timer - INFO - Elapsed time: 0 h 3 m 42 s
2024-11-07 11:57:46,343 - Timer - INFO - Elapsed time: 0 h 3 m 43 s
2024-11-07 11:57:47,349 - Timer - INFO - Elapsed time: 0 h 3 m 44 s
2024-11-07 11:57:48,354 - Timer - INFO - Elapsed time: 0 h 3 m 45 s
2024-11-07 11:57:49,360 - Timer - INFO - Elapsed time: 0 h 3 m 46 s
2024-11-07 11:57:50,365 - Timer - INFO - Elapsed time: 0 h 3 m 47 s
2024-11-07 11:57:51,371 - Timer - INFO - Elapsed time: 0 h 3 m 48 s
2024-11-07 11:57:52,376 - Timer - INFO - Elapsed time: 0 h 3 m 49 s
2024-11-07 11:57:53,382 - Timer - INFO - Elapsed time: 0 h 3 m 50 s
2024-11-07 11:57:54,388 - Timer - INFO - Elapsed time: 0 h 3 m 51 s
2024-11-07 11:57:55,393 - Timer - INFO - Elapsed time: 0 h 3 m 52 s
2024-11-07 11:57:56,395 - Timer - INFO - Elapsed time: 0 h 3 m 53 s
2024-11-07 11:57:57,400 - Timer - INFO - Elapsed time: 0 h 3 m 54 s
2024-11-07 11:57:58,406 - Timer - INFO - Elapsed time: 0 h 3 m 55 s
2024-11-07 11:57:59,411 - Timer - INFO - Elapsed time: 0 h 3 m 56 s
2024-11-07 11:58:00,417 - Timer - INFO - Elapsed time: 0 h 3 m 57 s
2024-11-07 11:58:01,422 - Timer - INFO - Elapsed time: 0 h 3 m 58 s
2024-11-07 11:58:02,428 - Timer - INFO - Elapsed time: 0 h 3 m 59 s
2024-11-07 11:58:03,433 - Timer - INFO - Elapsed time: 0 h 4 m 0 s
2024-11-07 11:58:04,439 - Timer - INFO - Elapsed time: 0 h 4 m 1 s
2024-11-07 11:58:05,444 - Timer - INFO - Elapsed time: 0 h 4 m 2 s
2024-11-07 11:58:06,450 - Timer - INFO - Elapsed time: 0 h 4 m 3 s
2024-11-07 11:58:07,455 - Timer - INFO - Elapsed time: 0 h 4 m 4 s
2024-11-07 11:58:08,461 - Timer - INFO - Elapsed time: 0 h 4 m 5 s
2024-11-07 11:58:09,466 - Timer - INFO - Elapsed time: 0 h 4 m 6 s
2024-11-07 11:58:10,472 - Timer - INFO - Elapsed time: 0 h 4 m 7 s
2024-11-07 11:58:11,477 - Timer - INFO - Elapsed time: 0 h 4 m 8 s
2024-11-07 11:58:12,483 - Timer - INFO - Elapsed time: 0 h 4 m 9 s
2024-11-07 11:58:13,488 - Timer - INFO - Elapsed time: 0 h 4 m 10 s
2024-11-07 11:58:14,494 - Timer - INFO - Elapsed time: 0 h 4 m 11 s
2024-11-07 11:58:15,500 - Timer - INFO - Elapsed time: 0 h 4 m 12 s
2024-11-07 11:58:16,505 - Timer - INFO - Elapsed time: 0 h 4 m 13 s
2024-11-07 11:58:17,511 - Timer - INFO - Elapsed time: 0 h 4 m 14 s
2024-11-07 11:58:18,516 - Timer - INFO - Elapsed time: 0 h 4 m 15 s
2024-11-07 11:58:19,522 - Timer - INFO - Elapsed time: 0 h 4 m 16 s
2024-11-07 11:58:20,527 - Timer - INFO - Elapsed time: 0 h 4 m 17 s
2024-11-07 11:58:21,532 - Timer - INFO - Elapsed time: 0 h 4 m 18 s
2024-11-07 11:58:22,536 - Timer - INFO - Elapsed time: 0 h 4 m 19 s
2024-11-07 11:58:23,542 - Timer - INFO - Elapsed time: 0 h 4 m 20 s
2024-11-07 11:58:24,547 - Timer - INFO - Elapsed time: 0 h 4 m 21 s
2024-11-07 11:58:25,553 - Timer - INFO - Elapsed time: 0 h 4 m 22 s
2024-11-07 11:58:26,558 - Timer - INFO - Elapsed time: 0 h 4 m 23 s
2024-11-07 11:58:27,564 - Timer - INFO - Elapsed time: 0 h 4 m 24 s
2024-11-07 11:58:28,569 - Timer - INFO - Elapsed time: 0 h 4 m 25 s
2024-11-07 11:58:29,575 - Timer - INFO - Elapsed time: 0 h 4 m 26 s
2024-11-07 11:58:30,580 - Timer - INFO - Elapsed time: 0 h 4 m 27 s
2024-11-07 11:58:31,586 - Timer - INFO - Elapsed time: 0 h 4 m 28 s
2024-11-07 11:58:32,591 - Timer - INFO - Elapsed time: 0 h 4 m 29 s
2024-11-07 11:58:33,597 - Timer - INFO - Elapsed time: 0 h 4 m 30 s
2024-11-07 11:58:34,602 - Timer - INFO - Elapsed time: 0 h 4 m 31 s
2024-11-07 11:58:35,608 - Timer - INFO - Elapsed time: 0 h 4 m 32 s
2024-11-07 11:58:36,614 - Timer - INFO - Elapsed time: 0 h 4 m 33 s
2024-11-07 11:58:37,619 - Timer - INFO - Elapsed time: 0 h 4 m 34 s
2024-11-07 11:58:38,625 - Timer - INFO - Elapsed time: 0 h 4 m 35 s
2024-11-07 11:58:39,630 - Timer - INFO - Elapsed time: 0 h 4 m 36 s
2024-11-07 11:58:40,636 - Timer - INFO - Elapsed time: 0 h 4 m 37 s
2024-11-07 11:58:41,641 - Timer - INFO - Elapsed time: 0 h 4 m 38 s
2024-11-07 11:58:42,643 - Timer - INFO - Elapsed time: 0 h 4 m 39 s
2024-11-07 11:58:43,648 - Timer - INFO - Elapsed time: 0 h 4 m 40 s
2024-11-07 11:58:44,654 - Timer - INFO - Elapsed time: 0 h 4 m 41 s
2024-11-07 11:58:45,659 - Timer - INFO - Elapsed time: 0 h 4 m 42 s
2024-11-07 11:58:46,665 - Timer - INFO - Elapsed time: 0 h 4 m 43 s
2024-11-07 11:58:47,670 - Timer - INFO - Elapsed time: 0 h 4 m 44 s
2024-11-07 11:58:48,675 - Timer - INFO - Elapsed time: 0 h 4 m 45 s
2024-11-07 11:58:49,681 - Timer - INFO - Elapsed time: 0 h 4 m 46 s
2024-11-07 11:58:50,687 - Timer - INFO - Elapsed time: 0 h 4 m 47 s
2024-11-07 11:58:51,692 - Timer - INFO - Elapsed time: 0 h 4 m 48 s
2024-11-07 11:58:52,698 - Timer - INFO - Elapsed time: 0 h 4 m 49 s
2024-11-07 11:58:53,703 - Timer - INFO - Elapsed time: 0 h 4 m 50 s
2024-11-07 11:58:54,709 - Timer - INFO - Elapsed time: 0 h 4 m 51 s
2024-11-07 11:58:55,711 - Timer - INFO - Elapsed time: 0 h 4 m 52 s
2024-11-07 11:58:56,717 - Timer - INFO - Elapsed time: 0 h 4 m 53 s
2024-11-07 11:58:57,723 - Timer - INFO - Elapsed time: 0 h 4 m 54 s
2024-11-07 11:58:58,728 - Timer - INFO - Elapsed time: 0 h 4 m 55 s
2024-11-07 11:58:59,734 - Timer - INFO - Elapsed time: 0 h 4 m 56 s
2024-11-07 11:59:00,739 - Timer - INFO - Elapsed time: 0 h 4 m 57 s
2024-11-07 11:59:01,745 - Timer - INFO - Elapsed time: 0 h 4 m 58 s
2024-11-07 11:59:02,750 - Timer - INFO - Elapsed time: 0 h 4 m 59 s
2024-11-07 11:59:03,756 - Timer - INFO - Elapsed time: 0 h 5 m 0 s
2024-11-07 11:59:04,762 - Timer - INFO - Elapsed time: 0 h 5 m 1 s
2024-11-07 11:59:05,767 - Timer - INFO - Elapsed time: 0 h 5 m 2 s
2024-11-07 11:59:06,773 - Timer - INFO - Elapsed time: 0 h 5 m 3 s
2024-11-07 11:59:07,778 - Timer - INFO - Elapsed time: 0 h 5 m 4 s
2024-11-07 11:59:08,784 - Timer - INFO - Elapsed time: 0 h 5 m 5 s
2024-11-07 11:59:09,789 - Timer - INFO - Elapsed time: 0 h 5 m 6 s
2024-11-07 11:59:10,795 - Timer - INFO - Elapsed time: 0 h 5 m 7 s
2024-11-07 11:59:11,800 - Timer - INFO - Elapsed time: 0 h 5 m 8 s
2024-11-07 11:59:12,806 - Timer - INFO - Elapsed time: 0 h 5 m 9 s
2024-11-07 11:59:13,811 - Timer - INFO - Elapsed time: 0 h 5 m 10 s
2024-11-07 11:59:14,817 - Timer - INFO - Elapsed time: 0 h 5 m 11 s
2024-11-07 11:59:15,822 - Timer - INFO - Elapsed time: 0 h 5 m 12 s
2024-11-07 11:59:16,828 - Timer - INFO - Elapsed time: 0 h 5 m 13 s
2024-11-07 11:59:17,834 - Timer - INFO - Elapsed time: 0 h 5 m 14 s
2024-11-07 11:59:18,839 - Timer - INFO - Elapsed time: 0 h 5 m 15 s
2024-11-07 11:59:19,845 - Timer - INFO - Elapsed time: 0 h 5 m 16 s
2024-11-07 11:59:20,850 - Timer - INFO - Elapsed time: 0 h 5 m 17 s
2024-11-07 11:59:21,856 - Timer - INFO - Elapsed time: 0 h 5 m 18 s
2024-11-07 11:59:22,861 - Timer - INFO - Elapsed time: 0 h 5 m 19 s
2024-11-07 11:59:23,867 - Timer - INFO - Elapsed time: 0 h 5 m 20 s
2024-11-07 11:59:24,872 - Timer - INFO - Elapsed time: 0 h 5 m 21 s
2024-11-07 11:59:25,878 - Timer - INFO - Elapsed time: 0 h 5 m 22 s
2024-11-07 11:59:26,883 - Timer - INFO - Elapsed time: 0 h 5 m 23 s
2024-11-07 11:59:27,889 - Timer - INFO - Elapsed time: 0 h 5 m 24 s
2024-11-07 11:59:28,895 - Timer - INFO - Elapsed time: 0 h 5 m 25 s
2024-11-07 11:59:29,900 - Timer - INFO - Elapsed time: 0 h 5 m 26 s
2024-11-07 11:59:30,906 - Timer - INFO - Elapsed time: 0 h 5 m 27 s
2024-11-07 11:59:31,911 - Timer - INFO - Elapsed time: 0 h 5 m 28 s
2024-11-07 11:59:32,917 - Timer - INFO - Elapsed time: 0 h 5 m 29 s
2024-11-07 11:59:33,922 - Timer - INFO - Elapsed time: 0 h 5 m 30 s
2024-11-07 11:59:34,928 - Timer - INFO - Elapsed time: 0 h 5 m 31 s
2024-11-07 11:59:35,934 - Timer - INFO - Elapsed time: 0 h 5 m 32 s
2024-11-07 11:59:36,939 - Timer - INFO - Elapsed time: 0 h 5 m 33 s
2024-11-07 11:59:37,945 - Timer - INFO - Elapsed time: 0 h 5 m 34 s
2024-11-07 11:59:38,950 - Timer - INFO - Elapsed time: 0 h 5 m 35 s
2024-11-07 11:59:39,956 - Timer - INFO - Elapsed time: 0 h 5 m 36 s
2024-11-07 11:59:40,961 - Timer - INFO - Elapsed time: 0 h 5 m 37 s
2024-11-07 11:59:41,967 - Timer - INFO - Elapsed time: 0 h 5 m 38 s
2024-11-07 11:59:42,972 - Timer - INFO - Elapsed time: 0 h 5 m 39 s
2024-11-07 11:59:43,978 - Timer - INFO - Elapsed time: 0 h 5 m 40 s
2024-11-07 11:59:44,983 - Timer - INFO - Elapsed time: 0 h 5 m 41 s
2024-11-07 11:59:45,989 - Timer - INFO - Elapsed time: 0 h 5 m 42 s
2024-11-07 11:59:46,995 - Timer - INFO - Elapsed time: 0 h 5 m 43 s
2024-11-07 11:59:47,996 - Timer - INFO - Elapsed time: 0 h 5 m 44 s
2024-11-07 11:59:49,001 - Timer - INFO - Elapsed time: 0 h 5 m 45 s
2024-11-07 11:59:50,006 - Timer - INFO - Elapsed time: 0 h 5 m 46 s
2024-11-07 11:59:51,012 - Timer - INFO - Elapsed time: 0 h 5 m 47 s
2024-11-07 11:59:52,017 - Timer - INFO - Elapsed time: 0 h 5 m 48 s
2024-11-07 11:59:53,020 - Timer - INFO - Elapsed time: 0 h 5 m 49 s
2024-11-07 11:59:54,025 - Timer - INFO - Elapsed time: 0 h 5 m 50 s
2024-11-07 11:59:55,031 - Timer - INFO - Elapsed time: 0 h 5 m 51 s
2024-11-07 11:59:56,036 - Timer - INFO - Elapsed time: 0 h 5 m 52 s
2024-11-07 11:59:57,040 - Timer - INFO - Elapsed time: 0 h 5 m 53 s
2024-11-07 11:59:58,046 - Timer - INFO - Elapsed time: 0 h 5 m 54 s
2024-11-07 11:59:59,051 - Timer - INFO - Elapsed time: 0 h 5 m 55 s
2024-11-07 12:00:00,057 - Timer - INFO - Elapsed time: 0 h 5 m 56 s
2024-11-07 12:00:01,062 - Timer - INFO - Elapsed time: 0 h 5 m 57 s
2024-11-07 12:00:02,068 - Timer - INFO - Elapsed time: 0 h 5 m 58 s
2024-11-07 12:00:03,073 - Timer - INFO - Elapsed time: 0 h 5 m 59 s
2024-11-07 12:00:04,078 - Timer - INFO - Elapsed time: 0 h 6 m 0 s
2024-11-07 12:00:05,084 - Timer - INFO - Elapsed time: 0 h 6 m 1 s
2024-11-07 12:00:06,089 - Timer - INFO - Elapsed time: 0 h 6 m 2 s
2024-11-07 12:00:07,095 - Timer - INFO - Elapsed time: 0 h 6 m 3 s
2024-11-07 12:00:08,101 - Timer - INFO - Elapsed time: 0 h 6 m 4 s
2024-11-07 12:00:09,106 - Timer - INFO - Elapsed time: 0 h 6 m 5 s
2024-11-07 12:00:10,111 - Timer - INFO - Elapsed time: 0 h 6 m 6 s
2024-11-07 12:00:11,117 - Timer - INFO - Elapsed time: 0 h 6 m 8 s
2024-11-07 12:00:12,120 - Timer - INFO - Elapsed time: 0 h 6 m 9 s
2024-11-07 12:00:13,126 - Timer - INFO - Elapsed time: 0 h 6 m 10 s
2024-11-07 12:00:14,131 - Timer - INFO - Elapsed time: 0 h 6 m 11 s
2024-11-07 12:00:15,137 - Timer - INFO - Elapsed time: 0 h 6 m 12 s
2024-11-07 12:00:16,142 - Timer - INFO - Elapsed time: 0 h 6 m 13 s
2024-11-07 12:00:17,148 - Timer - INFO - Elapsed time: 0 h 6 m 14 s
2024-11-07 12:00:18,154 - Timer - INFO - Elapsed time: 0 h 6 m 15 s
2024-11-07 12:00:19,159 - Timer - INFO - Elapsed time: 0 h 6 m 16 s
2024-11-07 12:00:20,165 - Timer - INFO - Elapsed time: 0 h 6 m 17 s
2024-11-07 12:00:21,167 - Timer - INFO - Elapsed time: 0 h 6 m 18 s
2024-11-07 12:00:22,172 - Timer - INFO - Elapsed time: 0 h 6 m 19 s
2024-11-07 12:00:23,178 - Timer - INFO - Elapsed time: 0 h 6 m 20 s
2024-11-07 12:00:24,183 - Timer - INFO - Elapsed time: 0 h 6 m 21 s
2024-11-07 12:00:25,189 - Timer - INFO - Elapsed time: 0 h 6 m 22 s
2024-11-07 12:00:26,194 - Timer - INFO - Elapsed time: 0 h 6 m 23 s
2024-11-07 12:00:27,200 - Timer - INFO - Elapsed time: 0 h 6 m 24 s
2024-11-07 12:00:28,206 - Timer - INFO - Elapsed time: 0 h 6 m 25 s
2024-11-07 12:00:29,211 - Timer - INFO - Elapsed time: 0 h 6 m 26 s
2024-11-07 12:00:30,217 - Timer - INFO - Elapsed time: 0 h 6 m 27 s
2024-11-07 12:00:31,220 - Timer - INFO - Elapsed time: 0 h 6 m 28 s
2024-11-07 12:00:32,226 - Timer - INFO - Elapsed time: 0 h 6 m 29 s
2024-11-07 12:00:33,231 - Timer - INFO - Elapsed time: 0 h 6 m 30 s
2024-11-07 12:00:34,237 - Timer - INFO - Elapsed time: 0 h 6 m 31 s
2024-11-07 12:00:35,243 - Timer - INFO - Elapsed time: 0 h 6 m 32 s
2024-11-07 12:00:36,248 - Timer - INFO - Elapsed time: 0 h 6 m 33 s
2024-11-07 12:00:37,254 - Timer - INFO - Elapsed time: 0 h 6 m 34 s
2024-11-07 12:00:38,259 - Timer - INFO - Elapsed time: 0 h 6 m 35 s
2024-11-07 12:00:39,265 - Timer - INFO - Elapsed time: 0 h 6 m 36 s
2024-11-07 12:00:40,270 - Timer - INFO - Elapsed time: 0 h 6 m 37 s
2024-11-07 12:00:41,276 - Timer - INFO - Elapsed time: 0 h 6 m 38 s
2024-11-07 12:00:42,281 - Timer - INFO - Elapsed time: 0 h 6 m 39 s
2024-11-07 12:00:43,287 - Timer - INFO - Elapsed time: 0 h 6 m 40 s
2024-11-07 12:00:44,292 - Timer - INFO - Elapsed time: 0 h 6 m 41 s
2024-11-07 12:00:45,298 - Timer - INFO - Elapsed time: 0 h 6 m 42 s
2024-11-07 12:00:46,303 - Timer - INFO - Elapsed time: 0 h 6 m 43 s
2024-11-07 12:00:47,309 - Timer - INFO - Elapsed time: 0 h 6 m 44 s
2024-11-07 12:00:48,314 - Timer - INFO - Elapsed time: 0 h 6 m 45 s
2024-11-07 12:00:49,320 - Timer - INFO - Elapsed time: 0 h 6 m 46 s
2024-11-07 12:00:50,325 - Timer - INFO - Elapsed time: 0 h 6 m 47 s
2024-11-07 12:00:51,331 - Timer - INFO - Elapsed time: 0 h 6 m 48 s
2024-11-07 12:00:52,336 - Timer - INFO - Elapsed time: 0 h 6 m 49 s
2024-11-07 12:00:53,341 - Timer - INFO - Elapsed time: 0 h 6 m 50 s
2024-11-07 12:00:54,347 - Timer - INFO - Elapsed time: 0 h 6 m 51 s
2024-11-07 12:00:55,352 - Timer - INFO - Elapsed time: 0 h 6 m 52 s
2024-11-07 12:00:56,358 - Timer - INFO - Elapsed time: 0 h 6 m 53 s
2024-11-07 12:00:57,364 - Timer - INFO - Elapsed time: 0 h 6 m 54 s
2024-11-07 12:00:58,368 - Timer - INFO - Elapsed time: 0 h 6 m 55 s
2024-11-07 12:00:59,374 - Timer - INFO - Elapsed time: 0 h 6 m 56 s
2024-11-07 12:01:00,380 - Timer - INFO - Elapsed time: 0 h 6 m 57 s
2024-11-07 12:01:01,385 - Timer - INFO - Elapsed time: 0 h 6 m 58 s
2024-11-07 12:01:02,391 - Timer - INFO - Elapsed time: 0 h 6 m 59 s
2024-11-07 12:01:03,394 - Timer - INFO - Elapsed time: 0 h 7 m 0 s
2024-11-07 12:01:04,399 - Timer - INFO - Elapsed time: 0 h 7 m 1 s
2024-11-07 12:01:05,405 - Timer - INFO - Elapsed time: 0 h 7 m 2 s
2024-11-07 12:01:06,410 - Timer - INFO - Elapsed time: 0 h 7 m 3 s
2024-11-07 12:01:07,416 - Timer - INFO - Elapsed time: 0 h 7 m 4 s
2024-11-07 12:01:08,421 - Timer - INFO - Elapsed time: 0 h 7 m 5 s
2024-11-07 12:01:09,427 - Timer - INFO - Elapsed time: 0 h 7 m 6 s
2024-11-07 12:01:10,432 - Timer - INFO - Elapsed time: 0 h 7 m 7 s
2024-11-07 12:01:11,438 - Timer - INFO - Elapsed time: 0 h 7 m 8 s
2024-11-07 12:01:12,443 - Timer - INFO - Elapsed time: 0 h 7 m 9 s
2024-11-07 12:01:13,448 - Timer - INFO - Elapsed time: 0 h 7 m 10 s
2024-11-07 12:01:14,454 - Timer - INFO - Elapsed time: 0 h 7 m 11 s
2024-11-07 12:01:15,460 - Timer - INFO - Elapsed time: 0 h 7 m 12 s
2024-11-07 12:01:16,465 - Timer - INFO - Elapsed time: 0 h 7 m 13 s
2024-11-07 12:01:17,471 - Timer - INFO - Elapsed time: 0 h 7 m 14 s
2024-11-07 12:01:18,476 - Timer - INFO - Elapsed time: 0 h 7 m 15 s
2024-11-07 12:01:19,482 - Timer - INFO - Elapsed time: 0 h 7 m 16 s
2024-11-07 12:01:20,487 - Timer - INFO - Elapsed time: 0 h 7 m 17 s
2024-11-07 12:01:21,493 - Timer - INFO - Elapsed time: 0 h 7 m 18 s
2024-11-07 12:01:22,498 - Timer - INFO - Elapsed time: 0 h 7 m 19 s
2024-11-07 12:01:23,504 - Timer - INFO - Elapsed time: 0 h 7 m 20 s
2024-11-07 12:01:24,510 - Timer - INFO - Elapsed time: 0 h 7 m 21 s
2024-11-07 12:01:25,515 - Timer - INFO - Elapsed time: 0 h 7 m 22 s
2024-11-07 12:01:26,521 - Timer - INFO - Elapsed time: 0 h 7 m 23 s
2024-11-07 12:01:27,526 - Timer - INFO - Elapsed time: 0 h 7 m 24 s
2024-11-07 12:01:28,532 - Timer - INFO - Elapsed time: 0 h 7 m 25 s
2024-11-07 12:01:29,534 - Timer - INFO - Elapsed time: 0 h 7 m 26 s
2024-11-07 12:01:30,539 - Timer - INFO - Elapsed time: 0 h 7 m 27 s
2024-11-07 12:01:31,545 - Timer - INFO - Elapsed time: 0 h 7 m 28 s
2024-11-07 12:01:32,550 - Timer - INFO - Elapsed time: 0 h 7 m 29 s
2024-11-07 12:01:33,556 - Timer - INFO - Elapsed time: 0 h 7 m 30 s
2024-11-07 12:01:34,561 - Timer - INFO - Elapsed time: 0 h 7 m 31 s
2024-11-07 12:01:35,567 - Timer - INFO - Elapsed time: 0 h 7 m 32 s
2024-11-07 12:01:36,572 - Timer - INFO - Elapsed time: 0 h 7 m 33 s
2024-11-07 12:01:37,578 - Timer - INFO - Elapsed time: 0 h 7 m 34 s
2024-11-07 12:01:38,583 - Timer - INFO - Elapsed time: 0 h 7 m 35 s
2024-11-07 12:01:39,589 - Timer - INFO - Elapsed time: 0 h 7 m 36 s
2024-11-07 12:01:40,594 - Timer - INFO - Elapsed time: 0 h 7 m 37 s
2024-11-07 12:01:41,600 - Timer - INFO - Elapsed time: 0 h 7 m 38 s
2024-11-07 12:01:42,606 - Timer - INFO - Elapsed time: 0 h 7 m 39 s
2024-11-07 12:01:43,611 - Timer - INFO - Elapsed time: 0 h 7 m 40 s
2024-11-07 12:01:44,617 - Timer - INFO - Elapsed time: 0 h 7 m 41 s
2024-11-07 12:01:45,622 - Timer - INFO - Elapsed time: 0 h 7 m 42 s
2024-11-07 12:01:46,627 - Timer - INFO - Elapsed time: 0 h 7 m 43 s
2024-11-07 12:01:47,633 - Timer - INFO - Elapsed time: 0 h 7 m 44 s
2024-11-07 12:01:48,638 - Timer - INFO - Elapsed time: 0 h 7 m 45 s
2024-11-07 12:01:49,644 - Timer - INFO - Elapsed time: 0 h 7 m 46 s
2024-11-07 12:01:50,649 - Timer - INFO - Elapsed time: 0 h 7 m 47 s
2024-11-07 12:01:51,655 - Timer - INFO - Elapsed time: 0 h 7 m 48 s
2024-11-07 12:01:52,660 - Timer - INFO - Elapsed time: 0 h 7 m 49 s
2024-11-07 12:01:53,665 - Timer - INFO - Elapsed time: 0 h 7 m 50 s
2024-11-07 12:01:54,671 - Timer - INFO - Elapsed time: 0 h 7 m 51 s
2024-11-07 12:01:55,676 - Timer - INFO - Elapsed time: 0 h 7 m 52 s
2024-11-07 12:01:56,682 - Timer - INFO - Elapsed time: 0 h 7 m 53 s
2024-11-07 12:01:57,684 - Timer - INFO - Elapsed time: 0 h 7 m 54 s
2024-11-07 12:01:58,687 - Timer - INFO - Elapsed time: 0 h 7 m 55 s
2024-11-07 12:01:59,693 - Timer - INFO - Elapsed time: 0 h 7 m 56 s
2024-11-07 12:02:00,698 - Timer - INFO - Elapsed time: 0 h 7 m 57 s
2024-11-07 12:02:01,704 - Timer - INFO - Elapsed time: 0 h 7 m 58 s
2024-11-07 12:02:02,709 - Timer - INFO - Elapsed time: 0 h 7 m 59 s
2024-11-07 12:02:03,712 - Timer - INFO - Elapsed time: 0 h 8 m 0 s
2024-11-07 12:02:04,717 - Timer - INFO - Elapsed time: 0 h 8 m 1 s
2024-11-07 12:02:05,718 - Timer - INFO - Elapsed time: 0 h 8 m 2 s
2024-11-07 12:02:06,723 - Timer - INFO - Elapsed time: 0 h 8 m 3 s
2024-11-07 12:02:07,729 - Timer - INFO - Elapsed time: 0 h 8 m 4 s
2024-11-07 12:02:08,734 - Timer - INFO - Elapsed time: 0 h 8 m 5 s
2024-11-07 12:02:09,740 - Timer - INFO - Elapsed time: 0 h 8 m 6 s
2024-11-07 12:02:10,745 - Timer - INFO - Elapsed time: 0 h 8 m 7 s
2024-11-07 12:02:11,751 - Timer - INFO - Elapsed time: 0 h 8 m 8 s
2024-11-07 12:02:12,756 - Timer - INFO - Elapsed time: 0 h 8 m 9 s
2024-11-07 12:02:13,760 - Timer - INFO - Elapsed time: 0 h 8 m 10 s
2024-11-07 12:02:14,766 - Timer - INFO - Elapsed time: 0 h 8 m 11 s
2024-11-07 12:02:15,771 - Timer - INFO - Elapsed time: 0 h 8 m 12 s
2024-11-07 12:02:16,777 - Timer - INFO - Elapsed time: 0 h 8 m 13 s
2024-11-07 12:02:17,782 - Timer - INFO - Elapsed time: 0 h 8 m 14 s
2024-11-07 12:02:18,786 - Timer - INFO - Elapsed time: 0 h 8 m 15 s
2024-11-07 12:02:19,791 - Timer - INFO - Elapsed time: 0 h 8 m 16 s
2024-11-07 12:02:20,809 - Timer - INFO - Elapsed time: 0 h 8 m 17 s
2024-11-07 12:02:21,814 - Timer - INFO - Elapsed time: 0 h 8 m 18 s
2024-11-07 12:02:22,820 - Timer - INFO - Elapsed time: 0 h 8 m 19 s
2024-11-07 12:02:23,826 - Timer - INFO - Elapsed time: 0 h 8 m 20 s
2024-11-07 12:02:24,831 - Timer - INFO - Elapsed time: 0 h 8 m 21 s
2024-11-07 12:02:25,837 - Timer - INFO - Elapsed time: 0 h 8 m 22 s
2024-11-07 12:02:26,842 - Timer - INFO - Elapsed time: 0 h 8 m 23 s
2024-11-07 12:02:27,848 - Timer - INFO - Elapsed time: 0 h 8 m 24 s
2024-11-07 12:02:28,853 - Timer - INFO - Elapsed time: 0 h 8 m 25 s
2024-11-07 12:02:29,856 - Timer - INFO - Elapsed time: 0 h 8 m 26 s
2024-11-07 12:02:30,862 - Timer - INFO - Elapsed time: 0 h 8 m 27 s
2024-11-07 12:02:31,868 - Timer - INFO - Elapsed time: 0 h 8 m 28 s
2024-11-07 12:02:32,873 - Timer - INFO - Elapsed time: 0 h 8 m 29 s
2024-11-07 12:02:33,879 - Timer - INFO - Elapsed time: 0 h 8 m 30 s
2024-11-07 12:02:34,884 - Timer - INFO - Elapsed time: 0 h 8 m 31 s
2024-11-07 12:02:35,890 - Timer - INFO - Elapsed time: 0 h 8 m 32 s
2024-11-07 12:02:36,895 - Timer - INFO - Elapsed time: 0 h 8 m 33 s
2024-11-07 12:02:37,901 - Timer - INFO - Elapsed time: 0 h 8 m 34 s
2024-11-07 12:02:38,906 - Timer - INFO - Elapsed time: 0 h 8 m 35 s
2024-11-07 12:02:39,912 - Timer - INFO - Elapsed time: 0 h 8 m 36 s
2024-11-07 12:02:40,918 - Timer - INFO - Elapsed time: 0 h 8 m 37 s
2024-11-07 12:02:41,923 - Timer - INFO - Elapsed time: 0 h 8 m 38 s
2024-11-07 12:02:42,929 - Timer - INFO - Elapsed time: 0 h 8 m 39 s
2024-11-07 12:02:43,929 - Timer - INFO - Elapsed time: 0 h 8 m 40 s
2024-11-07 12:02:44,935 - Timer - INFO - Elapsed time: 0 h 8 m 41 s
2024-11-07 12:02:45,940 - Timer - INFO - Elapsed time: 0 h 8 m 42 s
2024-11-07 12:02:46,946 - Timer - INFO - Elapsed time: 0 h 8 m 43 s
2024-11-07 12:02:47,951 - Timer - INFO - Elapsed time: 0 h 8 m 44 s
2024-11-07 12:02:48,957 - Timer - INFO - Elapsed time: 0 h 8 m 45 s
2024-11-07 12:02:49,962 - Timer - INFO - Elapsed time: 0 h 8 m 46 s
2024-11-07 12:02:50,968 - Timer - INFO - Elapsed time: 0 h 8 m 47 s
2024-11-07 12:02:51,974 - Timer - INFO - Elapsed time: 0 h 8 m 48 s
2024-11-07 12:02:52,979 - Timer - INFO - Elapsed time: 0 h 8 m 49 s
2024-11-07 12:02:53,984 - Timer - INFO - Elapsed time: 0 h 8 m 50 s
2024-11-07 12:02:54,990 - Timer - INFO - Elapsed time: 0 h 8 m 51 s
2024-11-07 12:02:55,995 - Timer - INFO - Elapsed time: 0 h 8 m 52 s
2024-11-07 12:02:57,001 - Timer - INFO - Elapsed time: 0 h 8 m 53 s
2024-11-07 12:02:58,007 - Timer - INFO - Elapsed time: 0 h 8 m 54 s
2024-11-07 12:02:59,012 - Timer - INFO - Elapsed time: 0 h 8 m 55 s
2024-11-07 12:03:00,018 - Timer - INFO - Elapsed time: 0 h 8 m 56 s
2024-11-07 12:03:01,023 - Timer - INFO - Elapsed time: 0 h 8 m 57 s
2024-11-07 12:03:02,028 - Timer - INFO - Elapsed time: 0 h 8 m 58 s
2024-11-07 12:03:03,034 - Timer - INFO - Elapsed time: 0 h 8 m 59 s
2024-11-07 12:03:04,040 - Timer - INFO - Elapsed time: 0 h 9 m 0 s
2024-11-07 12:03:05,045 - Timer - INFO - Elapsed time: 0 h 9 m 1 s
2024-11-07 12:03:06,051 - Timer - INFO - Elapsed time: 0 h 9 m 2 s
2024-11-07 12:03:07,056 - Timer - INFO - Elapsed time: 0 h 9 m 3 s
2024-11-07 12:03:08,062 - Timer - INFO - Elapsed time: 0 h 9 m 4 s
2024-11-07 12:03:09,067 - Timer - INFO - Elapsed time: 0 h 9 m 5 s
2024-11-07 12:03:10,072 - Timer - INFO - Elapsed time: 0 h 9 m 6 s
2024-11-07 12:03:11,074 - Timer - INFO - Elapsed time: 0 h 9 m 7 s
2024-11-07 12:03:12,079 - Timer - INFO - Elapsed time: 0 h 9 m 8 s
2024-11-07 12:03:13,085 - Timer - INFO - Elapsed time: 0 h 9 m 9 s
2024-11-07 12:03:14,090 - Timer - INFO - Elapsed time: 0 h 9 m 10 s
2024-11-07 12:03:15,096 - Timer - INFO - Elapsed time: 0 h 9 m 11 s
2024-11-07 12:03:16,102 - Timer - INFO - Elapsed time: 0 h 9 m 12 s
2024-11-07 12:03:17,107 - Timer - INFO - Elapsed time: 0 h 9 m 13 s
2024-11-07 12:03:18,113 - Timer - INFO - Elapsed time: 0 h 9 m 15 s
2024-11-07 12:03:19,118 - Timer - INFO - Elapsed time: 0 h 9 m 16 s
2024-11-07 12:03:20,124 - Timer - INFO - Elapsed time: 0 h 9 m 17 s
2024-11-07 12:03:21,125 - Timer - INFO - Elapsed time: 0 h 9 m 18 s
2024-11-07 12:03:22,130 - Timer - INFO - Elapsed time: 0 h 9 m 19 s
2024-11-07 12:03:23,136 - Timer - INFO - Elapsed time: 0 h 9 m 20 s
2024-11-07 12:03:24,139 - Timer - INFO - Elapsed time: 0 h 9 m 21 s
2024-11-07 12:03:25,144 - Timer - INFO - Elapsed time: 0 h 9 m 22 s
2024-11-07 12:03:26,150 - Timer - INFO - Elapsed time: 0 h 9 m 23 s
2024-11-07 12:03:27,156 - Timer - INFO - Elapsed time: 0 h 9 m 24 s
2024-11-07 12:03:28,158 - Timer - INFO - Elapsed time: 0 h 9 m 25 s
2024-11-07 12:03:29,164 - Timer - INFO - Elapsed time: 0 h 9 m 26 s
2024-11-07 12:03:30,169 - Timer - INFO - Elapsed time: 0 h 9 m 27 s
2024-11-07 12:03:31,175 - Timer - INFO - Elapsed time: 0 h 9 m 28 s
2024-11-07 12:03:32,180 - Timer - INFO - Elapsed time: 0 h 9 m 29 s
2024-11-07 12:03:33,186 - Timer - INFO - Elapsed time: 0 h 9 m 30 s
2024-11-07 12:03:34,191 - Timer - INFO - Elapsed time: 0 h 9 m 31 s
2024-11-07 12:03:35,197 - Timer - INFO - Elapsed time: 0 h 9 m 32 s
2024-11-07 12:03:36,202 - Timer - INFO - Elapsed time: 0 h 9 m 33 s
2024-11-07 12:03:37,205 - Timer - INFO - Elapsed time: 0 h 9 m 34 s
2024-11-07 12:03:38,211 - Timer - INFO - Elapsed time: 0 h 9 m 35 s
2024-11-07 12:03:39,216 - Timer - INFO - Elapsed time: 0 h 9 m 36 s
2024-11-07 12:03:40,222 - Timer - INFO - Elapsed time: 0 h 9 m 37 s
2024-11-07 12:03:41,227 - Timer - INFO - Elapsed time: 0 h 9 m 38 s
2024-11-07 12:03:42,233 - Timer - INFO - Elapsed time: 0 h 9 m 39 s
2024-11-07 12:03:43,238 - Timer - INFO - Elapsed time: 0 h 9 m 40 s
2024-11-07 12:03:44,244 - Timer - INFO - Elapsed time: 0 h 9 m 41 s
2024-11-07 12:03:45,250 - Timer - INFO - Elapsed time: 0 h 9 m 42 s
2024-11-07 12:03:46,255 - Timer - INFO - Elapsed time: 0 h 9 m 43 s
2024-11-07 12:03:47,261 - Timer - INFO - Elapsed time: 0 h 9 m 44 s
2024-11-07 12:03:48,266 - Timer - INFO - Elapsed time: 0 h 9 m 45 s
2024-11-07 12:03:49,272 - Timer - INFO - Elapsed time: 0 h 9 m 46 s
2024-11-07 12:03:50,276 - Timer - INFO - Elapsed time: 0 h 9 m 47 s
2024-11-07 12:03:51,282 - Timer - INFO - Elapsed time: 0 h 9 m 48 s
2024-11-07 12:03:52,287 - Timer - INFO - Elapsed time: 0 h 9 m 49 s
2024-11-07 12:03:53,293 - Timer - INFO - Elapsed time: 0 h 9 m 50 s
2024-11-07 12:03:54,298 - Timer - INFO - Elapsed time: 0 h 9 m 51 s
2024-11-07 12:03:55,304 - Timer - INFO - Elapsed time: 0 h 9 m 52 s
2024-11-07 12:03:56,309 - Timer - INFO - Elapsed time: 0 h 9 m 53 s
2024-11-07 12:03:57,315 - Timer - INFO - Elapsed time: 0 h 9 m 54 s
2024-11-07 12:03:58,320 - Timer - INFO - Elapsed time: 0 h 9 m 55 s
2024-11-07 12:03:59,326 - Timer - INFO - Elapsed time: 0 h 9 m 56 s
2024-11-07 12:04:00,331 - Timer - INFO - Elapsed time: 0 h 9 m 57 s
2024-11-07 12:04:01,333 - Timer - INFO - Elapsed time: 0 h 9 m 58 s
2024-11-07 12:04:02,338 - Timer - INFO - Elapsed time: 0 h 9 m 59 s
2024-11-07 12:04:03,344 - Timer - INFO - Elapsed time: 0 h 10 m 0 s
2024-11-07 12:04:04,350 - Timer - INFO - Elapsed time: 0 h 10 m 1 s
2024-11-07 12:04:05,355 - Timer - INFO - Elapsed time: 0 h 10 m 2 s
2024-11-07 12:04:06,361 - Timer - INFO - Elapsed time: 0 h 10 m 3 s
2024-11-07 12:04:07,367 - Timer - INFO - Elapsed time: 0 h 10 m 4 s
2024-11-07 12:04:08,372 - Timer - INFO - Elapsed time: 0 h 10 m 5 s
2024-11-07 12:04:09,378 - Timer - INFO - Elapsed time: 0 h 10 m 6 s
2024-11-07 12:04:10,383 - Timer - INFO - Elapsed time: 0 h 10 m 7 s
2024-11-07 12:04:11,389 - Timer - INFO - Elapsed time: 0 h 10 m 8 s
2024-11-07 12:04:12,394 - Timer - INFO - Elapsed time: 0 h 10 m 9 s
2024-11-07 12:04:13,400 - Timer - INFO - Elapsed time: 0 h 10 m 10 s
2024-11-07 12:04:14,406 - Timer - INFO - Elapsed time: 0 h 10 m 11 s
2024-11-07 12:04:15,411 - Timer - INFO - Elapsed time: 0 h 10 m 12 s
2024-11-07 12:04:16,416 - Timer - INFO - Elapsed time: 0 h 10 m 13 s
2024-11-07 12:04:17,422 - Timer - INFO - Elapsed time: 0 h 10 m 14 s
2024-11-07 12:04:18,427 - Timer - INFO - Elapsed time: 0 h 10 m 15 s
2024-11-07 12:04:19,433 - Timer - INFO - Elapsed time: 0 h 10 m 16 s
2024-11-07 12:04:20,439 - Timer - INFO - Elapsed time: 0 h 10 m 17 s
2024-11-07 12:04:21,444 - Timer - INFO - Elapsed time: 0 h 10 m 18 s
2024-11-07 12:04:22,450 - Timer - INFO - Elapsed time: 0 h 10 m 19 s
2024-11-07 12:04:23,455 - Timer - INFO - Elapsed time: 0 h 10 m 20 s
2024-11-07 12:04:24,461 - Timer - INFO - Elapsed time: 0 h 10 m 21 s
2024-11-07 12:04:25,467 - Timer - INFO - Elapsed time: 0 h 10 m 22 s
2024-11-07 12:04:26,472 - Timer - INFO - Elapsed time: 0 h 10 m 23 s
2024-11-07 12:04:27,478 - Timer - INFO - Elapsed time: 0 h 10 m 24 s
2024-11-07 12:04:28,483 - Timer - INFO - Elapsed time: 0 h 10 m 25 s
2024-11-07 12:04:29,489 - Timer - INFO - Elapsed time: 0 h 10 m 26 s
2024-11-07 12:04:30,495 - Timer - INFO - Elapsed time: 0 h 10 m 27 s
2024-11-07 12:04:31,500 - Timer - INFO - Elapsed time: 0 h 10 m 28 s
2024-11-07 12:04:32,506 - Timer - INFO - Elapsed time: 0 h 10 m 29 s
2024-11-07 12:04:33,511 - Timer - INFO - Elapsed time: 0 h 10 m 30 s
2024-11-07 12:04:34,517 - Timer - INFO - Elapsed time: 0 h 10 m 31 s
2024-11-07 12:04:35,522 - Timer - INFO - Elapsed time: 0 h 10 m 32 s
2024-11-07 12:04:36,528 - Timer - INFO - Elapsed time: 0 h 10 m 33 s
2024-11-07 12:04:37,534 - Timer - INFO - Elapsed time: 0 h 10 m 34 s
2024-11-07 12:04:38,539 - Timer - INFO - Elapsed time: 0 h 10 m 35 s
2024-11-07 12:04:39,545 - Timer - INFO - Elapsed time: 0 h 10 m 36 s
2024-11-07 12:04:40,550 - Timer - INFO - Elapsed time: 0 h 10 m 37 s
2024-11-07 12:04:41,556 - Timer - INFO - Elapsed time: 0 h 10 m 38 s
2024-11-07 12:04:42,561 - Timer - INFO - Elapsed time: 0 h 10 m 39 s
2024-11-07 12:04:43,567 - Timer - INFO - Elapsed time: 0 h 10 m 40 s
2024-11-07 12:04:44,572 - Timer - INFO - Elapsed time: 0 h 10 m 41 s
2024-11-07 12:04:45,578 - Timer - INFO - Elapsed time: 0 h 10 m 42 s
2024-11-07 12:04:46,584 - Timer - INFO - Elapsed time: 0 h 10 m 43 s
2024-11-07 12:04:47,588 - Timer - INFO - Elapsed time: 0 h 10 m 44 s
2024-11-07 12:04:48,591 - Timer - INFO - Elapsed time: 0 h 10 m 45 s
2024-11-07 12:04:49,597 - Timer - INFO - Elapsed time: 0 h 10 m 46 s
2024-11-07 12:04:50,602 - Timer - INFO - Elapsed time: 0 h 10 m 47 s
2024-11-07 12:04:51,607 - Timer - INFO - Elapsed time: 0 h 10 m 48 s
2024-11-07 12:04:52,613 - Timer - INFO - Elapsed time: 0 h 10 m 49 s
2024-11-07 12:04:53,619 - Timer - INFO - Elapsed time: 0 h 10 m 50 s
2024-11-07 12:04:54,624 - Timer - INFO - Elapsed time: 0 h 10 m 51 s
2024-11-07 12:04:55,629 - Timer - INFO - Elapsed time: 0 h 10 m 52 s
2024-11-07 12:04:56,635 - Timer - INFO - Elapsed time: 0 h 10 m 53 s
2024-11-07 12:04:57,640 - Timer - INFO - Elapsed time: 0 h 10 m 54 s
2024-11-07 12:04:58,646 - Timer - INFO - Elapsed time: 0 h 10 m 55 s
2024-11-07 12:04:59,651 - Timer - INFO - Elapsed time: 0 h 10 m 56 s
2024-11-07 12:05:00,657 - Timer - INFO - Elapsed time: 0 h 10 m 57 s
2024-11-07 12:05:01,662 - Timer - INFO - Elapsed time: 0 h 10 m 58 s
2024-11-07 12:05:02,668 - Timer - INFO - Elapsed time: 0 h 10 m 59 s
2024-11-07 12:05:03,674 - Timer - INFO - Elapsed time: 0 h 11 m 0 s
2024-11-07 12:05:04,679 - Timer - INFO - Elapsed time: 0 h 11 m 1 s
2024-11-07 12:05:05,685 - Timer - INFO - Elapsed time: 0 h 11 m 2 s
2024-11-07 12:05:06,690 - Timer - INFO - Elapsed time: 0 h 11 m 3 s
2024-11-07 12:05:07,696 - Timer - INFO - Elapsed time: 0 h 11 m 4 s
2024-11-07 12:05:08,702 - Timer - INFO - Elapsed time: 0 h 11 m 5 s
2024-11-07 12:05:09,707 - Timer - INFO - Elapsed time: 0 h 11 m 6 s
2024-11-07 12:05:10,713 - Timer - INFO - Elapsed time: 0 h 11 m 7 s
2024-11-07 12:05:11,718 - Timer - INFO - Elapsed time: 0 h 11 m 8 s
2024-11-07 12:05:12,724 - Timer - INFO - Elapsed time: 0 h 11 m 9 s
2024-11-07 12:05:13,729 - Timer - INFO - Elapsed time: 0 h 11 m 10 s
2024-11-07 12:05:14,735 - Timer - INFO - Elapsed time: 0 h 11 m 11 s
2024-11-07 12:05:15,740 - Timer - INFO - Elapsed time: 0 h 11 m 12 s
2024-11-07 12:05:16,746 - Timer - INFO - Elapsed time: 0 h 11 m 13 s
2024-11-07 12:05:17,751 - Timer - INFO - Elapsed time: 0 h 11 m 14 s
2024-11-07 12:05:18,757 - Timer - INFO - Elapsed time: 0 h 11 m 15 s
2024-11-07 12:05:19,762 - Timer - INFO - Elapsed time: 0 h 11 m 16 s
2024-11-07 12:05:20,768 - Timer - INFO - Elapsed time: 0 h 11 m 17 s
2024-11-07 12:05:21,774 - Timer - INFO - Elapsed time: 0 h 11 m 18 s
2024-11-07 12:05:22,779 - Timer - INFO - Elapsed time: 0 h 11 m 19 s
2024-11-07 12:05:23,785 - Timer - INFO - Elapsed time: 0 h 11 m 20 s
2024-11-07 12:05:24,791 - Timer - INFO - Elapsed time: 0 h 11 m 21 s
2024-11-07 12:05:25,796 - Timer - INFO - Elapsed time: 0 h 11 m 22 s
2024-11-07 12:05:26,802 - Timer - INFO - Elapsed time: 0 h 11 m 23 s
2024-11-07 12:05:27,803 - Timer - INFO - Elapsed time: 0 h 11 m 24 s
2024-11-07 12:05:28,808 - Timer - INFO - Elapsed time: 0 h 11 m 25 s
2024-11-07 12:05:29,814 - Timer - INFO - Elapsed time: 0 h 11 m 26 s
2024-11-07 12:05:30,819 - Timer - INFO - Elapsed time: 0 h 11 m 27 s
2024-11-07 12:05:31,825 - Timer - INFO - Elapsed time: 0 h 11 m 28 s
2024-11-07 12:05:32,830 - Timer - INFO - Elapsed time: 0 h 11 m 29 s
2024-11-07 12:05:33,836 - Timer - INFO - Elapsed time: 0 h 11 m 30 s
2024-11-07 12:05:34,842 - Timer - INFO - Elapsed time: 0 h 11 m 31 s
2024-11-07 12:05:35,847 - Timer - INFO - Elapsed time: 0 h 11 m 32 s
2024-11-07 12:05:36,853 - Timer - INFO - Elapsed time: 0 h 11 m 33 s
2024-11-07 12:05:37,855 - Timer - INFO - Elapsed time: 0 h 11 m 34 s
2024-11-07 12:05:38,860 - Timer - INFO - Elapsed time: 0 h 11 m 35 s
2024-11-07 12:05:39,863 - Timer - INFO - Elapsed time: 0 h 11 m 36 s
2024-11-07 12:05:40,869 - Timer - INFO - Elapsed time: 0 h 11 m 37 s
2024-11-07 12:05:41,875 - Timer - INFO - Elapsed time: 0 h 11 m 38 s
2024-11-07 12:05:42,880 - Timer - INFO - Elapsed time: 0 h 11 m 39 s
2024-11-07 12:05:43,884 - Timer - INFO - Elapsed time: 0 h 11 m 40 s
2024-11-07 12:05:44,890 - Timer - INFO - Elapsed time: 0 h 11 m 41 s
2024-11-07 12:05:45,895 - Timer - INFO - Elapsed time: 0 h 11 m 42 s
2024-11-07 12:05:46,901 - Timer - INFO - Elapsed time: 0 h 11 m 43 s
2024-11-07 12:05:47,906 - Timer - INFO - Elapsed time: 0 h 11 m 44 s
2024-11-07 12:05:48,912 - Timer - INFO - Elapsed time: 0 h 11 m 45 s
2024-11-07 12:05:49,917 - Timer - INFO - Elapsed time: 0 h 11 m 46 s
2024-11-07 12:05:50,922 - Timer - INFO - Elapsed time: 0 h 11 m 47 s
2024-11-07 12:05:51,928 - Timer - INFO - Elapsed time: 0 h 11 m 48 s
2024-11-07 12:05:52,934 - Timer - INFO - Elapsed time: 0 h 11 m 49 s
2024-11-07 12:05:53,939 - Timer - INFO - Elapsed time: 0 h 11 m 50 s
2024-11-07 12:05:54,945 - Timer - INFO - Elapsed time: 0 h 11 m 51 s
2024-11-07 12:05:55,950 - Timer - INFO - Elapsed time: 0 h 11 m 52 s
2024-11-07 12:05:56,956 - Timer - INFO - Elapsed time: 0 h 11 m 53 s
2024-11-07 12:05:57,961 - Timer - INFO - Elapsed time: 0 h 11 m 54 s
2024-11-07 12:05:58,967 - Timer - INFO - Elapsed time: 0 h 11 m 55 s
2024-11-07 12:05:59,970 - Timer - INFO - Elapsed time: 0 h 11 m 56 s
2024-11-07 12:06:00,976 - Timer - INFO - Elapsed time: 0 h 11 m 57 s
2024-11-07 12:06:01,982 - Timer - INFO - Elapsed time: 0 h 11 m 58 s
2024-11-07 12:06:02,987 - Timer - INFO - Elapsed time: 0 h 11 m 59 s
2024-11-07 12:06:03,992 - Timer - INFO - Elapsed time: 0 h 12 m 0 s
2024-11-07 12:06:04,998 - Timer - INFO - Elapsed time: 0 h 12 m 1 s
2024-11-07 12:06:06,003 - Timer - INFO - Elapsed time: 0 h 12 m 2 s
2024-11-07 12:06:07,005 - Timer - INFO - Elapsed time: 0 h 12 m 3 s
2024-11-07 12:06:08,011 - Timer - INFO - Elapsed time: 0 h 12 m 4 s
2024-11-07 12:06:09,016 - Timer - INFO - Elapsed time: 0 h 12 m 5 s
2024-11-07 12:06:10,022 - Timer - INFO - Elapsed time: 0 h 12 m 6 s
2024-11-07 12:06:11,027 - Timer - INFO - Elapsed time: 0 h 12 m 7 s
