2024-07-09 15:34:05,872 - pylabware.connections.SerialConnection - INFO - Creating connection object with the following settings: 
{'address': '', 'port': '/dev/ttyUSB0', 'encoding': 'UTF-8', 'command_delay': 0.5, 'receive_buffer_size': 128, 'receive_timeout': 1, 'transmit_timeout': 1, 'receiving_interval': 0.05, 'write_timeout': 0.5, 'baudrate': 9600, 'bytesize': 7, 'parity': 'E', 'stopbits': 1, 'xonxoff': False, 'rtscts': False, 'dsrdtr': False, 'inter_byte_timeout': False}
2024-07-09 15:34:05,872 - pylabware.connections.SerialConnection - INFO - Creating connection object with the following settings: 
{'address': '1', 'port': '/dev/ttyUSB1', 'encoding': 'UTF-8', 'command_delay': 0, 'receive_buffer_size': 128, 'receive_timeout': 10, 'transmit_timeout': 1, 'receiving_interval': 0.05, 'write_timeout': 0.5, 'baudrate': 9600, 'bytesize': 8, 'parity': 'N', 'stopbits': 1, 'xonxoff': False, 'rtscts': False, 'dsrdtr': False, 'inter_byte_timeout': False}
2024-07-09 15:34:05,873 - pylabware.connections.SerialConnection - INFO - Creating connection object with the following settings: 
{'address': None, 'port': '/dev/ttyUSB2', 'encoding': 'UTF-8', 'command_delay': 0.5, 'receive_buffer_size': 128, 'receive_timeout': 1, 'transmit_timeout': 1, 'receiving_interval': 0.05, 'write_timeout': 0.5, 'baudrate': 9600, 'bytesize': 8, 'parity': 'N', 'stopbits': 1, 'xonxoff': True, 'rtscts': False, 'dsrdtr': False, 'inter_byte_timeout': False, 'timeout': 0.1}
2024-07-09 15:34:05,874 - pylabware.connections.SerialConnection - INFO - Starting connection listener...
2024-07-09 15:34:05,874 - pylabware.connections.SerialConnection - INFO - Port /dev/ttyUSB2 opened.
2024-07-09 15:34:05,874 - pylabware.connections.SerialConnection - WARNING - Command rate too high! Delaying next command for 0.5 seconds
2024-07-09 15:34:06,478 - pylabware.controllers.QuantosQB1.QUANTOS - INFO - No carousel/autosampler connected
2024-07-09 15:34:06,478 - pylabware.connections.SerialConnection - WARNING - Command rate too high! Delaying next command for 0.5 seconds
2024-07-09 15:34:09,654 - pylabware.connections.SerialConnection - INFO - Starting connection listener...
2024-07-09 15:34:09,654 - pylabware.connections.SerialConnection - INFO - Port /dev/ttyUSB0 opened.
2024-07-09 15:34:09,654 - pylabware.controllers.RCTDigitalHotplate.IKA - INFO - Opened connection.
2024-07-09 15:34:54,730 - pylabware.connections.SerialConnection - INFO - Starting connection listener...
2024-07-09 15:34:54,730 - pylabware.connections.SerialConnection - INFO - Port /dev/ttyUSB1 opened.
2024-07-09 15:34:54,730 - pylabware.controllers.XCalibur.PUMP - INFO - Opened connection.
2024-07-09 15:34:55,837 - pylabware.controllers.XCalibur.PUMP - INFO - Device initialized.
2024-07-09 15:34:56,340 - root - INFO - CONNECTING QUANTOS - OPENING DOORS
2024-07-09 15:36:22,717 - root - INFO - SHUTTING QUANTOS DOORS
2024-07-09 15:36:28,244 - pylabware.connections.SerialConnection - WARNING - Command rate too high! Delaying next command for 0.5 seconds
2024-07-09 15:36:38,857 - root - INFO - QUANTOS DOOR CHECK
2024-07-09 15:36:38,857 - pylabware.connections.SerialConnection - WARNING - Command rate too high! Delaying next command for 0.5 seconds
2024-07-09 15:38:23,066 - root - INFO - SHUTTING QUANTOS DOORS
2024-07-09 15:38:28,720 - pylabware.connections.SerialConnection - WARNING - Command rate too high! Delaying next command for 0.5 seconds
2024-07-09 15:38:34,757 - root - INFO - QUANTOS DOOR CHECK
2024-07-09 15:38:34,757 - pylabware.connections.SerialConnection - WARNING - Command rate too high! Delaying next command for 0.5 seconds
2024-07-09 15:38:35,914 - root - INFO - QUANTOS DOOR CHECK
2024-07-09 15:43:04,882 - root - INFO - SHUTTING QUANTOS DOORS
2024-07-09 15:43:10,556 - pylabware.connections.SerialConnection - WARNING - Command rate too high! Delaying next command for 0.5 seconds
2024-07-09 15:43:20,819 - root - INFO - QUANTOS DOOR CHECK
2024-07-09 15:43:20,819 - pylabware.connections.SerialConnection - WARNING - Command rate too high! Delaying next command for 0.5 seconds
2024-07-09 15:45:04,843 - root - INFO - SHUTTING QUANTOS DOORS
2024-07-09 15:45:10,372 - pylabware.connections.SerialConnection - WARNING - Command rate too high! Delaying next command for 0.5 seconds
2024-07-09 15:45:16,409 - root - INFO - QUANTOS DOOR CHECK
2024-07-09 15:45:16,409 - pylabware.connections.SerialConnection - WARNING - Command rate too high! Delaying next command for 0.5 seconds
2024-07-09 15:45:17,515 - root - INFO - QUANTOS DOOR CHECK
2024-07-09 15:49:43,402 - root - INFO - SHUTTING QUANTOS DOORS
2024-07-09 15:49:48,901 - pylabware.connections.SerialConnection - WARNING - Command rate too high! Delaying next command for 0.5 seconds
2024-07-09 15:49:59,664 - root - INFO - QUANTOS DOOR CHECK
2024-07-09 15:49:59,664 - pylabware.connections.SerialConnection - WARNING - Command rate too high! Delaying next command for 0.5 seconds
2024-07-09 15:51:43,750 - root - INFO - SHUTTING QUANTOS DOORS
2024-07-09 15:51:49,364 - pylabware.connections.SerialConnection - WARNING - Command rate too high! Delaying next command for 0.5 seconds
2024-07-09 15:51:55,351 - root - INFO - QUANTOS DOOR CHECK
2024-07-09 15:51:55,351 - pylabware.connections.SerialConnection - WARNING - Command rate too high! Delaying next command for 0.5 seconds
2024-07-09 15:51:56,457 - root - INFO - QUANTOS DOOR CHECK
