2025-04-09 11:09:52,023 - Workflow_Config_Helper - INFO - All solids and liquids requested in sample list are in the workflow
2025-04-09 11:09:52,023 - Workflow_Config_Helper - INFO - No errors in workflow detected
2025-04-09 11:10:26,794 - Workflow_Config_Helper - INFO - All solids and liquids requested in sample list are in the workflow
2025-04-09 11:10:26,795 - Workflow_Config_Helper - INFO - No errors in workflow detected
2025-04-09 11:10:30,818 - pylabware.connections.SerialConnection - INFO - Creating connection object with the following settings: 
{'address': '', 'port': '/dev/ttyUSB0', 'encoding': 'UTF-8', 'command_delay': 0.5, 'receive_buffer_size': 128, 'receive_timeout': 1, 'transmit_timeout': 1, 'receiving_interval': 0.05, 'write_timeout': 0.5, 'baudrate': 9600, 'bytesize': 7, 'parity': 'E', 'stopbits': 1, 'xonxoff': False, 'rtscts': False, 'dsrdtr': False, 'inter_byte_timeout': False}
2025-04-09 11:10:30,819 - pylabware.connections.SerialConnection - INFO - Creating connection object with the following settings: 
{'address': '1', 'port': '/dev/ttyUSB2', 'encoding': 'UTF-8', 'command_delay': 0, 'receive_buffer_size': 128, 'receive_timeout': 10, 'transmit_timeout': 1, 'receiving_interval': 0.05, 'write_timeout': 0.5, 'baudrate': 9600, 'bytesize': 8, 'parity': 'N', 'stopbits': 1, 'xonxoff': False, 'rtscts': False, 'dsrdtr': False, 'inter_byte_timeout': False}
2025-04-09 11:10:30,820 - pylabware.connections.SerialConnection - INFO - Creating connection object with the following settings: 
{'address': '1', 'port': '/dev/ttyUSB3', 'encoding': 'UTF-8', 'command_delay': 0, 'receive_buffer_size': 128, 'receive_timeout': 0.1, 'transmit_timeout': 1, 'receiving_interval': 0.05, 'write_timeout': 0.5, 'baudrate': 9600, 'bytesize': 8, 'parity': 'N', 'stopbits': 1, 'xonxoff': False, 'rtscts': False, 'dsrdtr': False, 'inter_byte_timeout': False}
2025-04-09 11:10:30,820 - pylabware.connections.SerialConnection - INFO - Creating connection object with the following settings: 
{'address': None, 'port': '/dev/ttyUSB1', 'encoding': 'UTF-8', 'command_delay': 0.5, 'receive_buffer_size': 128, 'receive_timeout': 1, 'transmit_timeout': 1, 'receiving_interval': 0.05, 'write_timeout': 0.5, 'baudrate': 9600, 'bytesize': 8, 'parity': 'N', 'stopbits': 1, 'xonxoff': True, 'rtscts': False, 'dsrdtr': False, 'inter_byte_timeout': False, 'timeout': 0.1}
2025-04-09 11:10:30,823 - pylabware.connections.SerialConnection - INFO - Starting connection listener...
2025-04-09 11:10:30,823 - pylabware.connections.SerialConnection - INFO - Port /dev/ttyUSB1 opened.
2025-04-09 11:10:30,824 - pylabware.connections.SerialConnection - WARNING - Command rate too high! Delaying next command for 0.5 seconds
2025-04-09 11:10:31,432 - pylabware.controllers.QuantosQB1.QUANTOS - INFO - No carousel/autosampler connected
2025-04-09 11:10:31,433 - pylabware.connections.SerialConnection - WARNING - Command rate too high! Delaying next command for 0.5 seconds
2025-04-09 11:10:34,553 - RiH_Main - INFO - Connecting IKA RCT digital..
2025-04-09 11:10:34,556 - pylabware.connections.SerialConnection - INFO - Starting connection listener...
2025-04-09 11:10:34,557 - pylabware.connections.SerialConnection - INFO - Port /dev/ttyUSB0 opened.
2025-04-09 11:10:34,557 - pylabware.controllers.RCTDigitalHotplate.IKA - INFO - Opened connection.
2025-04-09 11:11:16,569 - RiH_Main - INFO - IKA RCT digital connected.
2025-04-09 11:11:18,078 - RiH_Main - INFO - Stiring velocity set to 200.
2025-04-09 11:11:19,622 - RiH_Main - INFO - Current temperature: 0.0.
2025-04-09 11:11:19,622 - RiH_Main - INFO - Connecting Pump..
2025-04-09 11:11:19,626 - pylabware.connections.SerialConnection - INFO - Starting connection listener...
2025-04-09 11:11:19,626 - pylabware.connections.SerialConnection - INFO - Port /dev/ttyUSB2 opened.
2025-04-09 11:11:19,626 - pylabware.controllers.XCalibur.DISPENSE_PUMP - INFO - Opened connection.
2025-04-09 11:11:20,182 - RiH_Main - INFO - Pump connected.
2025-04-09 11:11:20,737 - pylabware.controllers.XCalibur.DISPENSE_PUMP - INFO - Device initialized.
2025-04-09 11:11:20,737 - RiH_Main - INFO - Pump initialised.
2025-04-09 11:11:21,276 - RiH_Main - INFO - Checking for pump errors
2025-04-09 11:11:21,276 - RiH_Main - INFO - Connecting Pump..
2025-04-09 11:11:21,280 - pylabware.connections.SerialConnection - INFO - Starting connection listener...
2025-04-09 11:11:21,280 - pylabware.connections.SerialConnection - INFO - Port /dev/ttyUSB3 opened.
2025-04-09 11:11:21,281 - pylabware.controllers.C3000SyringePump.ACID_DISPENSE_PUMP - INFO - Opened connection.
2025-04-09 11:11:25,785 - RiH_Main - INFO - Acid Pump connected.
2025-04-09 11:11:26,288 - pylabware.controllers.C3000SyringePump.ACID_DISPENSE_PUMP - INFO - Initialising with full force at speed 15
2025-04-09 11:11:30,290 - RiH_Main - ERROR - Acid Pump not connected.
2025-04-09 11:11:30,290 - RiH_Main - ERROR - No reply received from the device!
2025-04-09 11:11:30,290 - RiH_Main - INFO - Connecting to the Quantos - opening doors
2025-04-09 11:11:36,691 - RiH_Main - INFO - Quantos connected..
2025-04-09 11:11:36,692 - RiH_Main - INFO - Initialising the filter machine
2025-04-09 11:11:36,692 - RiH_Filtration_System - INFO - Initialising filtration system pump
2025-04-09 11:11:39,708 - pylabware.connections.SerialConnection - INFO - Creating connection object with the following settings: 
{'address': '1', 'port': '/dev/ttyUSB4', 'encoding': 'UTF-8', 'command_delay': 0, 'receive_buffer_size': 128, 'receive_timeout': 10, 'transmit_timeout': 1, 'receiving_interval': 0.05, 'write_timeout': 0.5, 'baudrate': 9600, 'bytesize': 8, 'parity': 'N', 'stopbits': 1, 'xonxoff': False, 'rtscts': False, 'dsrdtr': False, 'inter_byte_timeout': False}
2025-04-09 11:11:39,712 - pylabware.connections.SerialConnection - INFO - Starting connection listener...
2025-04-09 11:11:39,713 - pylabware.connections.SerialConnection - INFO - Port /dev/ttyUSB4 opened.
2025-04-09 11:11:39,713 - pylabware.controllers.XCalibur.FILT_PUMP - INFO - Opened connection.
2025-04-09 11:11:39,764 - pylabware.controllers.XCalibur.FILT_PUMP - INFO - Device initialized.
2025-04-09 11:11:42,591 - pylabware.controllers.XCalibur.FILT_PUMP - WARNING - A non-fatal error was recieved resending command - errors occured: 1
2025-04-09 11:11:43,196 - RiH_Filtration_System - INFO - Initialising the filtration system arduino
2025-04-09 11:11:43,246 - RiH_Main - ERROR - Robot not connected...
2025-04-09 11:11:43,246 - RiH_Main - ERROR - Capper camera is not available.
2025-04-09 11:11:43,246 - RiH_Main - ERROR - Robot not available or the emergency stop button is activated.
2025-04-09 11:11:43,246 - RiH_Main - ERROR - Terminating the program.
2025-04-09 11:15:42,177 - Workflow_Config_Helper - INFO - All solids and liquids requested in sample list are in the workflow
2025-04-09 11:15:42,177 - Workflow_Config_Helper - INFO - No errors in workflow detected
2025-04-09 11:15:46,200 - pylabware.connections.SerialConnection - INFO - Creating connection object with the following settings: 
{'address': '', 'port': '/dev/ttyUSB0', 'encoding': 'UTF-8', 'command_delay': 0.5, 'receive_buffer_size': 128, 'receive_timeout': 1, 'transmit_timeout': 1, 'receiving_interval': 0.05, 'write_timeout': 0.5, 'baudrate': 9600, 'bytesize': 7, 'parity': 'E', 'stopbits': 1, 'xonxoff': False, 'rtscts': False, 'dsrdtr': False, 'inter_byte_timeout': False}
2025-04-09 11:15:46,200 - pylabware.connections.SerialConnection - INFO - Creating connection object with the following settings: 
{'address': '1', 'port': '/dev/ttyUSB2', 'encoding': 'UTF-8', 'command_delay': 0, 'receive_buffer_size': 128, 'receive_timeout': 10, 'transmit_timeout': 1, 'receiving_interval': 0.05, 'write_timeout': 0.5, 'baudrate': 9600, 'bytesize': 8, 'parity': 'N', 'stopbits': 1, 'xonxoff': False, 'rtscts': False, 'dsrdtr': False, 'inter_byte_timeout': False}
2025-04-09 11:15:46,201 - pylabware.connections.SerialConnection - INFO - Creating connection object with the following settings: 
{'address': '1', 'port': '/dev/ttyUSB3', 'encoding': 'UTF-8', 'command_delay': 0, 'receive_buffer_size': 128, 'receive_timeout': 0.1, 'transmit_timeout': 1, 'receiving_interval': 0.05, 'write_timeout': 0.5, 'baudrate': 9600, 'bytesize': 8, 'parity': 'N', 'stopbits': 1, 'xonxoff': False, 'rtscts': False, 'dsrdtr': False, 'inter_byte_timeout': False}
2025-04-09 11:15:46,202 - pylabware.connections.SerialConnection - INFO - Creating connection object with the following settings: 
{'address': None, 'port': '/dev/ttyUSB1', 'encoding': 'UTF-8', 'command_delay': 0.5, 'receive_buffer_size': 128, 'receive_timeout': 1, 'transmit_timeout': 1, 'receiving_interval': 0.05, 'write_timeout': 0.5, 'baudrate': 9600, 'bytesize': 8, 'parity': 'N', 'stopbits': 1, 'xonxoff': True, 'rtscts': False, 'dsrdtr': False, 'inter_byte_timeout': False, 'timeout': 0.1}
2025-04-09 11:15:46,204 - pylabware.connections.SerialConnection - INFO - Starting connection listener...
2025-04-09 11:15:46,205 - pylabware.connections.SerialConnection - INFO - Port /dev/ttyUSB1 opened.
2025-04-09 11:15:46,205 - pylabware.connections.SerialConnection - WARNING - Command rate too high! Delaying next command for 0.5 seconds
2025-04-09 11:15:46,812 - pylabware.controllers.QuantosQB1.QUANTOS - INFO - No carousel/autosampler connected
2025-04-09 11:15:46,813 - pylabware.connections.SerialConnection - WARNING - Command rate too high! Delaying next command for 0.5 seconds
2025-04-09 11:15:49,985 - RiH_Main - INFO - Connecting IKA RCT digital..
2025-04-09 11:15:49,988 - pylabware.connections.SerialConnection - INFO - Starting connection listener...
2025-04-09 11:15:49,988 - pylabware.connections.SerialConnection - INFO - Port /dev/ttyUSB0 opened.
2025-04-09 11:15:49,989 - pylabware.controllers.RCTDigitalHotplate.IKA - INFO - Opened connection.
2025-04-09 11:15:52,059 - RiH_Main - INFO - IKA RCT digital connected.
2025-04-09 11:15:53,563 - RiH_Main - INFO - Stiring velocity set to 200.
2025-04-09 11:15:55,138 - RiH_Main - INFO - Current temperature: 0.0.
2025-04-09 11:15:55,138 - RiH_Main - INFO - Connecting Pump..
2025-04-09 11:15:55,141 - pylabware.connections.SerialConnection - INFO - Starting connection listener...
2025-04-09 11:15:55,141 - pylabware.connections.SerialConnection - INFO - Port /dev/ttyUSB2 opened.
2025-04-09 11:15:55,142 - pylabware.controllers.XCalibur.DISPENSE_PUMP - INFO - Opened connection.
2025-04-09 11:15:55,697 - RiH_Main - INFO - Pump connected.
2025-04-09 11:15:56,252 - pylabware.controllers.XCalibur.DISPENSE_PUMP - INFO - Device initialized.
2025-04-09 11:15:56,253 - RiH_Main - INFO - Pump initialised.
2025-04-09 11:15:56,755 - RiH_Main - INFO - Checking for pump errors
2025-04-09 11:15:56,756 - RiH_Main - INFO - Connecting Pump..
2025-04-09 11:15:56,759 - pylabware.connections.SerialConnection - INFO - Starting connection listener...
2025-04-09 11:15:56,759 - pylabware.connections.SerialConnection - INFO - Port /dev/ttyUSB3 opened.
2025-04-09 11:15:56,760 - pylabware.controllers.C3000SyringePump.ACID_DISPENSE_PUMP - INFO - Opened connection.
2025-04-09 11:16:01,264 - RiH_Main - INFO - Acid Pump connected.
2025-04-09 11:16:01,767 - pylabware.controllers.C3000SyringePump.ACID_DISPENSE_PUMP - INFO - Initialising with full force at speed 15
2025-04-09 11:16:04,283 - pylabware.controllers.C3000SyringePump.ACID_DISPENSE_PUMP - INFO - Device initialised, setting resolution mode to 0
2025-04-09 11:16:04,383 - pylabware.controllers.C3000SyringePump.ACID_DISPENSE_PUMP - INFO - Valve is a 6 port distribution or a 4 port loop
2025-04-09 11:16:04,384 - pylabware.controllers.C3000SyringePump.ACID_DISPENSE_PUMP - INFO - Setting maximum speed to 15 - maximum safe speed for the pump
2025-04-09 11:16:04,485 - pylabware.controllers.C3000SyringePump.ACID_DISPENSE_PUMP - INFO - Device initialized.
2025-04-09 11:16:04,485 - RiH_Main - INFO - Pump initialised.
2025-04-09 11:16:04,988 - RiH_Main - INFO - Checking for pump errors
2025-04-09 11:16:04,988 - RiH_Main - INFO - Connecting to the Quantos - opening doors
2025-04-09 11:16:11,341 - RiH_Main - INFO - Quantos connected..
2025-04-09 11:16:11,341 - RiH_Main - INFO - Initialising the filter machine
2025-04-09 11:16:11,342 - RiH_Filtration_System - INFO - Initialising filtration system pump
2025-04-09 11:16:14,352 - pylabware.connections.SerialConnection - INFO - Creating connection object with the following settings: 
{'address': '1', 'port': '/dev/ttyUSB4', 'encoding': 'UTF-8', 'command_delay': 0, 'receive_buffer_size': 128, 'receive_timeout': 10, 'transmit_timeout': 1, 'receiving_interval': 0.05, 'write_timeout': 0.5, 'baudrate': 9600, 'bytesize': 8, 'parity': 'N', 'stopbits': 1, 'xonxoff': False, 'rtscts': False, 'dsrdtr': False, 'inter_byte_timeout': False}
2025-04-09 11:16:14,355 - pylabware.connections.SerialConnection - INFO - Starting connection listener...
2025-04-09 11:16:14,356 - pylabware.connections.SerialConnection - INFO - Port /dev/ttyUSB4 opened.
2025-04-09 11:16:14,356 - pylabware.controllers.XCalibur.FILT_PUMP - INFO - Opened connection.
2025-04-09 11:16:14,406 - pylabware.controllers.XCalibur.FILT_PUMP - INFO - Device initialized.
2025-04-09 11:16:17,236 - pylabware.controllers.XCalibur.FILT_PUMP - WARNING - A non-fatal error was recieved resending command - errors occured: 1
2025-04-09 11:16:17,842 - RiH_Filtration_System - INFO - Initialising the filtration system arduino
2025-04-09 11:16:17,846 - RiH_Main - ERROR - Robot not connected...
2025-04-09 11:16:17,847 - RiH_Main - ERROR - Capper camera is not available.
2025-04-09 11:16:17,847 - RiH_Main - ERROR - Robot not available or the emergency stop button is activated.
2025-04-09 11:16:17,847 - RiH_Main - ERROR - Terminating the program.
