2024-12-11 13:17:38,310 - Workflow_Config_Helper - INFO - All solids and liquids requested in sample list are in the workflow
2024-12-11 13:17:38,310 - Workflow_Config_Helper - INFO - No errors in workflow detected
2024-12-11 13:17:42,336 - pylabware.connections.SerialConnection - INFO - Creating connection object with the following settings: 
{'address': '', 'port': '/dev/ttyUSB0', 'encoding': 'UTF-8', 'command_delay': 0.5, 'receive_buffer_size': 128, 'receive_timeout': 1, 'transmit_timeout': 1, 'receiving_interval': 0.05, 'write_timeout': 0.5, 'baudrate': 9600, 'bytesize': 7, 'parity': 'E', 'stopbits': 1, 'xonxoff': False, 'rtscts': False, 'dsrdtr': False, 'inter_byte_timeout': False}
2024-12-11 13:17:42,337 - pylabware.connections.SerialConnection - INFO - Creating connection object with the following settings: 
{'address': '1', 'port': '/dev/ttyUSB1', 'encoding': 'UTF-8', 'command_delay': 0, 'receive_buffer_size': 128, 'receive_timeout': 10, 'transmit_timeout': 1, 'receiving_interval': 0.05, 'write_timeout': 0.5, 'baudrate': 9600, 'bytesize': 8, 'parity': 'N', 'stopbits': 1, 'xonxoff': False, 'rtscts': False, 'dsrdtr': False, 'inter_byte_timeout': False}
2024-12-11 13:17:42,337 - pylabware.connections.SerialConnection - INFO - Creating connection object with the following settings: 
{'address': None, 'port': '/dev/ttyUSB2', 'encoding': 'UTF-8', 'command_delay': 0.5, 'receive_buffer_size': 128, 'receive_timeout': 1, 'transmit_timeout': 1, 'receiving_interval': 0.05, 'write_timeout': 0.5, 'baudrate': 9600, 'bytesize': 8, 'parity': 'N', 'stopbits': 1, 'xonxoff': True, 'rtscts': False, 'dsrdtr': False, 'inter_byte_timeout': False, 'timeout': 0.1}
2024-12-11 13:17:42,340 - pylabware.connections.SerialConnection - INFO - Starting connection listener...
2024-12-11 13:17:42,340 - pylabware.connections.SerialConnection - INFO - Port /dev/ttyUSB2 opened.
2024-12-11 13:17:42,341 - pylabware.connections.SerialConnection - WARNING - Command rate too high! Delaying next command for 0.5 seconds
2024-12-11 13:17:42,949 - pylabware.controllers.QuantosQB1.QUANTOS - INFO - No carousel/autosampler connected
2024-12-11 13:17:42,949 - pylabware.connections.SerialConnection - WARNING - Command rate too high! Delaying next command for 0.5 seconds
2024-12-11 13:17:46,219 - RiH_Main - INFO - Connecting IKA RCT digital..
2024-12-11 13:17:46,221 - pylabware.connections.SerialConnection - INFO - Starting connection listener...
2024-12-11 13:17:46,222 - pylabware.connections.SerialConnection - INFO - Port /dev/ttyUSB0 opened.
2024-12-11 13:17:46,222 - pylabware.controllers.RCTDigitalHotplate.IKA - INFO - Opened connection.
2024-12-11 13:17:48,289 - RiH_Main - INFO - IKA RCT digital connected.
2024-12-11 13:17:49,797 - RiH_Main - INFO - Stiring velocity set to 200.
2024-12-11 13:17:51,366 - RiH_Main - INFO - Current temperature: 0.0.
2024-12-11 13:17:51,366 - RiH_Main - INFO - Connecting Pump..
2024-12-11 13:17:51,368 - pylabware.connections.SerialConnection - INFO - Starting connection listener...
2024-12-11 13:17:51,369 - pylabware.connections.SerialConnection - INFO - Port /dev/ttyUSB1 opened.
2024-12-11 13:17:51,369 - pylabware.controllers.XCalibur.DISPENSE_PUMP - INFO - Opened connection.
2024-12-11 13:17:51,924 - RiH_Main - INFO - Pump connected.
2024-12-11 13:17:52,479 - pylabware.controllers.XCalibur.DISPENSE_PUMP - INFO - Device initialized.
2024-12-11 13:17:52,480 - RiH_Main - INFO - Pump initialised.
2024-12-11 13:17:52,983 - RiH_Main - INFO - Checking for pump errors
2024-12-11 13:17:52,983 - RiH_Main - INFO - Connecting to the Quantos - opening doors
2024-12-11 13:17:59,585 - RiH_Main - INFO - Quantos connected..
2024-12-11 13:17:59,585 - RiH_Main - INFO - Initialising the filter machine
2024-12-11 13:17:59,585 - RiH_Filtration_System - INFO - Initialising filtration system pump
2024-12-11 13:18:02,596 - pylabware.connections.SerialConnection - INFO - Creating connection object with the following settings: 
{'address': '1', 'port': '/dev/ttyUSB3', 'encoding': 'UTF-8', 'command_delay': 0, 'receive_buffer_size': 128, 'receive_timeout': 10, 'transmit_timeout': 1, 'receiving_interval': 0.05, 'write_timeout': 0.5, 'baudrate': 9600, 'bytesize': 8, 'parity': 'N', 'stopbits': 1, 'xonxoff': False, 'rtscts': False, 'dsrdtr': False, 'inter_byte_timeout': False}
2024-12-11 13:18:02,600 - pylabware.connections.SerialConnection - INFO - Starting connection listener...
2024-12-11 13:18:02,600 - pylabware.connections.SerialConnection - INFO - Port /dev/ttyUSB3 opened.
2024-12-11 13:18:02,601 - pylabware.controllers.XCalibur.FILT_PUMP - INFO - Opened connection.
2024-12-11 13:18:02,651 - pylabware.controllers.XCalibur.FILT_PUMP - INFO - Device initialized.
2024-12-11 13:18:05,476 - pylabware.controllers.XCalibur.FILT_PUMP - INFO - Reply was <Invalid command! Pump Ready.>
2024-12-11 13:18:05,477 - pylabware.controllers.XCalibur.FILT_PUMP - WARNING - A non-fatal error was recieved resending command - errors occured: 1
2024-12-11 13:18:06,082 - RiH_Filtration_System - INFO - Initialising the filtration system arduino
2024-12-11 13:18:06,091 - RiH_Main - INFO - Panda robot connected to 172.16.0.2
2024-12-11 13:18:06,091 - RiH_Main - ERROR - Capper camera is not available.
