2025-03-13 11:46:28,077 - Workflow_Config_Helper - INFO - All solids and liquids requested in sample list are in the workflow
2025-03-13 11:46:28,077 - Workflow_Config_Helper - INFO - No errors in workflow detected
2025-03-13 17:47:28,204 - Workflow_Config_Helper - INFO - All solids and liquids requested in sample list are in the workflow
2025-03-13 17:47:28,205 - Workflow_Config_Helper - INFO - No errors in workflow detected
2025-03-13 17:47:32,224 - pylabware.connections.SerialConnection - INFO - Creating connection object with the following settings: 
{'address': '', 'port': '/dev/ttyUSB3', 'encoding': 'UTF-8', 'command_delay': 0.5, 'receive_buffer_size': 128, 'receive_timeout': 1, 'transmit_timeout': 1, 'receiving_interval': 0.05, 'write_timeout': 0.5, 'baudrate': 9600, 'bytesize': 7, 'parity': 'E', 'stopbits': 1, 'xonxoff': False, 'rtscts': False, 'dsrdtr': False, 'inter_byte_timeout': False}
2025-03-13 17:47:32,224 - pylabware.connections.SerialConnection - INFO - Creating connection object with the following settings: 
{'address': '1', 'port': '/dev/ttyUSB2', 'encoding': 'UTF-8', 'command_delay': 0, 'receive_buffer_size': 128, 'receive_timeout': 10, 'transmit_timeout': 1, 'receiving_interval': 0.05, 'write_timeout': 0.5, 'baudrate': 9600, 'bytesize': 8, 'parity': 'N', 'stopbits': 1, 'xonxoff': False, 'rtscts': False, 'dsrdtr': False, 'inter_byte_timeout': False}
2025-03-13 17:47:32,225 - pylabware.connections.SerialConnection - INFO - Creating connection object with the following settings: 
{'address': None, 'port': '/dev/ttyUSB1', 'encoding': 'UTF-8', 'command_delay': 0.5, 'receive_buffer_size': 128, 'receive_timeout': 1, 'transmit_timeout': 1, 'receiving_interval': 0.05, 'write_timeout': 0.5, 'baudrate': 9600, 'bytesize': 8, 'parity': 'N', 'stopbits': 1, 'xonxoff': True, 'rtscts': False, 'dsrdtr': False, 'inter_byte_timeout': False, 'timeout': 0.1}
2025-03-13 17:47:32,227 - pylabware.connections.SerialConnection - INFO - Starting connection listener...
2025-03-13 17:47:32,227 - pylabware.connections.SerialConnection - INFO - Port /dev/ttyUSB1 opened.
2025-03-13 17:47:32,228 - pylabware.connections.SerialConnection - WARNING - Command rate too high! Delaying next command for 0.5 seconds
2025-03-13 17:48:33,217 - Workflow_Config_Helper - INFO - All solids and liquids requested in sample list are in the workflow
2025-03-13 17:48:33,217 - Workflow_Config_Helper - INFO - No errors in workflow detected
2025-03-13 17:48:37,239 - pylabware.connections.SerialConnection - INFO - Creating connection object with the following settings: 
{'address': '', 'port': '/dev/ttyUSB3', 'encoding': 'UTF-8', 'command_delay': 0.5, 'receive_buffer_size': 128, 'receive_timeout': 1, 'transmit_timeout': 1, 'receiving_interval': 0.05, 'write_timeout': 0.5, 'baudrate': 9600, 'bytesize': 7, 'parity': 'E', 'stopbits': 1, 'xonxoff': False, 'rtscts': False, 'dsrdtr': False, 'inter_byte_timeout': False}
2025-03-13 17:48:37,240 - pylabware.connections.SerialConnection - INFO - Creating connection object with the following settings: 
{'address': '1', 'port': '/dev/ttyUSB2', 'encoding': 'UTF-8', 'command_delay': 0, 'receive_buffer_size': 128, 'receive_timeout': 10, 'transmit_timeout': 1, 'receiving_interval': 0.05, 'write_timeout': 0.5, 'baudrate': 9600, 'bytesize': 8, 'parity': 'N', 'stopbits': 1, 'xonxoff': False, 'rtscts': False, 'dsrdtr': False, 'inter_byte_timeout': False}
2025-03-13 17:48:37,240 - pylabware.connections.SerialConnection - INFO - Creating connection object with the following settings: 
{'address': None, 'port': '/dev/ttyUSB1', 'encoding': 'UTF-8', 'command_delay': 0.5, 'receive_buffer_size': 128, 'receive_timeout': 1, 'transmit_timeout': 1, 'receiving_interval': 0.05, 'write_timeout': 0.5, 'baudrate': 9600, 'bytesize': 8, 'parity': 'N', 'stopbits': 1, 'xonxoff': True, 'rtscts': False, 'dsrdtr': False, 'inter_byte_timeout': False, 'timeout': 0.1}
2025-03-13 17:48:37,243 - pylabware.connections.SerialConnection - INFO - Starting connection listener...
2025-03-13 17:48:37,244 - pylabware.connections.SerialConnection - INFO - Port /dev/ttyUSB1 opened.
2025-03-13 17:48:37,244 - pylabware.connections.SerialConnection - WARNING - Command rate too high! Delaying next command for 0.5 seconds
2025-03-13 17:50:29,152 - Workflow_Config_Helper - INFO - All solids and liquids requested in sample list are in the workflow
2025-03-13 17:50:29,152 - Workflow_Config_Helper - INFO - No errors in workflow detected
2025-03-13 17:50:33,174 - pylabware.connections.SerialConnection - INFO - Creating connection object with the following settings: 
{'address': '', 'port': '/dev/ttyUSB3', 'encoding': 'UTF-8', 'command_delay': 0.5, 'receive_buffer_size': 128, 'receive_timeout': 1, 'transmit_timeout': 1, 'receiving_interval': 0.05, 'write_timeout': 0.5, 'baudrate': 9600, 'bytesize': 7, 'parity': 'E', 'stopbits': 1, 'xonxoff': False, 'rtscts': False, 'dsrdtr': False, 'inter_byte_timeout': False}
2025-03-13 17:50:33,175 - pylabware.connections.SerialConnection - INFO - Creating connection object with the following settings: 
{'address': '1', 'port': '/dev/ttyUSB2', 'encoding': 'UTF-8', 'command_delay': 0, 'receive_buffer_size': 128, 'receive_timeout': 10, 'transmit_timeout': 1, 'receiving_interval': 0.05, 'write_timeout': 0.5, 'baudrate': 9600, 'bytesize': 8, 'parity': 'N', 'stopbits': 1, 'xonxoff': False, 'rtscts': False, 'dsrdtr': False, 'inter_byte_timeout': False}
2025-03-13 17:50:33,176 - pylabware.connections.SerialConnection - INFO - Creating connection object with the following settings: 
{'address': None, 'port': '/dev/ttyUSB1', 'encoding': 'UTF-8', 'command_delay': 0.5, 'receive_buffer_size': 128, 'receive_timeout': 1, 'transmit_timeout': 1, 'receiving_interval': 0.05, 'write_timeout': 0.5, 'baudrate': 9600, 'bytesize': 8, 'parity': 'N', 'stopbits': 1, 'xonxoff': True, 'rtscts': False, 'dsrdtr': False, 'inter_byte_timeout': False, 'timeout': 0.1}
2025-03-13 17:50:33,179 - pylabware.connections.SerialConnection - INFO - Starting connection listener...
2025-03-13 17:50:33,179 - pylabware.connections.SerialConnection - INFO - Port /dev/ttyUSB1 opened.
2025-03-13 17:50:33,180 - pylabware.connections.SerialConnection - WARNING - Command rate too high! Delaying next command for 0.5 seconds
2025-03-13 17:51:43,517 - Workflow_Config_Helper - INFO - All solids and liquids requested in sample list are in the workflow
2025-03-13 17:51:43,517 - Workflow_Config_Helper - INFO - No errors in workflow detected
2025-03-13 17:51:47,539 - pylabware.connections.SerialConnection - INFO - Creating connection object with the following settings: 
{'address': '', 'port': '/dev/ttyUSB3', 'encoding': 'UTF-8', 'command_delay': 0.5, 'receive_buffer_size': 128, 'receive_timeout': 1, 'transmit_timeout': 1, 'receiving_interval': 0.05, 'write_timeout': 0.5, 'baudrate': 9600, 'bytesize': 7, 'parity': 'E', 'stopbits': 1, 'xonxoff': False, 'rtscts': False, 'dsrdtr': False, 'inter_byte_timeout': False}
2025-03-13 17:51:47,540 - pylabware.connections.SerialConnection - INFO - Creating connection object with the following settings: 
{'address': '1', 'port': '/dev/ttyUSB2', 'encoding': 'UTF-8', 'command_delay': 0, 'receive_buffer_size': 128, 'receive_timeout': 10, 'transmit_timeout': 1, 'receiving_interval': 0.05, 'write_timeout': 0.5, 'baudrate': 9600, 'bytesize': 8, 'parity': 'N', 'stopbits': 1, 'xonxoff': False, 'rtscts': False, 'dsrdtr': False, 'inter_byte_timeout': False}
2025-03-13 17:51:47,541 - pylabware.connections.SerialConnection - INFO - Creating connection object with the following settings: 
{'address': None, 'port': '/dev/ttyUSB1', 'encoding': 'UTF-8', 'command_delay': 0.5, 'receive_buffer_size': 128, 'receive_timeout': 1, 'transmit_timeout': 1, 'receiving_interval': 0.05, 'write_timeout': 0.5, 'baudrate': 9600, 'bytesize': 8, 'parity': 'N', 'stopbits': 1, 'xonxoff': True, 'rtscts': False, 'dsrdtr': False, 'inter_byte_timeout': False, 'timeout': 0.1}
2025-03-13 17:51:47,544 - pylabware.connections.SerialConnection - INFO - Starting connection listener...
2025-03-13 17:51:47,544 - pylabware.connections.SerialConnection - INFO - Port /dev/ttyUSB1 opened.
2025-03-13 17:51:47,545 - pylabware.connections.SerialConnection - WARNING - Command rate too high! Delaying next command for 0.5 seconds
2025-03-13 17:53:48,583 - Workflow_Config_Helper - INFO - All solids and liquids requested in sample list are in the workflow
2025-03-13 17:53:48,583 - Workflow_Config_Helper - INFO - No errors in workflow detected
2025-03-13 17:53:52,595 - pylabware.connections.SerialConnection - INFO - Creating connection object with the following settings: 
{'address': '', 'port': '/dev/ttyUSB3', 'encoding': 'UTF-8', 'command_delay': 0.5, 'receive_buffer_size': 128, 'receive_timeout': 1, 'transmit_timeout': 1, 'receiving_interval': 0.05, 'write_timeout': 0.5, 'baudrate': 9600, 'bytesize': 7, 'parity': 'E', 'stopbits': 1, 'xonxoff': False, 'rtscts': False, 'dsrdtr': False, 'inter_byte_timeout': False}
2025-03-13 17:53:52,596 - pylabware.connections.SerialConnection - INFO - Creating connection object with the following settings: 
{'address': '1', 'port': '/dev/ttyUSB2', 'encoding': 'UTF-8', 'command_delay': 0, 'receive_buffer_size': 128, 'receive_timeout': 10, 'transmit_timeout': 1, 'receiving_interval': 0.05, 'write_timeout': 0.5, 'baudrate': 9600, 'bytesize': 8, 'parity': 'N', 'stopbits': 1, 'xonxoff': False, 'rtscts': False, 'dsrdtr': False, 'inter_byte_timeout': False}
2025-03-13 17:53:52,596 - pylabware.connections.SerialConnection - INFO - Creating connection object with the following settings: 
{'address': None, 'port': '/dev/ttyUSB1', 'encoding': 'UTF-8', 'command_delay': 0.5, 'receive_buffer_size': 128, 'receive_timeout': 1, 'transmit_timeout': 1, 'receiving_interval': 0.05, 'write_timeout': 0.5, 'baudrate': 9600, 'bytesize': 8, 'parity': 'N', 'stopbits': 1, 'xonxoff': True, 'rtscts': False, 'dsrdtr': False, 'inter_byte_timeout': False, 'timeout': 0.1}
2025-03-13 17:53:52,598 - pylabware.connections.SerialConnection - INFO - Starting connection listener...
2025-03-13 17:53:52,598 - pylabware.connections.SerialConnection - INFO - Port /dev/ttyUSB1 opened.
2025-03-13 17:53:52,598 - pylabware.connections.SerialConnection - WARNING - Command rate too high! Delaying next command for 0.5 seconds
2025-03-13 17:56:12,268 - Workflow_Config_Helper - INFO - All solids and liquids requested in sample list are in the workflow
2025-03-13 17:56:12,268 - Workflow_Config_Helper - INFO - No errors in workflow detected
2025-03-13 17:56:16,290 - pylabware.connections.SerialConnection - INFO - Creating connection object with the following settings: 
{'address': '', 'port': '/dev/ttyUSB3', 'encoding': 'UTF-8', 'command_delay': 0.5, 'receive_buffer_size': 128, 'receive_timeout': 1, 'transmit_timeout': 1, 'receiving_interval': 0.05, 'write_timeout': 0.5, 'baudrate': 9600, 'bytesize': 7, 'parity': 'E', 'stopbits': 1, 'xonxoff': False, 'rtscts': False, 'dsrdtr': False, 'inter_byte_timeout': False}
2025-03-13 17:56:16,291 - pylabware.connections.SerialConnection - INFO - Creating connection object with the following settings: 
{'address': '1', 'port': '/dev/ttyUSB2', 'encoding': 'UTF-8', 'command_delay': 0, 'receive_buffer_size': 128, 'receive_timeout': 10, 'transmit_timeout': 1, 'receiving_interval': 0.05, 'write_timeout': 0.5, 'baudrate': 9600, 'bytesize': 8, 'parity': 'N', 'stopbits': 1, 'xonxoff': False, 'rtscts': False, 'dsrdtr': False, 'inter_byte_timeout': False}
2025-03-13 17:56:18,302 - RiH_Main - INFO - Connecting IKA RCT digital..
2025-03-13 17:56:18,305 - pylabware.connections.SerialConnection - INFO - Starting connection listener...
2025-03-13 17:56:18,305 - pylabware.connections.SerialConnection - INFO - Port /dev/ttyUSB3 opened.
2025-03-13 17:56:18,306 - pylabware.controllers.RCTDigitalHotplate.IKA - INFO - Opened connection.
2025-03-13 17:57:00,318 - RiH_Main - INFO - IKA RCT digital connected.
2025-03-13 17:57:01,819 - RiH_Main - INFO - Stiring velocity set to 200.
2025-03-13 17:57:03,387 - RiH_Main - INFO - Current temperature: 0.0.
2025-03-13 17:57:03,387 - RiH_Main - INFO - Connecting Pump..
2025-03-13 17:57:03,391 - pylabware.connections.SerialConnection - INFO - Starting connection listener...
2025-03-13 17:57:03,391 - pylabware.connections.SerialConnection - INFO - Port /dev/ttyUSB2 opened.
2025-03-13 17:57:03,392 - pylabware.controllers.XCalibur.DISPENSE_PUMP - INFO - Opened connection.
2025-03-13 17:57:03,948 - RiH_Main - INFO - Pump connected.
2025-03-13 17:57:04,503 - pylabware.controllers.XCalibur.DISPENSE_PUMP - INFO - Device initialized.
2025-03-13 17:57:04,503 - RiH_Main - INFO - Pump initialised.
2025-03-13 17:57:05,006 - RiH_Main - INFO - Checking for pump errors
2025-03-13 17:57:05,007 - RiH_Main - INFO - Connecting to the Quantos - opening doors
2025-03-13 17:57:05,007 - RiH_Main - ERROR - Quantos not connected..
2025-03-13 17:57:05,007 - RiH_Main - INFO - Initialising the filter machine
2025-03-13 17:57:05,008 - RiH_Filtration_System - INFO - Initialising filtration system pump
2025-03-13 17:57:08,009 - pylabware.connections.SerialConnection - INFO - Creating connection object with the following settings: 
{'address': '1', 'port': '/dev/ttyUSB0', 'encoding': 'UTF-8', 'command_delay': 0, 'receive_buffer_size': 128, 'receive_timeout': 10, 'transmit_timeout': 1, 'receiving_interval': 0.05, 'write_timeout': 0.5, 'baudrate': 9600, 'bytesize': 8, 'parity': 'N', 'stopbits': 1, 'xonxoff': False, 'rtscts': False, 'dsrdtr': False, 'inter_byte_timeout': False}
2025-03-13 17:57:08,014 - pylabware.connections.SerialConnection - INFO - Starting connection listener...
2025-03-13 17:57:08,015 - pylabware.connections.SerialConnection - INFO - Port /dev/ttyUSB0 opened.
2025-03-13 17:57:08,015 - pylabware.controllers.XCalibur.FILT_PUMP - INFO - Opened connection.
2025-03-13 17:58:00,823 - Workflow_Config_Helper - INFO - All solids and liquids requested in sample list are in the workflow
2025-03-13 17:58:00,823 - Workflow_Config_Helper - INFO - No errors in workflow detected
2025-03-13 17:58:04,845 - pylabware.connections.SerialConnection - INFO - Creating connection object with the following settings: 
{'address': '', 'port': '/dev/ttyUSB3', 'encoding': 'UTF-8', 'command_delay': 0.5, 'receive_buffer_size': 128, 'receive_timeout': 1, 'transmit_timeout': 1, 'receiving_interval': 0.05, 'write_timeout': 0.5, 'baudrate': 9600, 'bytesize': 7, 'parity': 'E', 'stopbits': 1, 'xonxoff': False, 'rtscts': False, 'dsrdtr': False, 'inter_byte_timeout': False}
2025-03-13 17:58:04,846 - pylabware.connections.SerialConnection - INFO - Creating connection object with the following settings: 
{'address': '1', 'port': '/dev/ttyUSB2', 'encoding': 'UTF-8', 'command_delay': 0, 'receive_buffer_size': 128, 'receive_timeout': 10, 'transmit_timeout': 1, 'receiving_interval': 0.05, 'write_timeout': 0.5, 'baudrate': 9600, 'bytesize': 8, 'parity': 'N', 'stopbits': 1, 'xonxoff': False, 'rtscts': False, 'dsrdtr': False, 'inter_byte_timeout': False}
2025-03-13 17:58:06,857 - RiH_Main - INFO - Connecting IKA RCT digital..
2025-03-13 17:58:06,860 - pylabware.connections.SerialConnection - INFO - Starting connection listener...
2025-03-13 17:58:06,861 - pylabware.connections.SerialConnection - INFO - Port /dev/ttyUSB3 opened.
2025-03-13 17:58:06,861 - pylabware.controllers.RCTDigitalHotplate.IKA - INFO - Opened connection.
2025-03-13 17:58:08,929 - RiH_Main - INFO - IKA RCT digital connected.
2025-03-13 17:58:10,437 - RiH_Main - INFO - Stiring velocity set to 200.
2025-03-13 17:58:12,005 - RiH_Main - INFO - Current temperature: 0.0.
2025-03-13 17:58:12,006 - RiH_Main - INFO - Connecting Pump..
2025-03-13 17:58:12,009 - pylabware.connections.SerialConnection - INFO - Starting connection listener...
2025-03-13 17:58:12,009 - pylabware.connections.SerialConnection - INFO - Port /dev/ttyUSB2 opened.
2025-03-13 17:58:12,010 - pylabware.controllers.XCalibur.DISPENSE_PUMP - INFO - Opened connection.
2025-03-13 17:58:12,565 - RiH_Main - INFO - Pump connected.
2025-03-13 17:58:13,119 - pylabware.controllers.XCalibur.DISPENSE_PUMP - INFO - Device initialized.
2025-03-13 17:58:13,119 - RiH_Main - INFO - Pump initialised.
2025-03-13 17:58:13,622 - RiH_Main - INFO - Checking for pump errors
2025-03-13 17:58:13,623 - RiH_Main - INFO - Connecting to the Quantos - opening doors
2025-03-13 17:58:13,623 - RiH_Main - ERROR - Quantos not connected..
2025-03-13 17:58:13,623 - RiH_Main - INFO - Initialising the filter machine
2025-03-13 17:58:13,624 - RiH_Filtration_System - INFO - Initialising filtration system pump
2025-03-13 17:58:16,640 - pylabware.connections.SerialConnection - INFO - Creating connection object with the following settings: 
{'address': '1', 'port': '/dev/ttyUSB0', 'encoding': 'UTF-8', 'command_delay': 0, 'receive_buffer_size': 128, 'receive_timeout': 10, 'transmit_timeout': 1, 'receiving_interval': 0.05, 'write_timeout': 0.5, 'baudrate': 9600, 'bytesize': 8, 'parity': 'N', 'stopbits': 1, 'xonxoff': False, 'rtscts': False, 'dsrdtr': False, 'inter_byte_timeout': False}
2025-03-13 17:58:16,643 - pylabware.connections.SerialConnection - INFO - Starting connection listener...
2025-03-13 17:58:16,644 - pylabware.connections.SerialConnection - INFO - Port /dev/ttyUSB0 opened.
2025-03-13 17:58:16,645 - pylabware.controllers.XCalibur.FILT_PUMP - INFO - Opened connection.
2025-03-13 17:59:21,747 - Workflow_Config_Helper - INFO - All solids and liquids requested in sample list are in the workflow
2025-03-13 17:59:21,747 - Workflow_Config_Helper - INFO - No errors in workflow detected
2025-03-13 17:59:25,769 - pylabware.connections.SerialConnection - INFO - Creating connection object with the following settings: 
{'address': '', 'port': '/dev/ttyUSB3', 'encoding': 'UTF-8', 'command_delay': 0.5, 'receive_buffer_size': 128, 'receive_timeout': 1, 'transmit_timeout': 1, 'receiving_interval': 0.05, 'write_timeout': 0.5, 'baudrate': 9600, 'bytesize': 7, 'parity': 'E', 'stopbits': 1, 'xonxoff': False, 'rtscts': False, 'dsrdtr': False, 'inter_byte_timeout': False}
2025-03-13 17:59:25,770 - pylabware.connections.SerialConnection - INFO - Creating connection object with the following settings: 
{'address': '1', 'port': '/dev/ttyUSB2', 'encoding': 'UTF-8', 'command_delay': 0, 'receive_buffer_size': 128, 'receive_timeout': 10, 'transmit_timeout': 1, 'receiving_interval': 0.05, 'write_timeout': 0.5, 'baudrate': 9600, 'bytesize': 8, 'parity': 'N', 'stopbits': 1, 'xonxoff': False, 'rtscts': False, 'dsrdtr': False, 'inter_byte_timeout': False}
2025-03-13 17:59:27,781 - RiH_Main - INFO - Connecting IKA RCT digital..
2025-03-13 17:59:27,784 - pylabware.connections.SerialConnection - INFO - Starting connection listener...
2025-03-13 17:59:27,784 - pylabware.connections.SerialConnection - INFO - Port /dev/ttyUSB3 opened.
2025-03-13 17:59:27,785 - pylabware.controllers.RCTDigitalHotplate.IKA - INFO - Opened connection.
2025-03-13 17:59:29,853 - RiH_Main - INFO - IKA RCT digital connected.
2025-03-13 17:59:31,362 - RiH_Main - INFO - Stiring velocity set to 200.
2025-03-13 17:59:32,929 - RiH_Main - INFO - Current temperature: 0.0.
2025-03-13 17:59:32,930 - RiH_Main - INFO - Connecting Pump..
2025-03-13 17:59:32,932 - pylabware.connections.SerialConnection - INFO - Starting connection listener...
2025-03-13 17:59:32,932 - pylabware.connections.SerialConnection - INFO - Port /dev/ttyUSB2 opened.
2025-03-13 17:59:32,933 - pylabware.controllers.XCalibur.DISPENSE_PUMP - INFO - Opened connection.
2025-03-13 17:59:33,489 - RiH_Main - INFO - Pump connected.
2025-03-13 17:59:34,044 - pylabware.controllers.XCalibur.DISPENSE_PUMP - INFO - Device initialized.
2025-03-13 17:59:34,044 - RiH_Main - INFO - Pump initialised.
2025-03-13 17:59:34,547 - RiH_Main - INFO - Checking for pump errors
2025-03-13 17:59:34,547 - RiH_Main - INFO - Connecting to the Quantos - opening doors
2025-03-13 17:59:34,548 - RiH_Main - ERROR - Quantos not connected..
2025-03-13 17:59:34,548 - RiH_Main - INFO - Initialising the filter machine
2025-03-13 17:59:34,549 - RiH_Filtration_System - INFO - Initialising filtration system pump
2025-03-13 17:59:37,565 - pylabware.connections.SerialConnection - INFO - Creating connection object with the following settings: 
{'address': '1', 'port': '/dev/ttyUSB1', 'encoding': 'UTF-8', 'command_delay': 0, 'receive_buffer_size': 128, 'receive_timeout': 10, 'transmit_timeout': 1, 'receiving_interval': 0.05, 'write_timeout': 0.5, 'baudrate': 9600, 'bytesize': 8, 'parity': 'N', 'stopbits': 1, 'xonxoff': False, 'rtscts': False, 'dsrdtr': False, 'inter_byte_timeout': False}
2025-03-13 17:59:37,569 - pylabware.connections.SerialConnection - INFO - Starting connection listener...
2025-03-13 17:59:37,569 - pylabware.connections.SerialConnection - INFO - Port /dev/ttyUSB1 opened.
2025-03-13 17:59:37,570 - pylabware.controllers.XCalibur.FILT_PUMP - INFO - Opened connection.
2025-03-13 17:59:37,621 - pylabware.controllers.XCalibur.FILT_PUMP - INFO - Device initialized.
2025-03-13 17:59:40,447 - pylabware.controllers.XCalibur.FILT_PUMP - INFO - Reply was <Invalid command! Pump Ready.>
2025-03-13 17:59:40,447 - pylabware.controllers.XCalibur.FILT_PUMP - WARNING - A non-fatal error was recieved resending command - errors occured: 1
2025-03-13 17:59:41,052 - RiH_Filtration_System - INFO - Initialising the filtration system arduino
2025-03-13 17:59:41,061 - RiH_Main - INFO - Panda robot connected to 172.16.0.2
2025-03-13 17:59:41,062 - RiH_Main - ERROR - Capper camera is not available.
2025-03-13 17:59:41,062 - RiH_Main - ERROR - Quantos is not connected.
2025-03-13 18:00:01,659 - Workflow_Config_Helper - INFO - All solids and liquids requested in sample list are in the workflow
2025-03-13 18:00:01,659 - Workflow_Config_Helper - INFO - No errors in workflow detected
2025-03-13 18:00:05,681 - pylabware.connections.SerialConnection - INFO - Creating connection object with the following settings: 
{'address': '', 'port': '/dev/ttyUSB3', 'encoding': 'UTF-8', 'command_delay': 0.5, 'receive_buffer_size': 128, 'receive_timeout': 1, 'transmit_timeout': 1, 'receiving_interval': 0.05, 'write_timeout': 0.5, 'baudrate': 9600, 'bytesize': 7, 'parity': 'E', 'stopbits': 1, 'xonxoff': False, 'rtscts': False, 'dsrdtr': False, 'inter_byte_timeout': False}
2025-03-13 18:00:05,682 - pylabware.connections.SerialConnection - INFO - Creating connection object with the following settings: 
{'address': '1', 'port': '/dev/ttyUSB2', 'encoding': 'UTF-8', 'command_delay': 0, 'receive_buffer_size': 128, 'receive_timeout': 10, 'transmit_timeout': 1, 'receiving_interval': 0.05, 'write_timeout': 0.5, 'baudrate': 9600, 'bytesize': 8, 'parity': 'N', 'stopbits': 1, 'xonxoff': False, 'rtscts': False, 'dsrdtr': False, 'inter_byte_timeout': False}
2025-03-13 18:00:05,682 - pylabware.connections.SerialConnection - INFO - Creating connection object with the following settings: 
{'address': None, 'port': '/dev/ttyUSB0', 'encoding': 'UTF-8', 'command_delay': 0.5, 'receive_buffer_size': 128, 'receive_timeout': 1, 'transmit_timeout': 1, 'receiving_interval': 0.05, 'write_timeout': 0.5, 'baudrate': 9600, 'bytesize': 8, 'parity': 'N', 'stopbits': 1, 'xonxoff': True, 'rtscts': False, 'dsrdtr': False, 'inter_byte_timeout': False, 'timeout': 0.1}
2025-03-13 18:00:05,686 - pylabware.connections.SerialConnection - INFO - Starting connection listener...
2025-03-13 18:00:05,687 - pylabware.connections.SerialConnection - INFO - Port /dev/ttyUSB0 opened.
2025-03-13 18:00:05,687 - pylabware.connections.SerialConnection - WARNING - Command rate too high! Delaying next command for 0.5 seconds
2025-03-13 18:00:06,294 - pylabware.controllers.QuantosQB1.QUANTOS - INFO - No carousel/autosampler connected
2025-03-13 18:00:06,295 - pylabware.connections.SerialConnection - WARNING - Command rate too high! Delaying next command for 0.5 seconds
2025-03-13 18:00:14,254 - RiH_Main - INFO - Connecting IKA RCT digital..
2025-03-13 18:00:14,257 - pylabware.connections.SerialConnection - INFO - Starting connection listener...
2025-03-13 18:00:14,257 - pylabware.connections.SerialConnection - INFO - Port /dev/ttyUSB3 opened.
2025-03-13 18:00:14,258 - pylabware.controllers.RCTDigitalHotplate.IKA - INFO - Opened connection.
2025-03-13 18:00:16,325 - RiH_Main - INFO - IKA RCT digital connected.
2025-03-13 18:00:17,834 - RiH_Main - INFO - Stiring velocity set to 200.
2025-03-13 18:00:19,404 - RiH_Main - INFO - Current temperature: 0.0.
2025-03-13 18:00:19,404 - RiH_Main - INFO - Connecting Pump..
2025-03-13 18:00:19,407 - pylabware.connections.SerialConnection - INFO - Starting connection listener...
2025-03-13 18:00:19,407 - pylabware.connections.SerialConnection - INFO - Port /dev/ttyUSB2 opened.
2025-03-13 18:00:19,408 - pylabware.controllers.XCalibur.DISPENSE_PUMP - INFO - Opened connection.
2025-03-13 18:00:19,963 - RiH_Main - INFO - Pump connected.
2025-03-13 18:00:20,518 - pylabware.controllers.XCalibur.DISPENSE_PUMP - INFO - Device initialized.
2025-03-13 18:00:20,519 - RiH_Main - INFO - Pump initialised.
2025-03-13 18:00:21,022 - RiH_Main - INFO - Checking for pump errors
2025-03-13 18:00:21,022 - RiH_Main - INFO - Connecting to the Quantos - opening doors
2025-03-13 18:00:27,825 - RiH_Main - INFO - Quantos connected..
2025-03-13 18:00:27,825 - RiH_Main - INFO - Initialising the filter machine
2025-03-13 18:00:27,860 - RiH_Filtration_System - INFO - Initialising filtration system pump
2025-03-13 18:00:30,876 - pylabware.connections.SerialConnection - INFO - Creating connection object with the following settings: 
{'address': '1', 'port': '/dev/ttyUSB1', 'encoding': 'UTF-8', 'command_delay': 0, 'receive_buffer_size': 128, 'receive_timeout': 10, 'transmit_timeout': 1, 'receiving_interval': 0.05, 'write_timeout': 0.5, 'baudrate': 9600, 'bytesize': 8, 'parity': 'N', 'stopbits': 1, 'xonxoff': False, 'rtscts': False, 'dsrdtr': False, 'inter_byte_timeout': False}
2025-03-13 18:00:30,879 - pylabware.connections.SerialConnection - INFO - Starting connection listener...
2025-03-13 18:00:30,880 - pylabware.connections.SerialConnection - INFO - Port /dev/ttyUSB1 opened.
2025-03-13 18:00:30,880 - pylabware.controllers.XCalibur.FILT_PUMP - INFO - Opened connection.
2025-03-13 18:00:30,931 - pylabware.controllers.XCalibur.FILT_PUMP - INFO - Device initialized.
2025-03-13 18:00:33,756 - pylabware.controllers.XCalibur.FILT_PUMP - INFO - Reply was <Invalid command! Pump Ready.>
2025-03-13 18:00:33,757 - pylabware.controllers.XCalibur.FILT_PUMP - WARNING - A non-fatal error was recieved resending command - errors occured: 1
2025-03-13 18:00:34,362 - RiH_Filtration_System - INFO - Initialising the filtration system arduino
2025-03-13 18:00:34,370 - RiH_Main - INFO - Panda robot connected to 172.16.0.2
2025-03-13 18:00:34,371 - RiH_Main - ERROR - Capper camera is not available.
2025-03-13 18:00:34,371 - RiH_Main - INFO - Moving holder to home position...
2025-03-13 18:00:34,371 - PumpHolder - INFO - Moving to holding/wash position
