2025-03-13 11:22:27,118 - Workflow_Config_Helper - INFO - All solids and liquids requested in sample list are in the workflow
2025-03-13 11:22:27,118 - Workflow_Config_Helper - INFO - No errors in workflow detected
2025-03-13 11:22:31,137 - pylabware.connections.SerialConnection - INFO - Creating connection object with the following settings: 
{'address': '', 'port': '/dev/ttyUSB0', 'encoding': 'UTF-8', 'command_delay': 0.5, 'receive_buffer_size': 128, 'receive_timeout': 1, 'transmit_timeout': 1, 'receiving_interval': 0.05, 'write_timeout': 0.5, 'baudrate': 9600, 'bytesize': 7, 'parity': 'E', 'stopbits': 1, 'xonxoff': False, 'rtscts': False, 'dsrdtr': False, 'inter_byte_timeout': False}
2025-03-13 11:22:31,138 - pylabware.connections.SerialConnection - INFO - Creating connection object with the following settings: 
{'address': '1', 'port': '/dev/ttyUSB1', 'encoding': 'UTF-8', 'command_delay': 0, 'receive_buffer_size': 128, 'receive_timeout': 10, 'transmit_timeout': 1, 'receiving_interval': 0.05, 'write_timeout': 0.5, 'baudrate': 9600, 'bytesize': 8, 'parity': 'N', 'stopbits': 1, 'xonxoff': False, 'rtscts': False, 'dsrdtr': False, 'inter_byte_timeout': False}
2025-03-13 11:22:31,138 - pylabware.connections.SerialConnection - INFO - Creating connection object with the following settings: 
{'address': None, 'port': '/dev/ttyUSB2', 'encoding': 'UTF-8', 'command_delay': 0.5, 'receive_buffer_size': 128, 'receive_timeout': 1, 'transmit_timeout': 1, 'receiving_interval': 0.05, 'write_timeout': 0.5, 'baudrate': 9600, 'bytesize': 8, 'parity': 'N', 'stopbits': 1, 'xonxoff': True, 'rtscts': False, 'dsrdtr': False, 'inter_byte_timeout': False, 'timeout': 0.1}
2025-03-13 11:22:31,141 - pylabware.connections.SerialConnection - INFO - Starting connection listener...
2025-03-13 11:22:31,141 - pylabware.connections.SerialConnection - INFO - Port /dev/ttyUSB2 opened.
2025-03-13 11:22:31,142 - pylabware.connections.SerialConnection - WARNING - Command rate too high! Delaying next command for 0.5 seconds
2025-03-13 11:22:31,749 - pylabware.controllers.QuantosQB1.QUANTOS - INFO - No carousel/autosampler connected
2025-03-13 11:22:31,750 - pylabware.connections.SerialConnection - WARNING - Command rate too high! Delaying next command for 0.5 seconds
2025-03-13 11:22:34,870 - RiH_Main - INFO - Connecting IKA RCT digital..
2025-03-13 11:22:34,873 - pylabware.connections.SerialConnection - INFO - Starting connection listener...
2025-03-13 11:22:34,873 - pylabware.connections.SerialConnection - INFO - Port /dev/ttyUSB0 opened.
2025-03-13 11:22:34,873 - pylabware.controllers.RCTDigitalHotplate.IKA - INFO - Opened connection.
2025-03-13 11:22:36,941 - RiH_Main - INFO - IKA RCT digital connected.
2025-03-13 11:22:38,449 - RiH_Main - INFO - Stiring velocity set to 200.
2025-03-13 11:22:40,018 - RiH_Main - INFO - Current temperature: 0.0.
2025-03-13 11:22:40,019 - RiH_Main - INFO - Connecting Pump..
2025-03-13 11:22:40,021 - pylabware.connections.SerialConnection - INFO - Starting connection listener...
2025-03-13 11:22:40,022 - pylabware.connections.SerialConnection - INFO - Port /dev/ttyUSB1 opened.
2025-03-13 11:22:40,022 - pylabware.controllers.XCalibur.DISPENSE_PUMP - INFO - Opened connection.
2025-03-13 11:22:40,578 - RiH_Main - INFO - Pump connected.
2025-03-13 11:22:41,133 - pylabware.controllers.XCalibur.DISPENSE_PUMP - INFO - Device initialized.
2025-03-13 11:22:41,133 - RiH_Main - INFO - Pump initialised.
2025-03-13 11:22:41,636 - RiH_Main - INFO - Checking for pump errors
2025-03-13 11:22:41,637 - RiH_Main - INFO - Connecting to the Quantos - opening doors
2025-03-13 11:22:48,037 - RiH_Main - INFO - Quantos connected..
2025-03-13 11:22:48,037 - RiH_Main - INFO - Initialising the filter machine
2025-03-13 11:22:48,038 - RiH_Filtration_System - INFO - Initialising filtration system pump
2025-03-13 11:22:51,044 - pylabware.connections.SerialConnection - INFO - Creating connection object with the following settings: 
{'address': '1', 'port': '/dev/ttyUSB3', 'encoding': 'UTF-8', 'command_delay': 0, 'receive_buffer_size': 128, 'receive_timeout': 10, 'transmit_timeout': 1, 'receiving_interval': 0.05, 'write_timeout': 0.5, 'baudrate': 9600, 'bytesize': 8, 'parity': 'N', 'stopbits': 1, 'xonxoff': False, 'rtscts': False, 'dsrdtr': False, 'inter_byte_timeout': False}
2025-03-13 11:22:51,048 - pylabware.connections.SerialConnection - INFO - Starting connection listener...
2025-03-13 11:22:51,048 - pylabware.connections.SerialConnection - INFO - Port /dev/ttyUSB3 opened.
2025-03-13 11:22:51,049 - pylabware.controllers.XCalibur.FILT_PUMP - INFO - Opened connection.
2025-03-13 11:22:51,100 - pylabware.controllers.XCalibur.FILT_PUMP - INFO - Device initialized.
2025-03-13 11:22:53,925 - pylabware.controllers.XCalibur.FILT_PUMP - INFO - Reply was <Invalid command! Pump Ready.>
2025-03-13 11:22:53,925 - pylabware.controllers.XCalibur.FILT_PUMP - WARNING - A non-fatal error was recieved resending command - errors occured: 1
2025-03-13 11:22:54,531 - RiH_Filtration_System - INFO - Initialising the filtration system arduino
2025-03-13 11:22:54,575 - RiH_Main - INFO - Panda robot connected to 172.16.0.2
2025-03-13 11:22:54,575 - RiH_Main - ERROR - Capper camera is not available.
2025-03-13 11:22:54,575 - RiH_Main - INFO - Moving holder to home position...
2025-03-13 11:22:54,576 - PumpHolder - INFO - Moving to holding/wash position
2025-03-13 11:23:00,606 - RiH_Main - INFO - Moving holder to home position...
2025-03-13 11:23:00,607 - PumpHolder - INFO - Moving to holding/wash position
2025-03-13 11:24:16,665 - Workflow_Config_Helper - INFO - All solids and liquids requested in sample list are in the workflow
2025-03-13 11:24:16,665 - Workflow_Config_Helper - INFO - No errors in workflow detected
2025-03-13 11:24:20,687 - pylabware.connections.SerialConnection - INFO - Creating connection object with the following settings: 
{'address': '', 'port': '/dev/ttyUSB0', 'encoding': 'UTF-8', 'command_delay': 0.5, 'receive_buffer_size': 128, 'receive_timeout': 1, 'transmit_timeout': 1, 'receiving_interval': 0.05, 'write_timeout': 0.5, 'baudrate': 9600, 'bytesize': 7, 'parity': 'E', 'stopbits': 1, 'xonxoff': False, 'rtscts': False, 'dsrdtr': False, 'inter_byte_timeout': False}
2025-03-13 11:24:20,688 - pylabware.connections.SerialConnection - INFO - Creating connection object with the following settings: 
{'address': '1', 'port': '/dev/ttyUSB1', 'encoding': 'UTF-8', 'command_delay': 0, 'receive_buffer_size': 128, 'receive_timeout': 10, 'transmit_timeout': 1, 'receiving_interval': 0.05, 'write_timeout': 0.5, 'baudrate': 9600, 'bytesize': 8, 'parity': 'N', 'stopbits': 1, 'xonxoff': False, 'rtscts': False, 'dsrdtr': False, 'inter_byte_timeout': False}
2025-03-13 11:24:20,688 - pylabware.connections.SerialConnection - INFO - Creating connection object with the following settings: 
{'address': None, 'port': '/dev/ttyUSB2', 'encoding': 'UTF-8', 'command_delay': 0.5, 'receive_buffer_size': 128, 'receive_timeout': 1, 'transmit_timeout': 1, 'receiving_interval': 0.05, 'write_timeout': 0.5, 'baudrate': 9600, 'bytesize': 8, 'parity': 'N', 'stopbits': 1, 'xonxoff': True, 'rtscts': False, 'dsrdtr': False, 'inter_byte_timeout': False, 'timeout': 0.1}
2025-03-13 11:24:20,691 - pylabware.connections.SerialConnection - INFO - Starting connection listener...
2025-03-13 11:24:20,691 - pylabware.connections.SerialConnection - INFO - Port /dev/ttyUSB2 opened.
2025-03-13 11:24:20,692 - pylabware.connections.SerialConnection - WARNING - Command rate too high! Delaying next command for 0.5 seconds
2025-03-13 11:24:21,299 - pylabware.controllers.QuantosQB1.QUANTOS - INFO - No carousel/autosampler connected
2025-03-13 11:24:21,299 - pylabware.connections.SerialConnection - WARNING - Command rate too high! Delaying next command for 0.5 seconds
2025-03-13 11:24:24,520 - RiH_Main - INFO - Connecting IKA RCT digital..
2025-03-13 11:24:24,522 - pylabware.connections.SerialConnection - INFO - Starting connection listener...
2025-03-13 11:24:24,522 - pylabware.connections.SerialConnection - INFO - Port /dev/ttyUSB0 opened.
2025-03-13 11:24:24,523 - pylabware.controllers.RCTDigitalHotplate.IKA - INFO - Opened connection.
2025-03-13 11:24:26,590 - RiH_Main - INFO - IKA RCT digital connected.
2025-03-13 11:24:28,099 - RiH_Main - INFO - Stiring velocity set to 200.
2025-03-13 11:24:29,666 - RiH_Main - INFO - Current temperature: 0.0.
2025-03-13 11:24:29,667 - RiH_Main - INFO - Connecting Pump..
2025-03-13 11:24:29,669 - pylabware.connections.SerialConnection - INFO - Starting connection listener...
2025-03-13 11:24:29,670 - pylabware.connections.SerialConnection - INFO - Port /dev/ttyUSB1 opened.
2025-03-13 11:24:29,670 - pylabware.controllers.XCalibur.DISPENSE_PUMP - INFO - Opened connection.
2025-03-13 11:24:30,226 - RiH_Main - INFO - Pump connected.
2025-03-13 11:24:30,781 - pylabware.controllers.XCalibur.DISPENSE_PUMP - INFO - Device initialized.
2025-03-13 11:24:30,781 - RiH_Main - INFO - Pump initialised.
2025-03-13 11:24:31,284 - RiH_Main - INFO - Checking for pump errors
2025-03-13 11:24:31,285 - RiH_Main - INFO - Connecting to the Quantos - opening doors
2025-03-13 11:24:37,733 - RiH_Main - INFO - Quantos connected..
2025-03-13 11:24:37,734 - RiH_Main - INFO - Initialising the filter machine
2025-03-13 11:24:37,734 - RiH_Filtration_System - INFO - Initialising filtration system pump
2025-03-13 11:24:40,750 - pylabware.connections.SerialConnection - INFO - Creating connection object with the following settings: 
{'address': '1', 'port': '/dev/ttyUSB3', 'encoding': 'UTF-8', 'command_delay': 0, 'receive_buffer_size': 128, 'receive_timeout': 10, 'transmit_timeout': 1, 'receiving_interval': 0.05, 'write_timeout': 0.5, 'baudrate': 9600, 'bytesize': 8, 'parity': 'N', 'stopbits': 1, 'xonxoff': False, 'rtscts': False, 'dsrdtr': False, 'inter_byte_timeout': False}
2025-03-13 11:24:40,753 - pylabware.connections.SerialConnection - INFO - Starting connection listener...
2025-03-13 11:24:40,753 - pylabware.connections.SerialConnection - INFO - Port /dev/ttyUSB3 opened.
2025-03-13 11:24:40,754 - pylabware.controllers.XCalibur.FILT_PUMP - INFO - Opened connection.
2025-03-13 11:24:40,805 - pylabware.controllers.XCalibur.FILT_PUMP - INFO - Device initialized.
2025-03-13 11:24:43,630 - pylabware.controllers.XCalibur.FILT_PUMP - INFO - Reply was <Invalid command! Pump Ready.>
2025-03-13 11:24:43,630 - pylabware.controllers.XCalibur.FILT_PUMP - WARNING - A non-fatal error was recieved resending command - errors occured: 1
2025-03-13 11:24:44,236 - RiH_Filtration_System - INFO - Initialising the filtration system arduino
2025-03-13 11:24:44,246 - RiH_Main - INFO - Panda robot connected to 172.16.0.2
2025-03-13 11:24:44,246 - RiH_Main - ERROR - Capper camera is not available.
2025-03-13 11:24:44,246 - RiH_Main - INFO - Moving holder to home position...
2025-03-13 11:24:44,247 - PumpHolder - INFO - Moving to holding/wash position
2025-03-13 11:24:50,272 - RiH_Main - INFO - Moving holder to home position...
2025-03-13 11:24:50,272 - PumpHolder - INFO - Moving to holding/wash position
2025-03-13 11:27:20,857 - Workflow_Config_Helper - INFO - All solids and liquids requested in sample list are in the workflow
2025-03-13 11:27:20,857 - Workflow_Config_Helper - INFO - No errors in workflow detected
