2024-10-14 13:53:40,901 - Workflow_Config_Helper - INFO - No data directory found, creating it
2024-10-14 13:53:40,901 - Workflow_Config_Helper - ERROR - No config folder found at specified path: /home/panda1/HoodInRobPy/config/
2024-10-14 13:55:22,776 - Workflow_Config_Helper - ERROR - No config folder found at specified path: /home/panda1/HoodInRobPy/config/
2024-10-14 13:55:48,126 - Workflow_Config_Helper - ERROR - No config folder found at specified path: /home/panda1/HoodInRobPy../conf/
2024-10-14 13:58:58,657 - pylabware.connections.SerialConnection - INFO - Creating connection object with the following settings: 
{'address': '', 'port': '/dev/ttyUSB0', 'encoding': 'UTF-8', 'command_delay': 0.5, 'receive_buffer_size': 128, 'receive_timeout': 1, 'transmit_timeout': 1, 'receiving_interval': 0.05, 'write_timeout': 0.5, 'baudrate': 9600, 'bytesize': 7, 'parity': 'E', 'stopbits': 1, 'xonxoff': False, 'rtscts': False, 'dsrdtr': False, 'inter_byte_timeout': False}
2024-10-14 13:58:58,657 - pylabware.connections.SerialConnection - INFO - Creating connection object with the following settings: 
{'address': '1', 'port': '/dev/ttyUSB1', 'encoding': 'UTF-8', 'command_delay': 0, 'receive_buffer_size': 128, 'receive_timeout': 10, 'transmit_timeout': 1, 'receiving_interval': 0.05, 'write_timeout': 0.5, 'baudrate': 9600, 'bytesize': 8, 'parity': 'N', 'stopbits': 1, 'xonxoff': False, 'rtscts': False, 'dsrdtr': False, 'inter_byte_timeout': False}
2024-10-14 13:58:58,658 - pylabware.connections.SerialConnection - INFO - Creating connection object with the following settings: 
{'address': None, 'port': '/dev/ttyUSB2', 'encoding': 'UTF-8', 'command_delay': 0.5, 'receive_buffer_size': 128, 'receive_timeout': 1, 'transmit_timeout': 1, 'receiving_interval': 0.05, 'write_timeout': 0.5, 'baudrate': 9600, 'bytesize': 8, 'parity': 'N', 'stopbits': 1, 'xonxoff': True, 'rtscts': False, 'dsrdtr': False, 'inter_byte_timeout': False, 'timeout': 0.1}
2024-10-14 13:58:58,660 - pylabware.connections.SerialConnection - INFO - Starting connection listener...
2024-10-14 13:58:58,661 - pylabware.connections.SerialConnection - INFO - Port /dev/ttyUSB2 opened.
2024-10-14 13:58:58,661 - pylabware.connections.SerialConnection - WARNING - Command rate too high! Delaying next command for 0.5 seconds
2024-10-14 13:58:59,269 - pylabware.controllers.QuantosQB1.QUANTOS - INFO - No carousel/autosampler connected
2024-10-14 13:58:59,270 - pylabware.connections.SerialConnection - WARNING - Command rate too high! Delaying next command for 0.5 seconds
2024-10-14 13:59:07,426 - Capper Camera - INFO - Camera ID = 0 connected.
2024-10-14 13:59:07,426 - Capper Camera - INFO - Starting camera stream
2024-10-14 13:59:07,427 - RiH_Main - INFO - Connecting IKA RCT digital..
2024-10-14 13:59:07,430 - pylabware.connections.SerialConnection - INFO - Starting connection listener...
2024-10-14 13:59:07,430 - pylabware.connections.SerialConnection - INFO - Port /dev/ttyUSB0 opened.
2024-10-14 13:59:07,431 - pylabware.controllers.RCTDigitalHotplate.IKA - INFO - Opened connection.
2024-10-14 13:59:49,442 - RiH_Main - INFO - IKA RCT digital connected.
2024-10-14 13:59:50,950 - RiH_Main - INFO - Stiring velocity set to 100.
2024-10-14 13:59:52,517 - RiH_Main - INFO - Current temperature: 0.0.
2024-10-14 13:59:52,517 - RiH_Main - INFO - Connecting Pump..
2024-10-14 13:59:52,518 - pylabware.connections.SerialConnection - INFO - Starting connection listener...
2024-10-14 13:59:52,518 - pylabware.connections.SerialConnection - INFO - Port /dev/ttyUSB1 opened.
2024-10-14 13:59:52,519 - pylabware.controllers.XCalibur.DISPENSE_PUMP - INFO - Opened connection.
2024-10-14 13:59:53,072 - pylabware.controllers.XCalibur.DISPENSE_PUMP - INFO - Reply was <No error. Pump Ready.> - error free condition
2024-10-14 13:59:53,073 - RiH_Main - INFO - Pump connected.
2024-10-14 13:59:53,610 - RiH_Main - ERROR - Pump not connected.
2024-10-14 13:59:53,610 - RiH_Main - ERROR - 'RobInHood' object has no attribute 'dispense_dict'
2024-10-14 13:59:53,610 - RiH_Main - INFO - Connecting to the Quantos - opening doors
2024-10-14 14:00:00,021 - RiH_Main - INFO - Quantos connected..
2024-10-14 14:00:00,021 - RiH_Main - INFO - Initialising the filter machine
2024-10-14 14:00:00,021 - RiH_Main - ERROR - Filter machine not connected.
2024-10-14 14:00:00,021 - RiH_Main - ERROR - 'RobInHood' object has no attribute 'filt_machine'
2024-10-14 14:00:00,039 - RiH_Main - INFO - Panda robot connected to 172.16.0.2
2024-10-14 14:00:00,042 - RiH_Main - ERROR - XCalibur Pump is not available.
2024-10-14 14:00:00,042 - RiH_Main - ERROR - Filtering machine not connected
2024-10-14 14:00:02,778 - RiH_Main - INFO - Moving holder to home position...
2024-10-14 14:00:02,779 - PumpHolder - INFO - Moving to holding/wash position
2024-10-14 14:01:15,258 - RiH_Main - INFO - Shutting Quantos doors
2024-10-14 14:01:20,795 - pylabware.connections.SerialConnection - WARNING - Command rate too high! Delaying next command for 0.5 seconds
2024-10-14 14:01:32,577 - RiH_Main - INFO - Quantos door check
2024-10-14 14:01:32,577 - pylabware.connections.SerialConnection - WARNING - Command rate too high! Delaying next command for 0.5 seconds
2024-10-14 14:01:33,586 - RiH_Main - INFO - Door is open - check is passed
2024-10-14 14:03:16,475 - RiH_Main - INFO - Shutting Quantos doors
2024-10-14 14:04:58,773 - pylabware.connections.SerialConnection - INFO - Creating connection object with the following settings: 
{'address': '', 'port': '/dev/ttyUSB0', 'encoding': 'UTF-8', 'command_delay': 0.5, 'receive_buffer_size': 128, 'receive_timeout': 1, 'transmit_timeout': 1, 'receiving_interval': 0.05, 'write_timeout': 0.5, 'baudrate': 9600, 'bytesize': 7, 'parity': 'E', 'stopbits': 1, 'xonxoff': False, 'rtscts': False, 'dsrdtr': False, 'inter_byte_timeout': False}
2024-10-14 14:04:58,774 - pylabware.connections.SerialConnection - INFO - Creating connection object with the following settings: 
{'address': '1', 'port': '/dev/ttyUSB1', 'encoding': 'UTF-8', 'command_delay': 0, 'receive_buffer_size': 128, 'receive_timeout': 10, 'transmit_timeout': 1, 'receiving_interval': 0.05, 'write_timeout': 0.5, 'baudrate': 9600, 'bytesize': 8, 'parity': 'N', 'stopbits': 1, 'xonxoff': False, 'rtscts': False, 'dsrdtr': False, 'inter_byte_timeout': False}
2024-10-14 14:04:58,775 - pylabware.connections.SerialConnection - INFO - Creating connection object with the following settings: 
{'address': None, 'port': '/dev/ttyUSB2', 'encoding': 'UTF-8', 'command_delay': 0.5, 'receive_buffer_size': 128, 'receive_timeout': 1, 'transmit_timeout': 1, 'receiving_interval': 0.05, 'write_timeout': 0.5, 'baudrate': 9600, 'bytesize': 8, 'parity': 'N', 'stopbits': 1, 'xonxoff': True, 'rtscts': False, 'dsrdtr': False, 'inter_byte_timeout': False, 'timeout': 0.1}
2024-10-14 14:04:58,777 - pylabware.connections.SerialConnection - INFO - Starting connection listener...
2024-10-14 14:04:58,777 - pylabware.connections.SerialConnection - INFO - Port /dev/ttyUSB2 opened.
2024-10-14 14:04:58,778 - pylabware.connections.SerialConnection - WARNING - Command rate too high! Delaying next command for 0.5 seconds
2024-10-14 14:04:59,385 - pylabware.controllers.QuantosQB1.QUANTOS - INFO - No carousel/autosampler connected
2024-10-14 14:04:59,385 - pylabware.connections.SerialConnection - WARNING - Command rate too high! Delaying next command for 0.5 seconds
2024-10-14 14:05:07,537 - Capper Camera - INFO - Camera ID = 0 connected.
2024-10-14 14:05:07,537 - Capper Camera - INFO - Starting camera stream
2024-10-14 14:05:07,538 - RiH_Main - INFO - Connecting IKA RCT digital..
2024-10-14 14:05:07,540 - pylabware.connections.SerialConnection - INFO - Starting connection listener...
2024-10-14 14:05:07,540 - pylabware.connections.SerialConnection - INFO - Port /dev/ttyUSB0 opened.
2024-10-14 14:05:07,541 - pylabware.controllers.RCTDigitalHotplate.IKA - INFO - Opened connection.
2024-10-14 14:05:09,609 - RiH_Main - INFO - IKA RCT digital connected.
2024-10-14 14:05:11,117 - RiH_Main - INFO - Stiring velocity set to 100.
2024-10-14 14:05:12,679 - RiH_Main - INFO - Current temperature: 0.0.
2024-10-14 14:05:12,681 - RiH_Main - INFO - Connecting Pump..
2024-10-14 14:05:12,684 - pylabware.connections.SerialConnection - INFO - Starting connection listener...
2024-10-14 14:05:12,684 - pylabware.connections.SerialConnection - INFO - Port /dev/ttyUSB1 opened.
2024-10-14 14:05:12,685 - pylabware.controllers.XCalibur.DISPENSE_PUMP - INFO - Opened connection.
2024-10-14 14:05:13,239 - pylabware.controllers.XCalibur.DISPENSE_PUMP - INFO - Reply was <No error. Pump Ready.> - error free condition
2024-10-14 14:05:13,239 - RiH_Main - INFO - Pump connected.
2024-10-14 14:05:13,741 - RiH_Main - ERROR - Pump not connected.
2024-10-14 14:05:13,741 - RiH_Main - ERROR - 'RobInHood' object has no attribute 'dispense_dict'
2024-10-14 14:05:13,741 - RiH_Main - INFO - Connecting to the Quantos - opening doors
2024-10-14 14:05:20,178 - RiH_Main - INFO - Quantos connected..
2024-10-14 14:05:20,178 - RiH_Main - INFO - Initialising the filter machine
2024-10-14 14:05:20,179 - RiH_Main - ERROR - Filter machine not connected.
2024-10-14 14:05:20,179 - RiH_Main - ERROR - 'RobInHood' object has no attribute 'filt_machine'
2024-10-14 14:05:20,186 - RiH_Main - INFO - Panda robot connected to 172.16.0.2
2024-10-14 14:05:20,189 - RiH_Main - ERROR - XCalibur Pump is not available.
2024-10-14 14:05:20,189 - RiH_Main - ERROR - Filtering machine not connected
2024-10-14 14:05:21,140 - RiH_Main - INFO - Moving holder to home position...
2024-10-14 14:05:21,140 - PumpHolder - INFO - Moving to holding/wash position
2024-10-14 14:06:34,865 - RiH_Main - INFO - Shutting Quantos doors
2024-10-14 14:06:40,357 - pylabware.connections.SerialConnection - WARNING - Command rate too high! Delaying next command for 0.5 seconds
2024-10-14 14:06:52,653 - RiH_Main - INFO - Quantos door check
2024-10-14 14:06:52,653 - pylabware.connections.SerialConnection - WARNING - Command rate too high! Delaying next command for 0.5 seconds
2024-10-14 14:06:53,609 - RiH_Main - INFO - Door is open - check is passed
2024-10-14 14:08:36,746 - RiH_Main - INFO - Shutting Quantos doors
2024-10-14 14:08:42,328 - pylabware.connections.SerialConnection - WARNING - Command rate too high! Delaying next command for 0.5 seconds
2024-10-14 14:08:48,273 - RiH_Main - INFO - Quantos door check
2024-10-14 14:08:48,273 - pylabware.connections.SerialConnection - WARNING - Command rate too high! Delaying next command for 0.5 seconds
2024-10-14 14:08:49,333 - RiH_Main - INFO - Door is open - check is passed
2024-10-14 14:08:49,333 - RiH_Main - INFO - Quantos door check
2024-10-14 14:08:50,038 - RiH_Main - INFO - Door is open - check is passed
2024-10-14 14:12:47,190 - RiH_Main - INFO - Shutting Quantos doors
2024-10-14 14:12:52,804 - pylabware.connections.SerialConnection - WARNING - Command rate too high! Delaying next command for 0.5 seconds
2024-10-14 14:13:03,026 - RiH_Main - INFO - Quantos door check
2024-10-14 14:13:03,026 - pylabware.connections.SerialConnection - WARNING - Command rate too high! Delaying next command for 0.5 seconds
2024-10-14 14:13:04,085 - RiH_Main - INFO - Door is open - check is passed
2024-10-14 14:14:47,018 - RiH_Main - INFO - Shutting Quantos doors
2024-10-14 14:14:52,545 - pylabware.connections.SerialConnection - WARNING - Command rate too high! Delaying next command for 0.5 seconds
2024-10-14 14:14:58,436 - RiH_Main - INFO - Quantos door check
2024-10-14 14:14:58,436 - pylabware.connections.SerialConnection - WARNING - Command rate too high! Delaying next command for 0.5 seconds
2024-10-14 14:14:59,494 - RiH_Main - INFO - Door is open - check is passed
2024-10-14 14:14:59,494 - RiH_Main - INFO - Quantos door check
2024-10-14 14:15:00,251 - RiH_Main - INFO - Door is open - check is passed
2024-10-14 14:19:00,727 - RiH_Main - INFO - Shutting Quantos doors
2024-10-14 14:19:06,247 - pylabware.connections.SerialConnection - WARNING - Command rate too high! Delaying next command for 0.5 seconds
2024-10-14 14:19:17,220 - RiH_Main - INFO - Quantos door check
2024-10-14 14:19:17,220 - pylabware.connections.SerialConnection - WARNING - Command rate too high! Delaying next command for 0.5 seconds
2024-10-14 14:19:18,278 - RiH_Main - INFO - Door is open - check is passed
2024-10-14 14:21:01,410 - RiH_Main - INFO - Shutting Quantos doors
2024-10-14 14:21:07,036 - pylabware.connections.SerialConnection - WARNING - Command rate too high! Delaying next command for 0.5 seconds
2024-10-14 14:21:12,973 - RiH_Main - INFO - Quantos door check
2024-10-14 14:21:12,973 - pylabware.connections.SerialConnection - WARNING - Command rate too high! Delaying next command for 0.5 seconds
2024-10-14 14:21:13,982 - RiH_Main - INFO - Door is open - check is passed
2024-10-14 14:21:13,982 - RiH_Main - INFO - Quantos door check
2024-10-14 14:21:14,636 - RiH_Main - INFO - Door is open - check is passed
2024-10-14 14:23:42,231 - RiH_Main - ERROR - Vial 3 not available.
2024-10-14 14:23:42,232 - Capper Camera - INFO - Stopping camera stream
2024-10-14 14:24:07,265 - pylabware.connections.SerialConnection - INFO - Creating connection object with the following settings: 
{'address': '', 'port': '/dev/ttyUSB0', 'encoding': 'UTF-8', 'command_delay': 0.5, 'receive_buffer_size': 128, 'receive_timeout': 1, 'transmit_timeout': 1, 'receiving_interval': 0.05, 'write_timeout': 0.5, 'baudrate': 9600, 'bytesize': 7, 'parity': 'E', 'stopbits': 1, 'xonxoff': False, 'rtscts': False, 'dsrdtr': False, 'inter_byte_timeout': False}
2024-10-14 14:24:07,266 - pylabware.connections.SerialConnection - INFO - Creating connection object with the following settings: 
{'address': '1', 'port': '/dev/ttyUSB1', 'encoding': 'UTF-8', 'command_delay': 0, 'receive_buffer_size': 128, 'receive_timeout': 10, 'transmit_timeout': 1, 'receiving_interval': 0.05, 'write_timeout': 0.5, 'baudrate': 9600, 'bytesize': 8, 'parity': 'N', 'stopbits': 1, 'xonxoff': False, 'rtscts': False, 'dsrdtr': False, 'inter_byte_timeout': False}
2024-10-14 14:24:07,266 - pylabware.connections.SerialConnection - INFO - Creating connection object with the following settings: 
{'address': None, 'port': '/dev/ttyUSB2', 'encoding': 'UTF-8', 'command_delay': 0.5, 'receive_buffer_size': 128, 'receive_timeout': 1, 'transmit_timeout': 1, 'receiving_interval': 0.05, 'write_timeout': 0.5, 'baudrate': 9600, 'bytesize': 8, 'parity': 'N', 'stopbits': 1, 'xonxoff': True, 'rtscts': False, 'dsrdtr': False, 'inter_byte_timeout': False, 'timeout': 0.1}
2024-10-14 14:24:07,269 - pylabware.connections.SerialConnection - INFO - Starting connection listener...
2024-10-14 14:24:07,269 - pylabware.connections.SerialConnection - INFO - Port /dev/ttyUSB2 opened.
2024-10-14 14:24:07,270 - pylabware.connections.SerialConnection - WARNING - Command rate too high! Delaying next command for 0.5 seconds
2024-10-14 14:24:07,877 - pylabware.controllers.QuantosQB1.QUANTOS - INFO - No carousel/autosampler connected
2024-10-14 14:24:07,878 - pylabware.connections.SerialConnection - WARNING - Command rate too high! Delaying next command for 0.5 seconds
2024-10-14 14:24:11,228 - Capper Camera - INFO - Camera ID = 0 connected.
2024-10-14 14:24:11,229 - Capper Camera - INFO - Starting camera stream
2024-10-14 14:24:11,229 - RiH_Main - INFO - Connecting IKA RCT digital..
2024-10-14 14:24:11,231 - pylabware.connections.SerialConnection - INFO - Starting connection listener...
2024-10-14 14:24:11,232 - pylabware.connections.SerialConnection - INFO - Port /dev/ttyUSB0 opened.
2024-10-14 14:24:11,232 - pylabware.controllers.RCTDigitalHotplate.IKA - INFO - Opened connection.
2024-10-14 14:24:13,300 - RiH_Main - INFO - IKA RCT digital connected.
2024-10-14 14:24:14,808 - RiH_Main - INFO - Stiring velocity set to 100.
2024-10-14 14:24:16,372 - RiH_Main - INFO - Current temperature: 0.0.
2024-10-14 14:24:16,373 - RiH_Main - INFO - Connecting Pump..
2024-10-14 14:24:16,375 - pylabware.connections.SerialConnection - INFO - Starting connection listener...
2024-10-14 14:24:16,375 - pylabware.connections.SerialConnection - INFO - Port /dev/ttyUSB1 opened.
2024-10-14 14:24:16,379 - pylabware.controllers.XCalibur.DISPENSE_PUMP - INFO - Opened connection.
2024-10-14 14:24:16,931 - pylabware.controllers.XCalibur.DISPENSE_PUMP - INFO - Reply was <No error. Pump Ready.> - error free condition
2024-10-14 14:24:16,933 - RiH_Main - INFO - Pump connected.
2024-10-14 14:24:17,434 - RiH_Main - ERROR - Pump not connected.
2024-10-14 14:24:17,435 - RiH_Main - ERROR - 'RobInHood' object has no attribute 'dispense_dict'
2024-10-14 14:24:17,435 - RiH_Main - INFO - Connecting to the Quantos - opening doors
2024-10-14 14:24:23,848 - RiH_Main - INFO - Quantos connected..
2024-10-14 14:24:23,849 - RiH_Main - INFO - Initialising the filter machine
2024-10-14 14:24:23,849 - RiH_Main - ERROR - Filter machine not connected.
2024-10-14 14:24:23,849 - RiH_Main - ERROR - 'RobInHood' object has no attribute 'filt_machine'
2024-10-14 14:24:23,855 - RiH_Main - INFO - Panda robot connected to 172.16.0.2
2024-10-14 14:24:23,857 - RiH_Main - ERROR - XCalibur Pump is not available.
2024-10-14 14:24:23,858 - RiH_Main - ERROR - Filtering machine not connected
2024-10-14 14:24:24,941 - RiH_Main - INFO - Moving holder to home position...
2024-10-14 14:24:24,943 - PumpHolder - INFO - Moving to holding/wash position
2024-10-14 14:25:39,089 - RiH_Main - INFO - Shutting Quantos doors
2024-10-14 14:25:44,582 - pylabware.connections.SerialConnection - WARNING - Command rate too high! Delaying next command for 0.5 seconds
2024-10-14 14:25:56,319 - RiH_Main - INFO - Quantos door check
2024-10-14 14:25:56,319 - pylabware.connections.SerialConnection - WARNING - Command rate too high! Delaying next command for 0.5 seconds
2024-10-14 14:25:57,329 - RiH_Main - INFO - Door is open - check is passed
2024-10-14 14:27:40,347 - RiH_Main - INFO - Shutting Quantos doors
2024-10-14 14:27:45,940 - pylabware.connections.SerialConnection - WARNING - Command rate too high! Delaying next command for 0.5 seconds
2024-10-14 14:27:51,885 - RiH_Main - INFO - Quantos door check
2024-10-14 14:27:51,885 - pylabware.connections.SerialConnection - WARNING - Command rate too high! Delaying next command for 0.5 seconds
2024-10-14 14:27:52,996 - RiH_Main - INFO - Door is open - check is passed
2024-10-14 14:27:52,996 - RiH_Main - INFO - Quantos door check
2024-10-14 14:27:53,700 - RiH_Main - INFO - Door is open - check is passed
2024-10-14 14:31:50,621 - RiH_Main - INFO - Shutting Quantos doors
2024-10-14 14:31:56,113 - pylabware.connections.SerialConnection - WARNING - Command rate too high! Delaying next command for 0.5 seconds
2024-10-14 14:32:08,706 - RiH_Main - INFO - Quantos door check
2024-10-14 14:32:08,706 - pylabware.connections.SerialConnection - WARNING - Command rate too high! Delaying next command for 0.5 seconds
2024-10-14 14:32:09,766 - RiH_Main - INFO - Door is open - check is passed
2024-10-14 14:33:52,849 - RiH_Main - INFO - Shutting Quantos doors
2024-10-14 14:33:58,439 - pylabware.connections.SerialConnection - WARNING - Command rate too high! Delaying next command for 0.5 seconds
2024-10-14 14:34:04,331 - RiH_Main - INFO - Quantos door check
2024-10-14 14:34:04,331 - pylabware.connections.SerialConnection - WARNING - Command rate too high! Delaying next command for 0.5 seconds
2024-10-14 14:34:05,337 - RiH_Main - INFO - Door is open - check is passed
2024-10-14 14:34:05,338 - RiH_Main - INFO - Quantos door check
2024-10-14 14:34:06,046 - RiH_Main - INFO - Door is open - check is passed
2024-10-14 14:36:56,960 - RiH_Main - ERROR - Vial 2 not available.
2024-10-14 14:36:56,960 - Capper Camera - INFO - Stopping camera stream
2024-10-15 10:02:56,887 - Workflow_Config_Helper - INFO - No data directory found, creating it
2024-10-15 10:05:23,054 - Workflow_Config_Helper - INFO - No data directory found, creating it
2024-10-15 10:06:37,326 - Workflow_Config_Helper - INFO - No data directory found, creating it
2024-10-15 10:06:48,339 - Workflow_Config_Helper - ERROR - No config folder found at specified path: /home/panda1/HoodInRobPy/config/
2024-10-15 10:13:54,771 - Workflow_Config_Helper - ERROR - No config directory found, creating empty directory and exiting
2024-10-15 10:13:54,772 - Workflow_Config_Helper - ERROR - An error occured in the dispense config [Errno 2] No such file or directory: '/home/panda1/HoodInRobPy/config/dispense.csv'
2024-10-15 10:23:34,709 - Workflow_Config_Helper - ERROR - An error occured in the dispense config [Errno 2] No such file or directory: '/home/panda1/HoodInRobPy/config/dispense.csv'
2024-10-15 10:28:16,222 - Workflow_Config_Helper - ERROR - Liquid requested CHEM1 is not connected to the pump
2024-10-15 10:28:16,222 - Workflow_Config_Helper - ERROR - Liquid requested CHEM1 is not connected to the pump
2024-10-15 10:28:16,222 - Workflow_Config_Helper - ERROR - Liquid requested CHEM3 is not connected to the pump
2024-10-15 10:28:16,222 - Workflow_Config_Helper - ERROR - Liquid requested CHEM2 is not connected to the pump
2024-10-15 10:28:16,222 - Workflow_Config_Helper - ERROR - Liquid requested CHEM1 is not connected to the pump
2024-10-15 10:28:16,223 - Workflow_Config_Helper - ERROR - Liquid requested CHEM2 is not connected to the pump
2024-10-15 10:28:16,223 - Workflow_Config_Helper - INFO - All solids and liquids requested in sample list are in the workflow
2024-10-15 10:28:16,223 - Workflow_Config_Helper - ERROR - KeyError: 'Receiving_Flask' No Receiving_Flask port set in workflow - set to port: 1
2024-10-15 10:28:16,223 - Workflow_Config_Helper - ERROR - KeyError: 'Priming_Waste' No Priming_Waste port set in workflow - set to port: 2
2024-10-15 10:28:16,223 - Workflow_Config_Helper - ERROR - KeyError: 'Output_Needle' No Output_Needle port set in workflow - set to port: 4
2024-10-15 10:28:16,223 - Workflow_Config_Helper - ERROR - One or more errors found in configuration files
2024-10-15 10:30:46,556 - Workflow_Config_Helper - INFO - All solids and liquids requested in sample list are in the workflow
2024-10-15 10:30:46,556 - Workflow_Config_Helper - INFO - No errors in workflow detected
2024-10-15 10:32:02,783 - Workflow_Config_Helper - INFO - All solids and liquids requested in sample list are in the workflow
2024-10-15 10:32:02,783 - Workflow_Config_Helper - INFO - No errors in workflow detected
2024-10-15 10:32:06,804 - pylabware.connections.SerialConnection - INFO - Creating connection object with the following settings: 
{'address': '', 'port': '/dev/ttyUSB0', 'encoding': 'UTF-8', 'command_delay': 0.5, 'receive_buffer_size': 128, 'receive_timeout': 1, 'transmit_timeout': 1, 'receiving_interval': 0.05, 'write_timeout': 0.5, 'baudrate': 9600, 'bytesize': 7, 'parity': 'E', 'stopbits': 1, 'xonxoff': False, 'rtscts': False, 'dsrdtr': False, 'inter_byte_timeout': False}
2024-10-15 10:32:06,805 - pylabware.connections.SerialConnection - INFO - Creating connection object with the following settings: 
{'address': '1', 'port': '/dev/ttyUSB1', 'encoding': 'UTF-8', 'command_delay': 0, 'receive_buffer_size': 128, 'receive_timeout': 10, 'transmit_timeout': 1, 'receiving_interval': 0.05, 'write_timeout': 0.5, 'baudrate': 9600, 'bytesize': 8, 'parity': 'N', 'stopbits': 1, 'xonxoff': False, 'rtscts': False, 'dsrdtr': False, 'inter_byte_timeout': False}
2024-10-15 10:32:06,805 - pylabware.connections.SerialConnection - INFO - Creating connection object with the following settings: 
{'address': None, 'port': '/dev/ttyUSB2', 'encoding': 'UTF-8', 'command_delay': 0.5, 'receive_buffer_size': 128, 'receive_timeout': 1, 'transmit_timeout': 1, 'receiving_interval': 0.05, 'write_timeout': 0.5, 'baudrate': 9600, 'bytesize': 8, 'parity': 'N', 'stopbits': 1, 'xonxoff': True, 'rtscts': False, 'dsrdtr': False, 'inter_byte_timeout': False, 'timeout': 0.1}
2024-10-15 10:32:06,806 - pylabware.connections.SerialConnection - INFO - Starting connection listener...
2024-10-15 10:32:06,806 - pylabware.connections.SerialConnection - INFO - Port /dev/ttyUSB2 opened.
2024-10-15 10:32:06,806 - pylabware.connections.SerialConnection - WARNING - Command rate too high! Delaying next command for 0.5 seconds
2024-10-15 10:32:07,410 - pylabware.controllers.QuantosQB1.QUANTOS - INFO - No carousel/autosampler connected
2024-10-15 10:32:07,410 - pylabware.connections.SerialConnection - WARNING - Command rate too high! Delaying next command for 0.5 seconds
2024-10-15 10:32:10,699 - Capper Camera - INFO - Camera ID = 0 connected.
2024-10-15 10:32:10,699 - Capper Camera - INFO - Starting camera stream
2024-10-15 10:32:10,699 - RiH_Main - INFO - Connecting IKA RCT digital..
2024-10-15 10:32:10,700 - pylabware.connections.SerialConnection - INFO - Starting connection listener...
2024-10-15 10:32:10,700 - pylabware.connections.SerialConnection - INFO - Port /dev/ttyUSB0 opened.
2024-10-15 10:32:10,701 - pylabware.controllers.RCTDigitalHotplate.IKA - INFO - Opened connection.
2024-10-15 10:32:52,711 - RiH_Main - INFO - IKA RCT digital connected.
2024-10-15 10:32:54,216 - RiH_Main - INFO - Stiring velocity set to 100.
2024-10-15 10:32:55,796 - RiH_Main - INFO - Current temperature: 0.0.
2024-10-15 10:32:55,798 - RiH_Main - INFO - Connecting Pump..
2024-10-15 10:32:55,801 - pylabware.connections.SerialConnection - INFO - Starting connection listener...
2024-10-15 10:32:55,801 - pylabware.connections.SerialConnection - INFO - Port /dev/ttyUSB1 opened.
2024-10-15 10:32:55,802 - pylabware.controllers.XCalibur.DISPENSE_PUMP - INFO - Opened connection.
2024-10-15 10:32:56,359 - pylabware.controllers.XCalibur.DISPENSE_PUMP - INFO - Reply was <No error. Pump Ready.> - error free condition
2024-10-15 10:32:56,359 - RiH_Main - INFO - Pump connected.
2024-10-15 10:32:56,913 - pylabware.controllers.XCalibur.DISPENSE_PUMP - INFO - Reply was <No error. Pump Busy.> - error free condition
2024-10-15 10:32:56,949 - pylabware.controllers.XCalibur.DISPENSE_PUMP - INFO - Device initialized.
2024-10-15 10:32:56,950 - RiH_Main - INFO - Pump initialised.
2024-10-15 10:32:57,453 - RiH_Main - INFO - Checking for pump errors
2024-10-15 10:32:57,455 - pylabware.controllers.XCalibur.DISPENSE_PUMP - INFO - Reply was <No error. Pump Busy.> - error free condition
2024-10-15 10:32:57,465 - RiH_Main - INFO - Connecting to the Quantos - opening doors
2024-10-15 10:33:03,976 - RiH_Main - INFO - Quantos connected..
2024-10-15 10:33:03,976 - RiH_Main - INFO - Initialising the filter machine
2024-10-15 10:33:03,976 - RiH_Filtration_System - INFO - Initialising filtration system pump
2024-10-15 10:33:03,976 - pylabware.connections.SerialConnection - INFO - Creating connection object with the following settings: 
{'address': '1', 'port': '/dev/ttyUSB3', 'encoding': 'UTF-8', 'command_delay': 0, 'receive_buffer_size': 128, 'receive_timeout': 10, 'transmit_timeout': 1, 'receiving_interval': 0.05, 'write_timeout': 0.5, 'baudrate': 9600, 'bytesize': 8, 'parity': 'N', 'stopbits': 1, 'xonxoff': False, 'rtscts': False, 'dsrdtr': False, 'inter_byte_timeout': False}
2024-10-15 10:33:03,978 - pylabware.connections.SerialConnection - INFO - Starting connection listener...
2024-10-15 10:33:03,979 - pylabware.connections.SerialConnection - INFO - Port /dev/ttyUSB3 opened.
2024-10-15 10:33:03,981 - pylabware.controllers.XCalibur.FILT_PUMP - INFO - Opened connection.
2024-10-15 10:33:04,030 - pylabware.controllers.XCalibur.FILT_PUMP - INFO - Reply was <No error. Pump Busy.> - error free condition
2024-10-15 10:33:04,033 - pylabware.controllers.XCalibur.FILT_PUMP - INFO - Device initialized.
2024-10-15 10:33:04,080 - pylabware.controllers.XCalibur.FILT_PUMP - INFO - Reply was <No error. Pump Busy.> - error free condition
2024-10-15 10:33:04,634 - pylabware.controllers.XCalibur.FILT_PUMP - INFO - Reply was <No error. Pump Busy.> - error free condition
2024-10-15 10:33:05,188 - pylabware.controllers.XCalibur.FILT_PUMP - INFO - Reply was <No error. Pump Busy.> - error free condition
2024-10-15 10:33:05,744 - pylabware.controllers.XCalibur.FILT_PUMP - INFO - Reply was <No error. Pump Busy.> - error free condition
2024-10-15 10:33:06,296 - pylabware.controllers.XCalibur.FILT_PUMP - INFO - Reply was <No error. Pump Busy.> - error free condition
2024-10-15 10:33:06,850 - pylabware.controllers.XCalibur.FILT_PUMP - INFO - Reply was <Invalid command! Pump Ready.>
2024-10-15 10:33:06,850 - pylabware.controllers.XCalibur.FILT_PUMP - WARNING - A non-fatal error was recieved resending command - errors occured: 1
2024-10-15 10:33:06,900 - pylabware.controllers.XCalibur.FILT_PUMP - INFO - Reply was <No error. Pump Ready.> - error free condition
2024-10-15 10:33:07,454 - pylabware.controllers.XCalibur.FILT_PUMP - INFO - Reply was <No error. Pump Ready.> - error free condition
2024-10-15 10:33:07,455 - RiH_Filtration_System - INFO - Initialisng the filtration system arduino
2024-10-15 10:33:07,463 - RiH_Main - INFO - Panda robot connected to 172.16.0.2
2024-10-15 10:33:10,275 - RiH_Main - INFO - Moving holder to home position...
2024-10-15 10:33:10,275 - PumpHolder - INFO - Moving to holding/wash position
2024-10-15 10:34:22,707 - RiH_Main - INFO - Shutting Quantos doors
2024-10-15 10:34:28,218 - pylabware.connections.SerialConnection - WARNING - Command rate too high! Delaying next command for 0.5 seconds
2024-10-15 10:34:39,789 - RiH_Main - INFO - Quantos door check
2024-10-15 10:34:39,789 - pylabware.connections.SerialConnection - WARNING - Command rate too high! Delaying next command for 0.5 seconds
2024-10-15 10:34:40,847 - RiH_Main - INFO - Door is open - check is passed
2024-10-15 10:35:31,163 - RiH_Main - ERROR - Robot not available, terminating program...
2024-10-15 10:35:31,164 - Capper Camera - INFO - Stopping camera stream
