2025-01-16 11:14:28,262 - Workflow_Config_Helper - INFO - All solids and liquids requested in sample list are in the workflow
2025-01-16 11:14:28,262 - Workflow_Config_Helper - INFO - No errors in workflow detected
2025-01-16 11:14:32,282 - pylabware.connections.SerialConnection - INFO - Creating connection object with the following settings: 
{'address': '', 'port': '/dev/ttyUSB0', 'encoding': 'UTF-8', 'command_delay': 0.5, 'receive_buffer_size': 128, 'receive_timeout': 1, 'transmit_timeout': 1, 'receiving_interval': 0.05, 'write_timeout': 0.5, 'baudrate': 9600, 'bytesize': 7, 'parity': 'E', 'stopbits': 1, 'xonxoff': False, 'rtscts': False, 'dsrdtr': False, 'inter_byte_timeout': False}
2025-01-16 11:14:32,283 - pylabware.connections.SerialConnection - INFO - Creating connection object with the following settings: 
{'address': '1', 'port': '/dev/ttyUSB1', 'encoding': 'UTF-8', 'command_delay': 0, 'receive_buffer_size': 128, 'receive_timeout': 10, 'transmit_timeout': 1, 'receiving_interval': 0.05, 'write_timeout': 0.5, 'baudrate': 9600, 'bytesize': 8, 'parity': 'N', 'stopbits': 1, 'xonxoff': False, 'rtscts': False, 'dsrdtr': False, 'inter_byte_timeout': False}
2025-01-16 11:14:32,283 - pylabware.connections.SerialConnection - INFO - Creating connection object with the following settings: 
{'address': None, 'port': '/dev/ttyUSB2', 'encoding': 'UTF-8', 'command_delay': 0.5, 'receive_buffer_size': 128, 'receive_timeout': 1, 'transmit_timeout': 1, 'receiving_interval': 0.05, 'write_timeout': 0.5, 'baudrate': 9600, 'bytesize': 8, 'parity': 'N', 'stopbits': 1, 'xonxoff': True, 'rtscts': False, 'dsrdtr': False, 'inter_byte_timeout': False, 'timeout': 0.1}
2025-01-16 11:14:32,286 - pylabware.connections.SerialConnection - INFO - Starting connection listener...
2025-01-16 11:14:32,286 - pylabware.connections.SerialConnection - INFO - Port /dev/ttyUSB2 opened.
2025-01-16 11:14:32,287 - pylabware.connections.SerialConnection - WARNING - Command rate too high! Delaying next command for 0.5 seconds
2025-01-16 11:14:32,894 - pylabware.controllers.QuantosQB1.QUANTOS - INFO - No carousel/autosampler connected
2025-01-16 11:14:32,894 - pylabware.connections.SerialConnection - WARNING - Command rate too high! Delaying next command for 0.5 seconds
2025-01-16 11:14:36,013 - RiH_Main - INFO - Connecting IKA RCT digital..
2025-01-16 11:14:36,014 - pylabware.connections.SerialConnection - INFO - Starting connection listener...
2025-01-16 11:14:36,014 - pylabware.connections.SerialConnection - INFO - Port /dev/ttyUSB0 opened.
2025-01-16 11:14:36,015 - pylabware.controllers.RCTDigitalHotplate.IKA - INFO - Opened connection.
2025-01-16 11:15:18,019 - RiH_Main - INFO - IKA RCT digital connected.
2025-01-16 11:15:19,523 - RiH_Main - INFO - Stiring velocity set to 200.
2025-01-16 11:15:21,073 - RiH_Main - INFO - Current temperature: 0.0.
2025-01-16 11:15:21,073 - RiH_Main - INFO - Connecting Pump..
2025-01-16 11:15:21,076 - pylabware.connections.SerialConnection - INFO - Starting connection listener...
2025-01-16 11:15:21,077 - pylabware.connections.SerialConnection - INFO - Port /dev/ttyUSB1 opened.
2025-01-16 11:15:21,078 - pylabware.controllers.XCalibur.DISPENSE_PUMP - INFO - Opened connection.
2025-01-16 11:16:30,414 - Workflow_Config_Helper - INFO - All solids and liquids requested in sample list are in the workflow
2025-01-16 11:16:30,414 - Workflow_Config_Helper - INFO - No errors in workflow detected
2025-01-16 11:16:34,438 - pylabware.connections.SerialConnection - INFO - Creating connection object with the following settings: 
{'address': '', 'port': '/dev/ttyUSB0', 'encoding': 'UTF-8', 'command_delay': 0.5, 'receive_buffer_size': 128, 'receive_timeout': 1, 'transmit_timeout': 1, 'receiving_interval': 0.05, 'write_timeout': 0.5, 'baudrate': 9600, 'bytesize': 7, 'parity': 'E', 'stopbits': 1, 'xonxoff': False, 'rtscts': False, 'dsrdtr': False, 'inter_byte_timeout': False}
2025-01-16 11:16:34,439 - pylabware.connections.SerialConnection - INFO - Creating connection object with the following settings: 
{'address': '1', 'port': '/dev/ttyUSB1', 'encoding': 'UTF-8', 'command_delay': 0, 'receive_buffer_size': 128, 'receive_timeout': 10, 'transmit_timeout': 1, 'receiving_interval': 0.05, 'write_timeout': 0.5, 'baudrate': 9600, 'bytesize': 8, 'parity': 'N', 'stopbits': 1, 'xonxoff': False, 'rtscts': False, 'dsrdtr': False, 'inter_byte_timeout': False}
2025-01-16 11:16:34,439 - pylabware.connections.SerialConnection - INFO - Creating connection object with the following settings: 
{'address': None, 'port': '/dev/ttyUSB2', 'encoding': 'UTF-8', 'command_delay': 0.5, 'receive_buffer_size': 128, 'receive_timeout': 1, 'transmit_timeout': 1, 'receiving_interval': 0.05, 'write_timeout': 0.5, 'baudrate': 9600, 'bytesize': 8, 'parity': 'N', 'stopbits': 1, 'xonxoff': True, 'rtscts': False, 'dsrdtr': False, 'inter_byte_timeout': False, 'timeout': 0.1}
2025-01-16 11:16:34,441 - pylabware.connections.SerialConnection - INFO - Starting connection listener...
2025-01-16 11:16:34,441 - pylabware.connections.SerialConnection - INFO - Port /dev/ttyUSB2 opened.
2025-01-16 11:16:34,441 - pylabware.connections.SerialConnection - WARNING - Command rate too high! Delaying next command for 0.5 seconds
2025-01-16 11:16:35,047 - pylabware.controllers.QuantosQB1.QUANTOS - INFO - No carousel/autosampler connected
2025-01-16 11:16:35,047 - pylabware.connections.SerialConnection - WARNING - Command rate too high! Delaying next command for 0.5 seconds
2025-01-16 11:16:38,218 - RiH_Main - INFO - Connecting IKA RCT digital..
2025-01-16 11:16:38,220 - pylabware.connections.SerialConnection - INFO - Starting connection listener...
2025-01-16 11:16:38,220 - pylabware.connections.SerialConnection - INFO - Port /dev/ttyUSB0 opened.
2025-01-16 11:16:38,221 - pylabware.controllers.RCTDigitalHotplate.IKA - INFO - Opened connection.
2025-01-16 11:16:40,287 - RiH_Main - INFO - IKA RCT digital connected.
2025-01-16 11:16:41,795 - RiH_Main - INFO - Stiring velocity set to 200.
2025-01-16 11:16:43,361 - RiH_Main - INFO - Current temperature: 0.0.
2025-01-16 11:16:43,361 - RiH_Main - INFO - Connecting Pump..
2025-01-16 11:16:43,363 - pylabware.connections.SerialConnection - INFO - Starting connection listener...
2025-01-16 11:16:43,363 - pylabware.connections.SerialConnection - INFO - Port /dev/ttyUSB1 opened.
2025-01-16 11:16:43,364 - pylabware.controllers.XCalibur.DISPENSE_PUMP - INFO - Opened connection.
2025-01-16 14:27:46,896 - Workflow_Config_Helper - INFO - All solids and liquids requested in sample list are in the workflow
2025-01-16 14:27:46,896 - Workflow_Config_Helper - INFO - No errors in workflow detected
2025-01-16 14:27:50,913 - pylabware.connections.SerialConnection - INFO - Creating connection object with the following settings: 
{'address': '', 'port': '/dev/ttyUSB1', 'encoding': 'UTF-8', 'command_delay': 0.5, 'receive_buffer_size': 128, 'receive_timeout': 1, 'transmit_timeout': 1, 'receiving_interval': 0.05, 'write_timeout': 0.5, 'baudrate': 9600, 'bytesize': 7, 'parity': 'E', 'stopbits': 1, 'xonxoff': False, 'rtscts': False, 'dsrdtr': False, 'inter_byte_timeout': False}
2025-01-16 14:27:50,914 - pylabware.connections.SerialConnection - INFO - Creating connection object with the following settings: 
{'address': '1', 'port': '/dev/ttyUSB0', 'encoding': 'UTF-8', 'command_delay': 0, 'receive_buffer_size': 128, 'receive_timeout': 10, 'transmit_timeout': 1, 'receiving_interval': 0.05, 'write_timeout': 0.5, 'baudrate': 9600, 'bytesize': 8, 'parity': 'N', 'stopbits': 1, 'xonxoff': False, 'rtscts': False, 'dsrdtr': False, 'inter_byte_timeout': False}
2025-01-16 14:27:50,915 - pylabware.connections.SerialConnection - INFO - Creating connection object with the following settings: 
{'address': None, 'port': '/dev/ttyUSB2', 'encoding': 'UTF-8', 'command_delay': 0.5, 'receive_buffer_size': 128, 'receive_timeout': 1, 'transmit_timeout': 1, 'receiving_interval': 0.05, 'write_timeout': 0.5, 'baudrate': 9600, 'bytesize': 8, 'parity': 'N', 'stopbits': 1, 'xonxoff': True, 'rtscts': False, 'dsrdtr': False, 'inter_byte_timeout': False, 'timeout': 0.1}
2025-01-16 14:27:50,917 - pylabware.connections.SerialConnection - INFO - Starting connection listener...
2025-01-16 14:27:50,917 - pylabware.connections.SerialConnection - INFO - Port /dev/ttyUSB2 opened.
2025-01-16 14:27:50,918 - pylabware.connections.SerialConnection - WARNING - Command rate too high! Delaying next command for 0.5 seconds
2025-01-16 14:27:51,524 - pylabware.controllers.QuantosQB1.QUANTOS - INFO - No carousel/autosampler connected
2025-01-16 14:27:51,525 - pylabware.connections.SerialConnection - WARNING - Command rate too high! Delaying next command for 0.5 seconds
2025-01-16 14:27:54,642 - RiH_Main - INFO - Connecting IKA RCT digital..
2025-01-16 14:27:54,645 - pylabware.connections.SerialConnection - INFO - Starting connection listener...
2025-01-16 14:27:54,645 - pylabware.connections.SerialConnection - INFO - Port /dev/ttyUSB1 opened.
2025-01-16 14:27:54,646 - pylabware.controllers.RCTDigitalHotplate.IKA - INFO - Opened connection.
2025-01-16 14:27:56,714 - RiH_Main - INFO - IKA RCT digital connected.
2025-01-16 14:27:58,223 - RiH_Main - INFO - Stiring velocity set to 200.
2025-01-16 14:27:59,788 - RiH_Main - INFO - Current temperature: 0.0.
2025-01-16 14:27:59,788 - RiH_Main - INFO - Connecting Pump..
2025-01-16 14:27:59,789 - pylabware.connections.SerialConnection - INFO - Starting connection listener...
2025-01-16 14:27:59,789 - pylabware.connections.SerialConnection - INFO - Port /dev/ttyUSB0 opened.
2025-01-16 14:27:59,790 - pylabware.controllers.XCalibur.DISPENSE_PUMP - INFO - Opened connection.
2025-01-16 14:28:00,344 - RiH_Main - INFO - Pump connected.
2025-01-16 14:28:00,899 - pylabware.controllers.XCalibur.DISPENSE_PUMP - INFO - Device initialized.
2025-01-16 14:28:00,899 - RiH_Main - INFO - Pump initialised.
2025-01-16 14:28:01,402 - RiH_Main - INFO - Checking for pump errors
2025-01-16 14:28:01,402 - RiH_Main - INFO - Connecting to the Quantos - opening doors
2025-01-16 14:28:07,803 - RiH_Main - INFO - Quantos connected..
2025-01-16 14:28:07,804 - RiH_Main - INFO - Initialising the filter machine
2025-01-16 14:28:07,804 - RiH_Filtration_System - INFO - Initialising filtration system pump
2025-01-16 14:28:10,819 - pylabware.connections.SerialConnection - INFO - Creating connection object with the following settings: 
{'address': '1', 'port': '/dev/ttyUSB3', 'encoding': 'UTF-8', 'command_delay': 0, 'receive_buffer_size': 128, 'receive_timeout': 10, 'transmit_timeout': 1, 'receiving_interval': 0.05, 'write_timeout': 0.5, 'baudrate': 9600, 'bytesize': 8, 'parity': 'N', 'stopbits': 1, 'xonxoff': False, 'rtscts': False, 'dsrdtr': False, 'inter_byte_timeout': False}
2025-01-16 14:28:10,822 - pylabware.connections.SerialConnection - INFO - Starting connection listener...
2025-01-16 14:28:10,822 - pylabware.connections.SerialConnection - INFO - Port /dev/ttyUSB3 opened.
2025-01-16 14:28:10,823 - pylabware.controllers.XCalibur.FILT_PUMP - INFO - Opened connection.
2025-01-16 14:28:10,874 - pylabware.controllers.XCalibur.FILT_PUMP - INFO - Device initialized.
2025-01-16 14:28:13,699 - pylabware.controllers.XCalibur.FILT_PUMP - INFO - Reply was <Invalid command! Pump Ready.>
2025-01-16 14:28:13,724 - pylabware.controllers.XCalibur.FILT_PUMP - WARNING - A non-fatal error was recieved resending command - errors occured: 1
2025-01-16 14:28:14,305 - RiH_Filtration_System - INFO - Initialising the filtration system arduino
2025-01-16 14:28:14,313 - RiH_Main - INFO - Panda robot connected to 172.16.0.2
2025-01-16 14:28:14,314 - RiH_Main - ERROR - Capper camera is not available.
2025-01-16 14:28:14,314 - RiH_Filtration_System - INFO - Washing filter before start of filtering process with 9.0 mL
2025-01-16 14:28:14,315 - RiH_Filtration_System - INFO - E stop is off - checking pump is ready
2025-01-16 14:28:14,355 - RiH_Filtration_System - INFO - pump is idle running command
2025-01-16 14:28:14,355 - RiH_Filtration_System - INFO - Clamping
2025-01-16 14:28:19,370 - RiH_Filtration_System - INFO - E stop is off - checking pump is ready
2025-01-16 14:28:19,393 - RiH_Filtration_System - INFO - pump is idle running command
2025-01-16 14:28:19,393 - RiH_Filtration_System - INFO - Forward pouring
2025-01-16 14:28:34,436 - RiH_Filtration_System - INFO - E stop is off - checking pump is ready
2025-01-16 14:28:34,462 - RiH_Filtration_System - INFO - pump is idle running command
2025-01-16 14:28:35,221 - pylabware.controllers.XCalibur.FILT_PUMP - INFO - Valve position is: 5
2025-01-16 14:28:35,221 - pylabware.controllers.XCalibur.FILT_PUMP - INFO - Requested valve was 5 current valve is 5
2025-01-16 14:28:35,222 - RiH_Filtration_System - INFO - Vacuum on
2025-01-16 14:28:40,247 - RiH_Filtration_System - INFO - E stop is off - checking pump is ready
2025-01-16 14:28:40,308 - RiH_Filtration_System - INFO - pump is idle running command
2025-01-16 14:28:40,308 - RiH_Filtration_System - INFO - Backward pouring
2025-01-16 14:38:55,378 - RiH_Filtration_System - INFO - E stop is off - checking pump is ready
2025-01-16 14:38:55,443 - RiH_Filtration_System - INFO - pump is idle running command
2025-01-16 14:38:55,444 - RiH_Filtration_System - INFO - Recovering pre-filtration wash (9000 + 5 mL) from receiving flask
2025-01-16 14:38:55,494 - pylabware.controllers.XCalibur.FILT_PUMP - INFO - Dispensing 14000 ul as 2 full dispenses of the 5.0mL and 4000 ul remaining volume
2025-01-16 14:38:56,253 - pylabware.controllers.XCalibur.FILT_PUMP - INFO - Valve position is: 1
2025-01-16 14:38:56,253 - pylabware.controllers.XCalibur.FILT_PUMP - INFO - Requested valve was 1 current valve is 1
2025-01-16 14:39:02,555 - pylabware.controllers.XCalibur.FILT_PUMP - INFO - Plunger position is 3000
2025-01-16 14:39:02,555 - pylabware.controllers.XCalibur.FILT_PUMP - INFO - Requested increment position was 3000 current position is 3000
2025-01-16 14:39:03,312 - pylabware.controllers.XCalibur.FILT_PUMP - INFO - Valve position is: 3
2025-01-16 14:39:03,313 - pylabware.controllers.XCalibur.FILT_PUMP - INFO - Requested valve was 3 current valve is 3
2025-01-16 14:39:09,615 - pylabware.controllers.XCalibur.FILT_PUMP - INFO - Plunger position is 0
2025-01-16 14:39:09,615 - pylabware.controllers.XCalibur.FILT_PUMP - INFO - Requested increment position was 0 current position is 0
2025-01-16 14:39:10,926 - pylabware.controllers.XCalibur.FILT_PUMP - INFO - Valve position is: 1
2025-01-16 14:39:10,926 - pylabware.controllers.XCalibur.FILT_PUMP - INFO - Requested valve was 1 current valve is 1
2025-01-16 14:39:17,228 - pylabware.controllers.XCalibur.FILT_PUMP - INFO - Plunger position is 3000
2025-01-16 14:39:17,228 - pylabware.controllers.XCalibur.FILT_PUMP - INFO - Requested increment position was 3000 current position is 3000
2025-01-16 14:39:17,985 - pylabware.controllers.XCalibur.FILT_PUMP - INFO - Valve position is: 3
2025-01-16 14:39:17,985 - pylabware.controllers.XCalibur.FILT_PUMP - INFO - Requested valve was 3 current valve is 3
2025-01-16 14:39:24,286 - pylabware.controllers.XCalibur.FILT_PUMP - INFO - Plunger position is 0
2025-01-16 14:39:24,286 - pylabware.controllers.XCalibur.FILT_PUMP - INFO - Requested increment position was 0 current position is 0
2025-01-16 14:39:24,286 - pylabware.controllers.XCalibur.FILT_PUMP - INFO - Remaining volume 4000 ul is 2400.0 rounded to 2400
2025-01-16 14:39:25,598 - pylabware.controllers.XCalibur.FILT_PUMP - INFO - Valve position is: 1
2025-01-16 14:39:25,598 - pylabware.controllers.XCalibur.FILT_PUMP - INFO - Requested valve was 1 current valve is 1
2025-01-16 14:39:30,791 - pylabware.controllers.XCalibur.FILT_PUMP - INFO - Plunger position is 2400
2025-01-16 14:39:30,791 - pylabware.controllers.XCalibur.FILT_PUMP - INFO - Requested increment position was 2400 current position is 2400
2025-01-16 14:39:31,548 - pylabware.controllers.XCalibur.FILT_PUMP - INFO - Valve position is: 3
2025-01-16 14:39:31,548 - pylabware.controllers.XCalibur.FILT_PUMP - INFO - Requested valve was 3 current valve is 3
2025-01-16 14:39:36,741 - pylabware.controllers.XCalibur.FILT_PUMP - INFO - Plunger position is 0
2025-01-16 14:39:36,741 - pylabware.controllers.XCalibur.FILT_PUMP - INFO - Requested increment position was 0 current position is 0
2025-01-16 14:39:36,741 - pylabware.controllers.XCalibur.FILT_PUMP - INFO - Dispensing complete
2025-01-16 14:39:36,741 - RiH_Filtration_System - INFO - E stop is off - checking pump is ready
2025-01-16 14:39:36,792 - RiH_Filtration_System - INFO - pump is idle running command
2025-01-16 14:39:36,792 - RiH_Filtration_System - INFO - Releasing
2025-01-16 14:40:08,990 - RiH_Filtration_System - INFO - Filtering 9.0 mL of solvent - vacuum will be on for 1800 s
2025-01-16 14:40:08,991 - RiH_Filtration_System - INFO - E stop is off - checking pump is ready
2025-01-16 14:40:09,051 - RiH_Filtration_System - INFO - pump is idle running command
2025-01-16 14:40:09,051 - RiH_Filtration_System - INFO - Clamping
2025-01-16 14:40:14,076 - RiH_Filtration_System - INFO - E stop is off - checking pump is ready
2025-01-16 14:40:14,140 - RiH_Filtration_System - INFO - pump is idle running command
2025-01-16 14:40:14,897 - pylabware.controllers.XCalibur.FILT_PUMP - INFO - Valve position is: 5
2025-01-16 14:40:14,897 - pylabware.controllers.XCalibur.FILT_PUMP - INFO - Requested valve was 5 current valve is 5
2025-01-16 14:40:14,897 - RiH_Filtration_System - INFO - Vacuum on
2025-01-16 14:40:19,920 - RiH_Filtration_System - INFO - E stop is off - checking pump is ready
2025-01-16 14:40:19,987 - RiH_Filtration_System - INFO - pump is idle running command
2025-01-16 14:40:19,987 - RiH_Filtration_System - INFO - Forward pouring
2025-01-16 15:10:35,162 - RiH_Filtration_System - INFO - E stop is off - checking pump is ready
2025-01-16 15:10:35,209 - RiH_Filtration_System - INFO - pump is idle running command
2025-01-16 15:10:35,210 - RiH_Filtration_System - INFO - Vacuum off
2025-01-16 15:10:40,224 - RiH_Filtration_System - INFO - E stop is off - checking pump is ready
2025-01-16 15:10:40,247 - RiH_Filtration_System - INFO - pump is idle running command
2025-01-16 15:10:40,247 - RiH_Filtration_System - INFO - Backward pouring
2025-01-16 15:10:55,299 - RiH_Filtration_System - INFO - E stop is off - checking pump is ready
2025-01-16 15:10:55,366 - RiH_Filtration_System - INFO - pump is idle running command
2025-01-16 15:10:55,366 - RiH_Filtration_System - INFO - Moving needle to dispense position
2025-01-16 15:11:00,391 - RiH_Filtration_System - INFO - E stop is off - checking pump is ready
2025-01-16 15:11:00,453 - RiH_Filtration_System - INFO - pump is idle running command
2025-01-16 15:11:00,453 - RiH_Filtration_System - INFO - Recovering filtrate (f9000 + 10 mL) from receiving flask
2025-01-16 15:11:00,504 - pylabware.controllers.XCalibur.FILT_PUMP - INFO - Dispensing 19000 ul as 3 full dispenses of the 5.0mL and 4000 ul remaining volume
2025-01-16 15:11:01,261 - pylabware.controllers.XCalibur.FILT_PUMP - INFO - Valve position is: 1
2025-01-16 15:11:01,262 - pylabware.controllers.XCalibur.FILT_PUMP - INFO - Requested valve was 1 current valve is 1
2025-01-16 15:11:07,564 - pylabware.controllers.XCalibur.FILT_PUMP - INFO - Plunger position is 3000
2025-01-16 15:11:07,564 - pylabware.controllers.XCalibur.FILT_PUMP - INFO - Requested increment position was 3000 current position is 3000
2025-01-16 15:11:08,321 - pylabware.controllers.XCalibur.FILT_PUMP - INFO - Valve position is: 4
2025-01-16 15:11:08,321 - pylabware.controllers.XCalibur.FILT_PUMP - INFO - Requested valve was 4 current valve is 4
2025-01-16 15:11:14,625 - pylabware.controllers.XCalibur.FILT_PUMP - INFO - Plunger position is 0
2025-01-16 15:11:14,625 - pylabware.controllers.XCalibur.FILT_PUMP - INFO - Requested increment position was 0 current position is 0
2025-01-16 15:11:15,937 - pylabware.controllers.XCalibur.FILT_PUMP - INFO - Valve position is: 1
2025-01-16 15:11:15,937 - pylabware.controllers.XCalibur.FILT_PUMP - INFO - Requested valve was 1 current valve is 1
2025-01-16 15:11:22,241 - pylabware.controllers.XCalibur.FILT_PUMP - INFO - Plunger position is 3000
2025-01-16 15:11:22,242 - pylabware.controllers.XCalibur.FILT_PUMP - INFO - Requested increment position was 3000 current position is 3000
2025-01-16 15:11:22,999 - pylabware.controllers.XCalibur.FILT_PUMP - INFO - Valve position is: 4
2025-01-16 15:11:22,999 - pylabware.controllers.XCalibur.FILT_PUMP - INFO - Requested valve was 4 current valve is 4
2025-01-16 15:11:29,305 - pylabware.controllers.XCalibur.FILT_PUMP - INFO - Plunger position is 0
2025-01-16 15:11:29,305 - pylabware.controllers.XCalibur.FILT_PUMP - INFO - Requested increment position was 0 current position is 0
2025-01-16 15:11:30,616 - pylabware.controllers.XCalibur.FILT_PUMP - INFO - Valve position is: 1
2025-01-16 15:11:30,616 - pylabware.controllers.XCalibur.FILT_PUMP - INFO - Requested valve was 1 current valve is 1
2025-01-16 15:11:36,917 - pylabware.controllers.XCalibur.FILT_PUMP - INFO - Plunger position is 3000
2025-01-16 15:11:36,917 - pylabware.controllers.XCalibur.FILT_PUMP - INFO - Requested increment position was 3000 current position is 3000
2025-01-16 15:11:37,675 - pylabware.controllers.XCalibur.FILT_PUMP - INFO - Valve position is: 4
2025-01-16 15:11:37,675 - pylabware.controllers.XCalibur.FILT_PUMP - INFO - Requested valve was 4 current valve is 4
2025-01-16 15:11:43,978 - pylabware.controllers.XCalibur.FILT_PUMP - INFO - Plunger position is 0
2025-01-16 15:11:43,978 - pylabware.controllers.XCalibur.FILT_PUMP - INFO - Requested increment position was 0 current position is 0
2025-01-16 15:11:43,978 - pylabware.controllers.XCalibur.FILT_PUMP - INFO - Remaining volume 4000 ul is 2400.0 rounded to 2400
2025-01-16 15:11:45,290 - pylabware.controllers.XCalibur.FILT_PUMP - INFO - Valve position is: 1
2025-01-16 15:11:45,290 - pylabware.controllers.XCalibur.FILT_PUMP - INFO - Requested valve was 1 current valve is 1
2025-01-16 15:11:50,484 - pylabware.controllers.XCalibur.FILT_PUMP - INFO - Plunger position is 2400
2025-01-16 15:11:50,484 - pylabware.controllers.XCalibur.FILT_PUMP - INFO - Requested increment position was 2400 current position is 2400
2025-01-16 15:11:51,242 - pylabware.controllers.XCalibur.FILT_PUMP - INFO - Valve position is: 4
2025-01-16 15:11:51,242 - pylabware.controllers.XCalibur.FILT_PUMP - INFO - Requested valve was 4 current valve is 4
2025-01-16 15:11:56,438 - pylabware.controllers.XCalibur.FILT_PUMP - INFO - Plunger position is 0
2025-01-16 15:11:56,438 - pylabware.controllers.XCalibur.FILT_PUMP - INFO - Requested increment position was 0 current position is 0
2025-01-16 15:11:56,438 - pylabware.controllers.XCalibur.FILT_PUMP - INFO - Dispensing complete
2025-01-16 15:11:56,439 - RiH_Filtration_System - INFO - E stop is off - checking pump is ready
2025-01-16 15:11:56,489 - RiH_Filtration_System - INFO - pump is idle running command
2025-01-16 15:11:56,489 - RiH_Filtration_System - INFO - Moving needle to wash position
2025-01-16 15:12:01,508 - RiH_Filtration_System - INFO - E stop is off - checking pump is ready
2025-01-16 15:12:01,579 - RiH_Filtration_System - INFO - pump is idle running command
2025-01-16 15:12:01,579 - RiH_Filtration_System - INFO - Releasing
2025-01-16 15:14:39,615 - RiH_Filtration_System - INFO - Washing receiving flask with 9.0 mL of Water(DI)
2025-01-16 15:14:39,616 - RiH_Filtration_System - INFO - E stop is off - checking pump is ready
2025-01-16 15:14:39,645 - RiH_Filtration_System - INFO - pump is idle running command
2025-01-16 15:14:39,645 - RiH_Filtration_System - INFO - Cleaning receiving flask with 18.0 mL solvent:Water(DI)
2025-01-16 15:14:39,695 - pylabware.controllers.XCalibur.FILT_PUMP - INFO - Dispensing 18000 ul as 3 full dispenses of the 5.0mL and 3000 ul remaining volume
2025-01-16 15:14:40,452 - pylabware.controllers.XCalibur.FILT_PUMP - INFO - Valve position is: 7
2025-01-16 15:14:40,452 - pylabware.controllers.XCalibur.FILT_PUMP - INFO - Requested valve was 7 current valve is 7
2025-01-16 15:14:46,754 - pylabware.controllers.XCalibur.FILT_PUMP - INFO - Plunger position is 3000
2025-01-16 15:14:46,755 - pylabware.controllers.XCalibur.FILT_PUMP - INFO - Requested increment position was 3000 current position is 3000
2025-01-16 15:14:47,512 - pylabware.controllers.XCalibur.FILT_PUMP - INFO - Valve position is: 1
2025-01-16 15:14:47,512 - pylabware.controllers.XCalibur.FILT_PUMP - INFO - Requested valve was 1 current valve is 1
2025-01-16 15:14:53,815 - pylabware.controllers.XCalibur.FILT_PUMP - INFO - Plunger position is 0
2025-01-16 15:14:53,816 - pylabware.controllers.XCalibur.FILT_PUMP - INFO - Requested increment position was 0 current position is 0
2025-01-16 15:14:54,574 - pylabware.controllers.XCalibur.FILT_PUMP - INFO - Valve position is: 7
2025-01-16 15:14:54,574 - pylabware.controllers.XCalibur.FILT_PUMP - INFO - Requested valve was 7 current valve is 7
2025-01-16 15:15:00,878 - pylabware.controllers.XCalibur.FILT_PUMP - INFO - Plunger position is 3000
2025-01-16 15:15:00,878 - pylabware.controllers.XCalibur.FILT_PUMP - INFO - Requested increment position was 3000 current position is 3000
2025-01-16 15:15:01,635 - pylabware.controllers.XCalibur.FILT_PUMP - INFO - Valve position is: 1
2025-01-16 15:15:01,635 - pylabware.controllers.XCalibur.FILT_PUMP - INFO - Requested valve was 1 current valve is 1
2025-01-16 15:15:07,940 - pylabware.controllers.XCalibur.FILT_PUMP - INFO - Plunger position is 0
2025-01-16 15:15:07,941 - pylabware.controllers.XCalibur.FILT_PUMP - INFO - Requested increment position was 0 current position is 0
2025-01-16 15:15:08,697 - pylabware.controllers.XCalibur.FILT_PUMP - INFO - Valve position is: 7
2025-01-16 15:15:08,697 - pylabware.controllers.XCalibur.FILT_PUMP - INFO - Requested valve was 7 current valve is 7
2025-01-16 15:15:14,999 - pylabware.controllers.XCalibur.FILT_PUMP - INFO - Plunger position is 3000
2025-01-16 15:15:14,999 - pylabware.controllers.XCalibur.FILT_PUMP - INFO - Requested increment position was 3000 current position is 3000
2025-01-16 15:15:15,756 - pylabware.controllers.XCalibur.FILT_PUMP - INFO - Valve position is: 1
2025-01-16 15:15:15,756 - pylabware.controllers.XCalibur.FILT_PUMP - INFO - Requested valve was 1 current valve is 1
2025-01-16 15:15:22,056 - pylabware.controllers.XCalibur.FILT_PUMP - INFO - Plunger position is 0
2025-01-16 15:15:22,057 - pylabware.controllers.XCalibur.FILT_PUMP - INFO - Requested increment position was 0 current position is 0
2025-01-16 15:15:22,057 - pylabware.controllers.XCalibur.FILT_PUMP - INFO - Remaining volume 3000 ul is 1800.0 rounded to 1800
2025-01-16 15:15:22,813 - pylabware.controllers.XCalibur.FILT_PUMP - INFO - Valve position is: 7
2025-01-16 15:15:22,813 - pylabware.controllers.XCalibur.FILT_PUMP - INFO - Requested valve was 7 current valve is 7
2025-01-16 15:15:26,898 - pylabware.controllers.XCalibur.FILT_PUMP - INFO - Plunger position is 1800
2025-01-16 15:15:26,899 - pylabware.controllers.XCalibur.FILT_PUMP - INFO - Requested increment position was 1800 current position is 1800
2025-01-16 15:15:27,656 - pylabware.controllers.XCalibur.FILT_PUMP - INFO - Valve position is: 1
2025-01-16 15:15:27,656 - pylabware.controllers.XCalibur.FILT_PUMP - INFO - Requested valve was 1 current valve is 1
2025-01-16 15:15:31,754 - pylabware.controllers.XCalibur.FILT_PUMP - INFO - Plunger position is 0
2025-01-16 15:15:31,754 - pylabware.controllers.XCalibur.FILT_PUMP - INFO - Requested increment position was 0 current position is 0
2025-01-16 15:15:31,754 - pylabware.controllers.XCalibur.FILT_PUMP - INFO - Dispensing complete
2025-01-16 15:15:31,805 - pylabware.controllers.XCalibur.FILT_PUMP - INFO - Dispensing 28000 ul as 5 full dispenses of the 5.0mL and 3000 ul remaining volume
2025-01-16 15:15:32,008 - pylabware.controllers.XCalibur.FILT_PUMP - INFO - Valve position is: 1
2025-01-16 15:15:32,008 - pylabware.controllers.XCalibur.FILT_PUMP - INFO - Requested valve was 1 current valve is 1
2025-01-16 15:15:38,312 - pylabware.controllers.XCalibur.FILT_PUMP - INFO - Plunger position is 3000
2025-01-16 15:15:38,313 - pylabware.controllers.XCalibur.FILT_PUMP - INFO - Requested increment position was 3000 current position is 3000
2025-01-16 15:15:39,069 - pylabware.controllers.XCalibur.FILT_PUMP - INFO - Valve position is: 3
2025-01-16 15:15:39,069 - pylabware.controllers.XCalibur.FILT_PUMP - INFO - Requested valve was 3 current valve is 3
2025-01-16 15:15:45,377 - pylabware.controllers.XCalibur.FILT_PUMP - INFO - Plunger position is 0
2025-01-16 15:15:45,377 - pylabware.controllers.XCalibur.FILT_PUMP - INFO - Requested increment position was 0 current position is 0
2025-01-16 15:15:46,689 - pylabware.controllers.XCalibur.FILT_PUMP - INFO - Valve position is: 1
2025-01-16 15:15:46,689 - pylabware.controllers.XCalibur.FILT_PUMP - INFO - Requested valve was 1 current valve is 1
2025-01-16 15:15:52,991 - pylabware.controllers.XCalibur.FILT_PUMP - INFO - Plunger position is 3000
2025-01-16 15:15:52,991 - pylabware.controllers.XCalibur.FILT_PUMP - INFO - Requested increment position was 3000 current position is 3000
2025-01-16 15:15:53,747 - pylabware.controllers.XCalibur.FILT_PUMP - INFO - Valve position is: 3
2025-01-16 15:15:53,747 - pylabware.controllers.XCalibur.FILT_PUMP - INFO - Requested valve was 3 current valve is 3
2025-01-16 15:16:00,045 - pylabware.controllers.XCalibur.FILT_PUMP - INFO - Plunger position is 0
2025-01-16 15:16:00,046 - pylabware.controllers.XCalibur.FILT_PUMP - INFO - Requested increment position was 0 current position is 0
2025-01-16 15:16:01,356 - pylabware.controllers.XCalibur.FILT_PUMP - INFO - Valve position is: 1
2025-01-16 15:16:01,356 - pylabware.controllers.XCalibur.FILT_PUMP - INFO - Requested valve was 1 current valve is 1
2025-01-16 15:16:07,656 - pylabware.controllers.XCalibur.FILT_PUMP - INFO - Plunger position is 3000
2025-01-16 15:16:07,657 - pylabware.controllers.XCalibur.FILT_PUMP - INFO - Requested increment position was 3000 current position is 3000
2025-01-16 15:16:08,414 - pylabware.controllers.XCalibur.FILT_PUMP - INFO - Valve position is: 3
2025-01-16 15:16:08,414 - pylabware.controllers.XCalibur.FILT_PUMP - INFO - Requested valve was 3 current valve is 3
2025-01-16 15:16:14,719 - pylabware.controllers.XCalibur.FILT_PUMP - INFO - Plunger position is 0
2025-01-16 15:16:14,719 - pylabware.controllers.XCalibur.FILT_PUMP - INFO - Requested increment position was 0 current position is 0
2025-01-16 15:16:16,031 - pylabware.controllers.XCalibur.FILT_PUMP - INFO - Valve position is: 1
2025-01-16 15:16:16,032 - pylabware.controllers.XCalibur.FILT_PUMP - INFO - Requested valve was 1 current valve is 1
2025-01-16 15:16:22,335 - pylabware.controllers.XCalibur.FILT_PUMP - INFO - Plunger position is 3000
2025-01-16 15:16:22,335 - pylabware.controllers.XCalibur.FILT_PUMP - INFO - Requested increment position was 3000 current position is 3000
2025-01-16 15:16:23,093 - pylabware.controllers.XCalibur.FILT_PUMP - INFO - Valve position is: 3
2025-01-16 15:16:23,093 - pylabware.controllers.XCalibur.FILT_PUMP - INFO - Requested valve was 3 current valve is 3
2025-01-16 15:16:29,397 - pylabware.controllers.XCalibur.FILT_PUMP - INFO - Plunger position is 0
2025-01-16 15:16:29,397 - pylabware.controllers.XCalibur.FILT_PUMP - INFO - Requested increment position was 0 current position is 0
2025-01-16 15:16:30,710 - pylabware.controllers.XCalibur.FILT_PUMP - INFO - Valve position is: 1
2025-01-16 15:16:30,710 - pylabware.controllers.XCalibur.FILT_PUMP - INFO - Requested valve was 1 current valve is 1
2025-01-16 15:16:37,009 - pylabware.controllers.XCalibur.FILT_PUMP - INFO - Plunger position is 3000
2025-01-16 15:16:37,009 - pylabware.controllers.XCalibur.FILT_PUMP - INFO - Requested increment position was 3000 current position is 3000
2025-01-16 15:16:37,766 - pylabware.controllers.XCalibur.FILT_PUMP - INFO - Valve position is: 3
2025-01-16 15:16:37,788 - pylabware.controllers.XCalibur.FILT_PUMP - INFO - Requested valve was 3 current valve is 3
2025-01-16 15:16:44,067 - pylabware.controllers.XCalibur.FILT_PUMP - INFO - Plunger position is 0
2025-01-16 15:16:44,068 - pylabware.controllers.XCalibur.FILT_PUMP - INFO - Requested increment position was 0 current position is 0
2025-01-16 15:16:44,068 - pylabware.controllers.XCalibur.FILT_PUMP - INFO - Remaining volume 3000 ul is 1800.0 rounded to 1800
2025-01-16 15:16:45,380 - pylabware.controllers.XCalibur.FILT_PUMP - INFO - Valve position is: 1
2025-01-16 15:16:45,381 - pylabware.controllers.XCalibur.FILT_PUMP - INFO - Requested valve was 1 current valve is 1
2025-01-16 15:16:49,466 - pylabware.controllers.XCalibur.FILT_PUMP - INFO - Plunger position is 1800
2025-01-16 15:16:49,466 - pylabware.controllers.XCalibur.FILT_PUMP - INFO - Requested increment position was 1800 current position is 1800
2025-01-16 15:16:50,273 - pylabware.controllers.XCalibur.FILT_PUMP - INFO - Valve position is: 3
2025-01-16 15:16:50,273 - pylabware.controllers.XCalibur.FILT_PUMP - INFO - Requested valve was 3 current valve is 3
2025-01-16 15:16:54,359 - pylabware.controllers.XCalibur.FILT_PUMP - INFO - Plunger position is 0
2025-01-16 15:16:54,359 - pylabware.controllers.XCalibur.FILT_PUMP - INFO - Requested increment position was 0 current position is 0
2025-01-16 15:16:54,360 - pylabware.controllers.XCalibur.FILT_PUMP - INFO - Dispensing complete
2025-01-16 15:16:54,360 - RiH_Filtration_System - INFO - E stop is off - checking pump is ready
2025-01-16 15:16:54,409 - RiH_Filtration_System - INFO - pump is idle running command
2025-01-16 15:16:54,409 - RiH_Filtration_System - INFO - Washing output needle with 4 mL of solvent Water(DI)
2025-01-16 15:16:54,460 - pylabware.controllers.XCalibur.FILT_PUMP - INFO - Dispensing 4000 ul as 0 full dispenses of the 5.0mL and 4000 ul remaining volume
2025-01-16 15:16:54,461 - pylabware.controllers.XCalibur.FILT_PUMP - INFO - Remaining volume 4000 ul is 2400.0 rounded to 2400
2025-01-16 15:16:55,218 - pylabware.controllers.XCalibur.FILT_PUMP - INFO - Valve position is: 7
2025-01-16 15:16:55,218 - pylabware.controllers.XCalibur.FILT_PUMP - INFO - Requested valve was 7 current valve is 7
2025-01-16 15:17:00,412 - pylabware.controllers.XCalibur.FILT_PUMP - INFO - Plunger position is 2400
2025-01-16 15:17:00,413 - pylabware.controllers.XCalibur.FILT_PUMP - INFO - Requested increment position was 2400 current position is 2400
2025-01-16 15:17:01,725 - pylabware.controllers.XCalibur.FILT_PUMP - INFO - Valve position is: 4
2025-01-16 15:17:01,726 - pylabware.controllers.XCalibur.FILT_PUMP - INFO - Requested valve was 4 current valve is 4
2025-01-16 15:17:06,917 - pylabware.controllers.XCalibur.FILT_PUMP - INFO - Plunger position is 0
2025-01-16 15:17:06,917 - pylabware.controllers.XCalibur.FILT_PUMP - INFO - Requested increment position was 0 current position is 0
2025-01-16 15:17:06,917 - pylabware.controllers.XCalibur.FILT_PUMP - INFO - Dispensing complete
2025-01-16 15:17:06,967 - pylabware.controllers.XCalibur.FILT_PUMP - INFO - Dispensing 4000 ul as 0 full dispenses of the 5.0mL and 4000 ul remaining volume
2025-01-16 15:17:06,998 - pylabware.controllers.XCalibur.FILT_PUMP - INFO - Remaining volume 4000 ul is 2400.0 rounded to 2400
2025-01-16 15:17:07,775 - pylabware.controllers.XCalibur.FILT_PUMP - INFO - Valve position is: 5
2025-01-16 15:17:07,775 - pylabware.controllers.XCalibur.FILT_PUMP - INFO - Requested valve was 5 current valve is 5
2025-01-16 15:17:12,966 - pylabware.controllers.XCalibur.FILT_PUMP - INFO - Plunger position is 2400
2025-01-16 15:17:12,966 - pylabware.controllers.XCalibur.FILT_PUMP - INFO - Requested increment position was 2400 current position is 2400
2025-01-16 15:17:14,278 - pylabware.controllers.XCalibur.FILT_PUMP - INFO - Valve position is: 4
2025-01-16 15:17:14,278 - pylabware.controllers.XCalibur.FILT_PUMP - INFO - Requested valve was 4 current valve is 4
2025-01-16 15:17:19,477 - pylabware.controllers.XCalibur.FILT_PUMP - INFO - Plunger position is 0
2025-01-16 15:17:19,477 - pylabware.controllers.XCalibur.FILT_PUMP - INFO - Requested increment position was 0 current position is 0
2025-01-16 15:17:19,478 - pylabware.controllers.XCalibur.FILT_PUMP - INFO - Dispensing complete
2025-01-16 15:32:47,947 - Workflow_Config_Helper - INFO - All solids and liquids requested in sample list are in the workflow
2025-01-16 15:32:47,947 - Workflow_Config_Helper - INFO - No errors in workflow detected
2025-01-16 15:32:51,984 - pylabware.connections.SerialConnection - INFO - Creating connection object with the following settings: 
{'address': '', 'port': '/dev/ttyUSB1', 'encoding': 'UTF-8', 'command_delay': 0.5, 'receive_buffer_size': 128, 'receive_timeout': 1, 'transmit_timeout': 1, 'receiving_interval': 0.05, 'write_timeout': 0.5, 'baudrate': 9600, 'bytesize': 7, 'parity': 'E', 'stopbits': 1, 'xonxoff': False, 'rtscts': False, 'dsrdtr': False, 'inter_byte_timeout': False}
2025-01-16 15:32:51,985 - pylabware.connections.SerialConnection - INFO - Creating connection object with the following settings: 
{'address': '1', 'port': '/dev/ttyUSB0', 'encoding': 'UTF-8', 'command_delay': 0, 'receive_buffer_size': 128, 'receive_timeout': 10, 'transmit_timeout': 1, 'receiving_interval': 0.05, 'write_timeout': 0.5, 'baudrate': 9600, 'bytesize': 8, 'parity': 'N', 'stopbits': 1, 'xonxoff': False, 'rtscts': False, 'dsrdtr': False, 'inter_byte_timeout': False}
2025-01-16 15:32:51,985 - pylabware.connections.SerialConnection - INFO - Creating connection object with the following settings: 
{'address': None, 'port': '/dev/ttyUSB2', 'encoding': 'UTF-8', 'command_delay': 0.5, 'receive_buffer_size': 128, 'receive_timeout': 1, 'transmit_timeout': 1, 'receiving_interval': 0.05, 'write_timeout': 0.5, 'baudrate': 9600, 'bytesize': 8, 'parity': 'N', 'stopbits': 1, 'xonxoff': True, 'rtscts': False, 'dsrdtr': False, 'inter_byte_timeout': False, 'timeout': 0.1}
2025-01-16 15:32:51,988 - pylabware.connections.SerialConnection - INFO - Starting connection listener...
2025-01-16 15:32:51,988 - pylabware.connections.SerialConnection - INFO - Port /dev/ttyUSB2 opened.
2025-01-16 15:32:51,988 - pylabware.connections.SerialConnection - WARNING - Command rate too high! Delaying next command for 0.5 seconds
2025-01-16 15:32:52,593 - pylabware.controllers.QuantosQB1.QUANTOS - INFO - No carousel/autosampler connected
2025-01-16 15:32:52,593 - pylabware.connections.SerialConnection - WARNING - Command rate too high! Delaying next command for 0.5 seconds
2025-01-16 15:32:55,812 - RiH_Main - INFO - Connecting IKA RCT digital..
2025-01-16 15:32:55,814 - pylabware.connections.SerialConnection - INFO - Starting connection listener...
2025-01-16 15:32:55,815 - pylabware.connections.SerialConnection - INFO - Port /dev/ttyUSB1 opened.
2025-01-16 15:32:55,815 - pylabware.controllers.RCTDigitalHotplate.IKA - INFO - Opened connection.
2025-01-16 15:32:57,883 - RiH_Main - INFO - IKA RCT digital connected.
2025-01-16 15:32:59,389 - RiH_Main - INFO - Stiring velocity set to 200.
2025-01-16 15:33:00,957 - RiH_Main - INFO - Current temperature: 0.0.
2025-01-16 15:33:00,958 - RiH_Main - INFO - Connecting Pump..
2025-01-16 15:33:00,959 - pylabware.connections.SerialConnection - INFO - Starting connection listener...
2025-01-16 15:33:00,960 - pylabware.connections.SerialConnection - INFO - Port /dev/ttyUSB0 opened.
2025-01-16 15:33:00,960 - pylabware.controllers.XCalibur.DISPENSE_PUMP - INFO - Opened connection.
2025-01-16 15:33:01,515 - RiH_Main - INFO - Pump connected.
2025-01-16 15:33:02,070 - pylabware.controllers.XCalibur.DISPENSE_PUMP - INFO - Device initialized.
2025-01-16 15:33:02,070 - RiH_Main - INFO - Pump initialised.
2025-01-16 15:33:02,573 - RiH_Main - INFO - Checking for pump errors
2025-01-16 15:33:02,573 - RiH_Main - INFO - Connecting to the Quantos - opening doors
2025-01-16 15:33:08,921 - RiH_Main - INFO - Quantos connected..
2025-01-16 15:33:08,921 - RiH_Main - INFO - Initialising the filter machine
2025-01-16 15:33:08,921 - RiH_Filtration_System - INFO - Initialising filtration system pump
2025-01-16 15:33:11,937 - pylabware.connections.SerialConnection - INFO - Creating connection object with the following settings: 
{'address': '1', 'port': '/dev/ttyUSB3', 'encoding': 'UTF-8', 'command_delay': 0, 'receive_buffer_size': 128, 'receive_timeout': 10, 'transmit_timeout': 1, 'receiving_interval': 0.05, 'write_timeout': 0.5, 'baudrate': 9600, 'bytesize': 8, 'parity': 'N', 'stopbits': 1, 'xonxoff': False, 'rtscts': False, 'dsrdtr': False, 'inter_byte_timeout': False}
2025-01-16 15:33:11,940 - pylabware.connections.SerialConnection - INFO - Starting connection listener...
2025-01-16 15:33:11,940 - pylabware.connections.SerialConnection - INFO - Port /dev/ttyUSB3 opened.
2025-01-16 15:33:11,941 - pylabware.controllers.XCalibur.FILT_PUMP - INFO - Opened connection.
2025-01-16 15:33:11,991 - pylabware.controllers.XCalibur.FILT_PUMP - INFO - Device initialized.
2025-01-16 15:33:14,813 - pylabware.controllers.XCalibur.FILT_PUMP - INFO - Reply was <Invalid command! Pump Ready.>
2025-01-16 15:33:14,814 - pylabware.controllers.XCalibur.FILT_PUMP - WARNING - A non-fatal error was recieved resending command - errors occured: 1
2025-01-16 15:33:15,419 - RiH_Filtration_System - INFO - Initialising the filtration system arduino
2025-01-16 15:33:15,426 - RiH_Main - INFO - Panda robot connected to 172.16.0.2
2025-01-16 15:33:15,427 - RiH_Main - ERROR - Capper camera is not available.
2025-01-16 15:33:15,427 - RiH_Filtration_System - INFO - Washing filter before start of filtering process with 9.0 mL
2025-01-16 15:33:15,427 - RiH_Filtration_System - INFO - E stop is off - checking pump is ready
2025-01-16 15:33:15,469 - RiH_Filtration_System - INFO - pump is idle running command
2025-01-16 15:33:15,469 - RiH_Filtration_System - INFO - Clamping
2025-01-16 15:33:20,472 - RiH_Filtration_System - INFO - E stop is off - checking pump is ready
2025-01-16 15:33:20,509 - RiH_Filtration_System - INFO - pump is idle running command
2025-01-16 15:33:20,510 - RiH_Filtration_System - INFO - Forward pouring
2025-01-16 15:33:35,581 - RiH_Filtration_System - INFO - E stop is off - checking pump is ready
2025-01-16 15:33:35,625 - RiH_Filtration_System - INFO - pump is idle running command
2025-01-16 15:33:36,383 - pylabware.controllers.XCalibur.FILT_PUMP - INFO - Valve position is: 5
2025-01-16 15:33:36,384 - pylabware.controllers.XCalibur.FILT_PUMP - INFO - Requested valve was 5 current valve is 5
2025-01-16 15:33:36,384 - RiH_Filtration_System - INFO - Vacuum on
2025-01-16 15:33:41,404 - RiH_Filtration_System - INFO - E stop is off - checking pump is ready
2025-01-16 15:33:41,471 - RiH_Filtration_System - INFO - pump is idle running command
2025-01-16 15:33:41,471 - RiH_Filtration_System - INFO - Backward pouring
2025-01-16 15:38:56,612 - RiH_Filtration_System - INFO - E stop is off - checking pump is ready
2025-01-16 15:38:56,635 - RiH_Filtration_System - INFO - pump is idle running command
2025-01-16 15:38:56,636 - RiH_Filtration_System - INFO - Recovering pre-filtration wash (9000 + 5 mL) from receiving flask
2025-01-16 15:38:56,685 - pylabware.controllers.XCalibur.FILT_PUMP - INFO - Dispensing 14000 ul as 2 full dispenses of the 5.0mL and 4000 ul remaining volume
2025-01-16 15:38:57,443 - pylabware.controllers.XCalibur.FILT_PUMP - INFO - Valve position is: 1
2025-01-16 15:38:57,443 - pylabware.controllers.XCalibur.FILT_PUMP - INFO - Requested valve was 1 current valve is 1
2025-01-16 15:39:03,750 - pylabware.controllers.XCalibur.FILT_PUMP - INFO - Plunger position is 3000
2025-01-16 15:39:03,751 - pylabware.controllers.XCalibur.FILT_PUMP - INFO - Requested increment position was 3000 current position is 3000
2025-01-16 15:39:04,507 - pylabware.controllers.XCalibur.FILT_PUMP - INFO - Valve position is: 3
2025-01-16 15:39:04,507 - pylabware.controllers.XCalibur.FILT_PUMP - INFO - Requested valve was 3 current valve is 3
2025-01-16 15:39:10,808 - pylabware.controllers.XCalibur.FILT_PUMP - INFO - Plunger position is 0
2025-01-16 15:39:10,808 - pylabware.controllers.XCalibur.FILT_PUMP - INFO - Requested increment position was 0 current position is 0
2025-01-16 15:39:12,119 - pylabware.controllers.XCalibur.FILT_PUMP - INFO - Valve position is: 1
2025-01-16 15:39:12,119 - pylabware.controllers.XCalibur.FILT_PUMP - INFO - Requested valve was 1 current valve is 1
2025-01-16 15:39:18,427 - pylabware.controllers.XCalibur.FILT_PUMP - INFO - Plunger position is 3000
2025-01-16 15:39:18,427 - pylabware.controllers.XCalibur.FILT_PUMP - INFO - Requested increment position was 3000 current position is 3000
2025-01-16 15:39:19,185 - pylabware.controllers.XCalibur.FILT_PUMP - INFO - Valve position is: 3
2025-01-16 15:39:19,185 - pylabware.controllers.XCalibur.FILT_PUMP - INFO - Requested valve was 3 current valve is 3
2025-01-16 15:39:25,485 - pylabware.controllers.XCalibur.FILT_PUMP - INFO - Plunger position is 0
2025-01-16 15:39:25,485 - pylabware.controllers.XCalibur.FILT_PUMP - INFO - Requested increment position was 0 current position is 0
2025-01-16 15:39:25,486 - pylabware.controllers.XCalibur.FILT_PUMP - INFO - Remaining volume 4000 ul is 2400.0 rounded to 2400
2025-01-16 15:39:26,797 - pylabware.controllers.XCalibur.FILT_PUMP - INFO - Valve position is: 1
2025-01-16 15:39:26,797 - pylabware.controllers.XCalibur.FILT_PUMP - INFO - Requested valve was 1 current valve is 1
2025-01-16 15:39:31,988 - pylabware.controllers.XCalibur.FILT_PUMP - INFO - Plunger position is 2400
2025-01-16 15:39:31,989 - pylabware.controllers.XCalibur.FILT_PUMP - INFO - Requested increment position was 2400 current position is 2400
2025-01-16 15:39:32,745 - pylabware.controllers.XCalibur.FILT_PUMP - INFO - Valve position is: 3
2025-01-16 15:39:32,745 - pylabware.controllers.XCalibur.FILT_PUMP - INFO - Requested valve was 3 current valve is 3
2025-01-16 15:39:37,938 - pylabware.controllers.XCalibur.FILT_PUMP - INFO - Plunger position is 0
2025-01-16 15:39:37,938 - pylabware.controllers.XCalibur.FILT_PUMP - INFO - Requested increment position was 0 current position is 0
2025-01-16 15:39:37,938 - pylabware.controllers.XCalibur.FILT_PUMP - INFO - Dispensing complete
2025-01-16 15:39:37,938 - RiH_Filtration_System - INFO - E stop is off - checking pump is ready
2025-01-16 15:39:37,989 - RiH_Filtration_System - INFO - pump is idle running command
2025-01-16 15:39:37,989 - RiH_Filtration_System - INFO - Releasing
2025-01-16 15:40:20,460 - RiH_Filtration_System - INFO - Filtering 9.0 mL of solvent - vacuum will be on for 1800 s
2025-01-16 15:40:20,461 - RiH_Filtration_System - INFO - E stop is off - checking pump is ready
2025-01-16 15:40:20,511 - RiH_Filtration_System - INFO - pump is idle running command
2025-01-16 15:40:20,512 - RiH_Filtration_System - INFO - Clamping
2025-01-16 15:40:25,515 - RiH_Filtration_System - INFO - E stop is off - checking pump is ready
2025-01-16 15:40:25,551 - RiH_Filtration_System - INFO - pump is idle running command
2025-01-16 15:40:26,308 - pylabware.controllers.XCalibur.FILT_PUMP - INFO - Valve position is: 5
2025-01-16 15:40:26,308 - pylabware.controllers.XCalibur.FILT_PUMP - INFO - Requested valve was 5 current valve is 5
2025-01-16 15:40:26,309 - RiH_Filtration_System - INFO - Vacuum on
2025-01-16 15:40:31,332 - RiH_Filtration_System - INFO - E stop is off - checking pump is ready
2025-01-16 15:40:31,398 - RiH_Filtration_System - INFO - pump is idle running command
2025-01-16 15:40:31,398 - RiH_Filtration_System - INFO - Forward pouring
2025-01-16 16:10:46,462 - RiH_Filtration_System - INFO - E stop is off - checking pump is ready
2025-01-16 16:10:46,533 - RiH_Filtration_System - INFO - pump is idle running command
2025-01-16 16:10:46,533 - RiH_Filtration_System - INFO - Vacuum off
2025-01-16 16:10:51,557 - RiH_Filtration_System - INFO - E stop is off - checking pump is ready
2025-01-16 16:10:51,621 - RiH_Filtration_System - INFO - pump is idle running command
2025-01-16 16:10:51,621 - RiH_Filtration_System - INFO - Backward pouring
2025-01-16 16:11:06,623 - RiH_Filtration_System - INFO - E stop is off - checking pump is ready
2025-01-16 16:11:06,680 - RiH_Filtration_System - INFO - pump is idle running command
2025-01-16 16:11:06,680 - RiH_Filtration_System - INFO - Moving needle to dispense position
2025-01-16 16:11:11,705 - RiH_Filtration_System - INFO - E stop is off - checking pump is ready
2025-01-16 16:11:11,768 - RiH_Filtration_System - INFO - pump is idle running command
2025-01-16 16:11:11,768 - RiH_Filtration_System - INFO - Recovering filtrate (f9000 + 10 mL) from receiving flask
2025-01-16 16:11:11,818 - pylabware.controllers.XCalibur.FILT_PUMP - INFO - Dispensing 19000 ul as 3 full dispenses of the 5.0mL and 4000 ul remaining volume
2025-01-16 16:11:12,577 - pylabware.controllers.XCalibur.FILT_PUMP - INFO - Valve position is: 1
2025-01-16 16:11:12,577 - pylabware.controllers.XCalibur.FILT_PUMP - INFO - Requested valve was 1 current valve is 1
2025-01-16 16:11:18,887 - pylabware.controllers.XCalibur.FILT_PUMP - INFO - Plunger position is 3000
2025-01-16 16:11:18,887 - pylabware.controllers.XCalibur.FILT_PUMP - INFO - Requested increment position was 3000 current position is 3000
2025-01-16 16:11:19,644 - pylabware.controllers.XCalibur.FILT_PUMP - INFO - Valve position is: 4
2025-01-16 16:11:19,644 - pylabware.controllers.XCalibur.FILT_PUMP - INFO - Requested valve was 4 current valve is 4
2025-01-16 16:11:25,946 - pylabware.controllers.XCalibur.FILT_PUMP - INFO - Plunger position is 0
2025-01-16 16:11:25,946 - pylabware.controllers.XCalibur.FILT_PUMP - INFO - Requested increment position was 0 current position is 0
2025-01-16 16:11:27,259 - pylabware.controllers.XCalibur.FILT_PUMP - INFO - Valve position is: 1
2025-01-16 16:11:27,259 - pylabware.controllers.XCalibur.FILT_PUMP - INFO - Requested valve was 1 current valve is 1
2025-01-16 16:11:33,563 - pylabware.controllers.XCalibur.FILT_PUMP - INFO - Plunger position is 3000
2025-01-16 16:11:33,563 - pylabware.controllers.XCalibur.FILT_PUMP - INFO - Requested increment position was 3000 current position is 3000
2025-01-16 16:11:34,320 - pylabware.controllers.XCalibur.FILT_PUMP - INFO - Valve position is: 4
2025-01-16 16:11:34,321 - pylabware.controllers.XCalibur.FILT_PUMP - INFO - Requested valve was 4 current valve is 4
2025-01-16 16:11:40,622 - pylabware.controllers.XCalibur.FILT_PUMP - INFO - Plunger position is 0
2025-01-16 16:11:40,622 - pylabware.controllers.XCalibur.FILT_PUMP - INFO - Requested increment position was 0 current position is 0
2025-01-16 16:11:41,933 - pylabware.controllers.XCalibur.FILT_PUMP - INFO - Valve position is: 1
2025-01-16 16:11:41,934 - pylabware.controllers.XCalibur.FILT_PUMP - INFO - Requested valve was 1 current valve is 1
2025-01-16 16:11:48,231 - pylabware.controllers.XCalibur.FILT_PUMP - INFO - Plunger position is 3000
2025-01-16 16:11:48,231 - pylabware.controllers.XCalibur.FILT_PUMP - INFO - Requested increment position was 3000 current position is 3000
2025-01-16 16:11:48,988 - pylabware.controllers.XCalibur.FILT_PUMP - INFO - Valve position is: 4
2025-01-16 16:11:48,988 - pylabware.controllers.XCalibur.FILT_PUMP - INFO - Requested valve was 4 current valve is 4
2025-01-16 16:11:55,291 - pylabware.controllers.XCalibur.FILT_PUMP - INFO - Plunger position is 0
2025-01-16 16:11:55,292 - pylabware.controllers.XCalibur.FILT_PUMP - INFO - Requested increment position was 0 current position is 0
2025-01-16 16:11:55,292 - pylabware.controllers.XCalibur.FILT_PUMP - INFO - Remaining volume 4000 ul is 2400.0 rounded to 2400
2025-01-16 16:11:56,603 - pylabware.controllers.XCalibur.FILT_PUMP - INFO - Valve position is: 1
2025-01-16 16:11:56,603 - pylabware.controllers.XCalibur.FILT_PUMP - INFO - Requested valve was 1 current valve is 1
2025-01-16 16:12:01,799 - pylabware.controllers.XCalibur.FILT_PUMP - INFO - Plunger position is 2400
2025-01-16 16:12:01,799 - pylabware.controllers.XCalibur.FILT_PUMP - INFO - Requested increment position was 2400 current position is 2400
2025-01-16 16:12:02,557 - pylabware.controllers.XCalibur.FILT_PUMP - INFO - Valve position is: 4
2025-01-16 16:12:02,557 - pylabware.controllers.XCalibur.FILT_PUMP - INFO - Requested valve was 4 current valve is 4
2025-01-16 16:12:07,750 - pylabware.controllers.XCalibur.FILT_PUMP - INFO - Plunger position is 0
2025-01-16 16:12:07,751 - pylabware.controllers.XCalibur.FILT_PUMP - INFO - Requested increment position was 0 current position is 0
2025-01-16 16:12:07,751 - pylabware.controllers.XCalibur.FILT_PUMP - INFO - Dispensing complete
2025-01-16 16:12:07,751 - RiH_Filtration_System - INFO - E stop is off - checking pump is ready
2025-01-16 16:12:07,801 - RiH_Filtration_System - INFO - pump is idle running command
2025-01-16 16:12:07,801 - RiH_Filtration_System - INFO - Moving needle to wash position
2025-01-16 16:12:12,827 - RiH_Filtration_System - INFO - E stop is off - checking pump is ready
2025-01-16 16:12:12,890 - RiH_Filtration_System - INFO - pump is idle running command
2025-01-16 16:12:12,890 - RiH_Filtration_System - INFO - Releasing
2025-01-16 16:37:29,239 - RiH_Filtration_System - INFO - Washing receiving flask with 9.0 mL of Water(DI)
2025-01-16 16:37:29,239 - RiH_Filtration_System - INFO - E stop is off - checking pump is ready
2025-01-16 16:37:29,293 - RiH_Filtration_System - INFO - pump is idle running command
2025-01-16 16:37:29,293 - RiH_Filtration_System - INFO - Cleaning receiving flask with 18.0 mL solvent:Water(DI)
2025-01-16 16:37:29,343 - pylabware.controllers.XCalibur.FILT_PUMP - INFO - Dispensing 18000 ul as 3 full dispenses of the 5.0mL and 3000 ul remaining volume
2025-01-16 16:37:30,100 - pylabware.controllers.XCalibur.FILT_PUMP - INFO - Valve position is: 7
2025-01-16 16:37:30,101 - pylabware.controllers.XCalibur.FILT_PUMP - INFO - Requested valve was 7 current valve is 7
2025-01-16 16:37:36,404 - pylabware.controllers.XCalibur.FILT_PUMP - INFO - Plunger position is 3000
2025-01-16 16:37:36,404 - pylabware.controllers.XCalibur.FILT_PUMP - INFO - Requested increment position was 3000 current position is 3000
2025-01-16 16:37:37,161 - pylabware.controllers.XCalibur.FILT_PUMP - INFO - Valve position is: 1
2025-01-16 16:37:37,161 - pylabware.controllers.XCalibur.FILT_PUMP - INFO - Requested valve was 1 current valve is 1
2025-01-16 16:37:43,459 - pylabware.controllers.XCalibur.FILT_PUMP - INFO - Plunger position is 0
2025-01-16 16:37:43,459 - pylabware.controllers.XCalibur.FILT_PUMP - INFO - Requested increment position was 0 current position is 0
2025-01-16 16:37:44,215 - pylabware.controllers.XCalibur.FILT_PUMP - INFO - Valve position is: 7
2025-01-16 16:37:44,215 - pylabware.controllers.XCalibur.FILT_PUMP - INFO - Requested valve was 7 current valve is 7
2025-01-16 16:37:50,524 - pylabware.controllers.XCalibur.FILT_PUMP - INFO - Plunger position is 3000
2025-01-16 16:37:50,525 - pylabware.controllers.XCalibur.FILT_PUMP - INFO - Requested increment position was 3000 current position is 3000
2025-01-16 16:37:51,281 - pylabware.controllers.XCalibur.FILT_PUMP - INFO - Valve position is: 1
2025-01-16 16:37:51,282 - pylabware.controllers.XCalibur.FILT_PUMP - INFO - Requested valve was 1 current valve is 1
2025-01-16 16:37:57,588 - pylabware.controllers.XCalibur.FILT_PUMP - INFO - Plunger position is 0
2025-01-16 16:37:57,589 - pylabware.controllers.XCalibur.FILT_PUMP - INFO - Requested increment position was 0 current position is 0
2025-01-16 16:37:58,347 - pylabware.controllers.XCalibur.FILT_PUMP - INFO - Valve position is: 7
2025-01-16 16:37:58,347 - pylabware.controllers.XCalibur.FILT_PUMP - INFO - Requested valve was 7 current valve is 7
2025-01-16 16:38:04,650 - pylabware.controllers.XCalibur.FILT_PUMP - INFO - Plunger position is 3000
2025-01-16 16:38:04,651 - pylabware.controllers.XCalibur.FILT_PUMP - INFO - Requested increment position was 3000 current position is 3000
2025-01-16 16:38:05,407 - pylabware.controllers.XCalibur.FILT_PUMP - INFO - Valve position is: 1
2025-01-16 16:38:05,408 - pylabware.controllers.XCalibur.FILT_PUMP - INFO - Requested valve was 1 current valve is 1
2025-01-16 16:38:11,710 - pylabware.controllers.XCalibur.FILT_PUMP - INFO - Plunger position is 0
2025-01-16 16:38:11,710 - pylabware.controllers.XCalibur.FILT_PUMP - INFO - Requested increment position was 0 current position is 0
2025-01-16 16:38:11,710 - pylabware.controllers.XCalibur.FILT_PUMP - INFO - Remaining volume 3000 ul is 1800.0 rounded to 1800
2025-01-16 16:38:12,467 - pylabware.controllers.XCalibur.FILT_PUMP - INFO - Valve position is: 7
2025-01-16 16:38:12,468 - pylabware.controllers.XCalibur.FILT_PUMP - INFO - Requested valve was 7 current valve is 7
2025-01-16 16:38:16,561 - pylabware.controllers.XCalibur.FILT_PUMP - INFO - Plunger position is 1800
2025-01-16 16:38:16,561 - pylabware.controllers.XCalibur.FILT_PUMP - INFO - Requested increment position was 1800 current position is 1800
2025-01-16 16:38:17,318 - pylabware.controllers.XCalibur.FILT_PUMP - INFO - Valve position is: 1
2025-01-16 16:38:17,318 - pylabware.controllers.XCalibur.FILT_PUMP - INFO - Requested valve was 1 current valve is 1
2025-01-16 16:38:21,406 - pylabware.controllers.XCalibur.FILT_PUMP - INFO - Plunger position is 0
2025-01-16 16:38:21,407 - pylabware.controllers.XCalibur.FILT_PUMP - INFO - Requested increment position was 0 current position is 0
2025-01-16 16:38:21,407 - pylabware.controllers.XCalibur.FILT_PUMP - INFO - Dispensing complete
2025-01-16 16:38:21,457 - pylabware.controllers.XCalibur.FILT_PUMP - INFO - Dispensing 28000 ul as 5 full dispenses of the 5.0mL and 3000 ul remaining volume
2025-01-16 16:38:21,660 - pylabware.controllers.XCalibur.FILT_PUMP - INFO - Valve position is: 1
2025-01-16 16:38:21,660 - pylabware.controllers.XCalibur.FILT_PUMP - INFO - Requested valve was 1 current valve is 1
2025-01-16 16:38:27,959 - pylabware.controllers.XCalibur.FILT_PUMP - INFO - Plunger position is 3000
2025-01-16 16:38:27,959 - pylabware.controllers.XCalibur.FILT_PUMP - INFO - Requested increment position was 3000 current position is 3000
2025-01-16 16:38:28,715 - pylabware.controllers.XCalibur.FILT_PUMP - INFO - Valve position is: 3
2025-01-16 16:38:28,715 - pylabware.controllers.XCalibur.FILT_PUMP - INFO - Requested valve was 3 current valve is 3
2025-01-16 16:38:35,017 - pylabware.controllers.XCalibur.FILT_PUMP - INFO - Plunger position is 0
2025-01-16 16:38:35,017 - pylabware.controllers.XCalibur.FILT_PUMP - INFO - Requested increment position was 0 current position is 0
2025-01-16 16:38:36,329 - pylabware.controllers.XCalibur.FILT_PUMP - INFO - Valve position is: 1
2025-01-16 16:38:36,329 - pylabware.controllers.XCalibur.FILT_PUMP - INFO - Requested valve was 1 current valve is 1
2025-01-16 16:38:42,632 - pylabware.controllers.XCalibur.FILT_PUMP - INFO - Plunger position is 3000
2025-01-16 16:38:42,633 - pylabware.controllers.XCalibur.FILT_PUMP - INFO - Requested increment position was 3000 current position is 3000
2025-01-16 16:38:43,390 - pylabware.controllers.XCalibur.FILT_PUMP - INFO - Valve position is: 3
2025-01-16 16:38:43,390 - pylabware.controllers.XCalibur.FILT_PUMP - INFO - Requested valve was 3 current valve is 3
2025-01-16 16:38:49,693 - pylabware.controllers.XCalibur.FILT_PUMP - INFO - Plunger position is 0
2025-01-16 16:38:49,693 - pylabware.controllers.XCalibur.FILT_PUMP - INFO - Requested increment position was 0 current position is 0
2025-01-16 16:38:51,005 - pylabware.controllers.XCalibur.FILT_PUMP - INFO - Valve position is: 1
2025-01-16 16:38:51,005 - pylabware.controllers.XCalibur.FILT_PUMP - INFO - Requested valve was 1 current valve is 1
2025-01-16 16:38:57,311 - pylabware.controllers.XCalibur.FILT_PUMP - INFO - Plunger position is 3000
2025-01-16 16:38:57,311 - pylabware.controllers.XCalibur.FILT_PUMP - INFO - Requested increment position was 3000 current position is 3000
2025-01-16 16:38:58,068 - pylabware.controllers.XCalibur.FILT_PUMP - INFO - Valve position is: 3
2025-01-16 16:38:58,068 - pylabware.controllers.XCalibur.FILT_PUMP - INFO - Requested valve was 3 current valve is 3
2025-01-16 16:39:04,372 - pylabware.controllers.XCalibur.FILT_PUMP - INFO - Plunger position is 0
2025-01-16 16:39:04,372 - pylabware.controllers.XCalibur.FILT_PUMP - INFO - Requested increment position was 0 current position is 0
2025-01-16 16:39:05,685 - pylabware.controllers.XCalibur.FILT_PUMP - INFO - Valve position is: 1
2025-01-16 16:39:05,685 - pylabware.controllers.XCalibur.FILT_PUMP - INFO - Requested valve was 1 current valve is 1
2025-01-16 16:39:11,988 - pylabware.controllers.XCalibur.FILT_PUMP - INFO - Plunger position is 3000
2025-01-16 16:39:11,988 - pylabware.controllers.XCalibur.FILT_PUMP - INFO - Requested increment position was 3000 current position is 3000
2025-01-16 16:39:12,745 - pylabware.controllers.XCalibur.FILT_PUMP - INFO - Valve position is: 3
2025-01-16 16:39:12,745 - pylabware.controllers.XCalibur.FILT_PUMP - INFO - Requested valve was 3 current valve is 3
2025-01-16 16:39:19,050 - pylabware.controllers.XCalibur.FILT_PUMP - INFO - Plunger position is 0
2025-01-16 16:39:19,050 - pylabware.controllers.XCalibur.FILT_PUMP - INFO - Requested increment position was 0 current position is 0
2025-01-16 16:39:20,363 - pylabware.controllers.XCalibur.FILT_PUMP - INFO - Valve position is: 1
2025-01-16 16:39:20,363 - pylabware.controllers.XCalibur.FILT_PUMP - INFO - Requested valve was 1 current valve is 1
2025-01-16 16:39:26,666 - pylabware.controllers.XCalibur.FILT_PUMP - INFO - Plunger position is 3000
2025-01-16 16:39:26,667 - pylabware.controllers.XCalibur.FILT_PUMP - INFO - Requested increment position was 3000 current position is 3000
2025-01-16 16:39:27,424 - pylabware.controllers.XCalibur.FILT_PUMP - INFO - Valve position is: 3
2025-01-16 16:39:27,425 - pylabware.controllers.XCalibur.FILT_PUMP - INFO - Requested valve was 3 current valve is 3
2025-01-16 16:39:33,725 - pylabware.controllers.XCalibur.FILT_PUMP - INFO - Plunger position is 0
2025-01-16 16:39:33,725 - pylabware.controllers.XCalibur.FILT_PUMP - INFO - Requested increment position was 0 current position is 0
2025-01-16 16:39:33,726 - pylabware.controllers.XCalibur.FILT_PUMP - INFO - Remaining volume 3000 ul is 1800.0 rounded to 1800
2025-01-16 16:39:35,040 - pylabware.controllers.XCalibur.FILT_PUMP - INFO - Valve position is: 1
2025-01-16 16:39:35,040 - pylabware.controllers.XCalibur.FILT_PUMP - INFO - Requested valve was 1 current valve is 1
2025-01-16 16:39:39,129 - pylabware.controllers.XCalibur.FILT_PUMP - INFO - Plunger position is 1800
2025-01-16 16:39:39,129 - pylabware.controllers.XCalibur.FILT_PUMP - INFO - Requested increment position was 1800 current position is 1800
2025-01-16 16:39:39,887 - pylabware.controllers.XCalibur.FILT_PUMP - INFO - Valve position is: 3
2025-01-16 16:39:39,887 - pylabware.controllers.XCalibur.FILT_PUMP - INFO - Requested valve was 3 current valve is 3
2025-01-16 16:39:43,978 - pylabware.controllers.XCalibur.FILT_PUMP - INFO - Plunger position is 0
2025-01-16 16:39:43,978 - pylabware.controllers.XCalibur.FILT_PUMP - INFO - Requested increment position was 0 current position is 0
2025-01-16 16:39:43,978 - pylabware.controllers.XCalibur.FILT_PUMP - INFO - Dispensing complete
2025-01-16 16:39:43,978 - RiH_Filtration_System - INFO - E stop is off - checking pump is ready
2025-01-16 16:39:44,029 - RiH_Filtration_System - INFO - pump is idle running command
2025-01-16 16:39:44,030 - RiH_Filtration_System - INFO - Washing output needle with 4 mL of solvent Water(DI)
2025-01-16 16:39:44,080 - pylabware.controllers.XCalibur.FILT_PUMP - INFO - Dispensing 4000 ul as 0 full dispenses of the 5.0mL and 4000 ul remaining volume
2025-01-16 16:39:44,081 - pylabware.controllers.XCalibur.FILT_PUMP - INFO - Remaining volume 4000 ul is 2400.0 rounded to 2400
2025-01-16 16:39:44,837 - pylabware.controllers.XCalibur.FILT_PUMP - INFO - Valve position is: 7
2025-01-16 16:39:44,837 - pylabware.controllers.XCalibur.FILT_PUMP - INFO - Requested valve was 7 current valve is 7
2025-01-16 16:39:50,032 - pylabware.controllers.XCalibur.FILT_PUMP - INFO - Plunger position is 2400
2025-01-16 16:39:50,032 - pylabware.controllers.XCalibur.FILT_PUMP - INFO - Requested increment position was 2400 current position is 2400
2025-01-16 16:39:51,343 - pylabware.controllers.XCalibur.FILT_PUMP - INFO - Valve position is: 4
2025-01-16 16:39:51,343 - pylabware.controllers.XCalibur.FILT_PUMP - INFO - Requested valve was 4 current valve is 4
2025-01-16 16:39:56,537 - pylabware.controllers.XCalibur.FILT_PUMP - INFO - Plunger position is 0
2025-01-16 16:39:56,537 - pylabware.controllers.XCalibur.FILT_PUMP - INFO - Requested increment position was 0 current position is 0
2025-01-16 16:39:56,538 - pylabware.controllers.XCalibur.FILT_PUMP - INFO - Dispensing complete
2025-01-16 16:39:56,588 - pylabware.controllers.XCalibur.FILT_PUMP - INFO - Dispensing 4000 ul as 0 full dispenses of the 5.0mL and 4000 ul remaining volume
2025-01-16 16:39:56,588 - pylabware.controllers.XCalibur.FILT_PUMP - INFO - Remaining volume 4000 ul is 2400.0 rounded to 2400
2025-01-16 16:39:57,345 - pylabware.controllers.XCalibur.FILT_PUMP - INFO - Valve position is: 5
2025-01-16 16:39:57,345 - pylabware.controllers.XCalibur.FILT_PUMP - INFO - Requested valve was 5 current valve is 5
2025-01-16 16:40:02,537 - pylabware.controllers.XCalibur.FILT_PUMP - INFO - Plunger position is 2400
2025-01-16 16:40:02,537 - pylabware.controllers.XCalibur.FILT_PUMP - INFO - Requested increment position was 2400 current position is 2400
2025-01-16 16:40:03,849 - pylabware.controllers.XCalibur.FILT_PUMP - INFO - Valve position is: 4
2025-01-16 16:40:03,849 - pylabware.controllers.XCalibur.FILT_PUMP - INFO - Requested valve was 4 current valve is 4
2025-01-16 16:40:09,043 - pylabware.controllers.XCalibur.FILT_PUMP - INFO - Plunger position is 0
2025-01-16 16:40:09,043 - pylabware.controllers.XCalibur.FILT_PUMP - INFO - Requested increment position was 0 current position is 0
2025-01-16 16:40:09,044 - pylabware.controllers.XCalibur.FILT_PUMP - INFO - Dispensing complete
2025-01-16 16:41:45,191 - Workflow_Config_Helper - INFO - All solids and liquids requested in sample list are in the workflow
2025-01-16 16:41:45,192 - Workflow_Config_Helper - INFO - No errors in workflow detected
2025-01-16 16:41:49,211 - pylabware.connections.SerialConnection - INFO - Creating connection object with the following settings: 
{'address': '', 'port': '/dev/ttyUSB1', 'encoding': 'UTF-8', 'command_delay': 0.5, 'receive_buffer_size': 128, 'receive_timeout': 1, 'transmit_timeout': 1, 'receiving_interval': 0.05, 'write_timeout': 0.5, 'baudrate': 9600, 'bytesize': 7, 'parity': 'E', 'stopbits': 1, 'xonxoff': False, 'rtscts': False, 'dsrdtr': False, 'inter_byte_timeout': False}
2025-01-16 16:41:49,211 - pylabware.connections.SerialConnection - INFO - Creating connection object with the following settings: 
{'address': '1', 'port': '/dev/ttyUSB0', 'encoding': 'UTF-8', 'command_delay': 0, 'receive_buffer_size': 128, 'receive_timeout': 10, 'transmit_timeout': 1, 'receiving_interval': 0.05, 'write_timeout': 0.5, 'baudrate': 9600, 'bytesize': 8, 'parity': 'N', 'stopbits': 1, 'xonxoff': False, 'rtscts': False, 'dsrdtr': False, 'inter_byte_timeout': False}
2025-01-16 16:41:49,211 - pylabware.connections.SerialConnection - INFO - Creating connection object with the following settings: 
{'address': None, 'port': '/dev/ttyUSB2', 'encoding': 'UTF-8', 'command_delay': 0.5, 'receive_buffer_size': 128, 'receive_timeout': 1, 'transmit_timeout': 1, 'receiving_interval': 0.05, 'write_timeout': 0.5, 'baudrate': 9600, 'bytesize': 8, 'parity': 'N', 'stopbits': 1, 'xonxoff': True, 'rtscts': False, 'dsrdtr': False, 'inter_byte_timeout': False, 'timeout': 0.1}
2025-01-16 16:41:49,213 - pylabware.connections.SerialConnection - INFO - Starting connection listener...
2025-01-16 16:41:49,213 - pylabware.connections.SerialConnection - INFO - Port /dev/ttyUSB2 opened.
2025-01-16 16:41:49,213 - pylabware.connections.SerialConnection - WARNING - Command rate too high! Delaying next command for 0.5 seconds
2025-01-16 16:41:49,819 - pylabware.controllers.QuantosQB1.QUANTOS - INFO - No carousel/autosampler connected
2025-01-16 16:41:49,819 - pylabware.connections.SerialConnection - WARNING - Command rate too high! Delaying next command for 0.5 seconds
2025-01-16 16:41:52,938 - RiH_Main - INFO - Connecting IKA RCT digital..
2025-01-16 16:41:52,939 - pylabware.connections.SerialConnection - INFO - Starting connection listener...
2025-01-16 16:41:52,939 - pylabware.connections.SerialConnection - INFO - Port /dev/ttyUSB1 opened.
2025-01-16 16:41:52,974 - pylabware.controllers.RCTDigitalHotplate.IKA - INFO - Opened connection.
2025-01-16 16:41:55,042 - RiH_Main - INFO - IKA RCT digital connected.
2025-01-16 16:41:56,552 - RiH_Main - INFO - Stiring velocity set to 200.
2025-01-16 16:41:58,115 - RiH_Main - INFO - Current temperature: 0.0.
2025-01-16 16:41:58,116 - RiH_Main - INFO - Connecting Pump..
2025-01-16 16:41:58,154 - pylabware.connections.SerialConnection - INFO - Starting connection listener...
2025-01-16 16:41:58,154 - pylabware.connections.SerialConnection - INFO - Port /dev/ttyUSB0 opened.
2025-01-16 16:41:58,155 - pylabware.controllers.XCalibur.DISPENSE_PUMP - INFO - Opened connection.
2025-01-16 16:41:58,710 - RiH_Main - INFO - Pump connected.
2025-01-16 16:41:59,264 - pylabware.controllers.XCalibur.DISPENSE_PUMP - INFO - Device initialized.
2025-01-16 16:41:59,264 - RiH_Main - INFO - Pump initialised.
2025-01-16 16:41:59,767 - RiH_Main - INFO - Checking for pump errors
2025-01-16 16:41:59,768 - RiH_Main - INFO - Connecting to the Quantos - opening doors
2025-01-16 16:42:06,150 - RiH_Main - INFO - Quantos connected..
2025-01-16 16:42:06,151 - RiH_Main - INFO - Initialising the filter machine
2025-01-16 16:42:06,151 - RiH_Filtration_System - INFO - Initialising filtration system pump
2025-01-16 16:42:09,152 - pylabware.connections.SerialConnection - INFO - Creating connection object with the following settings: 
{'address': '1', 'port': '/dev/ttyUSB3', 'encoding': 'UTF-8', 'command_delay': 0, 'receive_buffer_size': 128, 'receive_timeout': 10, 'transmit_timeout': 1, 'receiving_interval': 0.05, 'write_timeout': 0.5, 'baudrate': 9600, 'bytesize': 8, 'parity': 'N', 'stopbits': 1, 'xonxoff': False, 'rtscts': False, 'dsrdtr': False, 'inter_byte_timeout': False}
2025-01-16 16:42:09,155 - pylabware.connections.SerialConnection - INFO - Starting connection listener...
2025-01-16 16:42:09,155 - pylabware.connections.SerialConnection - INFO - Port /dev/ttyUSB3 opened.
2025-01-16 16:42:09,155 - pylabware.controllers.XCalibur.FILT_PUMP - INFO - Opened connection.
2025-01-16 16:42:09,206 - pylabware.controllers.XCalibur.FILT_PUMP - INFO - Device initialized.
2025-01-16 16:42:12,029 - pylabware.controllers.XCalibur.FILT_PUMP - INFO - Reply was <Invalid command! Pump Ready.>
2025-01-16 16:42:12,029 - pylabware.controllers.XCalibur.FILT_PUMP - WARNING - A non-fatal error was recieved resending command - errors occured: 1
2025-01-16 16:42:12,635 - RiH_Filtration_System - INFO - Initialising the filtration system arduino
2025-01-16 16:42:12,643 - RiH_Main - INFO - Panda robot connected to 172.16.0.2
2025-01-16 16:42:12,643 - RiH_Main - ERROR - Capper camera is not available.
2025-01-16 16:42:12,643 - RiH_Filtration_System - INFO - Washing filter before start of filtering process with 9.0 mL
2025-01-16 16:42:12,643 - RiH_Filtration_System - INFO - E stop is off - checking pump is ready
2025-01-16 16:42:12,685 - RiH_Filtration_System - INFO - pump is idle running command
2025-01-16 16:42:12,685 - RiH_Filtration_System - INFO - Clamping
2025-01-16 16:42:17,709 - RiH_Filtration_System - INFO - E stop is off - checking pump is ready
2025-01-16 16:42:17,773 - RiH_Filtration_System - INFO - pump is idle running command
2025-01-16 16:42:17,774 - RiH_Filtration_System - INFO - Forward pouring
2025-01-16 16:42:32,775 - RiH_Filtration_System - INFO - E stop is off - checking pump is ready
2025-01-16 16:42:32,837 - RiH_Filtration_System - INFO - pump is idle running command
2025-01-16 16:42:33,594 - pylabware.controllers.XCalibur.FILT_PUMP - INFO - Valve position is: 5
2025-01-16 16:42:33,594 - pylabware.controllers.XCalibur.FILT_PUMP - INFO - Requested valve was 5 current valve is 5
2025-01-16 16:42:33,594 - RiH_Filtration_System - INFO - Vacuum on
2025-01-16 16:42:38,613 - RiH_Filtration_System - INFO - E stop is off - checking pump is ready
2025-01-16 16:42:38,633 - RiH_Filtration_System - INFO - pump is idle running command
2025-01-16 16:42:38,649 - RiH_Filtration_System - INFO - Backward pouring
2025-01-16 16:42:58,737 - RiH_Filtration_System - INFO - E stop is off - checking pump is ready
2025-01-16 16:42:58,789 - RiH_Filtration_System - INFO - pump is idle running command
2025-01-16 16:42:58,789 - RiH_Filtration_System - INFO - Recovering pre-filtration wash (9000 + 5 mL) from receiving flask
2025-01-16 16:42:58,839 - pylabware.controllers.XCalibur.FILT_PUMP - INFO - Dispensing 14000 ul as 2 full dispenses of the 5.0mL and 4000 ul remaining volume
2025-01-16 16:42:59,596 - pylabware.controllers.XCalibur.FILT_PUMP - INFO - Valve position is: 1
2025-01-16 16:42:59,597 - pylabware.controllers.XCalibur.FILT_PUMP - INFO - Requested valve was 1 current valve is 1
2025-01-16 16:43:05,899 - pylabware.controllers.XCalibur.FILT_PUMP - INFO - Plunger position is 3000
2025-01-16 16:43:05,899 - pylabware.controllers.XCalibur.FILT_PUMP - INFO - Requested increment position was 3000 current position is 3000
2025-01-16 16:43:06,657 - pylabware.controllers.XCalibur.FILT_PUMP - INFO - Valve position is: 3
2025-01-16 16:43:06,657 - pylabware.controllers.XCalibur.FILT_PUMP - INFO - Requested valve was 3 current valve is 3
2025-01-16 16:43:12,957 - pylabware.controllers.XCalibur.FILT_PUMP - INFO - Plunger position is 0
2025-01-16 16:43:12,958 - pylabware.controllers.XCalibur.FILT_PUMP - INFO - Requested increment position was 0 current position is 0
2025-01-16 16:43:14,270 - pylabware.controllers.XCalibur.FILT_PUMP - INFO - Valve position is: 1
2025-01-16 16:43:14,270 - pylabware.controllers.XCalibur.FILT_PUMP - INFO - Requested valve was 1 current valve is 1
2025-01-16 16:43:20,571 - pylabware.controllers.XCalibur.FILT_PUMP - INFO - Plunger position is 3000
2025-01-16 16:43:20,571 - pylabware.controllers.XCalibur.FILT_PUMP - INFO - Requested increment position was 3000 current position is 3000
2025-01-16 16:43:21,327 - pylabware.controllers.XCalibur.FILT_PUMP - INFO - Valve position is: 3
2025-01-16 16:43:21,327 - pylabware.controllers.XCalibur.FILT_PUMP - INFO - Requested valve was 3 current valve is 3
2025-01-16 16:43:27,638 - pylabware.controllers.XCalibur.FILT_PUMP - INFO - Plunger position is 0
2025-01-16 16:43:27,638 - pylabware.controllers.XCalibur.FILT_PUMP - INFO - Requested increment position was 0 current position is 0
2025-01-16 16:43:27,638 - pylabware.controllers.XCalibur.FILT_PUMP - INFO - Remaining volume 4000 ul is 2400.0 rounded to 2400
2025-01-16 16:43:28,950 - pylabware.controllers.XCalibur.FILT_PUMP - INFO - Valve position is: 1
2025-01-16 16:43:28,951 - pylabware.controllers.XCalibur.FILT_PUMP - INFO - Requested valve was 1 current valve is 1
2025-01-16 16:43:34,143 - pylabware.controllers.XCalibur.FILT_PUMP - INFO - Plunger position is 2400
2025-01-16 16:43:34,143 - pylabware.controllers.XCalibur.FILT_PUMP - INFO - Requested increment position was 2400 current position is 2400
2025-01-16 16:43:34,901 - pylabware.controllers.XCalibur.FILT_PUMP - INFO - Valve position is: 3
2025-01-16 16:43:34,901 - pylabware.controllers.XCalibur.FILT_PUMP - INFO - Requested valve was 3 current valve is 3
2025-01-16 16:43:40,094 - pylabware.controllers.XCalibur.FILT_PUMP - INFO - Plunger position is 0
2025-01-16 16:43:40,094 - pylabware.controllers.XCalibur.FILT_PUMP - INFO - Requested increment position was 0 current position is 0
2025-01-16 16:43:40,094 - pylabware.controllers.XCalibur.FILT_PUMP - INFO - Dispensing complete
2025-01-16 16:43:40,095 - RiH_Filtration_System - INFO - E stop is off - checking pump is ready
2025-01-16 16:43:40,145 - RiH_Filtration_System - INFO - pump is idle running command
2025-01-16 16:43:40,145 - RiH_Filtration_System - INFO - Releasing
2025-01-16 16:44:34,914 - Workflow_Config_Helper - INFO - All solids and liquids requested in sample list are in the workflow
2025-01-16 16:44:34,914 - Workflow_Config_Helper - INFO - No errors in workflow detected
2025-01-16 16:44:38,989 - pylabware.connections.SerialConnection - INFO - Creating connection object with the following settings: 
{'address': '', 'port': '/dev/ttyUSB1', 'encoding': 'UTF-8', 'command_delay': 0.5, 'receive_buffer_size': 128, 'receive_timeout': 1, 'transmit_timeout': 1, 'receiving_interval': 0.05, 'write_timeout': 0.5, 'baudrate': 9600, 'bytesize': 7, 'parity': 'E', 'stopbits': 1, 'xonxoff': False, 'rtscts': False, 'dsrdtr': False, 'inter_byte_timeout': False}
2025-01-16 16:44:38,989 - pylabware.connections.SerialConnection - INFO - Creating connection object with the following settings: 
{'address': '1', 'port': '/dev/ttyUSB0', 'encoding': 'UTF-8', 'command_delay': 0, 'receive_buffer_size': 128, 'receive_timeout': 10, 'transmit_timeout': 1, 'receiving_interval': 0.05, 'write_timeout': 0.5, 'baudrate': 9600, 'bytesize': 8, 'parity': 'N', 'stopbits': 1, 'xonxoff': False, 'rtscts': False, 'dsrdtr': False, 'inter_byte_timeout': False}
2025-01-16 16:44:38,990 - pylabware.connections.SerialConnection - INFO - Creating connection object with the following settings: 
{'address': None, 'port': '/dev/ttyUSB2', 'encoding': 'UTF-8', 'command_delay': 0.5, 'receive_buffer_size': 128, 'receive_timeout': 1, 'transmit_timeout': 1, 'receiving_interval': 0.05, 'write_timeout': 0.5, 'baudrate': 9600, 'bytesize': 8, 'parity': 'N', 'stopbits': 1, 'xonxoff': True, 'rtscts': False, 'dsrdtr': False, 'inter_byte_timeout': False, 'timeout': 0.1}
2025-01-16 16:44:38,992 - pylabware.connections.SerialConnection - INFO - Starting connection listener...
2025-01-16 16:44:38,993 - pylabware.connections.SerialConnection - INFO - Port /dev/ttyUSB2 opened.
2025-01-16 16:44:38,993 - pylabware.connections.SerialConnection - WARNING - Command rate too high! Delaying next command for 0.5 seconds
2025-01-16 16:44:39,601 - pylabware.controllers.QuantosQB1.QUANTOS - INFO - No carousel/autosampler connected
2025-01-16 16:44:39,602 - pylabware.connections.SerialConnection - WARNING - Command rate too high! Delaying next command for 0.5 seconds
2025-01-16 16:44:42,766 - RiH_Main - INFO - Connecting IKA RCT digital..
2025-01-16 16:44:42,769 - pylabware.connections.SerialConnection - INFO - Starting connection listener...
2025-01-16 16:44:42,769 - pylabware.connections.SerialConnection - INFO - Port /dev/ttyUSB1 opened.
2025-01-16 16:44:42,770 - pylabware.controllers.RCTDigitalHotplate.IKA - INFO - Opened connection.
2025-01-16 16:44:44,836 - RiH_Main - INFO - IKA RCT digital connected.
2025-01-16 16:44:46,345 - RiH_Main - INFO - Stiring velocity set to 200.
2025-01-16 16:44:47,909 - RiH_Main - INFO - Current temperature: 0.0.
2025-01-16 16:44:47,909 - RiH_Main - INFO - Connecting Pump..
2025-01-16 16:44:47,911 - pylabware.connections.SerialConnection - INFO - Starting connection listener...
2025-01-16 16:44:47,911 - pylabware.connections.SerialConnection - INFO - Port /dev/ttyUSB0 opened.
2025-01-16 16:44:47,911 - pylabware.controllers.XCalibur.DISPENSE_PUMP - INFO - Opened connection.
2025-01-16 16:44:48,467 - RiH_Main - INFO - Pump connected.
2025-01-16 16:44:49,021 - pylabware.controllers.XCalibur.DISPENSE_PUMP - INFO - Device initialized.
2025-01-16 16:44:49,021 - RiH_Main - INFO - Pump initialised.
2025-01-16 16:44:49,524 - RiH_Main - INFO - Checking for pump errors
2025-01-16 16:44:49,525 - RiH_Main - INFO - Connecting to the Quantos - opening doors
2025-01-16 16:44:55,885 - RiH_Main - INFO - Quantos connected..
2025-01-16 16:44:55,886 - RiH_Main - INFO - Initialising the filter machine
2025-01-16 16:44:55,886 - RiH_Filtration_System - INFO - Initialising filtration system pump
2025-01-16 16:44:58,903 - pylabware.connections.SerialConnection - INFO - Creating connection object with the following settings: 
{'address': '1', 'port': '/dev/ttyUSB3', 'encoding': 'UTF-8', 'command_delay': 0, 'receive_buffer_size': 128, 'receive_timeout': 10, 'transmit_timeout': 1, 'receiving_interval': 0.05, 'write_timeout': 0.5, 'baudrate': 9600, 'bytesize': 8, 'parity': 'N', 'stopbits': 1, 'xonxoff': False, 'rtscts': False, 'dsrdtr': False, 'inter_byte_timeout': False}
2025-01-16 16:44:58,906 - pylabware.connections.SerialConnection - INFO - Starting connection listener...
2025-01-16 16:44:58,906 - pylabware.connections.SerialConnection - INFO - Port /dev/ttyUSB3 opened.
2025-01-16 16:44:58,907 - pylabware.controllers.XCalibur.FILT_PUMP - INFO - Opened connection.
2025-01-16 16:44:58,957 - pylabware.controllers.XCalibur.FILT_PUMP - INFO - Device initialized.
2025-01-16 16:45:01,782 - pylabware.controllers.XCalibur.FILT_PUMP - INFO - Reply was <Invalid command! Pump Ready.>
2025-01-16 16:45:01,782 - pylabware.controllers.XCalibur.FILT_PUMP - WARNING - A non-fatal error was recieved resending command - errors occured: 1
2025-01-16 16:45:02,388 - RiH_Filtration_System - INFO - Initialising the filtration system arduino
2025-01-16 16:45:02,397 - RiH_Main - INFO - Panda robot connected to 172.16.0.2
2025-01-16 16:45:02,397 - RiH_Main - ERROR - Capper camera is not available.
2025-01-16 16:45:02,398 - RiH_Filtration_System - INFO - Washing filter before start of filtering process with 9.0 mL
2025-01-16 16:45:02,398 - RiH_Filtration_System - INFO - E stop is off - checking pump is ready
2025-01-16 16:45:02,438 - RiH_Filtration_System - INFO - pump is idle running command
2025-01-16 16:45:02,438 - RiH_Filtration_System - INFO - Clamping
2025-01-16 16:45:07,449 - RiH_Filtration_System - INFO - E stop is off - checking pump is ready
2025-01-16 16:45:07,477 - RiH_Filtration_System - INFO - pump is idle running command
2025-01-16 16:45:07,477 - RiH_Filtration_System - INFO - Forward pouring
2025-01-16 16:45:22,550 - RiH_Filtration_System - INFO - E stop is off - checking pump is ready
2025-01-16 16:45:22,602 - RiH_Filtration_System - INFO - pump is idle running command
2025-01-16 16:45:23,359 - pylabware.controllers.XCalibur.FILT_PUMP - INFO - Valve position is: 5
2025-01-16 16:45:23,359 - pylabware.controllers.XCalibur.FILT_PUMP - INFO - Requested valve was 5 current valve is 5
2025-01-16 16:45:23,359 - RiH_Filtration_System - INFO - Vacuum on
2025-01-16 16:45:28,384 - RiH_Filtration_System - INFO - E stop is off - checking pump is ready
2025-01-16 16:45:28,444 - RiH_Filtration_System - INFO - pump is idle running command
2025-01-16 16:45:28,444 - RiH_Filtration_System - INFO - Backward pouring
2025-01-16 16:45:48,535 - RiH_Filtration_System - INFO - E stop is off - checking pump is ready
2025-01-16 16:45:48,603 - RiH_Filtration_System - INFO - pump is idle running command
2025-01-16 16:45:48,603 - RiH_Filtration_System - INFO - Recovering pre-filtration wash (9000 + 5 mL) from receiving flask
2025-01-16 16:45:48,654 - pylabware.controllers.XCalibur.FILT_PUMP - INFO - Dispensing 14000 ul as 2 full dispenses of the 5.0mL and 4000 ul remaining volume
2025-01-16 16:45:49,410 - pylabware.controllers.XCalibur.FILT_PUMP - INFO - Valve position is: 1
2025-01-16 16:45:49,410 - pylabware.controllers.XCalibur.FILT_PUMP - INFO - Requested valve was 1 current valve is 1
2025-01-16 16:45:55,765 - pylabware.controllers.XCalibur.FILT_PUMP - INFO - Plunger position is 3000
2025-01-16 16:45:55,765 - pylabware.controllers.XCalibur.FILT_PUMP - INFO - Requested increment position was 3000 current position is 3000
2025-01-16 16:45:56,522 - pylabware.controllers.XCalibur.FILT_PUMP - INFO - Valve position is: 3
2025-01-16 16:45:56,523 - pylabware.controllers.XCalibur.FILT_PUMP - INFO - Requested valve was 3 current valve is 3
2025-01-16 16:46:02,833 - pylabware.controllers.XCalibur.FILT_PUMP - INFO - Plunger position is 0
2025-01-16 16:46:02,833 - pylabware.controllers.XCalibur.FILT_PUMP - INFO - Requested increment position was 0 current position is 0
2025-01-16 16:46:04,144 - pylabware.controllers.XCalibur.FILT_PUMP - INFO - Valve position is: 1
2025-01-16 16:46:04,144 - pylabware.controllers.XCalibur.FILT_PUMP - INFO - Requested valve was 1 current valve is 1
2025-01-16 16:46:10,453 - pylabware.controllers.XCalibur.FILT_PUMP - INFO - Plunger position is 3000
2025-01-16 16:46:10,453 - pylabware.controllers.XCalibur.FILT_PUMP - INFO - Requested increment position was 3000 current position is 3000
2025-01-16 16:46:11,210 - pylabware.controllers.XCalibur.FILT_PUMP - INFO - Valve position is: 3
2025-01-16 16:46:11,210 - pylabware.controllers.XCalibur.FILT_PUMP - INFO - Requested valve was 3 current valve is 3
2025-01-16 16:46:17,514 - pylabware.controllers.XCalibur.FILT_PUMP - INFO - Plunger position is 0
2025-01-16 16:46:17,514 - pylabware.controllers.XCalibur.FILT_PUMP - INFO - Requested increment position was 0 current position is 0
2025-01-16 16:46:17,514 - pylabware.controllers.XCalibur.FILT_PUMP - INFO - Remaining volume 4000 ul is 2400.0 rounded to 2400
2025-01-16 16:46:18,826 - pylabware.controllers.XCalibur.FILT_PUMP - INFO - Valve position is: 1
2025-01-16 16:46:18,826 - pylabware.controllers.XCalibur.FILT_PUMP - INFO - Requested valve was 1 current valve is 1
2025-01-16 16:46:24,020 - pylabware.controllers.XCalibur.FILT_PUMP - INFO - Plunger position is 2400
2025-01-16 16:46:24,020 - pylabware.controllers.XCalibur.FILT_PUMP - INFO - Requested increment position was 2400 current position is 2400
2025-01-16 16:46:24,777 - pylabware.controllers.XCalibur.FILT_PUMP - INFO - Valve position is: 3
2025-01-16 16:46:24,777 - pylabware.controllers.XCalibur.FILT_PUMP - INFO - Requested valve was 3 current valve is 3
2025-01-16 16:46:29,974 - pylabware.controllers.XCalibur.FILT_PUMP - INFO - Plunger position is 0
2025-01-16 16:46:29,974 - pylabware.controllers.XCalibur.FILT_PUMP - INFO - Requested increment position was 0 current position is 0
2025-01-16 16:46:29,974 - pylabware.controllers.XCalibur.FILT_PUMP - INFO - Dispensing complete
2025-01-16 16:46:29,975 - RiH_Filtration_System - INFO - E stop is off - checking pump is ready
2025-01-16 16:46:30,024 - RiH_Filtration_System - INFO - pump is idle running command
2025-01-16 16:46:30,024 - RiH_Filtration_System - INFO - Releasing
2025-01-16 16:50:44,514 - Workflow_Config_Helper - INFO - All solids and liquids requested in sample list are in the workflow
2025-01-16 16:50:44,514 - Workflow_Config_Helper - INFO - No errors in workflow detected
2025-01-16 16:50:48,539 - pylabware.connections.SerialConnection - INFO - Creating connection object with the following settings: 
{'address': '', 'port': '/dev/ttyUSB1', 'encoding': 'UTF-8', 'command_delay': 0.5, 'receive_buffer_size': 128, 'receive_timeout': 1, 'transmit_timeout': 1, 'receiving_interval': 0.05, 'write_timeout': 0.5, 'baudrate': 9600, 'bytesize': 7, 'parity': 'E', 'stopbits': 1, 'xonxoff': False, 'rtscts': False, 'dsrdtr': False, 'inter_byte_timeout': False}
2025-01-16 16:50:48,540 - pylabware.connections.SerialConnection - INFO - Creating connection object with the following settings: 
{'address': '1', 'port': '/dev/ttyUSB0', 'encoding': 'UTF-8', 'command_delay': 0, 'receive_buffer_size': 128, 'receive_timeout': 10, 'transmit_timeout': 1, 'receiving_interval': 0.05, 'write_timeout': 0.5, 'baudrate': 9600, 'bytesize': 8, 'parity': 'N', 'stopbits': 1, 'xonxoff': False, 'rtscts': False, 'dsrdtr': False, 'inter_byte_timeout': False}
2025-01-16 16:50:48,540 - pylabware.connections.SerialConnection - INFO - Creating connection object with the following settings: 
{'address': None, 'port': '/dev/ttyUSB2', 'encoding': 'UTF-8', 'command_delay': 0.5, 'receive_buffer_size': 128, 'receive_timeout': 1, 'transmit_timeout': 1, 'receiving_interval': 0.05, 'write_timeout': 0.5, 'baudrate': 9600, 'bytesize': 8, 'parity': 'N', 'stopbits': 1, 'xonxoff': True, 'rtscts': False, 'dsrdtr': False, 'inter_byte_timeout': False, 'timeout': 0.1}
2025-01-16 16:50:48,542 - pylabware.connections.SerialConnection - INFO - Starting connection listener...
2025-01-16 16:50:48,542 - pylabware.connections.SerialConnection - INFO - Port /dev/ttyUSB2 opened.
2025-01-16 16:50:48,542 - pylabware.connections.SerialConnection - WARNING - Command rate too high! Delaying next command for 0.5 seconds
2025-01-16 16:50:49,149 - pylabware.controllers.QuantosQB1.QUANTOS - INFO - No carousel/autosampler connected
2025-01-16 16:50:49,149 - pylabware.connections.SerialConnection - WARNING - Command rate too high! Delaying next command for 0.5 seconds
2025-01-16 16:50:52,267 - RiH_Main - INFO - Connecting IKA RCT digital..
2025-01-16 16:50:52,269 - pylabware.connections.SerialConnection - INFO - Starting connection listener...
2025-01-16 16:50:52,269 - pylabware.connections.SerialConnection - INFO - Port /dev/ttyUSB1 opened.
2025-01-16 16:50:52,270 - pylabware.controllers.RCTDigitalHotplate.IKA - INFO - Opened connection.
2025-01-16 16:50:54,336 - RiH_Main - INFO - IKA RCT digital connected.
2025-01-16 16:50:55,842 - RiH_Main - INFO - Stiring velocity set to 200.
2025-01-16 16:50:57,409 - RiH_Main - INFO - Current temperature: 0.0.
2025-01-16 16:50:57,409 - RiH_Main - INFO - Connecting Pump..
2025-01-16 16:50:57,411 - pylabware.connections.SerialConnection - INFO - Starting connection listener...
2025-01-16 16:50:57,411 - pylabware.connections.SerialConnection - INFO - Port /dev/ttyUSB0 opened.
2025-01-16 16:50:57,411 - pylabware.controllers.XCalibur.DISPENSE_PUMP - INFO - Opened connection.
2025-01-16 16:50:57,966 - RiH_Main - INFO - Pump connected.
2025-01-16 16:50:58,521 - pylabware.controllers.XCalibur.DISPENSE_PUMP - INFO - Device initialized.
2025-01-16 16:50:58,521 - RiH_Main - INFO - Pump initialised.
2025-01-16 16:50:59,024 - RiH_Main - INFO - Checking for pump errors
2025-01-16 16:50:59,025 - RiH_Main - INFO - Connecting to the Quantos - opening doors
2025-01-16 16:51:05,422 - RiH_Main - INFO - Quantos connected..
2025-01-16 16:51:05,423 - RiH_Main - INFO - Initialising the filter machine
2025-01-16 16:51:05,423 - RiH_Filtration_System - INFO - Initialising filtration system pump
2025-01-16 16:51:08,434 - pylabware.connections.SerialConnection - INFO - Creating connection object with the following settings: 
{'address': '1', 'port': '/dev/ttyUSB3', 'encoding': 'UTF-8', 'command_delay': 0, 'receive_buffer_size': 128, 'receive_timeout': 10, 'transmit_timeout': 1, 'receiving_interval': 0.05, 'write_timeout': 0.5, 'baudrate': 9600, 'bytesize': 8, 'parity': 'N', 'stopbits': 1, 'xonxoff': False, 'rtscts': False, 'dsrdtr': False, 'inter_byte_timeout': False}
2025-01-16 16:51:08,436 - pylabware.connections.SerialConnection - INFO - Starting connection listener...
2025-01-16 16:51:08,436 - pylabware.connections.SerialConnection - INFO - Port /dev/ttyUSB3 opened.
2025-01-16 16:51:08,436 - pylabware.controllers.XCalibur.FILT_PUMP - INFO - Opened connection.
2025-01-16 16:51:08,487 - pylabware.controllers.XCalibur.FILT_PUMP - INFO - Device initialized.
2025-01-16 16:51:11,318 - pylabware.controllers.XCalibur.FILT_PUMP - INFO - Reply was <Invalid command! Pump Ready.>
2025-01-16 16:51:11,318 - pylabware.controllers.XCalibur.FILT_PUMP - WARNING - A non-fatal error was recieved resending command - errors occured: 1
2025-01-16 16:51:11,923 - RiH_Filtration_System - INFO - Initialising the filtration system arduino
2025-01-16 16:51:11,931 - RiH_Main - INFO - Panda robot connected to 172.16.0.2
2025-01-16 16:51:11,931 - RiH_Main - ERROR - Capper camera is not available.
2025-01-16 16:51:11,931 - RiH_Filtration_System - INFO - E stop is off - checking pump is ready
2025-01-16 16:51:11,973 - RiH_Filtration_System - INFO - pump is idle running command
2025-01-16 16:51:11,973 - RiH_Filtration_System - INFO - Vacuum off
