2024-10-17 11:31:24,012 - Workflow_Config_Helper - INFO - All solids and liquids requested in sample list are in the workflow
2024-10-17 11:31:24,012 - Workflow_Config_Helper - INFO - No errors in workflow detected
2024-10-17 11:31:28,035 - pylabware.connections.SerialConnection - INFO - Creating connection object with the following settings: 
{'address': '', 'port': '/dev/ttyUSB0', 'encoding': 'UTF-8', 'command_delay': 0.5, 'receive_buffer_size': 128, 'receive_timeout': 1, 'transmit_timeout': 1, 'receiving_interval': 0.05, 'write_timeout': 0.5, 'baudrate': 9600, 'bytesize': 7, 'parity': 'E', 'stopbits': 1, 'xonxoff': False, 'rtscts': False, 'dsrdtr': False, 'inter_byte_timeout': False}
2024-10-17 11:31:28,035 - pylabware.connections.SerialConnection - INFO - Creating connection object with the following settings: 
{'address': '1', 'port': '/dev/ttyUSB1', 'encoding': 'UTF-8', 'command_delay': 0, 'receive_buffer_size': 128, 'receive_timeout': 10, 'transmit_timeout': 1, 'receiving_interval': 0.05, 'write_timeout': 0.5, 'baudrate': 9600, 'bytesize': 8, 'parity': 'N', 'stopbits': 1, 'xonxoff': False, 'rtscts': False, 'dsrdtr': False, 'inter_byte_timeout': False}
2024-10-17 11:31:28,036 - pylabware.connections.SerialConnection - INFO - Creating connection object with the following settings: 
{'address': None, 'port': '/dev/ttyUSB2', 'encoding': 'UTF-8', 'command_delay': 0.5, 'receive_buffer_size': 128, 'receive_timeout': 1, 'transmit_timeout': 1, 'receiving_interval': 0.05, 'write_timeout': 0.5, 'baudrate': 9600, 'bytesize': 8, 'parity': 'N', 'stopbits': 1, 'xonxoff': True, 'rtscts': False, 'dsrdtr': False, 'inter_byte_timeout': False, 'timeout': 0.1}
2024-10-17 11:31:28,038 - pylabware.connections.SerialConnection - INFO - Starting connection listener...
2024-10-17 11:31:28,038 - pylabware.connections.SerialConnection - INFO - Port /dev/ttyUSB2 opened.
2024-10-17 11:31:28,039 - pylabware.connections.SerialConnection - WARNING - Command rate too high! Delaying next command for 0.5 seconds
2024-10-17 11:31:28,646 - pylabware.controllers.QuantosQB1.QUANTOS - INFO - No carousel/autosampler connected
2024-10-17 11:31:28,646 - pylabware.connections.SerialConnection - WARNING - Command rate too high! Delaying next command for 0.5 seconds
2024-10-17 11:31:31,817 - RiH_Main - INFO - Connecting IKA RCT digital..
2024-10-17 11:31:31,820 - pylabware.connections.SerialConnection - INFO - Starting connection listener...
2024-10-17 11:31:31,820 - pylabware.connections.SerialConnection - INFO - Port /dev/ttyUSB0 opened.
2024-10-17 11:31:31,821 - pylabware.controllers.RCTDigitalHotplate.IKA - INFO - Opened connection.
2024-10-17 11:31:33,890 - RiH_Main - INFO - IKA RCT digital connected.
2024-10-17 11:31:35,392 - RiH_Main - INFO - Stiring velocity set to 100.
2024-10-17 11:31:36,967 - RiH_Main - INFO - Current temperature: 0.0.
2024-10-17 11:31:36,968 - RiH_Main - INFO - Connecting Pump..
2024-10-17 11:31:36,970 - pylabware.connections.SerialConnection - INFO - Starting connection listener...
2024-10-17 11:31:36,970 - pylabware.connections.SerialConnection - INFO - Port /dev/ttyUSB1 opened.
2024-10-17 11:31:36,970 - pylabware.controllers.XCalibur.DISPENSE_PUMP - INFO - Opened connection.
2024-10-17 11:31:37,526 - pylabware.controllers.XCalibur.DISPENSE_PUMP - INFO - Reply was <No error. Pump Ready.> - error free condition
2024-10-17 11:31:37,527 - RiH_Main - INFO - Pump connected.
2024-10-17 11:31:38,081 - pylabware.controllers.XCalibur.DISPENSE_PUMP - INFO - Reply was <No error. Pump Busy.> - error free condition
2024-10-17 11:31:38,081 - pylabware.controllers.XCalibur.DISPENSE_PUMP - INFO - Device initialized.
2024-10-17 11:31:38,081 - RiH_Main - INFO - Pump initialised.
2024-10-17 11:31:38,583 - RiH_Main - INFO - Checking for pump errors
2024-10-17 11:31:38,584 - pylabware.controllers.XCalibur.DISPENSE_PUMP - INFO - Reply was <No error. Pump Busy.> - error free condition
2024-10-17 11:31:38,584 - RiH_Main - INFO - Connecting to the Quantos - opening doors
2024-10-17 11:31:44,939 - RiH_Main - INFO - Quantos connected..
2024-10-17 11:31:44,939 - RiH_Main - INFO - Initialising the filter machine
2024-10-17 11:31:44,940 - RiH_Filtration_System - INFO - Initialising filtration system pump
2024-10-17 11:31:44,940 - pylabware.connections.SerialConnection - INFO - Creating connection object with the following settings: 
{'address': '1', 'port': '/dev/ttyUSB3', 'encoding': 'UTF-8', 'command_delay': 0, 'receive_buffer_size': 128, 'receive_timeout': 10, 'transmit_timeout': 1, 'receiving_interval': 0.05, 'write_timeout': 0.5, 'baudrate': 9600, 'bytesize': 8, 'parity': 'N', 'stopbits': 1, 'xonxoff': False, 'rtscts': False, 'dsrdtr': False, 'inter_byte_timeout': False}
2024-10-17 11:31:44,942 - pylabware.connections.SerialConnection - INFO - Starting connection listener...
2024-10-17 11:31:44,942 - pylabware.connections.SerialConnection - INFO - Port /dev/ttyUSB3 opened.
2024-10-17 11:31:44,942 - pylabware.controllers.XCalibur.FILT_PUMP - INFO - Opened connection.
2024-10-17 11:31:44,993 - pylabware.controllers.XCalibur.FILT_PUMP - INFO - Reply was <No error. Pump Busy.> - error free condition
2024-10-17 11:31:44,994 - pylabware.controllers.XCalibur.FILT_PUMP - INFO - Device initialized.
2024-10-17 11:31:45,044 - pylabware.controllers.XCalibur.FILT_PUMP - INFO - Reply was <No error. Pump Busy.> - error free condition
2024-10-17 11:31:45,598 - pylabware.controllers.XCalibur.FILT_PUMP - INFO - Reply was <No error. Pump Busy.> - error free condition
2024-10-17 11:31:46,152 - pylabware.controllers.XCalibur.FILT_PUMP - INFO - Reply was <No error. Pump Busy.> - error free condition
2024-10-17 11:31:46,706 - pylabware.controllers.XCalibur.FILT_PUMP - INFO - Reply was <No error. Pump Busy.> - error free condition
2024-10-17 11:31:47,261 - pylabware.controllers.XCalibur.FILT_PUMP - INFO - Reply was <No error. Pump Busy.> - error free condition
2024-10-17 11:31:47,817 - pylabware.controllers.XCalibur.FILT_PUMP - INFO - Reply was <Invalid command! Pump Ready.>
2024-10-17 11:31:47,817 - pylabware.controllers.XCalibur.FILT_PUMP - WARNING - A non-fatal error was recieved resending command - errors occured: 1
2024-10-17 11:31:47,867 - pylabware.controllers.XCalibur.FILT_PUMP - INFO - Reply was <No error. Pump Ready.> - error free condition
2024-10-17 11:31:48,422 - pylabware.controllers.XCalibur.FILT_PUMP - INFO - Reply was <No error. Pump Ready.> - error free condition
2024-10-17 11:31:48,422 - RiH_Filtration_System - INFO - Initialisng the filtration system arduino
2024-10-17 11:31:48,431 - RiH_Main - INFO - Panda robot connected to 172.16.0.2
2024-10-17 11:31:48,431 - RiH_Main - ERROR - Capper camera is not available.
2024-10-17 11:31:48,431 - Timer - INFO - Setting timer to 0 h 1 m 1 s
2024-10-17 11:31:48,431 - Timer - INFO - Timer set to 61
2024-10-17 11:31:48,431 - Timer - INFO - Elapsed time: 0 h 0 m 0 s
2024-10-17 11:31:49,437 - Timer - INFO - Elapsed time: 0 h 0 m 1 s
2024-10-17 11:31:50,441 - Timer - INFO - Elapsed time: 0 h 0 m 2 s
2024-10-17 11:31:51,446 - Timer - INFO - Elapsed time: 0 h 0 m 3 s
2024-10-17 11:31:52,452 - Timer - INFO - Elapsed time: 0 h 0 m 4 s
2024-10-17 11:31:53,454 - Timer - INFO - Elapsed time: 0 h 0 m 5 s
2024-10-17 11:31:54,459 - Timer - INFO - Elapsed time: 0 h 0 m 6 s
2024-10-17 11:31:55,464 - Timer - INFO - Elapsed time: 0 h 0 m 7 s
2024-10-17 11:31:56,470 - Timer - INFO - Elapsed time: 0 h 0 m 8 s
2024-10-17 11:31:57,473 - Timer - INFO - Elapsed time: 0 h 0 m 9 s
2024-10-17 11:31:58,478 - Timer - INFO - Elapsed time: 0 h 0 m 10 s
2024-10-17 11:31:59,480 - Timer - INFO - Elapsed time: 0 h 0 m 11 s
2024-10-17 11:32:00,484 - Timer - INFO - Elapsed time: 0 h 0 m 12 s
2024-10-17 11:32:01,490 - Timer - INFO - Elapsed time: 0 h 0 m 13 s
2024-10-17 11:32:02,495 - Timer - INFO - Elapsed time: 0 h 0 m 14 s
2024-10-17 11:32:03,501 - Timer - INFO - Elapsed time: 0 h 0 m 15 s
2024-10-17 11:32:04,506 - Timer - INFO - Elapsed time: 0 h 0 m 16 s
2024-10-17 11:32:05,507 - Timer - INFO - Elapsed time: 0 h 0 m 17 s
2024-10-17 11:32:06,512 - Timer - INFO - Elapsed time: 0 h 0 m 18 s
2024-10-17 11:32:07,518 - Timer - INFO - Elapsed time: 0 h 0 m 19 s
2024-10-17 11:32:08,524 - Timer - INFO - Elapsed time: 0 h 0 m 20 s
2024-10-17 11:32:09,529 - Timer - INFO - Elapsed time: 0 h 0 m 21 s
2024-10-17 11:32:10,534 - Timer - INFO - Elapsed time: 0 h 0 m 22 s
2024-10-17 11:32:11,540 - Timer - INFO - Elapsed time: 0 h 0 m 23 s
2024-10-17 11:32:12,541 - Timer - INFO - Elapsed time: 0 h 0 m 24 s
2024-10-17 11:32:13,546 - Timer - INFO - Elapsed time: 0 h 0 m 25 s
2024-10-17 11:32:14,552 - Timer - INFO - Elapsed time: 0 h 0 m 26 s
2024-10-17 11:32:15,557 - Timer - INFO - Elapsed time: 0 h 0 m 27 s
2024-10-17 11:32:16,563 - Timer - INFO - Elapsed time: 0 h 0 m 28 s
2024-10-17 11:32:17,568 - Timer - INFO - Elapsed time: 0 h 0 m 29 s
2024-10-17 11:32:18,574 - Timer - INFO - Elapsed time: 0 h 0 m 30 s
2024-10-17 11:32:19,579 - Timer - INFO - Elapsed time: 0 h 0 m 31 s
2024-10-17 11:32:20,581 - Timer - INFO - Elapsed time: 0 h 0 m 32 s
2024-10-17 11:32:21,587 - Timer - INFO - Elapsed time: 0 h 0 m 33 s
2024-10-17 11:32:22,592 - Timer - INFO - Elapsed time: 0 h 0 m 34 s
2024-10-17 11:32:23,598 - Timer - INFO - Elapsed time: 0 h 0 m 35 s
2024-10-17 11:32:24,603 - Timer - INFO - Elapsed time: 0 h 0 m 36 s
2024-10-17 11:32:25,609 - Timer - INFO - Elapsed time: 0 h 0 m 37 s
2024-10-17 11:32:26,615 - Timer - INFO - Elapsed time: 0 h 0 m 38 s
2024-10-17 11:32:27,620 - Timer - INFO - Elapsed time: 0 h 0 m 39 s
2024-10-17 11:32:28,625 - Timer - INFO - Elapsed time: 0 h 0 m 40 s
2024-10-17 11:32:29,630 - Timer - INFO - Elapsed time: 0 h 0 m 41 s
2024-10-17 11:32:30,636 - Timer - INFO - Elapsed time: 0 h 0 m 42 s
2024-10-17 11:32:31,641 - Timer - INFO - Elapsed time: 0 h 0 m 43 s
2024-10-17 11:32:32,647 - Timer - INFO - Elapsed time: 0 h 0 m 44 s
2024-10-17 11:32:33,652 - Timer - INFO - Elapsed time: 0 h 0 m 45 s
2024-10-17 11:32:34,658 - Timer - INFO - Elapsed time: 0 h 0 m 46 s
2024-10-17 11:32:35,663 - Timer - INFO - Elapsed time: 0 h 0 m 47 s
2024-10-17 11:32:36,669 - Timer - INFO - Elapsed time: 0 h 0 m 48 s
2024-10-17 11:32:37,675 - Timer - INFO - Elapsed time: 0 h 0 m 49 s
2024-10-17 11:32:38,680 - Timer - INFO - Elapsed time: 0 h 0 m 50 s
2024-10-17 11:32:39,686 - Timer - INFO - Elapsed time: 0 h 0 m 51 s
2024-10-17 11:32:40,691 - Timer - INFO - Elapsed time: 0 h 0 m 52 s
2024-10-17 11:32:41,697 - Timer - INFO - Elapsed time: 0 h 0 m 53 s
2024-10-17 11:32:42,702 - Timer - INFO - Elapsed time: 0 h 0 m 54 s
2024-10-17 11:32:43,708 - Timer - INFO - Elapsed time: 0 h 0 m 55 s
2024-10-17 11:32:44,713 - Timer - INFO - Elapsed time: 0 h 0 m 56 s
2024-10-17 11:32:45,719 - Timer - INFO - Elapsed time: 0 h 0 m 57 s
2024-10-17 11:32:46,724 - Timer - INFO - Elapsed time: 0 h 0 m 58 s
2024-10-17 11:32:47,730 - Timer - INFO - Elapsed time: 0 h 0 m 59 s
2024-10-17 11:32:48,735 - Timer - INFO - Elapsed time: 0 h 1 m 0 s
2024-10-17 11:32:49,741 - Timer - INFO - Elapsed time: 0 h 1 m 1 s
2024-10-17 11:32:50,747 - Timer - INFO - [INFO] Waiting finished....
2024-10-17 11:32:50,747 - pylabware.connections.SerialConnection - WARNING - Command rate too high! Delaying next command for 0.5 seconds
2024-10-17 11:33:01,694 - Workflow_Config_Helper - INFO - All solids and liquids requested in sample list are in the workflow
2024-10-17 11:33:01,694 - Workflow_Config_Helper - INFO - No errors in workflow detected
2024-10-17 11:33:05,717 - pylabware.connections.SerialConnection - INFO - Creating connection object with the following settings: 
{'address': '', 'port': '/dev/ttyUSB0', 'encoding': 'UTF-8', 'command_delay': 0.5, 'receive_buffer_size': 128, 'receive_timeout': 1, 'transmit_timeout': 1, 'receiving_interval': 0.05, 'write_timeout': 0.5, 'baudrate': 9600, 'bytesize': 7, 'parity': 'E', 'stopbits': 1, 'xonxoff': False, 'rtscts': False, 'dsrdtr': False, 'inter_byte_timeout': False}
2024-10-17 11:33:05,718 - pylabware.connections.SerialConnection - INFO - Creating connection object with the following settings: 
{'address': '1', 'port': '/dev/ttyUSB1', 'encoding': 'UTF-8', 'command_delay': 0, 'receive_buffer_size': 128, 'receive_timeout': 10, 'transmit_timeout': 1, 'receiving_interval': 0.05, 'write_timeout': 0.5, 'baudrate': 9600, 'bytesize': 8, 'parity': 'N', 'stopbits': 1, 'xonxoff': False, 'rtscts': False, 'dsrdtr': False, 'inter_byte_timeout': False}
2024-10-17 11:33:05,718 - pylabware.connections.SerialConnection - INFO - Creating connection object with the following settings: 
{'address': None, 'port': '/dev/ttyUSB2', 'encoding': 'UTF-8', 'command_delay': 0.5, 'receive_buffer_size': 128, 'receive_timeout': 1, 'transmit_timeout': 1, 'receiving_interval': 0.05, 'write_timeout': 0.5, 'baudrate': 9600, 'bytesize': 8, 'parity': 'N', 'stopbits': 1, 'xonxoff': True, 'rtscts': False, 'dsrdtr': False, 'inter_byte_timeout': False, 'timeout': 0.1}
2024-10-17 11:33:05,720 - pylabware.connections.SerialConnection - INFO - Starting connection listener...
2024-10-17 11:33:05,721 - pylabware.connections.SerialConnection - INFO - Port /dev/ttyUSB2 opened.
2024-10-17 11:33:05,721 - pylabware.connections.SerialConnection - WARNING - Command rate too high! Delaying next command for 0.5 seconds
2024-10-17 11:33:06,329 - pylabware.controllers.QuantosQB1.QUANTOS - INFO - No carousel/autosampler connected
2024-10-17 11:33:06,329 - pylabware.connections.SerialConnection - WARNING - Command rate too high! Delaying next command for 0.5 seconds
2024-10-17 11:33:09,450 - RiH_Main - INFO - Connecting IKA RCT digital..
2024-10-17 11:33:09,453 - pylabware.connections.SerialConnection - INFO - Starting connection listener...
2024-10-17 11:33:09,453 - pylabware.connections.SerialConnection - INFO - Port /dev/ttyUSB0 opened.
2024-10-17 11:33:09,453 - pylabware.controllers.RCTDigitalHotplate.IKA - INFO - Opened connection.
2024-10-17 11:33:11,522 - RiH_Main - INFO - IKA RCT digital connected.
2024-10-17 11:33:13,031 - RiH_Main - INFO - Stiring velocity set to 100.
2024-10-17 11:33:14,600 - RiH_Main - INFO - Current temperature: 0.0.
2024-10-17 11:33:14,600 - RiH_Main - INFO - Connecting Pump..
2024-10-17 11:33:14,603 - pylabware.connections.SerialConnection - INFO - Starting connection listener...
2024-10-17 11:33:14,603 - pylabware.connections.SerialConnection - INFO - Port /dev/ttyUSB1 opened.
2024-10-17 11:33:14,603 - pylabware.controllers.XCalibur.DISPENSE_PUMP - INFO - Opened connection.
2024-10-17 11:33:15,159 - pylabware.controllers.XCalibur.DISPENSE_PUMP - INFO - Reply was <No error. Pump Ready.> - error free condition
2024-10-17 11:33:15,160 - RiH_Main - INFO - Pump connected.
2024-10-17 11:33:15,715 - pylabware.controllers.XCalibur.DISPENSE_PUMP - INFO - Reply was <No error. Pump Busy.> - error free condition
2024-10-17 11:33:15,715 - pylabware.controllers.XCalibur.DISPENSE_PUMP - INFO - Device initialized.
2024-10-17 11:33:15,715 - RiH_Main - INFO - Pump initialised.
2024-10-17 11:33:16,218 - RiH_Main - INFO - Checking for pump errors
2024-10-17 11:33:16,218 - pylabware.controllers.XCalibur.DISPENSE_PUMP - INFO - Reply was <No error. Pump Busy.> - error free condition
2024-10-17 11:33:16,218 - RiH_Main - INFO - Connecting to the Quantos - opening doors
2024-10-17 11:33:22,526 - RiH_Main - INFO - Quantos connected..
2024-10-17 11:33:22,526 - RiH_Main - INFO - Initialising the filter machine
2024-10-17 11:33:22,526 - RiH_Filtration_System - INFO - Initialising filtration system pump
2024-10-17 11:33:22,527 - pylabware.connections.SerialConnection - INFO - Creating connection object with the following settings: 
{'address': '1', 'port': '/dev/ttyUSB3', 'encoding': 'UTF-8', 'command_delay': 0, 'receive_buffer_size': 128, 'receive_timeout': 10, 'transmit_timeout': 1, 'receiving_interval': 0.05, 'write_timeout': 0.5, 'baudrate': 9600, 'bytesize': 8, 'parity': 'N', 'stopbits': 1, 'xonxoff': False, 'rtscts': False, 'dsrdtr': False, 'inter_byte_timeout': False}
2024-10-17 11:33:22,530 - pylabware.connections.SerialConnection - INFO - Starting connection listener...
2024-10-17 11:33:22,530 - pylabware.connections.SerialConnection - INFO - Port /dev/ttyUSB3 opened.
2024-10-17 11:33:22,530 - pylabware.controllers.XCalibur.FILT_PUMP - INFO - Opened connection.
2024-10-17 11:33:22,581 - pylabware.controllers.XCalibur.FILT_PUMP - INFO - Reply was <No error. Pump Busy.> - error free condition
2024-10-17 11:33:22,582 - pylabware.controllers.XCalibur.FILT_PUMP - INFO - Device initialized.
2024-10-17 11:33:22,632 - pylabware.controllers.XCalibur.FILT_PUMP - INFO - Reply was <No error. Pump Busy.> - error free condition
2024-10-17 11:33:23,188 - pylabware.controllers.XCalibur.FILT_PUMP - INFO - Reply was <No error. Pump Busy.> - error free condition
2024-10-17 11:33:23,743 - pylabware.controllers.XCalibur.FILT_PUMP - INFO - Reply was <No error. Pump Busy.> - error free condition
2024-10-17 11:33:24,298 - pylabware.controllers.XCalibur.FILT_PUMP - INFO - Reply was <No error. Pump Busy.> - error free condition
2024-10-17 11:33:24,853 - pylabware.controllers.XCalibur.FILT_PUMP - INFO - Reply was <No error. Pump Busy.> - error free condition
2024-10-17 11:33:25,409 - pylabware.controllers.XCalibur.FILT_PUMP - INFO - Reply was <Invalid command! Pump Ready.>
2024-10-17 11:33:25,409 - pylabware.controllers.XCalibur.FILT_PUMP - WARNING - A non-fatal error was recieved resending command - errors occured: 1
2024-10-17 11:33:25,460 - pylabware.controllers.XCalibur.FILT_PUMP - INFO - Reply was <No error. Pump Ready.> - error free condition
2024-10-17 11:33:26,015 - pylabware.controllers.XCalibur.FILT_PUMP - INFO - Reply was <No error. Pump Ready.> - error free condition
2024-10-17 11:33:26,015 - RiH_Filtration_System - INFO - Initialisng the filtration system arduino
2024-10-17 11:33:26,023 - RiH_Main - INFO - Panda robot connected to 172.16.0.2
2024-10-17 11:33:26,024 - RiH_Main - ERROR - Capper camera is not available.
2024-10-17 11:33:26,024 - Timer - INFO - Setting timer to 0 h 1 m 1 s
2024-10-17 11:33:26,024 - Timer - INFO - Timer set to 61
2024-10-17 11:33:26,024 - Timer - INFO - Elapsed time: 0 h 0 m 0 s
2024-10-17 11:33:27,029 - Timer - INFO - Elapsed time: 0 h 0 m 1 s
2024-10-17 11:33:28,035 - Timer - INFO - Elapsed time: 0 h 0 m 2 s
2024-10-17 11:33:29,040 - Timer - INFO - Elapsed time: 0 h 0 m 3 s
2024-10-17 11:33:30,043 - Timer - INFO - Elapsed time: 0 h 0 m 4 s
2024-10-17 11:33:31,048 - Timer - INFO - Elapsed time: 0 h 0 m 5 s
2024-10-17 11:33:32,054 - Timer - INFO - Elapsed time: 0 h 0 m 6 s
2024-10-17 11:33:33,059 - Timer - INFO - Elapsed time: 0 h 0 m 7 s
2024-10-17 11:33:34,064 - Timer - INFO - Elapsed time: 0 h 0 m 8 s
2024-10-17 11:33:35,069 - Timer - INFO - Elapsed time: 0 h 0 m 9 s
2024-10-17 11:33:36,075 - Timer - INFO - Elapsed time: 0 h 0 m 10 s
2024-10-17 11:33:37,080 - Timer - INFO - Elapsed time: 0 h 0 m 11 s
2024-10-17 11:33:38,086 - Timer - INFO - Elapsed time: 0 h 0 m 12 s
2024-10-17 11:33:39,091 - Timer - INFO - Elapsed time: 0 h 0 m 13 s
2024-10-17 11:33:40,097 - Timer - INFO - Elapsed time: 0 h 0 m 14 s
2024-10-17 11:33:41,103 - Timer - INFO - Elapsed time: 0 h 0 m 15 s
2024-10-17 11:33:42,108 - Timer - INFO - Elapsed time: 0 h 0 m 16 s
2024-10-17 11:33:43,114 - Timer - INFO - Elapsed time: 0 h 0 m 17 s
2024-10-17 11:33:44,119 - Timer - INFO - Elapsed time: 0 h 0 m 18 s
2024-10-17 11:33:45,124 - Timer - INFO - Elapsed time: 0 h 0 m 19 s
2024-10-17 11:33:46,126 - Timer - INFO - Elapsed time: 0 h 0 m 20 s
2024-10-17 11:33:47,132 - Timer - INFO - Elapsed time: 0 h 0 m 21 s
2024-10-17 11:33:48,137 - Timer - INFO - Elapsed time: 0 h 0 m 22 s
2024-10-17 11:33:49,143 - Timer - INFO - Elapsed time: 0 h 0 m 23 s
2024-10-17 11:33:50,148 - Timer - INFO - Elapsed time: 0 h 0 m 24 s
2024-10-17 11:33:51,154 - Timer - INFO - Elapsed time: 0 h 0 m 25 s
2024-10-17 11:33:52,159 - Timer - INFO - Elapsed time: 0 h 0 m 26 s
2024-10-17 11:33:53,165 - Timer - INFO - Elapsed time: 0 h 0 m 27 s
2024-10-17 11:33:54,170 - Timer - INFO - Elapsed time: 0 h 0 m 28 s
2024-10-17 11:33:55,176 - Timer - INFO - Elapsed time: 0 h 0 m 29 s
2024-10-17 11:33:56,181 - Timer - INFO - Elapsed time: 0 h 0 m 30 s
2024-10-17 11:33:57,187 - Timer - INFO - Elapsed time: 0 h 0 m 31 s
2024-10-17 11:33:58,189 - Timer - INFO - Elapsed time: 0 h 0 m 32 s
2024-10-17 11:33:59,192 - Timer - INFO - Elapsed time: 0 h 0 m 33 s
2024-10-17 11:34:00,198 - Timer - INFO - Elapsed time: 0 h 0 m 34 s
2024-10-17 11:34:01,203 - Timer - INFO - Elapsed time: 0 h 0 m 35 s
2024-10-17 11:34:02,209 - Timer - INFO - Elapsed time: 0 h 0 m 36 s
2024-10-17 11:34:03,215 - Timer - INFO - Elapsed time: 0 h 0 m 37 s
2024-10-17 11:34:04,220 - Timer - INFO - Elapsed time: 0 h 0 m 38 s
2024-10-17 11:34:05,226 - Timer - INFO - Elapsed time: 0 h 0 m 39 s
2024-10-17 11:34:06,231 - Timer - INFO - Elapsed time: 0 h 0 m 40 s
2024-10-17 11:34:07,237 - Timer - INFO - Elapsed time: 0 h 0 m 41 s
2024-10-17 11:34:08,242 - Timer - INFO - Elapsed time: 0 h 0 m 42 s
2024-10-17 11:34:09,248 - Timer - INFO - Elapsed time: 0 h 0 m 43 s
2024-10-17 11:34:10,250 - Timer - INFO - Elapsed time: 0 h 0 m 44 s
2024-10-17 11:34:11,255 - Timer - INFO - Elapsed time: 0 h 0 m 45 s
2024-10-17 11:34:12,261 - Timer - INFO - Elapsed time: 0 h 0 m 46 s
2024-10-17 11:34:13,264 - Timer - INFO - Elapsed time: 0 h 0 m 47 s
2024-10-17 11:34:14,265 - Timer - INFO - Elapsed time: 0 h 0 m 48 s
2024-10-17 11:34:15,271 - Timer - INFO - Elapsed time: 0 h 0 m 49 s
2024-10-17 11:34:16,272 - Timer - INFO - Elapsed time: 0 h 0 m 50 s
2024-10-17 11:34:17,277 - Timer - INFO - Elapsed time: 0 h 0 m 51 s
2024-10-17 11:34:18,283 - Timer - INFO - Elapsed time: 0 h 0 m 52 s
2024-10-17 11:34:19,288 - Timer - INFO - Elapsed time: 0 h 0 m 53 s
2024-10-17 11:34:20,294 - Timer - INFO - Elapsed time: 0 h 0 m 54 s
2024-10-17 11:34:21,300 - Timer - INFO - Elapsed time: 0 h 0 m 55 s
2024-10-17 11:34:22,305 - Timer - INFO - Elapsed time: 0 h 0 m 56 s
2024-10-17 11:34:23,311 - Timer - INFO - Elapsed time: 0 h 0 m 57 s
2024-10-17 11:34:24,316 - Timer - INFO - Elapsed time: 0 h 0 m 58 s
2024-10-17 11:34:25,322 - Timer - INFO - Elapsed time: 0 h 0 m 59 s
2024-10-17 11:34:26,327 - Timer - INFO - Elapsed time: 0 h 1 m 0 s
2024-10-17 11:34:27,333 - Timer - INFO - Elapsed time: 0 h 1 m 1 s
2024-10-17 11:34:28,338 - Timer - INFO - [INFO] Waiting finished....
2024-10-17 11:34:28,338 - pylabware.connections.SerialConnection - WARNING - Command rate too high! Delaying next command for 0.5 seconds
2024-10-17 11:35:59,754 - Workflow_Config_Helper - INFO - All solids and liquids requested in sample list are in the workflow
2024-10-17 11:35:59,754 - Workflow_Config_Helper - INFO - No errors in workflow detected
2024-10-17 11:36:03,777 - pylabware.connections.SerialConnection - INFO - Creating connection object with the following settings: 
{'address': '', 'port': '/dev/ttyUSB0', 'encoding': 'UTF-8', 'command_delay': 0.5, 'receive_buffer_size': 128, 'receive_timeout': 1, 'transmit_timeout': 1, 'receiving_interval': 0.05, 'write_timeout': 0.5, 'baudrate': 9600, 'bytesize': 7, 'parity': 'E', 'stopbits': 1, 'xonxoff': False, 'rtscts': False, 'dsrdtr': False, 'inter_byte_timeout': False}
2024-10-17 11:36:03,777 - pylabware.connections.SerialConnection - INFO - Creating connection object with the following settings: 
{'address': '1', 'port': '/dev/ttyUSB1', 'encoding': 'UTF-8', 'command_delay': 0, 'receive_buffer_size': 128, 'receive_timeout': 10, 'transmit_timeout': 1, 'receiving_interval': 0.05, 'write_timeout': 0.5, 'baudrate': 9600, 'bytesize': 8, 'parity': 'N', 'stopbits': 1, 'xonxoff': False, 'rtscts': False, 'dsrdtr': False, 'inter_byte_timeout': False}
2024-10-17 11:36:03,778 - pylabware.connections.SerialConnection - INFO - Creating connection object with the following settings: 
{'address': None, 'port': '/dev/ttyUSB2', 'encoding': 'UTF-8', 'command_delay': 0.5, 'receive_buffer_size': 128, 'receive_timeout': 1, 'transmit_timeout': 1, 'receiving_interval': 0.05, 'write_timeout': 0.5, 'baudrate': 9600, 'bytesize': 8, 'parity': 'N', 'stopbits': 1, 'xonxoff': True, 'rtscts': False, 'dsrdtr': False, 'inter_byte_timeout': False, 'timeout': 0.1}
2024-10-17 11:36:03,780 - pylabware.connections.SerialConnection - INFO - Starting connection listener...
2024-10-17 11:36:03,780 - pylabware.connections.SerialConnection - INFO - Port /dev/ttyUSB2 opened.
2024-10-17 11:36:03,781 - pylabware.connections.SerialConnection - WARNING - Command rate too high! Delaying next command for 0.5 seconds
2024-10-17 11:36:04,388 - pylabware.controllers.QuantosQB1.QUANTOS - INFO - No carousel/autosampler connected
2024-10-17 11:36:04,388 - pylabware.connections.SerialConnection - WARNING - Command rate too high! Delaying next command for 0.5 seconds
2024-10-17 11:36:07,507 - RiH_Main - INFO - Connecting IKA RCT digital..
2024-10-17 11:36:07,510 - pylabware.connections.SerialConnection - INFO - Starting connection listener...
2024-10-17 11:36:07,510 - pylabware.connections.SerialConnection - INFO - Port /dev/ttyUSB0 opened.
2024-10-17 11:36:07,511 - pylabware.controllers.RCTDigitalHotplate.IKA - INFO - Opened connection.
2024-10-17 11:36:09,579 - RiH_Main - INFO - IKA RCT digital connected.
2024-10-17 11:36:11,088 - RiH_Main - INFO - Stiring velocity set to 100.
2024-10-17 11:36:12,657 - RiH_Main - INFO - Current temperature: 0.0.
2024-10-17 11:36:12,658 - RiH_Main - INFO - Connecting Pump..
2024-10-17 11:36:12,660 - pylabware.connections.SerialConnection - INFO - Starting connection listener...
2024-10-17 11:36:12,660 - pylabware.connections.SerialConnection - INFO - Port /dev/ttyUSB1 opened.
2024-10-17 11:36:12,661 - pylabware.controllers.XCalibur.DISPENSE_PUMP - INFO - Opened connection.
2024-10-17 11:36:13,216 - pylabware.controllers.XCalibur.DISPENSE_PUMP - INFO - Reply was <No error. Pump Ready.> - error free condition
2024-10-17 11:36:13,217 - RiH_Main - INFO - Pump connected.
2024-10-17 11:36:13,771 - pylabware.controllers.XCalibur.DISPENSE_PUMP - INFO - Reply was <No error. Pump Busy.> - error free condition
2024-10-17 11:36:13,771 - pylabware.controllers.XCalibur.DISPENSE_PUMP - INFO - Device initialized.
2024-10-17 11:36:13,771 - RiH_Main - INFO - Pump initialised.
2024-10-17 11:36:14,273 - RiH_Main - INFO - Checking for pump errors
2024-10-17 11:36:14,274 - pylabware.controllers.XCalibur.DISPENSE_PUMP - INFO - Reply was <No error. Pump Busy.> - error free condition
2024-10-17 11:36:14,274 - RiH_Main - INFO - Connecting to the Quantos - opening doors
2024-10-17 11:36:20,724 - RiH_Main - INFO - Quantos connected..
2024-10-17 11:36:20,724 - RiH_Main - INFO - Initialising the filter machine
2024-10-17 11:36:20,725 - RiH_Filtration_System - INFO - Initialising filtration system pump
2024-10-17 11:36:20,725 - pylabware.connections.SerialConnection - INFO - Creating connection object with the following settings: 
{'address': '1', 'port': '/dev/ttyUSB3', 'encoding': 'UTF-8', 'command_delay': 0, 'receive_buffer_size': 128, 'receive_timeout': 10, 'transmit_timeout': 1, 'receiving_interval': 0.05, 'write_timeout': 0.5, 'baudrate': 9600, 'bytesize': 8, 'parity': 'N', 'stopbits': 1, 'xonxoff': False, 'rtscts': False, 'dsrdtr': False, 'inter_byte_timeout': False}
2024-10-17 11:36:20,727 - pylabware.connections.SerialConnection - INFO - Starting connection listener...
2024-10-17 11:36:20,728 - pylabware.connections.SerialConnection - INFO - Port /dev/ttyUSB3 opened.
2024-10-17 11:36:20,728 - pylabware.controllers.XCalibur.FILT_PUMP - INFO - Opened connection.
2024-10-17 11:36:20,779 - pylabware.controllers.XCalibur.FILT_PUMP - INFO - Reply was <No error. Pump Busy.> - error free condition
2024-10-17 11:36:20,780 - pylabware.controllers.XCalibur.FILT_PUMP - INFO - Device initialized.
2024-10-17 11:36:20,830 - pylabware.controllers.XCalibur.FILT_PUMP - INFO - Reply was <No error. Pump Busy.> - error free condition
2024-10-17 11:36:21,385 - pylabware.controllers.XCalibur.FILT_PUMP - INFO - Reply was <No error. Pump Busy.> - error free condition
2024-10-17 11:36:21,940 - pylabware.controllers.XCalibur.FILT_PUMP - INFO - Reply was <No error. Pump Busy.> - error free condition
2024-10-17 11:36:25,346 - Workflow_Config_Helper - INFO - All solids and liquids requested in sample list are in the workflow
2024-10-17 11:36:25,346 - Workflow_Config_Helper - INFO - No errors in workflow detected
2024-10-17 11:36:29,365 - pylabware.connections.SerialConnection - INFO - Creating connection object with the following settings: 
{'address': '', 'port': '/dev/ttyUSB0', 'encoding': 'UTF-8', 'command_delay': 0.5, 'receive_buffer_size': 128, 'receive_timeout': 1, 'transmit_timeout': 1, 'receiving_interval': 0.05, 'write_timeout': 0.5, 'baudrate': 9600, 'bytesize': 7, 'parity': 'E', 'stopbits': 1, 'xonxoff': False, 'rtscts': False, 'dsrdtr': False, 'inter_byte_timeout': False}
2024-10-17 11:36:29,366 - pylabware.connections.SerialConnection - INFO - Creating connection object with the following settings: 
{'address': '1', 'port': '/dev/ttyUSB1', 'encoding': 'UTF-8', 'command_delay': 0, 'receive_buffer_size': 128, 'receive_timeout': 10, 'transmit_timeout': 1, 'receiving_interval': 0.05, 'write_timeout': 0.5, 'baudrate': 9600, 'bytesize': 8, 'parity': 'N', 'stopbits': 1, 'xonxoff': False, 'rtscts': False, 'dsrdtr': False, 'inter_byte_timeout': False}
2024-10-17 11:36:29,366 - pylabware.connections.SerialConnection - INFO - Creating connection object with the following settings: 
{'address': None, 'port': '/dev/ttyUSB2', 'encoding': 'UTF-8', 'command_delay': 0.5, 'receive_buffer_size': 128, 'receive_timeout': 1, 'transmit_timeout': 1, 'receiving_interval': 0.05, 'write_timeout': 0.5, 'baudrate': 9600, 'bytesize': 8, 'parity': 'N', 'stopbits': 1, 'xonxoff': True, 'rtscts': False, 'dsrdtr': False, 'inter_byte_timeout': False, 'timeout': 0.1}
2024-10-17 11:36:29,369 - pylabware.connections.SerialConnection - INFO - Starting connection listener...
2024-10-17 11:36:29,369 - pylabware.connections.SerialConnection - INFO - Port /dev/ttyUSB2 opened.
2024-10-17 11:36:29,370 - pylabware.connections.SerialConnection - WARNING - Command rate too high! Delaying next command for 0.5 seconds
2024-10-17 11:36:29,977 - pylabware.controllers.QuantosQB1.QUANTOS - INFO - No carousel/autosampler connected
2024-10-17 11:36:29,977 - pylabware.connections.SerialConnection - WARNING - Command rate too high! Delaying next command for 0.5 seconds
2024-10-17 11:36:33,100 - RiH_Main - INFO - Connecting IKA RCT digital..
2024-10-17 11:36:33,102 - pylabware.connections.SerialConnection - INFO - Starting connection listener...
2024-10-17 11:36:33,102 - pylabware.connections.SerialConnection - INFO - Port /dev/ttyUSB0 opened.
2024-10-17 11:36:33,103 - pylabware.controllers.RCTDigitalHotplate.IKA - INFO - Opened connection.
2024-10-17 11:36:35,171 - RiH_Main - INFO - IKA RCT digital connected.
2024-10-17 11:36:36,679 - RiH_Main - INFO - Stiring velocity set to 100.
2024-10-17 11:36:38,251 - RiH_Main - INFO - Current temperature: 0.0.
2024-10-17 11:36:38,251 - RiH_Main - INFO - Connecting Pump..
2024-10-17 11:36:38,254 - pylabware.connections.SerialConnection - INFO - Starting connection listener...
2024-10-17 11:36:38,254 - pylabware.connections.SerialConnection - INFO - Port /dev/ttyUSB1 opened.
2024-10-17 11:36:38,255 - pylabware.controllers.XCalibur.DISPENSE_PUMP - INFO - Opened connection.
2024-10-17 11:36:38,810 - pylabware.controllers.XCalibur.DISPENSE_PUMP - INFO - Reply was <No error. Pump Ready.> - error free condition
2024-10-17 11:36:38,810 - RiH_Main - INFO - Pump connected.
2024-10-17 11:36:39,365 - pylabware.controllers.XCalibur.DISPENSE_PUMP - INFO - Reply was <No error. Pump Busy.> - error free condition
2024-10-17 11:36:39,366 - pylabware.controllers.XCalibur.DISPENSE_PUMP - INFO - Device initialized.
2024-10-17 11:36:39,366 - RiH_Main - INFO - Pump initialised.
2024-10-17 11:36:39,869 - RiH_Main - INFO - Checking for pump errors
2024-10-17 11:36:39,869 - pylabware.controllers.XCalibur.DISPENSE_PUMP - INFO - Reply was <No error. Pump Busy.> - error free condition
2024-10-17 11:36:39,870 - RiH_Main - INFO - Connecting to the Quantos - opening doors
2024-10-17 11:36:46,286 - RiH_Main - INFO - Quantos connected..
2024-10-17 11:36:46,286 - RiH_Main - INFO - Initialising the filter machine
2024-10-17 11:36:46,286 - RiH_Filtration_System - INFO - Initialising filtration system pump
2024-10-17 11:36:46,287 - pylabware.connections.SerialConnection - INFO - Creating connection object with the following settings: 
{'address': '1', 'port': '/dev/ttyUSB3', 'encoding': 'UTF-8', 'command_delay': 0, 'receive_buffer_size': 128, 'receive_timeout': 10, 'transmit_timeout': 1, 'receiving_interval': 0.05, 'write_timeout': 0.5, 'baudrate': 9600, 'bytesize': 8, 'parity': 'N', 'stopbits': 1, 'xonxoff': False, 'rtscts': False, 'dsrdtr': False, 'inter_byte_timeout': False}
2024-10-17 11:36:46,289 - pylabware.connections.SerialConnection - INFO - Starting connection listener...
2024-10-17 11:36:46,290 - pylabware.connections.SerialConnection - INFO - Port /dev/ttyUSB3 opened.
2024-10-17 11:36:46,290 - pylabware.controllers.XCalibur.FILT_PUMP - INFO - Opened connection.
2024-10-17 11:36:46,341 - pylabware.controllers.XCalibur.FILT_PUMP - INFO - Reply was <No error. Pump Busy.> - error free condition
2024-10-17 11:36:46,342 - pylabware.controllers.XCalibur.FILT_PUMP - INFO - Device initialized.
2024-10-17 11:36:46,392 - pylabware.controllers.XCalibur.FILT_PUMP - INFO - Reply was <No error. Pump Busy.> - error free condition
2024-10-17 11:36:46,948 - pylabware.controllers.XCalibur.FILT_PUMP - INFO - Reply was <No error. Pump Busy.> - error free condition
2024-10-17 11:36:47,502 - pylabware.controllers.XCalibur.FILT_PUMP - INFO - Reply was <No error. Pump Busy.> - error free condition
2024-10-17 11:36:48,058 - pylabware.controllers.XCalibur.FILT_PUMP - INFO - Reply was <No error. Pump Busy.> - error free condition
2024-10-17 11:36:48,613 - pylabware.controllers.XCalibur.FILT_PUMP - INFO - Reply was <No error. Pump Busy.> - error free condition
2024-10-17 11:36:49,169 - pylabware.controllers.XCalibur.FILT_PUMP - INFO - Reply was <Invalid command! Pump Ready.>
2024-10-17 11:36:49,169 - pylabware.controllers.XCalibur.FILT_PUMP - WARNING - A non-fatal error was recieved resending command - errors occured: 1
2024-10-17 11:36:49,220 - pylabware.controllers.XCalibur.FILT_PUMP - INFO - Reply was <No error. Pump Ready.> - error free condition
2024-10-17 11:36:49,775 - pylabware.controllers.XCalibur.FILT_PUMP - INFO - Reply was <No error. Pump Ready.> - error free condition
2024-10-17 11:36:49,776 - RiH_Filtration_System - INFO - Initialisng the filtration system arduino
2024-10-17 11:36:49,784 - RiH_Main - INFO - Panda robot connected to 172.16.0.2
2024-10-17 11:36:49,784 - RiH_Main - ERROR - Capper camera is not available.
2024-10-17 11:36:49,785 - Timer - INFO - Setting timer to 0 h 0 m 10 s
2024-10-17 11:36:49,785 - Timer - INFO - Timer set to 10
2024-10-17 11:36:49,785 - Timer - INFO - Elapsed time: 0 h 0 m 0 s
2024-10-17 11:36:50,790 - Timer - INFO - Elapsed time: 0 h 0 m 1 s
2024-10-17 11:36:51,796 - Timer - INFO - Elapsed time: 0 h 0 m 2 s
2024-10-17 11:36:52,802 - Timer - INFO - Elapsed time: 0 h 0 m 3 s
2024-10-17 11:36:53,807 - Timer - INFO - Elapsed time: 0 h 0 m 4 s
2024-10-17 11:36:54,813 - Timer - INFO - Elapsed time: 0 h 0 m 5 s
2024-10-17 11:36:55,818 - Timer - INFO - Elapsed time: 0 h 0 m 6 s
2024-10-17 11:36:56,824 - Timer - INFO - Elapsed time: 0 h 0 m 7 s
2024-10-17 11:36:57,829 - Timer - INFO - Elapsed time: 0 h 0 m 8 s
2024-10-17 11:36:58,835 - Timer - INFO - Elapsed time: 0 h 0 m 9 s
2024-10-17 11:36:59,840 - Timer - INFO - Elapsed time: 0 h 0 m 10 s
2024-10-17 11:37:00,846 - Timer - INFO - [INFO] Waiting finished....
2024-10-17 11:37:00,847 - pylabware.connections.SerialConnection - WARNING - Command rate too high! Delaying next command for 0.5 seconds
2024-10-17 11:47:48,058 - Workflow_Config_Helper - INFO - All solids and liquids requested in sample list are in the workflow
2024-10-17 11:47:48,058 - Workflow_Config_Helper - INFO - No errors in workflow detected
2024-10-17 11:47:52,081 - pylabware.connections.SerialConnection - INFO - Creating connection object with the following settings: 
{'address': '', 'port': '/dev/ttyUSB0', 'encoding': 'UTF-8', 'command_delay': 0.5, 'receive_buffer_size': 128, 'receive_timeout': 1, 'transmit_timeout': 1, 'receiving_interval': 0.05, 'write_timeout': 0.5, 'baudrate': 9600, 'bytesize': 7, 'parity': 'E', 'stopbits': 1, 'xonxoff': False, 'rtscts': False, 'dsrdtr': False, 'inter_byte_timeout': False}
2024-10-17 11:47:52,081 - pylabware.connections.SerialConnection - INFO - Creating connection object with the following settings: 
{'address': '1', 'port': '/dev/ttyUSB1', 'encoding': 'UTF-8', 'command_delay': 0, 'receive_buffer_size': 128, 'receive_timeout': 10, 'transmit_timeout': 1, 'receiving_interval': 0.05, 'write_timeout': 0.5, 'baudrate': 9600, 'bytesize': 8, 'parity': 'N', 'stopbits': 1, 'xonxoff': False, 'rtscts': False, 'dsrdtr': False, 'inter_byte_timeout': False}
2024-10-17 11:47:52,082 - pylabware.connections.SerialConnection - INFO - Creating connection object with the following settings: 
{'address': None, 'port': '/dev/ttyUSB2', 'encoding': 'UTF-8', 'command_delay': 0.5, 'receive_buffer_size': 128, 'receive_timeout': 1, 'transmit_timeout': 1, 'receiving_interval': 0.05, 'write_timeout': 0.5, 'baudrate': 9600, 'bytesize': 8, 'parity': 'N', 'stopbits': 1, 'xonxoff': True, 'rtscts': False, 'dsrdtr': False, 'inter_byte_timeout': False, 'timeout': 0.1}
2024-10-17 11:47:52,084 - pylabware.connections.SerialConnection - INFO - Starting connection listener...
2024-10-17 11:47:52,085 - pylabware.connections.SerialConnection - INFO - Port /dev/ttyUSB2 opened.
2024-10-17 11:47:52,085 - pylabware.connections.SerialConnection - WARNING - Command rate too high! Delaying next command for 0.5 seconds
2024-10-17 11:47:52,693 - pylabware.controllers.QuantosQB1.QUANTOS - INFO - No carousel/autosampler connected
2024-10-17 11:47:52,693 - pylabware.connections.SerialConnection - WARNING - Command rate too high! Delaying next command for 0.5 seconds
2024-10-17 11:47:55,967 - RiH_Main - INFO - Connecting IKA RCT digital..
2024-10-17 11:47:55,969 - pylabware.connections.SerialConnection - INFO - Starting connection listener...
2024-10-17 11:47:55,970 - pylabware.connections.SerialConnection - INFO - Port /dev/ttyUSB0 opened.
2024-10-17 11:47:56,160 - pylabware.controllers.RCTDigitalHotplate.IKA - INFO - Opened connection.
2024-10-17 11:47:58,231 - RiH_Main - INFO - IKA RCT digital connected.
2024-10-17 11:47:59,739 - RiH_Main - INFO - Stiring velocity set to 100.
2024-10-17 11:48:01,311 - RiH_Main - INFO - Current temperature: 0.0.
2024-10-17 11:48:01,311 - RiH_Main - INFO - Connecting Pump..
2024-10-17 11:48:01,582 - pylabware.connections.SerialConnection - INFO - Starting connection listener...
2024-10-17 11:48:01,582 - pylabware.connections.SerialConnection - INFO - Port /dev/ttyUSB1 opened.
2024-10-17 11:48:01,583 - pylabware.controllers.XCalibur.DISPENSE_PUMP - INFO - Opened connection.
2024-10-17 11:48:02,138 - pylabware.controllers.XCalibur.DISPENSE_PUMP - INFO - Reply was <No error. Pump Ready.> - error free condition
2024-10-17 11:48:02,139 - RiH_Main - INFO - Pump connected.
2024-10-17 11:48:02,693 - pylabware.controllers.XCalibur.DISPENSE_PUMP - INFO - Reply was <No error. Pump Busy.> - error free condition
2024-10-17 11:48:02,693 - pylabware.controllers.XCalibur.DISPENSE_PUMP - INFO - Device initialized.
2024-10-17 11:48:02,694 - RiH_Main - INFO - Pump initialised.
2024-10-17 11:48:03,197 - RiH_Main - INFO - Checking for pump errors
2024-10-17 11:48:03,197 - pylabware.controllers.XCalibur.DISPENSE_PUMP - INFO - Reply was <No error. Pump Busy.> - error free condition
2024-10-17 11:48:03,197 - RiH_Main - INFO - Connecting to the Quantos - opening doors
2024-10-17 11:48:09,644 - RiH_Main - INFO - Quantos connected..
2024-10-17 11:48:09,645 - RiH_Main - INFO - Initialising the filter machine
2024-10-17 11:48:09,645 - RiH_Filtration_System - INFO - Initialising filtration system pump
2024-10-17 11:48:09,645 - pylabware.connections.SerialConnection - INFO - Creating connection object with the following settings: 
{'address': '1', 'port': '/dev/ttyUSB3', 'encoding': 'UTF-8', 'command_delay': 0, 'receive_buffer_size': 128, 'receive_timeout': 10, 'transmit_timeout': 1, 'receiving_interval': 0.05, 'write_timeout': 0.5, 'baudrate': 9600, 'bytesize': 8, 'parity': 'N', 'stopbits': 1, 'xonxoff': False, 'rtscts': False, 'dsrdtr': False, 'inter_byte_timeout': False}
2024-10-17 11:48:09,648 - pylabware.connections.SerialConnection - INFO - Starting connection listener...
2024-10-17 11:48:09,649 - pylabware.connections.SerialConnection - INFO - Port /dev/ttyUSB3 opened.
2024-10-17 11:48:09,649 - pylabware.controllers.XCalibur.FILT_PUMP - INFO - Opened connection.
2024-10-17 11:59:17,270 - Workflow_Config_Helper - INFO - All solids and liquids requested in sample list are in the workflow
2024-10-17 11:59:17,270 - Workflow_Config_Helper - INFO - No errors in workflow detected
2024-10-17 14:11:26,132 - Workflow_Config_Helper - ERROR - Liquid requested  Water(DI) is not connected to the pump
2024-10-17 14:11:26,132 - Workflow_Config_Helper - ERROR - Solid requested   is not in a Loaded Quantos Cartridge
2024-10-17 14:11:26,132 - Workflow_Config_Helper - ERROR - Errors found between chemicals requested and those in workflow configuration - Liquid Errors: [' Water(DI)'] Solid Errors: [' ']
2024-10-17 14:11:26,827 - Workflow_Config_Helper - ERROR - Liquid requested  Water(DI) is not connected to the pump
2024-10-17 14:11:26,827 - Workflow_Config_Helper - ERROR - Solid requested   is not in a Loaded Quantos Cartridge
2024-10-17 14:11:26,827 - Workflow_Config_Helper - ERROR - Errors found between chemicals requested and those in workflow configuration - Liquid Errors: [' Water(DI)'] Solid Errors: [' ']
2024-10-17 14:15:07,077 - Workflow_Config_Helper - ERROR - Solid requested   is not in a Loaded Quantos Cartridge
2024-10-17 14:15:07,077 - Workflow_Config_Helper - INFO - All solids and liquids requested in sample list are in the workflow
2024-10-17 14:15:07,077 - Workflow_Config_Helper - INFO - No errors in workflow detected
2024-10-17 14:15:11,099 - pylabware.connections.SerialConnection - INFO - Creating connection object with the following settings: 
{'address': '', 'port': '/dev/ttyUSB0', 'encoding': 'UTF-8', 'command_delay': 0.5, 'receive_buffer_size': 128, 'receive_timeout': 1, 'transmit_timeout': 1, 'receiving_interval': 0.05, 'write_timeout': 0.5, 'baudrate': 9600, 'bytesize': 7, 'parity': 'E', 'stopbits': 1, 'xonxoff': False, 'rtscts': False, 'dsrdtr': False, 'inter_byte_timeout': False}
2024-10-17 14:15:11,100 - pylabware.connections.SerialConnection - INFO - Creating connection object with the following settings: 
{'address': '1', 'port': '/dev/ttyUSB1', 'encoding': 'UTF-8', 'command_delay': 0, 'receive_buffer_size': 128, 'receive_timeout': 10, 'transmit_timeout': 1, 'receiving_interval': 0.05, 'write_timeout': 0.5, 'baudrate': 9600, 'bytesize': 8, 'parity': 'N', 'stopbits': 1, 'xonxoff': False, 'rtscts': False, 'dsrdtr': False, 'inter_byte_timeout': False}
2024-10-17 14:15:11,101 - pylabware.connections.SerialConnection - INFO - Creating connection object with the following settings: 
{'address': None, 'port': '/dev/ttyUSB2', 'encoding': 'UTF-8', 'command_delay': 0.5, 'receive_buffer_size': 128, 'receive_timeout': 1, 'transmit_timeout': 1, 'receiving_interval': 0.05, 'write_timeout': 0.5, 'baudrate': 9600, 'bytesize': 8, 'parity': 'N', 'stopbits': 1, 'xonxoff': True, 'rtscts': False, 'dsrdtr': False, 'inter_byte_timeout': False, 'timeout': 0.1}
2024-10-17 14:15:11,103 - pylabware.connections.SerialConnection - INFO - Starting connection listener...
2024-10-17 14:15:11,103 - pylabware.connections.SerialConnection - INFO - Port /dev/ttyUSB2 opened.
2024-10-17 14:15:11,104 - pylabware.connections.SerialConnection - WARNING - Command rate too high! Delaying next command for 0.5 seconds
2024-10-17 14:15:11,712 - pylabware.controllers.QuantosQB1.QUANTOS - INFO - No carousel/autosampler connected
2024-10-17 14:15:11,712 - pylabware.connections.SerialConnection - WARNING - Command rate too high! Delaying next command for 0.5 seconds
2024-10-17 14:15:14,832 - RiH_Main - INFO - Connecting IKA RCT digital..
2024-10-17 14:15:14,834 - pylabware.connections.SerialConnection - INFO - Starting connection listener...
2024-10-17 14:15:14,835 - pylabware.connections.SerialConnection - INFO - Port /dev/ttyUSB0 opened.
2024-10-17 14:15:14,835 - pylabware.controllers.RCTDigitalHotplate.IKA - INFO - Opened connection.
2024-10-17 14:15:16,903 - RiH_Main - INFO - IKA RCT digital connected.
2024-10-17 14:15:18,412 - RiH_Main - INFO - Stiring velocity set to 100.
2024-10-17 14:15:19,981 - RiH_Main - INFO - Current temperature: 0.0.
2024-10-17 14:15:19,982 - RiH_Main - INFO - Connecting Pump..
2024-10-17 14:15:19,983 - pylabware.connections.SerialConnection - INFO - Starting connection listener...
2024-10-17 14:15:19,984 - pylabware.connections.SerialConnection - INFO - Port /dev/ttyUSB1 opened.
2024-10-17 14:15:19,984 - pylabware.controllers.XCalibur.DISPENSE_PUMP - INFO - Opened connection.
2024-10-17 14:15:20,540 - pylabware.controllers.XCalibur.DISPENSE_PUMP - INFO - Reply was <No error. Pump Ready.> - error free condition
2024-10-17 14:15:20,540 - RiH_Main - INFO - Pump connected.
2024-10-17 14:15:21,094 - pylabware.controllers.XCalibur.DISPENSE_PUMP - INFO - Reply was <No error. Pump Busy.> - error free condition
2024-10-17 14:15:21,094 - pylabware.controllers.XCalibur.DISPENSE_PUMP - INFO - Device initialized.
2024-10-17 14:15:21,094 - RiH_Main - INFO - Pump initialised.
2024-10-17 14:15:21,597 - RiH_Main - INFO - Checking for pump errors
2024-10-17 14:15:21,597 - pylabware.controllers.XCalibur.DISPENSE_PUMP - INFO - Reply was <No error. Pump Busy.> - error free condition
2024-10-17 14:15:21,597 - RiH_Main - INFO - Connecting to the Quantos - opening doors
2024-10-17 14:15:28,002 - RiH_Main - INFO - Quantos connected..
2024-10-17 14:15:28,003 - RiH_Main - INFO - Initialising the filter machine
2024-10-17 14:15:28,003 - RiH_Filtration_System - INFO - Initialising filtration system pump
2024-10-17 14:15:28,003 - pylabware.connections.SerialConnection - INFO - Creating connection object with the following settings: 
{'address': '1', 'port': '/dev/ttyUSB3', 'encoding': 'UTF-8', 'command_delay': 0, 'receive_buffer_size': 128, 'receive_timeout': 10, 'transmit_timeout': 1, 'receiving_interval': 0.05, 'write_timeout': 0.5, 'baudrate': 9600, 'bytesize': 8, 'parity': 'N', 'stopbits': 1, 'xonxoff': False, 'rtscts': False, 'dsrdtr': False, 'inter_byte_timeout': False}
2024-10-17 14:15:28,006 - pylabware.connections.SerialConnection - INFO - Starting connection listener...
2024-10-17 14:15:28,006 - pylabware.connections.SerialConnection - INFO - Port /dev/ttyUSB3 opened.
2024-10-17 14:15:28,006 - pylabware.controllers.XCalibur.FILT_PUMP - INFO - Opened connection.
2024-10-17 14:15:28,058 - pylabware.controllers.XCalibur.FILT_PUMP - INFO - Reply was <No error. Pump Busy.> - error free condition
2024-10-17 14:15:28,059 - pylabware.controllers.XCalibur.FILT_PUMP - INFO - Device initialized.
2024-10-17 14:15:28,108 - pylabware.controllers.XCalibur.FILT_PUMP - INFO - Reply was <No error. Pump Busy.> - error free condition
2024-10-17 14:15:28,664 - pylabware.controllers.XCalibur.FILT_PUMP - INFO - Reply was <No error. Pump Busy.> - error free condition
2024-10-17 14:15:29,218 - pylabware.controllers.XCalibur.FILT_PUMP - INFO - Reply was <No error. Pump Busy.> - error free condition
2024-10-17 14:15:29,773 - pylabware.controllers.XCalibur.FILT_PUMP - INFO - Reply was <No error. Pump Busy.> - error free condition
2024-10-17 14:15:30,328 - pylabware.controllers.XCalibur.FILT_PUMP - INFO - Reply was <No error. Pump Busy.> - error free condition
2024-10-17 14:15:30,883 - pylabware.controllers.XCalibur.FILT_PUMP - INFO - Reply was <Invalid command! Pump Ready.>
2024-10-17 14:15:30,883 - pylabware.controllers.XCalibur.FILT_PUMP - WARNING - A non-fatal error was recieved resending command - errors occured: 1
2024-10-17 14:15:30,934 - pylabware.controllers.XCalibur.FILT_PUMP - INFO - Reply was <No error. Pump Ready.> - error free condition
2024-10-17 14:15:31,488 - pylabware.controllers.XCalibur.FILT_PUMP - INFO - Reply was <No error. Pump Ready.> - error free condition
2024-10-17 14:15:31,489 - RiH_Filtration_System - INFO - Initialisng the filtration system arduino
2024-10-17 14:15:31,497 - RiH_Main - INFO - Panda robot connected to 172.16.0.2
2024-10-17 14:15:31,498 - RiH_Main - ERROR - Capper camera is not available.
2024-10-17 14:15:31,499 - Timer - INFO - Setting timer to 0 h 0 m 10 s
2024-10-17 14:15:31,499 - Timer - INFO - Timer set to 10
2024-10-17 14:15:31,499 - Timer - INFO - Elapsed time: 0 h 0 m 0 s
2024-10-17 14:15:32,505 - Timer - INFO - Elapsed time: 0 h 0 m 1 s
2024-10-17 14:15:33,510 - Timer - INFO - Elapsed time: 0 h 0 m 2 s
2024-10-17 14:15:34,516 - Timer - INFO - Elapsed time: 0 h 0 m 3 s
2024-10-17 14:15:35,520 - Timer - INFO - Elapsed time: 0 h 0 m 4 s
2024-10-17 14:15:36,525 - Timer - INFO - Elapsed time: 0 h 0 m 5 s
2024-10-17 14:15:37,530 - Timer - INFO - Elapsed time: 0 h 0 m 6 s
2024-10-17 14:15:38,536 - Timer - INFO - Elapsed time: 0 h 0 m 7 s
2024-10-17 14:15:39,541 - Timer - INFO - Elapsed time: 0 h 0 m 8 s
2024-10-17 14:15:40,547 - Timer - INFO - Elapsed time: 0 h 0 m 9 s
2024-10-17 14:15:41,552 - Timer - INFO - Elapsed time: 0 h 0 m 10 s
2024-10-17 14:15:42,558 - Timer - INFO - [INFO] Waiting finished....
2024-10-17 14:15:42,559 - pylabware.connections.SerialConnection - WARNING - Command rate too high! Delaying next command for 0.5 seconds
2024-10-17 14:15:44,406 - Workflow_Config_Helper - ERROR - Solid requested   is not in a Loaded Quantos Cartridge
2024-10-17 14:15:44,406 - Workflow_Config_Helper - INFO - All solids and liquids requested in sample list are in the workflow
2024-10-17 14:15:44,406 - Workflow_Config_Helper - INFO - No errors in workflow detected
2024-10-17 14:15:48,429 - pylabware.connections.SerialConnection - INFO - Creating connection object with the following settings: 
{'address': '', 'port': '/dev/ttyUSB0', 'encoding': 'UTF-8', 'command_delay': 0.5, 'receive_buffer_size': 128, 'receive_timeout': 1, 'transmit_timeout': 1, 'receiving_interval': 0.05, 'write_timeout': 0.5, 'baudrate': 9600, 'bytesize': 7, 'parity': 'E', 'stopbits': 1, 'xonxoff': False, 'rtscts': False, 'dsrdtr': False, 'inter_byte_timeout': False}
2024-10-17 14:15:48,429 - pylabware.connections.SerialConnection - INFO - Creating connection object with the following settings: 
{'address': '1', 'port': '/dev/ttyUSB1', 'encoding': 'UTF-8', 'command_delay': 0, 'receive_buffer_size': 128, 'receive_timeout': 10, 'transmit_timeout': 1, 'receiving_interval': 0.05, 'write_timeout': 0.5, 'baudrate': 9600, 'bytesize': 8, 'parity': 'N', 'stopbits': 1, 'xonxoff': False, 'rtscts': False, 'dsrdtr': False, 'inter_byte_timeout': False}
2024-10-17 14:15:48,430 - pylabware.connections.SerialConnection - INFO - Creating connection object with the following settings: 
{'address': None, 'port': '/dev/ttyUSB2', 'encoding': 'UTF-8', 'command_delay': 0.5, 'receive_buffer_size': 128, 'receive_timeout': 1, 'transmit_timeout': 1, 'receiving_interval': 0.05, 'write_timeout': 0.5, 'baudrate': 9600, 'bytesize': 8, 'parity': 'N', 'stopbits': 1, 'xonxoff': True, 'rtscts': False, 'dsrdtr': False, 'inter_byte_timeout': False, 'timeout': 0.1}
2024-10-17 14:15:48,433 - pylabware.connections.SerialConnection - INFO - Starting connection listener...
2024-10-17 14:15:48,433 - pylabware.connections.SerialConnection - INFO - Port /dev/ttyUSB2 opened.
2024-10-17 14:15:48,434 - pylabware.connections.SerialConnection - WARNING - Command rate too high! Delaying next command for 0.5 seconds
2024-10-17 14:15:49,041 - pylabware.controllers.QuantosQB1.QUANTOS - INFO - No carousel/autosampler connected
2024-10-17 14:15:49,041 - pylabware.connections.SerialConnection - WARNING - Command rate too high! Delaying next command for 0.5 seconds
2024-10-17 14:15:52,212 - RiH_Main - INFO - Connecting IKA RCT digital..
2024-10-17 14:15:52,213 - pylabware.connections.SerialConnection - INFO - Starting connection listener...
2024-10-17 14:15:52,213 - pylabware.connections.SerialConnection - INFO - Port /dev/ttyUSB0 opened.
2024-10-17 14:15:52,213 - pylabware.controllers.RCTDigitalHotplate.IKA - INFO - Opened connection.
2024-10-17 14:15:54,284 - RiH_Main - INFO - IKA RCT digital connected.
2024-10-17 14:15:55,793 - RiH_Main - INFO - Stiring velocity set to 100.
2024-10-17 14:15:57,361 - RiH_Main - INFO - Current temperature: 0.0.
2024-10-17 14:15:57,362 - RiH_Main - INFO - Connecting Pump..
2024-10-17 14:15:57,399 - pylabware.connections.SerialConnection - INFO - Starting connection listener...
2024-10-17 14:15:57,400 - pylabware.connections.SerialConnection - INFO - Port /dev/ttyUSB1 opened.
2024-10-17 14:15:57,400 - pylabware.controllers.XCalibur.DISPENSE_PUMP - INFO - Opened connection.
2024-10-17 14:15:57,955 - pylabware.controllers.XCalibur.DISPENSE_PUMP - INFO - Reply was <No error. Pump Ready.> - error free condition
2024-10-17 14:15:57,956 - RiH_Main - INFO - Pump connected.
2024-10-17 14:15:58,510 - pylabware.controllers.XCalibur.DISPENSE_PUMP - INFO - Reply was <No error. Pump Busy.> - error free condition
2024-10-17 14:15:58,511 - pylabware.controllers.XCalibur.DISPENSE_PUMP - INFO - Device initialized.
2024-10-17 14:15:58,511 - RiH_Main - INFO - Pump initialised.
2024-10-17 14:15:59,014 - RiH_Main - INFO - Checking for pump errors
2024-10-17 14:15:59,014 - pylabware.controllers.XCalibur.DISPENSE_PUMP - INFO - Reply was <No error. Pump Busy.> - error free condition
2024-10-17 14:15:59,014 - RiH_Main - INFO - Connecting to the Quantos - opening doors
2024-10-17 14:16:05,393 - RiH_Main - INFO - Quantos connected..
2024-10-17 14:16:05,393 - RiH_Main - INFO - Initialising the filter machine
2024-10-17 14:16:05,394 - RiH_Filtration_System - INFO - Initialising filtration system pump
2024-10-17 14:16:05,394 - pylabware.connections.SerialConnection - INFO - Creating connection object with the following settings: 
{'address': '1', 'port': '/dev/ttyUSB3', 'encoding': 'UTF-8', 'command_delay': 0, 'receive_buffer_size': 128, 'receive_timeout': 10, 'transmit_timeout': 1, 'receiving_interval': 0.05, 'write_timeout': 0.5, 'baudrate': 9600, 'bytesize': 8, 'parity': 'N', 'stopbits': 1, 'xonxoff': False, 'rtscts': False, 'dsrdtr': False, 'inter_byte_timeout': False}
2024-10-17 14:16:05,397 - pylabware.connections.SerialConnection - INFO - Starting connection listener...
2024-10-17 14:16:05,397 - pylabware.connections.SerialConnection - INFO - Port /dev/ttyUSB3 opened.
2024-10-17 14:16:05,398 - pylabware.controllers.XCalibur.FILT_PUMP - INFO - Opened connection.
2024-10-17 14:16:05,449 - pylabware.controllers.XCalibur.FILT_PUMP - INFO - Reply was <No error. Pump Busy.> - error free condition
2024-10-17 14:16:05,449 - pylabware.controllers.XCalibur.FILT_PUMP - INFO - Device initialized.
2024-10-17 14:16:05,500 - pylabware.controllers.XCalibur.FILT_PUMP - INFO - Reply was <No error. Pump Busy.> - error free condition
2024-10-17 14:16:06,055 - pylabware.controllers.XCalibur.FILT_PUMP - INFO - Reply was <No error. Pump Busy.> - error free condition
2024-10-17 14:16:06,611 - pylabware.controllers.XCalibur.FILT_PUMP - INFO - Reply was <No error. Pump Busy.> - error free condition
2024-10-17 14:16:07,166 - pylabware.controllers.XCalibur.FILT_PUMP - INFO - Reply was <No error. Pump Busy.> - error free condition
2024-10-17 14:16:07,721 - pylabware.controllers.XCalibur.FILT_PUMP - INFO - Reply was <No error. Pump Busy.> - error free condition
2024-10-17 14:16:08,276 - pylabware.controllers.XCalibur.FILT_PUMP - INFO - Reply was <Invalid command! Pump Ready.>
2024-10-17 14:16:08,277 - pylabware.controllers.XCalibur.FILT_PUMP - WARNING - A non-fatal error was recieved resending command - errors occured: 1
2024-10-17 14:16:08,327 - pylabware.controllers.XCalibur.FILT_PUMP - INFO - Reply was <No error. Pump Ready.> - error free condition
2024-10-17 14:16:08,882 - pylabware.controllers.XCalibur.FILT_PUMP - INFO - Reply was <No error. Pump Ready.> - error free condition
2024-10-17 14:16:08,883 - RiH_Filtration_System - INFO - Initialisng the filtration system arduino
2024-10-17 14:16:08,892 - RiH_Main - INFO - Panda robot connected to 172.16.0.2
2024-10-17 14:16:08,892 - RiH_Main - ERROR - Capper camera is not available.
2024-10-17 14:43:25,950 - Workflow_Config_Helper - ERROR - Solid requested   is not in a Loaded Quantos Cartridge
2024-10-17 14:43:25,950 - Workflow_Config_Helper - INFO - All solids and liquids requested in sample list are in the workflow
2024-10-17 14:43:25,950 - Workflow_Config_Helper - INFO - No errors in workflow detected
2024-10-17 14:43:29,973 - pylabware.connections.SerialConnection - INFO - Creating connection object with the following settings: 
{'address': '', 'port': '/dev/ttyUSB0', 'encoding': 'UTF-8', 'command_delay': 0.5, 'receive_buffer_size': 128, 'receive_timeout': 1, 'transmit_timeout': 1, 'receiving_interval': 0.05, 'write_timeout': 0.5, 'baudrate': 9600, 'bytesize': 7, 'parity': 'E', 'stopbits': 1, 'xonxoff': False, 'rtscts': False, 'dsrdtr': False, 'inter_byte_timeout': False}
2024-10-17 14:43:29,973 - pylabware.connections.SerialConnection - INFO - Creating connection object with the following settings: 
{'address': '1', 'port': '/dev/ttyUSB1', 'encoding': 'UTF-8', 'command_delay': 0, 'receive_buffer_size': 128, 'receive_timeout': 10, 'transmit_timeout': 1, 'receiving_interval': 0.05, 'write_timeout': 0.5, 'baudrate': 9600, 'bytesize': 8, 'parity': 'N', 'stopbits': 1, 'xonxoff': False, 'rtscts': False, 'dsrdtr': False, 'inter_byte_timeout': False}
2024-10-17 14:43:29,974 - pylabware.connections.SerialConnection - INFO - Creating connection object with the following settings: 
{'address': None, 'port': '/dev/ttyUSB2', 'encoding': 'UTF-8', 'command_delay': 0.5, 'receive_buffer_size': 128, 'receive_timeout': 1, 'transmit_timeout': 1, 'receiving_interval': 0.05, 'write_timeout': 0.5, 'baudrate': 9600, 'bytesize': 8, 'parity': 'N', 'stopbits': 1, 'xonxoff': True, 'rtscts': False, 'dsrdtr': False, 'inter_byte_timeout': False, 'timeout': 0.1}
2024-10-17 14:43:29,976 - pylabware.connections.SerialConnection - INFO - Starting connection listener...
2024-10-17 14:43:29,977 - pylabware.connections.SerialConnection - INFO - Port /dev/ttyUSB2 opened.
2024-10-17 14:43:29,977 - pylabware.connections.SerialConnection - WARNING - Command rate too high! Delaying next command for 0.5 seconds
2024-10-17 14:43:30,585 - pylabware.controllers.QuantosQB1.QUANTOS - INFO - No carousel/autosampler connected
2024-10-17 14:43:30,585 - pylabware.connections.SerialConnection - WARNING - Command rate too high! Delaying next command for 0.5 seconds
2024-10-17 14:43:33,707 - RiH_Main - INFO - Connecting IKA RCT digital..
2024-10-17 14:43:33,709 - pylabware.connections.SerialConnection - INFO - Starting connection listener...
2024-10-17 14:43:33,709 - pylabware.connections.SerialConnection - INFO - Port /dev/ttyUSB0 opened.
2024-10-17 14:43:33,710 - pylabware.controllers.RCTDigitalHotplate.IKA - INFO - Opened connection.
2024-10-17 14:43:35,780 - RiH_Main - INFO - IKA RCT digital connected.
2024-10-17 14:43:37,288 - RiH_Main - INFO - Stiring velocity set to 100.
2024-10-17 14:43:38,858 - RiH_Main - INFO - Current temperature: 0.0.
2024-10-17 14:43:38,859 - RiH_Main - INFO - Connecting Pump..
2024-10-17 14:43:38,861 - pylabware.connections.SerialConnection - INFO - Starting connection listener...
2024-10-17 14:43:38,861 - pylabware.connections.SerialConnection - INFO - Port /dev/ttyUSB1 opened.
2024-10-17 14:43:38,862 - pylabware.controllers.XCalibur.DISPENSE_PUMP - INFO - Opened connection.
2024-10-17 14:43:39,417 - pylabware.controllers.XCalibur.DISPENSE_PUMP - INFO - Reply was <No error. Pump Ready.> - error free condition
2024-10-17 14:43:39,418 - RiH_Main - INFO - Pump connected.
2024-10-17 14:43:39,972 - pylabware.controllers.XCalibur.DISPENSE_PUMP - INFO - Reply was <No error. Pump Busy.> - error free condition
2024-10-17 14:43:39,973 - pylabware.controllers.XCalibur.DISPENSE_PUMP - INFO - Device initialized.
2024-10-17 14:43:39,973 - RiH_Main - INFO - Pump initialised.
2024-10-17 14:43:40,476 - RiH_Main - INFO - Checking for pump errors
2024-10-17 14:43:40,476 - pylabware.controllers.XCalibur.DISPENSE_PUMP - INFO - Reply was <No error. Pump Busy.> - error free condition
2024-10-17 14:43:40,476 - RiH_Main - INFO - Connecting to the Quantos - opening doors
2024-10-17 14:43:46,941 - RiH_Main - INFO - Quantos connected..
2024-10-17 14:43:46,941 - RiH_Main - INFO - Initialising the filter machine
2024-10-17 14:43:46,942 - RiH_Filtration_System - INFO - Initialising filtration system pump
2024-10-17 14:43:46,942 - pylabware.connections.SerialConnection - INFO - Creating connection object with the following settings: 
{'address': '1', 'port': '/dev/ttyUSB3', 'encoding': 'UTF-8', 'command_delay': 0, 'receive_buffer_size': 128, 'receive_timeout': 10, 'transmit_timeout': 1, 'receiving_interval': 0.05, 'write_timeout': 0.5, 'baudrate': 9600, 'bytesize': 8, 'parity': 'N', 'stopbits': 1, 'xonxoff': False, 'rtscts': False, 'dsrdtr': False, 'inter_byte_timeout': False}
2024-10-17 14:43:46,945 - pylabware.connections.SerialConnection - INFO - Starting connection listener...
2024-10-17 14:43:46,945 - pylabware.connections.SerialConnection - INFO - Port /dev/ttyUSB3 opened.
2024-10-17 14:43:46,946 - pylabware.controllers.XCalibur.FILT_PUMP - INFO - Opened connection.
2024-10-17 14:43:46,997 - pylabware.controllers.XCalibur.FILT_PUMP - INFO - Reply was <No error. Pump Busy.> - error free condition
2024-10-17 14:43:46,997 - pylabware.controllers.XCalibur.FILT_PUMP - INFO - Device initialized.
2024-10-17 14:43:47,047 - pylabware.controllers.XCalibur.FILT_PUMP - INFO - Reply was <No error. Pump Busy.> - error free condition
2024-10-17 14:43:47,603 - pylabware.controllers.XCalibur.FILT_PUMP - INFO - Reply was <No error. Pump Busy.> - error free condition
2024-10-17 14:43:48,158 - pylabware.controllers.XCalibur.FILT_PUMP - INFO - Reply was <No error. Pump Busy.> - error free condition
2024-10-17 14:43:48,713 - pylabware.controllers.XCalibur.FILT_PUMP - INFO - Reply was <No error. Pump Busy.> - error free condition
2024-10-17 14:43:49,268 - pylabware.controllers.XCalibur.FILT_PUMP - INFO - Reply was <No error. Pump Busy.> - error free condition
2024-10-17 14:43:49,823 - pylabware.controllers.XCalibur.FILT_PUMP - INFO - Reply was <Invalid command! Pump Ready.>
2024-10-17 14:43:49,823 - pylabware.controllers.XCalibur.FILT_PUMP - WARNING - A non-fatal error was recieved resending command - errors occured: 1
2024-10-17 14:43:49,874 - pylabware.controllers.XCalibur.FILT_PUMP - INFO - Reply was <No error. Pump Ready.> - error free condition
2024-10-17 14:43:50,429 - pylabware.controllers.XCalibur.FILT_PUMP - INFO - Reply was <No error. Pump Ready.> - error free condition
2024-10-17 14:43:50,430 - RiH_Filtration_System - INFO - Initialisng the filtration system arduino
2024-10-17 14:43:50,438 - RiH_Main - INFO - Panda robot connected to 172.16.0.2
2024-10-17 14:43:50,438 - RiH_Main - ERROR - Capper camera is not available.
2024-10-17 14:43:50,439 - Timer - INFO - Setting timer to 0 h 0 m 10 s
2024-10-17 14:43:50,439 - Timer - INFO - Timer set to 10
2024-10-17 14:43:50,439 - Timer - INFO - Elapsed time: 0 h 0 m 0 s
2024-10-17 14:43:51,444 - Timer - INFO - Elapsed time: 0 h 0 m 1 s
2024-10-17 14:43:52,450 - Timer - INFO - Elapsed time: 0 h 0 m 2 s
2024-10-17 14:43:53,451 - Timer - INFO - Elapsed time: 0 h 0 m 3 s
2024-10-17 14:43:54,456 - Timer - INFO - Elapsed time: 0 h 0 m 4 s
2024-10-17 14:43:55,462 - Timer - INFO - Elapsed time: 0 h 0 m 5 s
2024-10-17 14:43:56,468 - Timer - INFO - Elapsed time: 0 h 0 m 6 s
2024-10-17 14:43:57,471 - Timer - INFO - Elapsed time: 0 h 0 m 7 s
2024-10-17 14:43:58,477 - Timer - INFO - Elapsed time: 0 h 0 m 8 s
2024-10-17 14:43:59,482 - Timer - INFO - Elapsed time: 0 h 0 m 9 s
2024-10-17 14:44:00,488 - Timer - INFO - Elapsed time: 0 h 0 m 10 s
2024-10-17 14:44:01,493 - Timer - INFO - [INFO] Waiting finished....
2024-10-17 14:44:01,494 - pylabware.connections.SerialConnection - WARNING - Command rate too high! Delaying next command for 0.5 seconds
2024-10-17 14:45:59,297 - Workflow_Config_Helper - ERROR - Solid requested   is not in a Loaded Quantos Cartridge
2024-10-17 14:45:59,297 - Workflow_Config_Helper - INFO - All solids and liquids requested in sample list are in the workflow
2024-10-17 14:45:59,297 - Workflow_Config_Helper - INFO - No errors in workflow detected
2024-10-17 14:46:03,318 - pylabware.connections.SerialConnection - INFO - Creating connection object with the following settings: 
{'address': '', 'port': '/dev/ttyUSB0', 'encoding': 'UTF-8', 'command_delay': 0.5, 'receive_buffer_size': 128, 'receive_timeout': 1, 'transmit_timeout': 1, 'receiving_interval': 0.05, 'write_timeout': 0.5, 'baudrate': 9600, 'bytesize': 7, 'parity': 'E', 'stopbits': 1, 'xonxoff': False, 'rtscts': False, 'dsrdtr': False, 'inter_byte_timeout': False}
2024-10-17 14:46:03,318 - pylabware.connections.SerialConnection - INFO - Creating connection object with the following settings: 
{'address': '1', 'port': '/dev/ttyUSB1', 'encoding': 'UTF-8', 'command_delay': 0, 'receive_buffer_size': 128, 'receive_timeout': 10, 'transmit_timeout': 1, 'receiving_interval': 0.05, 'write_timeout': 0.5, 'baudrate': 9600, 'bytesize': 8, 'parity': 'N', 'stopbits': 1, 'xonxoff': False, 'rtscts': False, 'dsrdtr': False, 'inter_byte_timeout': False}
2024-10-17 14:46:03,319 - pylabware.connections.SerialConnection - INFO - Creating connection object with the following settings: 
{'address': None, 'port': '/dev/ttyUSB2', 'encoding': 'UTF-8', 'command_delay': 0.5, 'receive_buffer_size': 128, 'receive_timeout': 1, 'transmit_timeout': 1, 'receiving_interval': 0.05, 'write_timeout': 0.5, 'baudrate': 9600, 'bytesize': 8, 'parity': 'N', 'stopbits': 1, 'xonxoff': True, 'rtscts': False, 'dsrdtr': False, 'inter_byte_timeout': False, 'timeout': 0.1}
2024-10-17 14:46:03,321 - pylabware.connections.SerialConnection - INFO - Starting connection listener...
2024-10-17 14:46:03,322 - pylabware.connections.SerialConnection - INFO - Port /dev/ttyUSB2 opened.
2024-10-17 14:46:03,322 - pylabware.connections.SerialConnection - WARNING - Command rate too high! Delaying next command for 0.5 seconds
2024-10-17 14:46:03,929 - pylabware.controllers.QuantosQB1.QUANTOS - INFO - No carousel/autosampler connected
2024-10-17 14:46:03,929 - pylabware.connections.SerialConnection - WARNING - Command rate too high! Delaying next command for 0.5 seconds
2024-10-17 14:46:07,050 - RiH_Main - INFO - Connecting IKA RCT digital..
2024-10-17 14:46:07,053 - pylabware.connections.SerialConnection - INFO - Starting connection listener...
2024-10-17 14:46:07,053 - pylabware.connections.SerialConnection - INFO - Port /dev/ttyUSB0 opened.
2024-10-17 14:46:07,054 - pylabware.controllers.RCTDigitalHotplate.IKA - INFO - Opened connection.
2024-10-17 14:46:09,123 - RiH_Main - INFO - IKA RCT digital connected.
2024-10-17 14:46:10,631 - RiH_Main - INFO - Stiring velocity set to 100.
2024-10-17 14:46:12,203 - RiH_Main - INFO - Current temperature: 0.0.
2024-10-17 14:46:12,203 - RiH_Main - INFO - Connecting Pump..
2024-10-17 14:46:12,205 - pylabware.connections.SerialConnection - INFO - Starting connection listener...
2024-10-17 14:46:12,205 - pylabware.connections.SerialConnection - INFO - Port /dev/ttyUSB1 opened.
2024-10-17 14:46:12,206 - pylabware.controllers.XCalibur.DISPENSE_PUMP - INFO - Opened connection.
2024-10-17 14:46:12,761 - pylabware.controllers.XCalibur.DISPENSE_PUMP - INFO - Reply was <No error. Pump Ready.> - error free condition
2024-10-17 14:46:12,762 - RiH_Main - INFO - Pump connected.
2024-10-17 14:46:13,316 - pylabware.controllers.XCalibur.DISPENSE_PUMP - INFO - Reply was <No error. Pump Busy.> - error free condition
2024-10-17 14:46:13,316 - pylabware.controllers.XCalibur.DISPENSE_PUMP - INFO - Device initialized.
2024-10-17 14:46:13,316 - RiH_Main - INFO - Pump initialised.
2024-10-17 14:46:13,818 - RiH_Main - INFO - Checking for pump errors
2024-10-17 14:46:13,819 - pylabware.controllers.XCalibur.DISPENSE_PUMP - INFO - Reply was <No error. Pump Busy.> - error free condition
2024-10-17 14:46:13,819 - RiH_Main - INFO - Connecting to the Quantos - opening doors
2024-10-17 14:46:20,232 - RiH_Main - INFO - Quantos connected..
2024-10-17 14:46:20,233 - RiH_Main - INFO - Initialising the filter machine
2024-10-17 14:46:20,233 - RiH_Filtration_System - INFO - Initialising filtration system pump
2024-10-17 14:46:20,233 - pylabware.connections.SerialConnection - INFO - Creating connection object with the following settings: 
{'address': '1', 'port': '/dev/ttyUSB3', 'encoding': 'UTF-8', 'command_delay': 0, 'receive_buffer_size': 128, 'receive_timeout': 10, 'transmit_timeout': 1, 'receiving_interval': 0.05, 'write_timeout': 0.5, 'baudrate': 9600, 'bytesize': 8, 'parity': 'N', 'stopbits': 1, 'xonxoff': False, 'rtscts': False, 'dsrdtr': False, 'inter_byte_timeout': False}
2024-10-17 14:46:20,236 - pylabware.connections.SerialConnection - INFO - Starting connection listener...
2024-10-17 14:46:20,236 - pylabware.connections.SerialConnection - INFO - Port /dev/ttyUSB3 opened.
2024-10-17 14:46:20,237 - pylabware.controllers.XCalibur.FILT_PUMP - INFO - Opened connection.
2024-10-17 14:46:20,287 - pylabware.controllers.XCalibur.FILT_PUMP - INFO - Reply was <No error. Pump Busy.> - error free condition
2024-10-17 14:46:20,288 - pylabware.controllers.XCalibur.FILT_PUMP - INFO - Device initialized.
2024-10-17 14:46:20,338 - pylabware.controllers.XCalibur.FILT_PUMP - INFO - Reply was <No error. Pump Busy.> - error free condition
2024-10-17 14:46:20,893 - pylabware.controllers.XCalibur.FILT_PUMP - INFO - Reply was <No error. Pump Busy.> - error free condition
2024-10-17 14:46:21,449 - pylabware.controllers.XCalibur.FILT_PUMP - INFO - Reply was <No error. Pump Busy.> - error free condition
2024-10-17 14:46:22,005 - pylabware.controllers.XCalibur.FILT_PUMP - INFO - Reply was <No error. Pump Busy.> - error free condition
2024-10-17 14:46:22,561 - pylabware.controllers.XCalibur.FILT_PUMP - INFO - Reply was <No error. Pump Busy.> - error free condition
2024-10-17 14:46:23,117 - pylabware.controllers.XCalibur.FILT_PUMP - INFO - Reply was <Invalid command! Pump Ready.>
2024-10-17 14:46:23,117 - pylabware.controllers.XCalibur.FILT_PUMP - WARNING - A non-fatal error was recieved resending command - errors occured: 1
2024-10-17 14:46:23,167 - pylabware.controllers.XCalibur.FILT_PUMP - INFO - Reply was <No error. Pump Ready.> - error free condition
2024-10-17 14:46:23,722 - pylabware.controllers.XCalibur.FILT_PUMP - INFO - Reply was <No error. Pump Ready.> - error free condition
2024-10-17 14:46:23,723 - RiH_Filtration_System - INFO - Initialisng the filtration system arduino
2024-10-17 14:46:23,730 - RiH_Main - INFO - Panda robot connected to 172.16.0.2
2024-10-17 14:46:23,731 - RiH_Main - ERROR - Capper camera is not available.
2024-10-17 14:46:23,731 - Timer - INFO - Setting timer to 0 h 0 m 10 s
2024-10-17 14:46:23,731 - Timer - INFO - Timer set to 10
2024-10-17 14:46:23,732 - Timer - INFO - Elapsed time: 0 h 0 m 0 s
2024-10-17 14:46:24,737 - Timer - INFO - Elapsed time: 0 h 0 m 1 s
2024-10-17 14:46:25,743 - Timer - INFO - Elapsed time: 0 h 0 m 2 s
2024-10-17 14:46:26,748 - Timer - INFO - Elapsed time: 0 h 0 m 3 s
2024-10-17 14:46:27,754 - Timer - INFO - Elapsed time: 0 h 0 m 4 s
2024-10-17 14:46:28,760 - Timer - INFO - Elapsed time: 0 h 0 m 5 s
2024-10-17 14:46:29,765 - Timer - INFO - Elapsed time: 0 h 0 m 6 s
2024-10-17 14:46:30,795 - Timer - INFO - Elapsed time: 0 h 0 m 7 s
2024-10-17 14:46:31,798 - Timer - INFO - Elapsed time: 0 h 0 m 8 s
2024-10-17 14:46:32,804 - Timer - INFO - Elapsed time: 0 h 0 m 9 s
2024-10-17 14:46:33,809 - Timer - INFO - Elapsed time: 0 h 0 m 10 s
2024-10-17 14:46:34,812 - Timer - INFO - [INFO] Waiting finished....
2024-10-17 14:46:34,813 - pylabware.connections.SerialConnection - WARNING - Command rate too high! Delaying next command for 0.5 seconds
