2024-10-17 10:45:12,440 - Workflow_Config_Helper - INFO - All solids and liquids requested in sample list are in the workflow
2024-10-17 10:45:12,440 - Workflow_Config_Helper - INFO - No errors in workflow detected
2024-10-17 10:45:16,463 - pylabware.connections.SerialConnection - INFO - Creating connection object with the following settings: 
{'address': '', 'port': '/dev/ttyUSB0', 'encoding': 'UTF-8', 'command_delay': 0.5, 'receive_buffer_size': 128, 'receive_timeout': 1, 'transmit_timeout': 1, 'receiving_interval': 0.05, 'write_timeout': 0.5, 'baudrate': 9600, 'bytesize': 7, 'parity': 'E', 'stopbits': 1, 'xonxoff': False, 'rtscts': False, 'dsrdtr': False, 'inter_byte_timeout': False}
2024-10-17 10:45:16,464 - pylabware.connections.SerialConnection - INFO - Creating connection object with the following settings: 
{'address': '1', 'port': '/dev/ttyUSB1', 'encoding': 'UTF-8', 'command_delay': 0, 'receive_buffer_size': 128, 'receive_timeout': 10, 'transmit_timeout': 1, 'receiving_interval': 0.05, 'write_timeout': 0.5, 'baudrate': 9600, 'bytesize': 8, 'parity': 'N', 'stopbits': 1, 'xonxoff': False, 'rtscts': False, 'dsrdtr': False, 'inter_byte_timeout': False}
2024-10-17 10:45:16,464 - pylabware.connections.SerialConnection - INFO - Creating connection object with the following settings: 
{'address': None, 'port': '/dev/ttyUSB2', 'encoding': 'UTF-8', 'command_delay': 0.5, 'receive_buffer_size': 128, 'receive_timeout': 1, 'transmit_timeout': 1, 'receiving_interval': 0.05, 'write_timeout': 0.5, 'baudrate': 9600, 'bytesize': 8, 'parity': 'N', 'stopbits': 1, 'xonxoff': True, 'rtscts': False, 'dsrdtr': False, 'inter_byte_timeout': False, 'timeout': 0.1}
2024-10-17 10:45:16,466 - pylabware.connections.SerialConnection - INFO - Starting connection listener...
2024-10-17 10:45:16,467 - pylabware.connections.SerialConnection - INFO - Port /dev/ttyUSB2 opened.
2024-10-17 10:45:16,467 - pylabware.connections.SerialConnection - WARNING - Command rate too high! Delaying next command for 0.5 seconds
2024-10-17 10:45:17,075 - pylabware.controllers.QuantosQB1.QUANTOS - INFO - No carousel/autosampler connected
2024-10-17 10:45:17,075 - pylabware.connections.SerialConnection - WARNING - Command rate too high! Delaying next command for 0.5 seconds
2024-10-17 10:45:20,196 - RiH_Main - INFO - Connecting IKA RCT digital..
2024-10-17 10:45:20,199 - pylabware.connections.SerialConnection - INFO - Starting connection listener...
2024-10-17 10:45:20,199 - pylabware.connections.SerialConnection - INFO - Port /dev/ttyUSB0 opened.
2024-10-17 10:45:20,199 - pylabware.controllers.RCTDigitalHotplate.IKA - INFO - Opened connection.
2024-10-17 10:46:02,211 - RiH_Main - INFO - IKA RCT digital connected.
2024-10-17 10:46:03,716 - RiH_Main - INFO - Stiring velocity set to 100.
2024-10-17 10:46:05,302 - RiH_Main - INFO - Current temperature: 0.0.
2024-10-17 10:46:05,302 - RiH_Main - INFO - Connecting Pump..
2024-10-17 10:46:05,305 - pylabware.connections.SerialConnection - INFO - Starting connection listener...
2024-10-17 10:46:05,305 - pylabware.connections.SerialConnection - INFO - Port /dev/ttyUSB1 opened.
2024-10-17 10:46:05,306 - pylabware.controllers.XCalibur.DISPENSE_PUMP - INFO - Opened connection.
2024-10-17 10:46:05,861 - pylabware.controllers.XCalibur.DISPENSE_PUMP - INFO - Reply was <No error. Pump Ready.> - error free condition
2024-10-17 10:46:05,862 - RiH_Main - INFO - Pump connected.
2024-10-17 10:46:06,416 - pylabware.controllers.XCalibur.DISPENSE_PUMP - INFO - Reply was <No error. Pump Busy.> - error free condition
2024-10-17 10:46:06,416 - pylabware.controllers.XCalibur.DISPENSE_PUMP - INFO - Device initialized.
2024-10-17 10:46:06,416 - RiH_Main - INFO - Pump initialised.
2024-10-17 10:46:06,919 - RiH_Main - INFO - Checking for pump errors
2024-10-17 10:46:06,919 - pylabware.controllers.XCalibur.DISPENSE_PUMP - INFO - Reply was <No error. Pump Busy.> - error free condition
2024-10-17 10:46:06,919 - RiH_Main - INFO - Connecting to the Quantos - opening doors
2024-10-17 10:46:13,247 - RiH_Main - INFO - Quantos connected..
2024-10-17 10:46:13,247 - RiH_Main - INFO - Initialising the filter machine
2024-10-17 10:46:13,247 - RiH_Filtration_System - INFO - Initialising filtration system pump
2024-10-17 10:46:13,248 - pylabware.connections.SerialConnection - INFO - Creating connection object with the following settings: 
{'address': '1', 'port': '/dev/ttyUSB3', 'encoding': 'UTF-8', 'command_delay': 0, 'receive_buffer_size': 128, 'receive_timeout': 10, 'transmit_timeout': 1, 'receiving_interval': 0.05, 'write_timeout': 0.5, 'baudrate': 9600, 'bytesize': 8, 'parity': 'N', 'stopbits': 1, 'xonxoff': False, 'rtscts': False, 'dsrdtr': False, 'inter_byte_timeout': False}
2024-10-17 10:46:13,250 - pylabware.connections.SerialConnection - INFO - Starting connection listener...
2024-10-17 10:46:13,251 - pylabware.connections.SerialConnection - INFO - Port /dev/ttyUSB3 opened.
2024-10-17 10:46:13,251 - pylabware.controllers.XCalibur.FILT_PUMP - INFO - Opened connection.
2024-10-17 10:46:13,301 - pylabware.controllers.XCalibur.FILT_PUMP - INFO - Reply was <No error. Pump Busy.> - error free condition
2024-10-17 10:46:13,302 - pylabware.controllers.XCalibur.FILT_PUMP - INFO - Device initialized.
2024-10-17 10:46:13,352 - pylabware.controllers.XCalibur.FILT_PUMP - INFO - Reply was <No error. Pump Busy.> - error free condition
2024-10-17 10:46:13,907 - pylabware.controllers.XCalibur.FILT_PUMP - INFO - Reply was <No error. Pump Busy.> - error free condition
2024-10-17 10:46:14,462 - pylabware.controllers.XCalibur.FILT_PUMP - INFO - Reply was <No error. Pump Busy.> - error free condition
2024-10-17 10:46:15,018 - pylabware.controllers.XCalibur.FILT_PUMP - INFO - Reply was <No error. Pump Busy.> - error free condition
2024-10-17 10:46:15,573 - pylabware.controllers.XCalibur.FILT_PUMP - INFO - Reply was <No error. Pump Busy.> - error free condition
2024-10-17 10:46:16,129 - pylabware.controllers.XCalibur.FILT_PUMP - INFO - Reply was <Invalid command! Pump Ready.>
2024-10-17 10:46:16,129 - pylabware.controllers.XCalibur.FILT_PUMP - WARNING - A non-fatal error was recieved resending command - errors occured: 1
2024-10-17 10:46:16,179 - pylabware.controllers.XCalibur.FILT_PUMP - INFO - Reply was <No error. Pump Ready.> - error free condition
2024-10-17 10:46:16,735 - pylabware.controllers.XCalibur.FILT_PUMP - INFO - Reply was <No error. Pump Ready.> - error free condition
2024-10-17 10:46:16,736 - RiH_Filtration_System - INFO - Initialisng the filtration system arduino
2024-10-17 10:46:16,744 - RiH_Main - INFO - Panda robot connected to 172.16.0.2
2024-10-17 10:46:16,744 - RiH_Main - ERROR - Capper camera is not available.
2024-10-17 10:46:16,744 - Timer - INFO - Setting timer to 0 h 1 m 1 s
2024-10-17 10:46:16,745 - Timer - INFO - Timer set to 61
2024-10-17 10:46:16,745 - Timer - INFO - Elapsed time: 0 h 0 m 0 s
2024-10-17 10:46:17,750 - Timer - INFO - Elapsed time: 0 h 0 m 1 s
2024-10-17 10:46:18,756 - Timer - INFO - Elapsed time: 0 h 0 m 2 s
2024-10-17 10:46:19,761 - Timer - INFO - Elapsed time: 0 h 0 m 3 s
2024-10-17 10:46:20,767 - Timer - INFO - Elapsed time: 0 h 0 m 4 s
2024-10-17 10:46:21,772 - Timer - INFO - Elapsed time: 0 h 0 m 5 s
2024-10-17 10:46:22,778 - Timer - INFO - Elapsed time: 0 h 0 m 6 s
2024-10-17 10:46:23,784 - Timer - INFO - Elapsed time: 0 h 0 m 7 s
2024-10-17 10:46:24,789 - Timer - INFO - Elapsed time: 0 h 0 m 8 s
2024-10-17 10:46:25,795 - Timer - INFO - Elapsed time: 0 h 0 m 9 s
2024-10-17 10:46:26,800 - Timer - INFO - Elapsed time: 0 h 0 m 10 s
2024-10-17 10:46:27,806 - Timer - INFO - Elapsed time: 0 h 0 m 11 s
2024-10-17 10:46:28,811 - Timer - INFO - Elapsed time: 0 h 0 m 12 s
2024-10-17 10:46:29,817 - Timer - INFO - Elapsed time: 0 h 0 m 13 s
2024-10-17 10:46:30,823 - Timer - INFO - Elapsed time: 0 h 0 m 14 s
2024-10-17 10:46:31,828 - Timer - INFO - Elapsed time: 0 h 0 m 15 s
2024-10-17 10:46:32,834 - Timer - INFO - Elapsed time: 0 h 0 m 16 s
2024-10-17 10:46:33,839 - Timer - INFO - Elapsed time: 0 h 0 m 17 s
2024-10-17 10:46:34,845 - Timer - INFO - Elapsed time: 0 h 0 m 18 s
2024-10-17 10:46:35,850 - Timer - INFO - Elapsed time: 0 h 0 m 19 s
2024-10-17 10:46:36,856 - Timer - INFO - Elapsed time: 0 h 0 m 20 s
2024-10-17 10:46:37,862 - Timer - INFO - Elapsed time: 0 h 0 m 21 s
2024-10-17 10:46:38,867 - Timer - INFO - Elapsed time: 0 h 0 m 22 s
2024-10-17 10:46:39,873 - Timer - INFO - Elapsed time: 0 h 0 m 23 s
2024-10-17 10:46:40,878 - Timer - INFO - Elapsed time: 0 h 0 m 24 s
2024-10-17 10:46:41,884 - Timer - INFO - Elapsed time: 0 h 0 m 25 s
2024-10-17 10:46:42,889 - Timer - INFO - Elapsed time: 0 h 0 m 26 s
2024-10-17 10:46:43,895 - Timer - INFO - Elapsed time: 0 h 0 m 27 s
2024-10-17 10:46:44,900 - Timer - INFO - Elapsed time: 0 h 0 m 28 s
2024-10-17 10:46:45,906 - Timer - INFO - Elapsed time: 0 h 0 m 29 s
2024-10-17 10:46:46,911 - Timer - INFO - Elapsed time: 0 h 0 m 30 s
2024-10-17 10:46:47,917 - Timer - INFO - Elapsed time: 0 h 0 m 31 s
2024-10-17 10:46:48,922 - Timer - INFO - Elapsed time: 0 h 0 m 32 s
2024-10-17 10:46:49,928 - Timer - INFO - Elapsed time: 0 h 0 m 33 s
2024-10-17 10:46:50,934 - Timer - INFO - Elapsed time: 0 h 0 m 34 s
2024-10-17 10:46:51,939 - Timer - INFO - Elapsed time: 0 h 0 m 35 s
2024-10-17 10:46:52,945 - Timer - INFO - Elapsed time: 0 h 0 m 36 s
2024-10-17 10:46:53,950 - Timer - INFO - Elapsed time: 0 h 0 m 37 s
2024-10-17 10:46:54,954 - Timer - INFO - Elapsed time: 0 h 0 m 38 s
2024-10-17 10:46:55,958 - Timer - INFO - Elapsed time: 0 h 0 m 39 s
2024-10-17 10:46:56,964 - Timer - INFO - Elapsed time: 0 h 0 m 40 s
2024-10-17 10:46:57,969 - Timer - INFO - Elapsed time: 0 h 0 m 41 s
2024-10-17 10:46:58,971 - Timer - INFO - Elapsed time: 0 h 0 m 42 s
2024-10-17 10:46:59,977 - Timer - INFO - Elapsed time: 0 h 0 m 43 s
2024-10-17 10:47:00,982 - Timer - INFO - Elapsed time: 0 h 0 m 44 s
2024-10-17 10:47:01,988 - Timer - INFO - Elapsed time: 0 h 0 m 45 s
2024-10-17 10:47:02,989 - Timer - INFO - Elapsed time: 0 h 0 m 46 s
2024-10-17 10:47:03,995 - Timer - INFO - Elapsed time: 0 h 0 m 47 s
2024-10-17 10:47:05,001 - Timer - INFO - Elapsed time: 0 h 0 m 48 s
2024-10-17 10:47:06,006 - Timer - INFO - Elapsed time: 0 h 0 m 49 s
2024-10-17 10:47:07,012 - Timer - INFO - Elapsed time: 0 h 0 m 50 s
2024-10-17 10:47:08,017 - Timer - INFO - Elapsed time: 0 h 0 m 51 s
2024-10-17 10:47:09,023 - Timer - INFO - Elapsed time: 0 h 0 m 52 s
2024-10-17 10:47:10,028 - Timer - INFO - Elapsed time: 0 h 0 m 53 s
2024-10-17 10:47:11,034 - Timer - INFO - Elapsed time: 0 h 0 m 54 s
2024-10-17 10:47:24,697 - Workflow_Config_Helper - INFO - All solids and liquids requested in sample list are in the workflow
2024-10-17 10:47:24,697 - Workflow_Config_Helper - INFO - No errors in workflow detected
2024-10-17 10:47:28,713 - pylabware.connections.SerialConnection - INFO - Creating connection object with the following settings: 
{'address': '', 'port': '/dev/ttyUSB0', 'encoding': 'UTF-8', 'command_delay': 0.5, 'receive_buffer_size': 128, 'receive_timeout': 1, 'transmit_timeout': 1, 'receiving_interval': 0.05, 'write_timeout': 0.5, 'baudrate': 9600, 'bytesize': 7, 'parity': 'E', 'stopbits': 1, 'xonxoff': False, 'rtscts': False, 'dsrdtr': False, 'inter_byte_timeout': False}
2024-10-17 10:47:28,714 - pylabware.connections.SerialConnection - INFO - Creating connection object with the following settings: 
{'address': '1', 'port': '/dev/ttyUSB1', 'encoding': 'UTF-8', 'command_delay': 0, 'receive_buffer_size': 128, 'receive_timeout': 10, 'transmit_timeout': 1, 'receiving_interval': 0.05, 'write_timeout': 0.5, 'baudrate': 9600, 'bytesize': 8, 'parity': 'N', 'stopbits': 1, 'xonxoff': False, 'rtscts': False, 'dsrdtr': False, 'inter_byte_timeout': False}
2024-10-17 10:47:28,714 - pylabware.connections.SerialConnection - INFO - Creating connection object with the following settings: 
{'address': None, 'port': '/dev/ttyUSB2', 'encoding': 'UTF-8', 'command_delay': 0.5, 'receive_buffer_size': 128, 'receive_timeout': 1, 'transmit_timeout': 1, 'receiving_interval': 0.05, 'write_timeout': 0.5, 'baudrate': 9600, 'bytesize': 8, 'parity': 'N', 'stopbits': 1, 'xonxoff': True, 'rtscts': False, 'dsrdtr': False, 'inter_byte_timeout': False, 'timeout': 0.1}
2024-10-17 10:47:28,717 - pylabware.connections.SerialConnection - INFO - Starting connection listener...
2024-10-17 10:47:28,717 - pylabware.connections.SerialConnection - INFO - Port /dev/ttyUSB2 opened.
2024-10-17 10:47:28,718 - pylabware.connections.SerialConnection - WARNING - Command rate too high! Delaying next command for 0.5 seconds
2024-10-17 10:47:29,324 - pylabware.controllers.QuantosQB1.QUANTOS - INFO - No carousel/autosampler connected
2024-10-17 10:47:29,324 - pylabware.connections.SerialConnection - WARNING - Command rate too high! Delaying next command for 0.5 seconds
2024-10-17 10:47:32,446 - RiH_Main - INFO - Connecting IKA RCT digital..
2024-10-17 10:47:32,448 - pylabware.connections.SerialConnection - INFO - Starting connection listener...
2024-10-17 10:47:32,449 - pylabware.connections.SerialConnection - INFO - Port /dev/ttyUSB0 opened.
2024-10-17 10:47:32,449 - pylabware.controllers.RCTDigitalHotplate.IKA - INFO - Opened connection.
2024-10-17 10:47:34,517 - RiH_Main - INFO - IKA RCT digital connected.
2024-10-17 10:47:36,025 - RiH_Main - INFO - Stiring velocity set to 100.
2024-10-17 10:47:37,595 - RiH_Main - INFO - Current temperature: 0.0.
2024-10-17 10:47:37,595 - RiH_Main - INFO - Connecting Pump..
2024-10-17 10:47:37,597 - pylabware.connections.SerialConnection - INFO - Starting connection listener...
2024-10-17 10:47:37,598 - pylabware.connections.SerialConnection - INFO - Port /dev/ttyUSB1 opened.
2024-10-17 10:47:37,598 - pylabware.controllers.XCalibur.DISPENSE_PUMP - INFO - Opened connection.
2024-10-17 10:47:38,153 - pylabware.controllers.XCalibur.DISPENSE_PUMP - INFO - Reply was <No error. Pump Ready.> - error free condition
2024-10-17 10:47:38,153 - RiH_Main - INFO - Pump connected.
2024-10-17 10:47:38,707 - pylabware.controllers.XCalibur.DISPENSE_PUMP - INFO - Reply was <No error. Pump Busy.> - error free condition
2024-10-17 10:47:38,708 - pylabware.controllers.XCalibur.DISPENSE_PUMP - INFO - Device initialized.
2024-10-17 10:47:38,708 - RiH_Main - INFO - Pump initialised.
2024-10-17 10:47:39,211 - RiH_Main - INFO - Checking for pump errors
2024-10-17 10:47:39,211 - pylabware.controllers.XCalibur.DISPENSE_PUMP - INFO - Reply was <No error. Pump Busy.> - error free condition
2024-10-17 10:47:39,247 - RiH_Main - INFO - Connecting to the Quantos - opening doors
2024-10-17 10:47:45,624 - RiH_Main - INFO - Quantos connected..
2024-10-17 10:47:45,624 - RiH_Main - INFO - Initialising the filter machine
2024-10-17 10:47:45,624 - RiH_Filtration_System - INFO - Initialising filtration system pump
2024-10-17 10:47:45,625 - pylabware.connections.SerialConnection - INFO - Creating connection object with the following settings: 
{'address': '1', 'port': '/dev/ttyUSB3', 'encoding': 'UTF-8', 'command_delay': 0, 'receive_buffer_size': 128, 'receive_timeout': 10, 'transmit_timeout': 1, 'receiving_interval': 0.05, 'write_timeout': 0.5, 'baudrate': 9600, 'bytesize': 8, 'parity': 'N', 'stopbits': 1, 'xonxoff': False, 'rtscts': False, 'dsrdtr': False, 'inter_byte_timeout': False}
2024-10-17 10:47:45,627 - pylabware.connections.SerialConnection - INFO - Starting connection listener...
2024-10-17 10:47:45,627 - pylabware.connections.SerialConnection - INFO - Port /dev/ttyUSB3 opened.
2024-10-17 10:47:45,628 - pylabware.controllers.XCalibur.FILT_PUMP - INFO - Opened connection.
2024-10-17 10:47:45,679 - pylabware.controllers.XCalibur.FILT_PUMP - INFO - Reply was <No error. Pump Busy.> - error free condition
2024-10-17 10:47:45,679 - pylabware.controllers.XCalibur.FILT_PUMP - INFO - Device initialized.
2024-10-17 10:47:45,730 - pylabware.controllers.XCalibur.FILT_PUMP - INFO - Reply was <No error. Pump Busy.> - error free condition
2024-10-17 10:47:46,284 - pylabware.controllers.XCalibur.FILT_PUMP - INFO - Reply was <No error. Pump Busy.> - error free condition
2024-10-17 10:47:46,840 - pylabware.controllers.XCalibur.FILT_PUMP - INFO - Reply was <No error. Pump Busy.> - error free condition
2024-10-17 10:47:47,395 - pylabware.controllers.XCalibur.FILT_PUMP - INFO - Reply was <No error. Pump Busy.> - error free condition
2024-10-17 10:47:47,951 - pylabware.controllers.XCalibur.FILT_PUMP - INFO - Reply was <No error. Pump Busy.> - error free condition
2024-10-17 10:47:48,506 - pylabware.controllers.XCalibur.FILT_PUMP - INFO - Reply was <Invalid command! Pump Ready.>
2024-10-17 10:47:48,506 - pylabware.controllers.XCalibur.FILT_PUMP - WARNING - A non-fatal error was recieved resending command - errors occured: 1
2024-10-17 10:47:48,557 - pylabware.controllers.XCalibur.FILT_PUMP - INFO - Reply was <No error. Pump Ready.> - error free condition
2024-10-17 10:47:49,112 - pylabware.controllers.XCalibur.FILT_PUMP - INFO - Reply was <No error. Pump Ready.> - error free condition
2024-10-17 10:47:49,113 - RiH_Filtration_System - INFO - Initialisng the filtration system arduino
2024-10-17 10:47:49,119 - RiH_Main - INFO - Panda robot connected to 172.16.0.2
2024-10-17 10:47:49,120 - RiH_Main - ERROR - Capper camera is not available.
2024-10-17 10:47:49,120 - Timer - INFO - Setting timer to 0 h 1 m 1 s
2024-10-17 10:47:49,120 - Timer - INFO - Timer set to 61
2024-10-17 10:47:49,120 - Timer - INFO - Elapsed time: 0 h 0 m 0 s
2024-10-17 10:47:50,125 - Timer - INFO - Elapsed time: 0 h 0 m 1 s
2024-10-17 10:47:51,130 - Timer - INFO - Elapsed time: 0 h 0 m 2 s
2024-10-17 10:47:52,135 - Timer - INFO - Elapsed time: 0 h 0 m 3 s
2024-10-17 10:47:53,141 - Timer - INFO - Elapsed time: 0 h 0 m 4 s
2024-10-17 10:47:54,146 - Timer - INFO - Elapsed time: 0 h 0 m 5 s
2024-10-17 10:47:55,151 - Timer - INFO - Elapsed time: 0 h 0 m 6 s
2024-10-17 10:47:56,157 - Timer - INFO - Elapsed time: 0 h 0 m 7 s
2024-10-17 10:47:57,161 - Timer - INFO - Elapsed time: 0 h 0 m 8 s
2024-10-17 10:47:58,167 - Timer - INFO - Elapsed time: 0 h 0 m 9 s
2024-10-17 10:47:59,172 - Timer - INFO - Elapsed time: 0 h 0 m 10 s
2024-10-17 10:48:00,178 - Timer - INFO - Elapsed time: 0 h 0 m 11 s
2024-10-17 10:48:01,183 - Timer - INFO - Elapsed time: 0 h 0 m 12 s
2024-10-17 10:48:02,189 - Timer - INFO - Elapsed time: 0 h 0 m 13 s
2024-10-17 10:48:03,195 - Timer - INFO - Elapsed time: 0 h 0 m 14 s
2024-10-17 10:48:04,200 - Timer - INFO - Elapsed time: 0 h 0 m 15 s
2024-10-17 10:48:05,206 - Timer - INFO - Elapsed time: 0 h 0 m 16 s
2024-10-17 10:48:06,211 - Timer - INFO - Elapsed time: 0 h 0 m 17 s
2024-10-17 10:48:07,217 - Timer - INFO - Elapsed time: 0 h 0 m 18 s
2024-10-17 10:48:08,222 - Timer - INFO - Elapsed time: 0 h 0 m 19 s
2024-10-17 10:48:09,224 - Timer - INFO - Elapsed time: 0 h 0 m 20 s
2024-10-17 10:48:10,230 - Timer - INFO - Elapsed time: 0 h 0 m 21 s
2024-10-17 10:48:11,231 - Timer - INFO - Elapsed time: 0 h 0 m 22 s
2024-10-17 10:48:12,237 - Timer - INFO - Elapsed time: 0 h 0 m 23 s
2024-10-17 10:48:13,242 - Timer - INFO - Elapsed time: 0 h 0 m 24 s
2024-10-17 10:48:14,244 - Timer - INFO - Elapsed time: 0 h 0 m 25 s
2024-10-17 10:48:15,250 - Timer - INFO - Elapsed time: 0 h 0 m 26 s
2024-10-17 10:48:16,255 - Timer - INFO - Elapsed time: 0 h 0 m 27 s
2024-10-17 10:48:17,261 - Timer - INFO - Elapsed time: 0 h 0 m 28 s
2024-10-17 10:48:18,266 - Timer - INFO - Elapsed time: 0 h 0 m 29 s
2024-10-17 10:48:19,271 - Timer - INFO - Elapsed time: 0 h 0 m 30 s
2024-10-17 10:48:20,277 - Timer - INFO - Elapsed time: 0 h 0 m 31 s
2024-10-17 10:48:21,277 - Timer - INFO - Elapsed time: 0 h 0 m 32 s
2024-10-17 10:48:22,282 - Timer - INFO - Elapsed time: 0 h 0 m 33 s
2024-10-17 10:48:23,288 - Timer - INFO - Elapsed time: 0 h 0 m 34 s
2024-10-17 10:48:24,293 - Timer - INFO - Elapsed time: 0 h 0 m 35 s
2024-10-17 10:48:25,298 - Timer - INFO - Elapsed time: 0 h 0 m 36 s
2024-10-17 10:48:26,304 - Timer - INFO - Elapsed time: 0 h 0 m 37 s
2024-10-17 10:48:27,309 - Timer - INFO - Elapsed time: 0 h 0 m 38 s
2024-10-17 10:48:28,315 - Timer - INFO - Elapsed time: 0 h 0 m 39 s
2024-10-17 10:48:29,320 - Timer - INFO - Elapsed time: 0 h 0 m 40 s
2024-10-17 10:48:30,326 - Timer - INFO - Elapsed time: 0 h 0 m 41 s
2024-10-17 10:48:31,331 - Timer - INFO - Elapsed time: 0 h 0 m 42 s
2024-10-17 10:48:32,337 - Timer - INFO - Elapsed time: 0 h 0 m 43 s
2024-10-17 10:48:33,342 - Timer - INFO - Elapsed time: 0 h 0 m 44 s
2024-10-17 10:48:34,348 - Timer - INFO - Elapsed time: 0 h 0 m 45 s
2024-10-17 10:48:35,353 - Timer - INFO - Elapsed time: 0 h 0 m 46 s
2024-10-17 10:48:36,358 - Timer - INFO - Elapsed time: 0 h 0 m 47 s
2024-10-17 10:48:37,364 - Timer - INFO - Elapsed time: 0 h 0 m 48 s
2024-10-17 10:48:38,369 - Timer - INFO - Elapsed time: 0 h 0 m 49 s
2024-10-17 10:48:39,375 - Timer - INFO - Elapsed time: 0 h 0 m 50 s
2024-10-17 10:48:40,380 - Timer - INFO - Elapsed time: 0 h 0 m 51 s
2024-10-17 10:48:41,386 - Timer - INFO - Elapsed time: 0 h 0 m 52 s
2024-10-17 10:48:42,391 - Timer - INFO - Elapsed time: 0 h 0 m 53 s
2024-10-17 10:48:43,397 - Timer - INFO - Elapsed time: 0 h 0 m 54 s
2024-10-17 10:48:44,402 - Timer - INFO - Elapsed time: 0 h 0 m 55 s
2024-10-17 10:48:45,403 - Timer - INFO - Elapsed time: 0 h 0 m 56 s
2024-10-17 10:48:46,409 - Timer - INFO - Elapsed time: 0 h 0 m 57 s
2024-10-17 10:48:47,414 - Timer - INFO - Elapsed time: 0 h 0 m 58 s
2024-10-17 10:48:48,420 - Timer - INFO - Elapsed time: 0 h 0 m 59 s
2024-10-17 10:48:49,425 - Timer - INFO - Elapsed time: 0 h 1 m 0 s
2024-10-17 10:48:50,430 - Timer - INFO - Elapsed time: 0 h 1 m 1 s
2024-10-17 10:48:51,436 - Timer - INFO - [INFO] Waiting finished....
2024-10-17 10:48:51,436 - pylabware.connections.SerialConnection - WARNING - Command rate too high! Delaying next command for 0.5 seconds
2024-10-17 10:48:53,124 - Workflow_Config_Helper - INFO - All solids and liquids requested in sample list are in the workflow
2024-10-17 10:48:53,124 - Workflow_Config_Helper - INFO - No errors in workflow detected
2024-10-17 10:48:57,146 - pylabware.connections.SerialConnection - INFO - Creating connection object with the following settings: 
{'address': '', 'port': '/dev/ttyUSB0', 'encoding': 'UTF-8', 'command_delay': 0.5, 'receive_buffer_size': 128, 'receive_timeout': 1, 'transmit_timeout': 1, 'receiving_interval': 0.05, 'write_timeout': 0.5, 'baudrate': 9600, 'bytesize': 7, 'parity': 'E', 'stopbits': 1, 'xonxoff': False, 'rtscts': False, 'dsrdtr': False, 'inter_byte_timeout': False}
2024-10-17 10:48:57,147 - pylabware.connections.SerialConnection - INFO - Creating connection object with the following settings: 
{'address': '1', 'port': '/dev/ttyUSB1', 'encoding': 'UTF-8', 'command_delay': 0, 'receive_buffer_size': 128, 'receive_timeout': 10, 'transmit_timeout': 1, 'receiving_interval': 0.05, 'write_timeout': 0.5, 'baudrate': 9600, 'bytesize': 8, 'parity': 'N', 'stopbits': 1, 'xonxoff': False, 'rtscts': False, 'dsrdtr': False, 'inter_byte_timeout': False}
2024-10-17 10:48:57,147 - pylabware.connections.SerialConnection - INFO - Creating connection object with the following settings: 
{'address': None, 'port': '/dev/ttyUSB2', 'encoding': 'UTF-8', 'command_delay': 0.5, 'receive_buffer_size': 128, 'receive_timeout': 1, 'transmit_timeout': 1, 'receiving_interval': 0.05, 'write_timeout': 0.5, 'baudrate': 9600, 'bytesize': 8, 'parity': 'N', 'stopbits': 1, 'xonxoff': True, 'rtscts': False, 'dsrdtr': False, 'inter_byte_timeout': False, 'timeout': 0.1}
2024-10-17 10:48:57,148 - pylabware.connections.SerialConnection - INFO - Starting connection listener...
2024-10-17 10:48:57,148 - pylabware.connections.SerialConnection - INFO - Port /dev/ttyUSB2 opened.
2024-10-17 10:48:57,148 - pylabware.connections.SerialConnection - WARNING - Command rate too high! Delaying next command for 0.5 seconds
2024-10-17 10:48:57,757 - pylabware.controllers.QuantosQB1.QUANTOS - INFO - No carousel/autosampler connected
2024-10-17 10:48:57,757 - pylabware.connections.SerialConnection - WARNING - Command rate too high! Delaying next command for 0.5 seconds
2024-10-17 10:49:00,929 - RiH_Main - INFO - Connecting IKA RCT digital..
2024-10-17 10:49:00,931 - pylabware.connections.SerialConnection - INFO - Starting connection listener...
2024-10-17 10:49:00,931 - pylabware.connections.SerialConnection - INFO - Port /dev/ttyUSB0 opened.
2024-10-17 10:49:00,932 - pylabware.controllers.RCTDigitalHotplate.IKA - INFO - Opened connection.
2024-10-17 10:49:03,001 - RiH_Main - INFO - IKA RCT digital connected.
2024-10-17 10:49:04,510 - RiH_Main - INFO - Stiring velocity set to 100.
2024-10-17 10:49:06,080 - RiH_Main - INFO - Current temperature: 0.0.
2024-10-17 10:49:06,080 - RiH_Main - INFO - Connecting Pump..
2024-10-17 10:49:06,082 - pylabware.connections.SerialConnection - INFO - Starting connection listener...
2024-10-17 10:49:06,083 - pylabware.connections.SerialConnection - INFO - Port /dev/ttyUSB1 opened.
2024-10-17 10:49:06,083 - pylabware.controllers.XCalibur.DISPENSE_PUMP - INFO - Opened connection.
2024-10-17 10:49:06,639 - pylabware.controllers.XCalibur.DISPENSE_PUMP - INFO - Reply was <No error. Pump Ready.> - error free condition
2024-10-17 10:49:06,640 - RiH_Main - INFO - Pump connected.
2024-10-17 10:49:07,194 - pylabware.controllers.XCalibur.DISPENSE_PUMP - INFO - Reply was <No error. Pump Busy.> - error free condition
2024-10-17 10:49:07,195 - pylabware.controllers.XCalibur.DISPENSE_PUMP - INFO - Device initialized.
2024-10-17 10:49:07,195 - RiH_Main - INFO - Pump initialised.
2024-10-17 10:49:07,698 - RiH_Main - INFO - Checking for pump errors
2024-10-17 10:49:07,698 - pylabware.controllers.XCalibur.DISPENSE_PUMP - INFO - Reply was <No error. Pump Busy.> - error free condition
2024-10-17 10:49:07,698 - RiH_Main - INFO - Connecting to the Quantos - opening doors
2024-10-17 10:49:14,009 - RiH_Main - INFO - Quantos connected..
2024-10-17 10:49:14,009 - RiH_Main - INFO - Initialising the filter machine
2024-10-17 10:49:14,009 - RiH_Filtration_System - INFO - Initialising filtration system pump
2024-10-17 10:49:14,009 - pylabware.connections.SerialConnection - INFO - Creating connection object with the following settings: 
{'address': '1', 'port': '/dev/ttyUSB3', 'encoding': 'UTF-8', 'command_delay': 0, 'receive_buffer_size': 128, 'receive_timeout': 10, 'transmit_timeout': 1, 'receiving_interval': 0.05, 'write_timeout': 0.5, 'baudrate': 9600, 'bytesize': 8, 'parity': 'N', 'stopbits': 1, 'xonxoff': False, 'rtscts': False, 'dsrdtr': False, 'inter_byte_timeout': False}
2024-10-17 10:49:14,012 - pylabware.connections.SerialConnection - INFO - Starting connection listener...
2024-10-17 10:49:14,013 - pylabware.connections.SerialConnection - INFO - Port /dev/ttyUSB3 opened.
2024-10-17 10:49:14,013 - pylabware.controllers.XCalibur.FILT_PUMP - INFO - Opened connection.
2024-10-17 10:49:14,064 - pylabware.controllers.XCalibur.FILT_PUMP - INFO - Reply was <No error. Pump Busy.> - error free condition
2024-10-17 10:49:14,064 - pylabware.controllers.XCalibur.FILT_PUMP - INFO - Device initialized.
2024-10-17 10:49:14,115 - pylabware.controllers.XCalibur.FILT_PUMP - INFO - Reply was <No error. Pump Busy.> - error free condition
2024-10-17 10:49:14,670 - pylabware.controllers.XCalibur.FILT_PUMP - INFO - Reply was <No error. Pump Busy.> - error free condition
2024-10-17 10:49:15,225 - pylabware.controllers.XCalibur.FILT_PUMP - INFO - Reply was <No error. Pump Busy.> - error free condition
2024-10-17 10:49:15,780 - pylabware.controllers.XCalibur.FILT_PUMP - INFO - Reply was <No error. Pump Busy.> - error free condition
2024-10-17 10:49:16,335 - pylabware.controllers.XCalibur.FILT_PUMP - INFO - Reply was <No error. Pump Busy.> - error free condition
2024-10-17 10:49:16,890 - pylabware.controllers.XCalibur.FILT_PUMP - INFO - Reply was <Invalid command! Pump Ready.>
2024-10-17 10:49:16,890 - pylabware.controllers.XCalibur.FILT_PUMP - WARNING - A non-fatal error was recieved resending command - errors occured: 1
2024-10-17 10:49:16,941 - pylabware.controllers.XCalibur.FILT_PUMP - INFO - Reply was <No error. Pump Ready.> - error free condition
2024-10-17 10:49:17,496 - pylabware.controllers.XCalibur.FILT_PUMP - INFO - Reply was <No error. Pump Ready.> - error free condition
2024-10-17 10:49:17,496 - RiH_Filtration_System - INFO - Initialisng the filtration system arduino
2024-10-17 10:49:17,505 - RiH_Main - INFO - Panda robot connected to 172.16.0.2
2024-10-17 10:49:17,505 - RiH_Main - ERROR - Capper camera is not available.
2024-10-17 10:49:17,505 - Timer - INFO - Setting timer to 0 h 1 m 1 s
2024-10-17 10:49:17,506 - Timer - INFO - Timer set to 61
2024-10-17 10:49:17,506 - Timer - INFO - Elapsed time: 0 h 0 m 0 s
2024-10-17 10:49:18,512 - Timer - INFO - Elapsed time: 0 h 0 m 1 s
2024-10-17 10:49:19,517 - Timer - INFO - Elapsed time: 0 h 0 m 2 s
2024-10-17 10:49:20,520 - Timer - INFO - Elapsed time: 0 h 0 m 3 s
2024-10-17 10:49:21,526 - Timer - INFO - Elapsed time: 0 h 0 m 4 s
2024-10-17 10:49:22,531 - Timer - INFO - Elapsed time: 0 h 0 m 5 s
2024-10-17 10:49:23,537 - Timer - INFO - Elapsed time: 0 h 0 m 6 s
2024-10-17 10:49:24,542 - Timer - INFO - Elapsed time: 0 h 0 m 7 s
2024-10-17 10:49:25,548 - Timer - INFO - Elapsed time: 0 h 0 m 8 s
2024-10-17 10:49:26,553 - Timer - INFO - Elapsed time: 0 h 0 m 9 s
2024-10-17 10:49:27,559 - Timer - INFO - Elapsed time: 0 h 0 m 10 s
2024-10-17 10:49:28,564 - Timer - INFO - Elapsed time: 0 h 0 m 11 s
2024-10-17 10:49:29,570 - Timer - INFO - Elapsed time: 0 h 0 m 12 s
2024-10-17 10:49:30,576 - Timer - INFO - Elapsed time: 0 h 0 m 13 s
2024-10-17 10:49:31,581 - Timer - INFO - Elapsed time: 0 h 0 m 14 s
2024-10-17 10:49:32,587 - Timer - INFO - Elapsed time: 0 h 0 m 15 s
2024-10-17 10:49:33,588 - Timer - INFO - Elapsed time: 0 h 0 m 16 s
2024-10-17 10:49:34,601 - Timer - INFO - Elapsed time: 0 h 0 m 17 s
2024-10-17 10:49:35,607 - Timer - INFO - Elapsed time: 0 h 0 m 18 s
2024-10-17 10:49:36,608 - Timer - INFO - Elapsed time: 0 h 0 m 19 s
2024-10-17 10:49:37,614 - Timer - INFO - Elapsed time: 0 h 0 m 20 s
2024-10-17 10:49:38,619 - Timer - INFO - Elapsed time: 0 h 0 m 21 s
2024-10-17 10:49:39,625 - Timer - INFO - Elapsed time: 0 h 0 m 22 s
2024-10-17 10:49:40,630 - Timer - INFO - Elapsed time: 0 h 0 m 23 s
2024-10-17 10:49:41,636 - Timer - INFO - Elapsed time: 0 h 0 m 24 s
2024-10-17 10:49:42,642 - Timer - INFO - Elapsed time: 0 h 0 m 25 s
2024-10-17 10:49:43,647 - Timer - INFO - Elapsed time: 0 h 0 m 26 s
2024-10-17 10:49:44,653 - Timer - INFO - Elapsed time: 0 h 0 m 27 s
2024-10-17 10:49:45,658 - Timer - INFO - Elapsed time: 0 h 0 m 28 s
2024-10-17 10:49:46,664 - Timer - INFO - Elapsed time: 0 h 0 m 29 s
2024-10-17 10:49:47,669 - Timer - INFO - Elapsed time: 0 h 0 m 30 s
2024-10-17 10:49:48,675 - Timer - INFO - Elapsed time: 0 h 0 m 31 s
2024-10-17 10:49:49,680 - Timer - INFO - Elapsed time: 0 h 0 m 32 s
2024-10-17 10:49:50,686 - Timer - INFO - Elapsed time: 0 h 0 m 33 s
2024-10-17 10:49:51,691 - Timer - INFO - Elapsed time: 0 h 0 m 34 s
2024-10-17 10:49:52,694 - Timer - INFO - Elapsed time: 0 h 0 m 35 s
2024-10-17 10:49:53,700 - Timer - INFO - Elapsed time: 0 h 0 m 36 s
2024-10-17 10:49:54,706 - Timer - INFO - Elapsed time: 0 h 0 m 37 s
2024-10-17 10:49:55,711 - Timer - INFO - Elapsed time: 0 h 0 m 38 s
2024-10-17 10:49:56,717 - Timer - INFO - Elapsed time: 0 h 0 m 39 s
2024-10-17 10:49:57,722 - Timer - INFO - Elapsed time: 0 h 0 m 40 s
2024-10-17 10:49:58,728 - Timer - INFO - Elapsed time: 0 h 0 m 41 s
2024-10-17 10:49:59,733 - Timer - INFO - Elapsed time: 0 h 0 m 42 s
2024-10-17 10:50:00,739 - Timer - INFO - Elapsed time: 0 h 0 m 43 s
2024-10-17 10:50:01,744 - Timer - INFO - Elapsed time: 0 h 0 m 44 s
2024-10-17 10:50:02,750 - Timer - INFO - Elapsed time: 0 h 0 m 45 s
2024-10-17 10:50:03,755 - Timer - INFO - Elapsed time: 0 h 0 m 46 s
2024-10-17 10:50:04,756 - Timer - INFO - Elapsed time: 0 h 0 m 47 s
2024-10-17 10:50:05,762 - Timer - INFO - Elapsed time: 0 h 0 m 48 s
2024-10-17 10:50:06,767 - Timer - INFO - Elapsed time: 0 h 0 m 49 s
2024-10-17 10:50:07,773 - Timer - INFO - Elapsed time: 0 h 0 m 50 s
2024-10-17 10:50:08,778 - Timer - INFO - Elapsed time: 0 h 0 m 51 s
2024-10-17 10:50:09,784 - Timer - INFO - Elapsed time: 0 h 0 m 52 s
2024-10-17 10:50:10,790 - Timer - INFO - Elapsed time: 0 h 0 m 53 s
2024-10-17 10:50:11,792 - Timer - INFO - Elapsed time: 0 h 0 m 54 s
2024-10-17 10:50:12,797 - Timer - INFO - Elapsed time: 0 h 0 m 55 s
2024-10-17 10:50:13,803 - Timer - INFO - Elapsed time: 0 h 0 m 56 s
2024-10-17 10:50:14,808 - Timer - INFO - Elapsed time: 0 h 0 m 57 s
2024-10-17 10:50:15,811 - Timer - INFO - Elapsed time: 0 h 0 m 58 s
2024-10-17 10:50:16,813 - Timer - INFO - Elapsed time: 0 h 0 m 59 s
2024-10-17 10:50:17,818 - Timer - INFO - Elapsed time: 0 h 1 m 0 s
2024-10-17 10:50:18,824 - Timer - INFO - Elapsed time: 0 h 1 m 1 s
2024-10-17 10:50:19,830 - Timer - INFO - [INFO] Waiting finished....
2024-10-17 10:50:19,830 - pylabware.connections.SerialConnection - WARNING - Command rate too high! Delaying next command for 0.5 seconds
2024-10-17 11:03:14,613 - Workflow_Config_Helper - INFO - All solids and liquids requested in sample list are in the workflow
2024-10-17 11:03:14,613 - Workflow_Config_Helper - INFO - No errors in workflow detected
2024-10-17 11:03:18,635 - pylabware.connections.SerialConnection - INFO - Creating connection object with the following settings: 
{'address': '', 'port': '/dev/ttyUSB0', 'encoding': 'UTF-8', 'command_delay': 0.5, 'receive_buffer_size': 128, 'receive_timeout': 1, 'transmit_timeout': 1, 'receiving_interval': 0.05, 'write_timeout': 0.5, 'baudrate': 9600, 'bytesize': 7, 'parity': 'E', 'stopbits': 1, 'xonxoff': False, 'rtscts': False, 'dsrdtr': False, 'inter_byte_timeout': False}
2024-10-17 11:03:18,636 - pylabware.connections.SerialConnection - INFO - Creating connection object with the following settings: 
{'address': '1', 'port': '/dev/ttyUSB1', 'encoding': 'UTF-8', 'command_delay': 0, 'receive_buffer_size': 128, 'receive_timeout': 10, 'transmit_timeout': 1, 'receiving_interval': 0.05, 'write_timeout': 0.5, 'baudrate': 9600, 'bytesize': 8, 'parity': 'N', 'stopbits': 1, 'xonxoff': False, 'rtscts': False, 'dsrdtr': False, 'inter_byte_timeout': False}
2024-10-17 11:03:18,637 - pylabware.connections.SerialConnection - INFO - Creating connection object with the following settings: 
{'address': None, 'port': '/dev/ttyUSB2', 'encoding': 'UTF-8', 'command_delay': 0.5, 'receive_buffer_size': 128, 'receive_timeout': 1, 'transmit_timeout': 1, 'receiving_interval': 0.05, 'write_timeout': 0.5, 'baudrate': 9600, 'bytesize': 8, 'parity': 'N', 'stopbits': 1, 'xonxoff': True, 'rtscts': False, 'dsrdtr': False, 'inter_byte_timeout': False, 'timeout': 0.1}
2024-10-17 11:03:18,639 - pylabware.connections.SerialConnection - INFO - Starting connection listener...
2024-10-17 11:03:18,639 - pylabware.connections.SerialConnection - INFO - Port /dev/ttyUSB2 opened.
2024-10-17 11:03:18,640 - pylabware.connections.SerialConnection - WARNING - Command rate too high! Delaying next command for 0.5 seconds
2024-10-17 11:03:19,247 - pylabware.controllers.QuantosQB1.QUANTOS - INFO - No carousel/autosampler connected
2024-10-17 11:03:19,247 - pylabware.connections.SerialConnection - WARNING - Command rate too high! Delaying next command for 0.5 seconds
2024-10-17 11:03:22,368 - RiH_Main - INFO - Connecting IKA RCT digital..
2024-10-17 11:03:22,371 - pylabware.connections.SerialConnection - INFO - Starting connection listener...
2024-10-17 11:03:22,371 - pylabware.connections.SerialConnection - INFO - Port /dev/ttyUSB0 opened.
2024-10-17 11:03:22,372 - pylabware.controllers.RCTDigitalHotplate.IKA - INFO - Opened connection.
2024-10-17 11:03:24,440 - RiH_Main - INFO - IKA RCT digital connected.
2024-10-17 11:03:25,948 - RiH_Main - INFO - Stiring velocity set to 100.
2024-10-17 11:03:27,517 - RiH_Main - INFO - Current temperature: 0.0.
2024-10-17 11:03:27,517 - RiH_Main - INFO - Connecting Pump..
2024-10-17 11:03:27,519 - pylabware.connections.SerialConnection - INFO - Starting connection listener...
2024-10-17 11:03:27,520 - pylabware.connections.SerialConnection - INFO - Port /dev/ttyUSB1 opened.
2024-10-17 11:03:27,520 - pylabware.controllers.XCalibur.DISPENSE_PUMP - INFO - Opened connection.
2024-10-17 11:03:28,076 - pylabware.controllers.XCalibur.DISPENSE_PUMP - INFO - Reply was <No error. Pump Ready.> - error free condition
2024-10-17 11:03:28,077 - RiH_Main - INFO - Pump connected.
2024-10-17 11:03:28,631 - pylabware.controllers.XCalibur.DISPENSE_PUMP - INFO - Reply was <No error. Pump Busy.> - error free condition
2024-10-17 11:03:28,632 - pylabware.controllers.XCalibur.DISPENSE_PUMP - INFO - Device initialized.
2024-10-17 11:03:28,632 - RiH_Main - INFO - Pump initialised.
2024-10-17 11:03:29,135 - RiH_Main - INFO - Checking for pump errors
2024-10-17 11:03:29,135 - pylabware.controllers.XCalibur.DISPENSE_PUMP - INFO - Reply was <No error. Pump Busy.> - error free condition
2024-10-17 11:03:29,135 - RiH_Main - INFO - Connecting to the Quantos - opening doors
2024-10-17 11:03:35,596 - RiH_Main - INFO - Quantos connected..
2024-10-17 11:03:35,596 - RiH_Main - INFO - Initialising the filter machine
2024-10-17 11:03:35,596 - RiH_Filtration_System - INFO - Initialising filtration system pump
2024-10-17 11:03:35,597 - pylabware.connections.SerialConnection - INFO - Creating connection object with the following settings: 
{'address': '1', 'port': '/dev/ttyUSB3', 'encoding': 'UTF-8', 'command_delay': 0, 'receive_buffer_size': 128, 'receive_timeout': 10, 'transmit_timeout': 1, 'receiving_interval': 0.05, 'write_timeout': 0.5, 'baudrate': 9600, 'bytesize': 8, 'parity': 'N', 'stopbits': 1, 'xonxoff': False, 'rtscts': False, 'dsrdtr': False, 'inter_byte_timeout': False}
2024-10-17 11:03:35,600 - pylabware.connections.SerialConnection - INFO - Starting connection listener...
2024-10-17 11:03:35,600 - pylabware.connections.SerialConnection - INFO - Port /dev/ttyUSB3 opened.
2024-10-17 11:03:35,600 - pylabware.controllers.XCalibur.FILT_PUMP - INFO - Opened connection.
2024-10-17 11:03:35,651 - pylabware.controllers.XCalibur.FILT_PUMP - INFO - Reply was <No error. Pump Busy.> - error free condition
2024-10-17 11:03:35,652 - pylabware.controllers.XCalibur.FILT_PUMP - INFO - Device initialized.
2024-10-17 11:03:35,702 - pylabware.controllers.XCalibur.FILT_PUMP - INFO - Reply was <No error. Pump Busy.> - error free condition
2024-10-17 11:03:36,257 - pylabware.controllers.XCalibur.FILT_PUMP - INFO - Reply was <No error. Pump Busy.> - error free condition
2024-10-17 11:03:36,813 - pylabware.controllers.XCalibur.FILT_PUMP - INFO - Reply was <No error. Pump Busy.> - error free condition
2024-10-17 11:03:37,369 - pylabware.controllers.XCalibur.FILT_PUMP - INFO - Reply was <No error. Pump Busy.> - error free condition
2024-10-17 11:03:37,923 - pylabware.controllers.XCalibur.FILT_PUMP - INFO - Reply was <No error. Pump Busy.> - error free condition
2024-10-17 11:03:38,478 - pylabware.controllers.XCalibur.FILT_PUMP - INFO - Reply was <Invalid command! Pump Ready.>
2024-10-17 11:03:38,479 - pylabware.controllers.XCalibur.FILT_PUMP - WARNING - A non-fatal error was recieved resending command - errors occured: 1
2024-10-17 11:03:38,529 - pylabware.controllers.XCalibur.FILT_PUMP - INFO - Reply was <No error. Pump Ready.> - error free condition
2024-10-17 11:03:39,084 - pylabware.controllers.XCalibur.FILT_PUMP - INFO - Reply was <No error. Pump Ready.> - error free condition
2024-10-17 11:03:39,085 - RiH_Filtration_System - INFO - Initialisng the filtration system arduino
2024-10-17 11:03:39,128 - RiH_Main - INFO - Panda robot connected to 172.16.0.2
2024-10-17 11:03:39,129 - RiH_Main - ERROR - Capper camera is not available.
2024-10-17 11:03:39,130 - Timer - INFO - Setting timer to 0 h 1 m 1 s
2024-10-17 11:03:39,130 - Timer - INFO - Timer set to 61
2024-10-17 11:03:39,131 - Timer - INFO - Elapsed time: 0 h 0 m 0 s
2024-10-17 11:03:40,136 - Timer - INFO - Elapsed time: 0 h 0 m 1 s
2024-10-17 11:03:41,142 - Timer - INFO - Elapsed time: 0 h 0 m 2 s
2024-10-17 11:03:42,148 - Timer - INFO - Elapsed time: 0 h 0 m 3 s
2024-10-17 11:03:43,153 - Timer - INFO - Elapsed time: 0 h 0 m 4 s
2024-10-17 11:03:44,159 - Timer - INFO - Elapsed time: 0 h 0 m 5 s
2024-10-17 11:03:45,164 - Timer - INFO - Elapsed time: 0 h 0 m 6 s
2024-10-17 11:03:46,170 - Timer - INFO - Elapsed time: 0 h 0 m 7 s
2024-10-17 11:03:47,175 - Timer - INFO - Elapsed time: 0 h 0 m 8 s
2024-10-17 11:03:48,181 - Timer - INFO - Elapsed time: 0 h 0 m 9 s
2024-10-17 11:03:49,185 - Timer - INFO - Elapsed time: 0 h 0 m 10 s
2024-10-17 11:03:50,191 - Timer - INFO - Elapsed time: 0 h 0 m 11 s
2024-10-17 11:03:51,196 - Timer - INFO - Elapsed time: 0 h 0 m 12 s
2024-10-17 11:03:52,202 - Timer - INFO - Elapsed time: 0 h 0 m 13 s
2024-10-17 11:03:53,206 - Timer - INFO - Elapsed time: 0 h 0 m 14 s
2024-10-17 11:03:54,211 - Timer - INFO - Elapsed time: 0 h 0 m 15 s
2024-10-17 11:03:55,217 - Timer - INFO - Elapsed time: 0 h 0 m 16 s
2024-10-17 11:03:56,222 - Timer - INFO - Elapsed time: 0 h 0 m 17 s
2024-10-17 11:03:57,228 - Timer - INFO - Elapsed time: 0 h 0 m 18 s
2024-10-17 11:03:58,233 - Timer - INFO - Elapsed time: 0 h 0 m 19 s
2024-10-17 11:03:59,239 - Timer - INFO - Elapsed time: 0 h 0 m 20 s
2024-10-17 11:04:00,244 - Timer - INFO - Elapsed time: 0 h 0 m 21 s
2024-10-17 11:04:01,250 - Timer - INFO - Elapsed time: 0 h 0 m 22 s
2024-10-17 11:04:02,255 - Timer - INFO - Elapsed time: 0 h 0 m 23 s
2024-10-17 11:04:03,261 - Timer - INFO - Elapsed time: 0 h 0 m 24 s
2024-10-17 11:04:04,266 - Timer - INFO - Elapsed time: 0 h 0 m 25 s
2024-10-17 11:04:05,269 - Timer - INFO - Elapsed time: 0 h 0 m 26 s
2024-10-17 11:04:06,275 - Timer - INFO - Elapsed time: 0 h 0 m 27 s
2024-10-17 11:04:07,280 - Timer - INFO - Elapsed time: 0 h 0 m 28 s
2024-10-17 11:04:08,286 - Timer - INFO - Elapsed time: 0 h 0 m 29 s
2024-10-17 11:04:09,291 - Timer - INFO - Elapsed time: 0 h 0 m 30 s
2024-10-17 11:04:10,296 - Timer - INFO - Elapsed time: 0 h 0 m 31 s
2024-10-17 11:04:11,302 - Timer - INFO - Elapsed time: 0 h 0 m 32 s
2024-10-17 11:04:12,308 - Timer - INFO - Elapsed time: 0 h 0 m 33 s
2024-10-17 11:04:13,313 - Timer - INFO - Elapsed time: 0 h 0 m 34 s
2024-10-17 11:04:14,318 - Timer - INFO - Elapsed time: 0 h 0 m 35 s
2024-10-17 11:04:15,324 - Timer - INFO - Elapsed time: 0 h 0 m 36 s
2024-10-17 11:04:16,329 - Timer - INFO - Elapsed time: 0 h 0 m 37 s
2024-10-17 11:04:17,335 - Timer - INFO - Elapsed time: 0 h 0 m 38 s
2024-10-17 11:04:18,340 - Timer - INFO - Elapsed time: 0 h 0 m 39 s
2024-10-17 11:04:19,344 - Timer - INFO - Elapsed time: 0 h 0 m 40 s
2024-10-17 11:04:20,349 - Timer - INFO - Elapsed time: 0 h 0 m 41 s
2024-10-17 11:04:21,355 - Timer - INFO - Elapsed time: 0 h 0 m 42 s
2024-10-17 11:04:22,360 - Timer - INFO - Elapsed time: 0 h 0 m 43 s
2024-10-17 11:04:23,366 - Timer - INFO - Elapsed time: 0 h 0 m 44 s
2024-10-17 11:04:24,371 - Timer - INFO - Elapsed time: 0 h 0 m 45 s
2024-10-17 11:04:25,377 - Timer - INFO - Elapsed time: 0 h 0 m 46 s
2024-10-17 11:04:26,383 - Timer - INFO - Elapsed time: 0 h 0 m 47 s
2024-10-17 11:04:27,388 - Timer - INFO - Elapsed time: 0 h 0 m 48 s
2024-10-17 11:04:28,394 - Timer - INFO - Elapsed time: 0 h 0 m 49 s
2024-10-17 11:04:29,399 - Timer - INFO - Elapsed time: 0 h 0 m 50 s
2024-10-17 11:04:30,405 - Timer - INFO - Elapsed time: 0 h 0 m 51 s
2024-10-17 11:04:31,410 - Timer - INFO - Elapsed time: 0 h 0 m 52 s
2024-10-17 11:04:32,416 - Timer - INFO - Elapsed time: 0 h 0 m 53 s
2024-10-17 11:04:33,422 - Timer - INFO - Elapsed time: 0 h 0 m 54 s
2024-10-17 11:04:34,427 - Timer - INFO - Elapsed time: 0 h 0 m 55 s
2024-10-17 11:04:35,433 - Timer - INFO - Elapsed time: 0 h 0 m 56 s
2024-10-17 11:04:36,438 - Timer - INFO - Elapsed time: 0 h 0 m 57 s
2024-10-17 11:04:37,444 - Timer - INFO - Elapsed time: 0 h 0 m 58 s
2024-10-17 11:04:38,449 - Timer - INFO - Elapsed time: 0 h 0 m 59 s
2024-10-17 11:04:39,455 - Timer - INFO - Elapsed time: 0 h 1 m 0 s
2024-10-17 11:04:40,460 - Timer - INFO - Elapsed time: 0 h 1 m 1 s
2024-10-17 11:04:41,466 - Timer - INFO - [INFO] Waiting finished....
2024-10-17 11:04:41,467 - pylabware.connections.SerialConnection - WARNING - Command rate too high! Delaying next command for 0.5 seconds
