2024-06-21 11:51:05,915 - pylabware.connections.SerialConnection - INFO - Creating connection object with the following settings: 
{'address': '', 'port': '/dev/ttyUSB0', 'encoding': 'UTF-8', 'command_delay': 0.5, 'receive_buffer_size': 128, 'receive_timeout': 1, 'transmit_timeout': 1, 'receiving_interval': 0.05, 'write_timeout': 0.5, 'baudrate': 9600, 'bytesize': 7, 'parity': 'E', 'stopbits': 1, 'xonxoff': False, 'rtscts': False, 'dsrdtr': False, 'inter_byte_timeout': False}
2024-06-21 11:51:05,916 - pylabware.connections.SerialConnection - INFO - Creating connection object with the following settings: 
{'address': '1', 'port': '/dev/ttyUSB1', 'encoding': 'UTF-8', 'command_delay': 0, 'receive_buffer_size': 128, 'receive_timeout': 10, 'transmit_timeout': 1, 'receiving_interval': 0.05, 'write_timeout': 0.5, 'baudrate': 9600, 'bytesize': 8, 'parity': 'N', 'stopbits': 1, 'xonxoff': False, 'rtscts': False, 'dsrdtr': False, 'inter_byte_timeout': False}
2024-06-21 11:51:05,916 - pylabware.connections.SerialConnection - INFO - Creating connection object with the following settings: 
{'address': None, 'port': '/dev/ttyUSB2', 'encoding': 'UTF-8', 'command_delay': 0.5, 'receive_buffer_size': 128, 'receive_timeout': 1, 'transmit_timeout': 1, 'receiving_interval': 0.05, 'write_timeout': 0.5, 'baudrate': 9600, 'bytesize': 8, 'parity': 'N', 'stopbits': 1, 'xonxoff': True, 'rtscts': False, 'dsrdtr': False, 'inter_byte_timeout': False, 'timeout': 0.1}
2024-06-21 11:51:05,919 - pylabware.connections.SerialConnection - INFO - Starting connection listener...
2024-06-21 11:51:05,919 - pylabware.connections.SerialConnection - INFO - Port /dev/ttyUSB2 opened.
2024-06-21 11:51:05,920 - pylabware.connections.SerialConnection - WARNING - Command rate too high! Delaying next command for 0.5 seconds
2024-06-21 11:51:06,526 - pylabware.controllers.QuantosQB1.QUANTOS - INFO - No carousel/autosampler connected
2024-06-21 11:51:06,527 - pylabware.connections.SerialConnection - WARNING - Command rate too high! Delaying next command for 0.5 seconds
2024-06-21 11:51:14,677 - pylabware.connections.SerialConnection - INFO - Starting connection listener...
2024-06-21 11:51:14,677 - pylabware.connections.SerialConnection - INFO - Port /dev/ttyUSB0 opened.
2024-06-21 11:51:14,677 - pylabware.controllers.RCTDigitalHotplate.IKA - INFO - Opened connection.
2024-06-21 11:51:19,808 - pylabware.connections.SerialConnection - INFO - Starting connection listener...
2024-06-21 11:51:19,812 - pylabware.connections.SerialConnection - INFO - Port /dev/ttyUSB1 opened.
2024-06-21 11:51:19,812 - pylabware.controllers.XCalibur.PUMP - INFO - Opened connection.
2024-06-21 11:51:20,918 - pylabware.controllers.XCalibur.PUMP - INFO - Device initialized.
2024-06-21 11:51:21,422 - root - INFO - CONNECTING QUANTOS - OPENING DOORS
2024-06-21 11:51:33,303 - pylabware.connections.SerialConnection - WARNING - Command rate too high! Delaying next command for 0.5 seconds
2024-06-21 11:51:43,900 - root - INFO - TARING QUANTOS
2024-06-21 11:55:08,790 - pylabware.connections.SerialConnection - INFO - Creating connection object with the following settings: 
{'address': '', 'port': '/dev/ttyUSB0', 'encoding': 'UTF-8', 'command_delay': 0.5, 'receive_buffer_size': 128, 'receive_timeout': 1, 'transmit_timeout': 1, 'receiving_interval': 0.05, 'write_timeout': 0.5, 'baudrate': 9600, 'bytesize': 7, 'parity': 'E', 'stopbits': 1, 'xonxoff': False, 'rtscts': False, 'dsrdtr': False, 'inter_byte_timeout': False}
2024-06-21 11:55:08,791 - pylabware.connections.SerialConnection - INFO - Creating connection object with the following settings: 
{'address': '1', 'port': '/dev/ttyUSB1', 'encoding': 'UTF-8', 'command_delay': 0, 'receive_buffer_size': 128, 'receive_timeout': 10, 'transmit_timeout': 1, 'receiving_interval': 0.05, 'write_timeout': 0.5, 'baudrate': 9600, 'bytesize': 8, 'parity': 'N', 'stopbits': 1, 'xonxoff': False, 'rtscts': False, 'dsrdtr': False, 'inter_byte_timeout': False}
2024-06-21 11:55:08,792 - pylabware.connections.SerialConnection - INFO - Creating connection object with the following settings: 
{'address': None, 'port': '/dev/ttyUSB2', 'encoding': 'UTF-8', 'command_delay': 0.5, 'receive_buffer_size': 128, 'receive_timeout': 1, 'transmit_timeout': 1, 'receiving_interval': 0.05, 'write_timeout': 0.5, 'baudrate': 9600, 'bytesize': 8, 'parity': 'N', 'stopbits': 1, 'xonxoff': True, 'rtscts': False, 'dsrdtr': False, 'inter_byte_timeout': False, 'timeout': 0.1}
2024-06-21 11:55:08,794 - pylabware.connections.SerialConnection - INFO - Starting connection listener...
2024-06-21 11:55:08,794 - pylabware.connections.SerialConnection - INFO - Port /dev/ttyUSB2 opened.
2024-06-21 11:55:08,795 - pylabware.connections.SerialConnection - WARNING - Command rate too high! Delaying next command for 0.5 seconds
2024-06-21 11:55:09,402 - pylabware.controllers.QuantosQB1.QUANTOS - INFO - No carousel/autosampler connected
2024-06-21 11:55:09,402 - pylabware.connections.SerialConnection - WARNING - Command rate too high! Delaying next command for 0.5 seconds
2024-06-21 11:55:17,544 - pylabware.connections.SerialConnection - INFO - Starting connection listener...
2024-06-21 11:55:17,545 - pylabware.connections.SerialConnection - INFO - Port /dev/ttyUSB0 opened.
2024-06-21 11:55:17,545 - pylabware.controllers.RCTDigitalHotplate.IKA - INFO - Opened connection.
2024-06-21 11:55:22,680 - pylabware.connections.SerialConnection - INFO - Starting connection listener...
2024-06-21 11:55:22,683 - pylabware.connections.SerialConnection - INFO - Port /dev/ttyUSB1 opened.
2024-06-21 11:55:22,683 - pylabware.controllers.XCalibur.PUMP - INFO - Opened connection.
2024-06-21 11:55:23,789 - pylabware.controllers.XCalibur.PUMP - INFO - Device initialized.
2024-06-21 11:55:24,293 - root - INFO - CONNECTING QUANTOS - OPENING DOORS
2024-06-21 11:55:36,260 - pylabware.connections.SerialConnection - WARNING - Command rate too high! Delaying next command for 0.5 seconds
2024-06-21 11:55:45,954 - root - INFO - TARING QUANTOS
2024-09-24 10:39:00,600 - pylabware.connections.SerialConnection - INFO - Creating connection object with the following settings: 
{'address': '1', 'port': '/dev/ttyUSB3', 'encoding': 'UTF-8', 'command_delay': 0, 'receive_buffer_size': 128, 'receive_timeout': 0.1, 'transmit_timeout': 1, 'receiving_interval': 0.05, 'write_timeout': 0.5, 'baudrate': 9600, 'bytesize': 8, 'parity': 'N', 'stopbits': 1, 'xonxoff': False, 'rtscts': False, 'dsrdtr': False, 'inter_byte_timeout': False}
2024-09-24 10:39:00,605 - pylabware.connections.SerialConnection - INFO - Starting connection listener...
2024-09-24 10:39:00,605 - pylabware.connections.SerialConnection - INFO - Port /dev/ttyUSB3 opened.
2024-09-24 10:39:00,605 - pylabware.controllers.XCalibur.filt_pump - INFO - Opened connection.
2024-09-24 10:39:29,016 - pylabware.connections.SerialConnection - INFO - Creating connection object with the following settings: 
{'address': '1', 'port': '/dev/ttyUSB3', 'encoding': 'UTF-8', 'command_delay': 0, 'receive_buffer_size': 128, 'receive_timeout': 0.1, 'transmit_timeout': 1, 'receiving_interval': 0.05, 'write_timeout': 0.5, 'baudrate': 9600, 'bytesize': 8, 'parity': 'N', 'stopbits': 1, 'xonxoff': False, 'rtscts': False, 'dsrdtr': False, 'inter_byte_timeout': False}
2024-09-24 10:39:29,018 - pylabware.connections.SerialConnection - INFO - Starting connection listener...
2024-09-24 10:39:29,019 - pylabware.connections.SerialConnection - INFO - Port /dev/ttyUSB3 opened.
2024-09-24 10:39:29,019 - pylabware.controllers.XCalibur.filt_pump - INFO - Opened connection.
2024-09-24 10:40:49,840 - pylabware.connections.SerialConnection - INFO - Creating connection object with the following settings: 
{'address': '1', 'port': '/dev/ttyUSB3', 'encoding': 'UTF-8', 'command_delay': 0, 'receive_buffer_size': 128, 'receive_timeout': 0.1, 'transmit_timeout': 1, 'receiving_interval': 0.05, 'write_timeout': 0.5, 'baudrate': 9600, 'bytesize': 8, 'parity': 'N', 'stopbits': 1, 'xonxoff': False, 'rtscts': False, 'dsrdtr': False, 'inter_byte_timeout': False}
2024-09-24 10:40:49,844 - pylabware.connections.SerialConnection - INFO - Starting connection listener...
2024-09-24 10:40:49,844 - pylabware.connections.SerialConnection - INFO - Port /dev/ttyUSB3 opened.
2024-09-24 10:40:49,845 - pylabware.controllers.XCalibur.filt_pump - INFO - Opened connection.
2024-09-24 10:44:05,254 - pylabware.connections.SerialConnection - INFO - Creating connection object with the following settings: 
{'address': '', 'port': '/dev/ttyUSB0', 'encoding': 'UTF-8', 'command_delay': 0.5, 'receive_buffer_size': 128, 'receive_timeout': 1, 'transmit_timeout': 1, 'receiving_interval': 0.05, 'write_timeout': 0.5, 'baudrate': 9600, 'bytesize': 7, 'parity': 'E', 'stopbits': 1, 'xonxoff': False, 'rtscts': False, 'dsrdtr': False, 'inter_byte_timeout': False}
2024-09-24 10:44:05,255 - pylabware.connections.SerialConnection - INFO - Creating connection object with the following settings: 
{'address': '1', 'port': '/dev/ttyUSB1', 'encoding': 'UTF-8', 'command_delay': 0, 'receive_buffer_size': 128, 'receive_timeout': 0.1, 'transmit_timeout': 1, 'receiving_interval': 0.05, 'write_timeout': 0.5, 'baudrate': 9600, 'bytesize': 8, 'parity': 'N', 'stopbits': 1, 'xonxoff': False, 'rtscts': False, 'dsrdtr': False, 'inter_byte_timeout': False}
2024-09-24 10:44:05,255 - pylabware.connections.SerialConnection - INFO - Creating connection object with the following settings: 
{'address': None, 'port': '/dev/ttyUSB2', 'encoding': 'UTF-8', 'command_delay': 0.5, 'receive_buffer_size': 128, 'receive_timeout': 1, 'transmit_timeout': 1, 'receiving_interval': 0.05, 'write_timeout': 0.5, 'baudrate': 9600, 'bytesize': 8, 'parity': 'N', 'stopbits': 1, 'xonxoff': True, 'rtscts': False, 'dsrdtr': False, 'inter_byte_timeout': False, 'timeout': 0}
2024-09-24 10:44:05,258 - pylabware.connections.SerialConnection - INFO - Starting connection listener...
2024-09-24 10:44:05,258 - pylabware.connections.SerialConnection - INFO - Port /dev/ttyUSB2 opened.
2024-09-24 10:44:05,258 - pylabware.connections.SerialConnection - WARNING - Command rate too high! Delaying next command for 0.5 seconds
2024-09-24 10:44:05,863 - pylabware.controllers.QuantosQB1.QUANTOS - INFO - this is the initial reply :  0 A

2024-09-24 10:44:05,864 - pylabware.controllers.QuantosQB1.QUANTOS - INFO - Standard Success Match
2024-09-24 10:44:05,865 - pylabware.controllers.QuantosQB1.QUANTOS - INFO - No carousel/autosampler connected
2024-09-24 10:44:05,865 - pylabware.connections.SerialConnection - WARNING - Command rate too high! Delaying next command for 0.5 seconds
2024-09-24 10:44:06,368 - pylabware.controllers.QuantosQB1.QUANTOS - INFO - this is the initial reply :  B

2024-09-24 10:44:06,368 - pylabware.controllers.QuantosQB1.QUANTOS - INFO - Command Executing Match
2024-09-24 10:44:11,766 - pylabware.controllers.QuantosQB1.QUANTOS - INFO - Standard Success Match After Executing
2024-09-24 10:44:11,867 - pylabware.controllers.QuantosQB1.QUANTOS - INFO - this is the initial reply :  A

2024-09-24 10:44:11,867 - pylabware.controllers.QuantosQB1.QUANTOS - INFO - Standard Success Match
2024-09-24 10:44:14,058 - pylabware.connections.SerialConnection - INFO - Starting connection listener...
2024-09-24 10:44:14,058 - pylabware.connections.SerialConnection - INFO - Port /dev/ttyUSB0 opened.
2024-09-24 10:44:14,058 - pylabware.controllers.RCTDigitalHotplate.IKA - INFO - Opened connection.
2024-09-24 10:45:00,158 - pylabware.connections.SerialConnection - INFO - Starting connection listener...
2024-09-24 10:45:00,158 - pylabware.connections.SerialConnection - INFO - Port /dev/ttyUSB1 opened.
2024-09-24 10:45:00,158 - pylabware.controllers.XCalibur.PUMP - INFO - Opened connection.
2024-09-24 10:45:01,314 - root - INFO - CONNECTING QUANTOS - OPENING DOORS
2024-09-24 10:45:01,423 - pylabware.controllers.QuantosQB1.QUANTOS - INFO - this is the initial reply :  A

2024-09-24 10:45:01,423 - pylabware.controllers.QuantosQB1.QUANTOS - INFO - Standard Success Match
2024-09-24 10:45:02,530 - pylabware.controllers.QuantosQB1.QUANTOS - INFO - this is the initial reply :  B

2024-09-24 10:45:02,530 - pylabware.controllers.QuantosQB1.QUANTOS - INFO - Command Executing Match
2024-09-24 10:45:03,239 - pylabware.controllers.QuantosQB1.QUANTOS - INFO - Standard Success Match After Executing
2024-09-24 10:45:07,564 - pylabware.controllers.QuantosQB1.QUANTOS - INFO - this is the initial reply :  B

2024-09-24 10:45:07,564 - pylabware.controllers.QuantosQB1.QUANTOS - INFO - Command Executing Match
2024-09-24 10:45:07,966 - pylabware.controllers.QuantosQB1.QUANTOS - INFO - Standard Success Match After Executing
2024-09-24 10:45:08,067 - pylabware.controllers.QuantosQB1.QUANTOS - INFO - this is the initial reply :  B

2024-09-24 10:45:08,067 - pylabware.controllers.QuantosQB1.QUANTOS - INFO - Command Executing Match
2024-09-24 10:45:13,446 - pylabware.controllers.QuantosQB1.QUANTOS - INFO - Standard Success Match After Executing
2024-09-24 10:45:13,547 - pylabware.controllers.QuantosQB1.QUANTOS - INFO - this is the initial reply :  A

2024-09-24 10:45:13,547 - pylabware.controllers.QuantosQB1.QUANTOS - INFO - Standard Success Match
2024-09-24 10:45:13,547 - pylabware.connections.SerialConnection - WARNING - Command rate too high! Delaying next command for 0.5 seconds
2024-09-24 10:45:18,078 - pylabware.controllers.QuantosQB1.QUANTOS - INFO - this is the initial reply :  S     0.0071 g

2024-09-24 10:45:18,078 - pylabware.controllers.QuantosQB1.QUANTOS - INFO - Weighing Match
2024-09-24 10:45:50,541 - pylabware.connections.SerialConnection - INFO - Creating connection object with the following settings: 
{'address': '', 'port': '/dev/ttyUSB0', 'encoding': 'UTF-8', 'command_delay': 0.5, 'receive_buffer_size': 128, 'receive_timeout': 1, 'transmit_timeout': 1, 'receiving_interval': 0.05, 'write_timeout': 0.5, 'baudrate': 9600, 'bytesize': 7, 'parity': 'E', 'stopbits': 1, 'xonxoff': False, 'rtscts': False, 'dsrdtr': False, 'inter_byte_timeout': False}
2024-09-24 10:45:50,542 - pylabware.connections.SerialConnection - INFO - Creating connection object with the following settings: 
{'address': '1', 'port': '/dev/ttyUSB1', 'encoding': 'UTF-8', 'command_delay': 0, 'receive_buffer_size': 128, 'receive_timeout': 0.1, 'transmit_timeout': 1, 'receiving_interval': 0.05, 'write_timeout': 0.5, 'baudrate': 9600, 'bytesize': 8, 'parity': 'N', 'stopbits': 1, 'xonxoff': False, 'rtscts': False, 'dsrdtr': False, 'inter_byte_timeout': False}
2024-09-24 10:45:50,542 - pylabware.connections.SerialConnection - INFO - Creating connection object with the following settings: 
{'address': None, 'port': '/dev/ttyUSB2', 'encoding': 'UTF-8', 'command_delay': 0.5, 'receive_buffer_size': 128, 'receive_timeout': 1, 'transmit_timeout': 1, 'receiving_interval': 0.05, 'write_timeout': 0.5, 'baudrate': 9600, 'bytesize': 8, 'parity': 'N', 'stopbits': 1, 'xonxoff': True, 'rtscts': False, 'dsrdtr': False, 'inter_byte_timeout': False, 'timeout': 0}
2024-09-24 10:45:50,545 - pylabware.connections.SerialConnection - INFO - Starting connection listener...
2024-09-24 10:45:50,545 - pylabware.connections.SerialConnection - INFO - Port /dev/ttyUSB2 opened.
2024-09-24 10:45:50,546 - pylabware.connections.SerialConnection - WARNING - Command rate too high! Delaying next command for 0.5 seconds
2024-09-24 10:45:51,150 - pylabware.controllers.QuantosQB1.QUANTOS - INFO - this is the initial reply :  0 A

2024-09-24 10:45:51,151 - pylabware.controllers.QuantosQB1.QUANTOS - INFO - Standard Success Match
2024-09-24 10:45:51,187 - pylabware.controllers.QuantosQB1.QUANTOS - INFO - No carousel/autosampler connected
2024-09-24 10:45:51,187 - pylabware.connections.SerialConnection - WARNING - Command rate too high! Delaying next command for 0.5 seconds
2024-09-24 10:45:51,655 - pylabware.controllers.QuantosQB1.QUANTOS - INFO - this is the initial reply :  B

2024-09-24 10:45:51,655 - pylabware.controllers.QuantosQB1.QUANTOS - INFO - Command Executing Match
2024-09-24 10:45:57,050 - pylabware.controllers.QuantosQB1.QUANTOS - INFO - Standard Success Match After Executing
2024-09-24 10:45:57,151 - pylabware.controllers.QuantosQB1.QUANTOS - INFO - this is the initial reply :  A

2024-09-24 10:45:57,151 - pylabware.controllers.QuantosQB1.QUANTOS - INFO - Standard Success Match
2024-09-24 10:45:59,357 - pylabware.connections.SerialConnection - INFO - Starting connection listener...
2024-09-24 10:45:59,357 - pylabware.connections.SerialConnection - INFO - Port /dev/ttyUSB0 opened.
2024-09-24 10:45:59,358 - pylabware.controllers.RCTDigitalHotplate.IKA - INFO - Opened connection.
2024-09-24 10:46:06,502 - pylabware.connections.SerialConnection - INFO - Starting connection listener...
2024-09-24 10:46:06,502 - pylabware.connections.SerialConnection - INFO - Port /dev/ttyUSB1 opened.
2024-09-24 10:46:06,503 - pylabware.controllers.XCalibur.PUMP - INFO - Opened connection.
2024-09-24 10:46:07,659 - root - INFO - CONNECTING QUANTOS - OPENING DOORS
2024-09-24 10:46:07,781 - pylabware.controllers.QuantosQB1.QUANTOS - INFO - this is the initial reply :  A

2024-09-24 10:46:07,781 - pylabware.controllers.QuantosQB1.QUANTOS - INFO - Standard Success Match
2024-09-24 10:46:08,887 - pylabware.controllers.QuantosQB1.QUANTOS - INFO - this is the initial reply :  B

2024-09-24 10:46:08,887 - pylabware.controllers.QuantosQB1.QUANTOS - INFO - Command Executing Match
2024-09-24 10:46:09,440 - pylabware.controllers.QuantosQB1.QUANTOS - INFO - Standard Success Match After Executing
2024-09-24 10:46:13,762 - pylabware.controllers.QuantosQB1.QUANTOS - INFO - this is the initial reply :  B

2024-09-24 10:46:13,762 - pylabware.controllers.QuantosQB1.QUANTOS - INFO - Command Executing Match
2024-09-24 10:46:14,114 - pylabware.controllers.QuantosQB1.QUANTOS - INFO - Standard Success Match After Executing
2024-09-24 10:46:14,215 - pylabware.controllers.QuantosQB1.QUANTOS - INFO - this is the initial reply :  B

2024-09-24 10:46:14,215 - pylabware.controllers.QuantosQB1.QUANTOS - INFO - Command Executing Match
2024-09-24 10:46:19,545 - pylabware.controllers.QuantosQB1.QUANTOS - INFO - Standard Success Match After Executing
2024-09-24 10:46:19,646 - pylabware.controllers.QuantosQB1.QUANTOS - INFO - this is the initial reply :  A

2024-09-24 10:46:19,646 - pylabware.controllers.QuantosQB1.QUANTOS - INFO - Standard Success Match
2024-09-24 10:46:19,646 - pylabware.connections.SerialConnection - WARNING - Command rate too high! Delaying next command for 0.5 seconds
2024-09-24 10:46:26,085 - pylabware.controllers.QuantosQB1.QUANTOS - INFO - this is the initial reply :  S     0.0073 g

2024-09-24 10:46:26,086 - pylabware.controllers.QuantosQB1.QUANTOS - INFO - Weighing Match
2024-09-24 10:53:37,556 - pylabware.connections.SerialConnection - INFO - Creating connection object with the following settings: 
{'address': '1', 'port': '/dev/ttyUSB3', 'encoding': 'UTF-8', 'command_delay': 0, 'receive_buffer_size': 128, 'receive_timeout': 0.1, 'transmit_timeout': 1, 'receiving_interval': 0.05, 'write_timeout': 0.5, 'baudrate': 9600, 'bytesize': 8, 'parity': 'N', 'stopbits': 1, 'xonxoff': False, 'rtscts': False, 'dsrdtr': False, 'inter_byte_timeout': False}
2024-09-24 10:53:37,559 - pylabware.connections.SerialConnection - INFO - Starting connection listener...
2024-09-24 10:53:37,560 - pylabware.connections.SerialConnection - INFO - Port /dev/ttyUSB3 opened.
2024-09-24 10:53:37,560 - pylabware.controllers.XCalibur.filt_pump - INFO - Opened connection.
2024-09-24 10:54:32,549 - pylabware.connections.SerialConnection - INFO - Creating connection object with the following settings: 
{'address': '1', 'port': '/dev/ttyUSB3', 'encoding': 'UTF-8', 'command_delay': 0, 'receive_buffer_size': 128, 'receive_timeout': 0.1, 'transmit_timeout': 1, 'receiving_interval': 0.05, 'write_timeout': 0.5, 'baudrate': 9600, 'bytesize': 8, 'parity': 'N', 'stopbits': 1, 'xonxoff': False, 'rtscts': False, 'dsrdtr': False, 'inter_byte_timeout': False}
2024-09-24 10:54:32,553 - pylabware.connections.SerialConnection - INFO - Starting connection listener...
2024-09-24 10:54:32,553 - pylabware.connections.SerialConnection - INFO - Port /dev/ttyUSB3 opened.
2024-09-24 10:54:32,554 - pylabware.controllers.XCalibur.filt_pump - INFO - Opened connection.
2024-09-24 10:55:21,882 - pylabware.connections.SerialConnection - INFO - Creating connection object with the following settings: 
{'address': '1', 'port': '/dev/ttyUSB3', 'encoding': 'UTF-8', 'command_delay': 0, 'receive_buffer_size': 128, 'receive_timeout': 0.1, 'transmit_timeout': 1, 'receiving_interval': 0.05, 'write_timeout': 0.5, 'baudrate': 9600, 'bytesize': 8, 'parity': 'N', 'stopbits': 1, 'xonxoff': False, 'rtscts': False, 'dsrdtr': False, 'inter_byte_timeout': False}
2024-09-24 10:55:21,885 - pylabware.connections.SerialConnection - INFO - Starting connection listener...
2024-09-24 10:55:21,885 - pylabware.connections.SerialConnection - INFO - Port /dev/ttyUSB3 opened.
2024-09-24 10:55:21,885 - pylabware.controllers.XCalibur.filt_pump - INFO - Opened connection.
2024-09-24 10:56:29,357 - pylabware.connections.SerialConnection - INFO - Creating connection object with the following settings: 
{'address': '1', 'port': '/dev/ttyUSB3', 'encoding': 'UTF-8', 'command_delay': 0, 'receive_buffer_size': 128, 'receive_timeout': 0.1, 'transmit_timeout': 1, 'receiving_interval': 0.05, 'write_timeout': 0.5, 'baudrate': 9600, 'bytesize': 8, 'parity': 'N', 'stopbits': 1, 'xonxoff': False, 'rtscts': False, 'dsrdtr': False, 'inter_byte_timeout': False}
2024-09-24 10:56:29,360 - pylabware.connections.SerialConnection - INFO - Starting connection listener...
2024-09-24 10:56:29,360 - pylabware.connections.SerialConnection - INFO - Port /dev/ttyUSB3 opened.
2024-09-24 10:56:29,361 - pylabware.controllers.XCalibur.filt_pump - INFO - Opened connection.
2024-09-24 10:58:25,581 - pylabware.connections.SerialConnection - INFO - Creating connection object with the following settings: 
{'address': '1', 'port': '/dev/ttyUSB3', 'encoding': 'UTF-8', 'command_delay': 0, 'receive_buffer_size': 128, 'receive_timeout': 0.1, 'transmit_timeout': 1, 'receiving_interval': 0.05, 'write_timeout': 0.5, 'baudrate': 9600, 'bytesize': 8, 'parity': 'N', 'stopbits': 1, 'xonxoff': False, 'rtscts': False, 'dsrdtr': False, 'inter_byte_timeout': False}
2024-09-24 10:58:25,584 - pylabware.connections.SerialConnection - INFO - Starting connection listener...
2024-09-24 10:58:25,584 - pylabware.connections.SerialConnection - INFO - Port /dev/ttyUSB3 opened.
2024-09-24 10:58:25,585 - pylabware.controllers.XCalibur.filt_pump - INFO - Opened connection.
2024-09-24 10:58:25,736 - pylabware.controllers.XCalibur.filt_pump - INFO - Device initialized.
2024-09-24 11:14:02,724 - pylabware.connections.SerialConnection - INFO - Creating connection object with the following settings: 
{'address': '1', 'port': '/dev/ttyUSB3', 'encoding': 'UTF-8', 'command_delay': 0, 'receive_buffer_size': 128, 'receive_timeout': 10, 'transmit_timeout': 1, 'receiving_interval': 0.05, 'write_timeout': 0.5, 'baudrate': 9600, 'bytesize': 8, 'parity': 'N', 'stopbits': 1, 'xonxoff': False, 'rtscts': False, 'dsrdtr': False, 'inter_byte_timeout': False}
2024-09-24 11:14:02,728 - pylabware.connections.SerialConnection - INFO - Starting connection listener...
2024-09-24 11:14:02,728 - pylabware.connections.SerialConnection - INFO - Port /dev/ttyUSB3 opened.
2024-09-24 11:14:02,728 - pylabware.controllers.XCalibur.filt_pump - INFO - Opened connection.
2024-09-24 11:14:02,779 - pylabware.controllers.XCalibur.filt_pump - INFO - Device initialized.
2024-09-24 11:14:05,606 - pylabware.controllers.XCalibur.filt_pump - WARNING - A non-fatal error was recieved resending command - errors occured: 1
2024-09-24 11:14:06,312 - pylabware.controllers.XCalibur.filt_pump - INFO - Max velocity is: 1000
2024-09-24 11:14:06,313 - pylabware.connections.SerialConnection - INFO - Creating connection object with the following settings: 
{'address': '', 'port': '/dev/ttyUSB0', 'encoding': 'UTF-8', 'command_delay': 0.5, 'receive_buffer_size': 128, 'receive_timeout': 1, 'transmit_timeout': 1, 'receiving_interval': 0.05, 'write_timeout': 0.5, 'baudrate': 9600, 'bytesize': 7, 'parity': 'E', 'stopbits': 1, 'xonxoff': False, 'rtscts': False, 'dsrdtr': False, 'inter_byte_timeout': False}
2024-09-24 11:14:06,313 - pylabware.connections.SerialConnection - INFO - Creating connection object with the following settings: 
{'address': '1', 'port': '/dev/ttyUSB1', 'encoding': 'UTF-8', 'command_delay': 0, 'receive_buffer_size': 128, 'receive_timeout': 10, 'transmit_timeout': 1, 'receiving_interval': 0.05, 'write_timeout': 0.5, 'baudrate': 9600, 'bytesize': 8, 'parity': 'N', 'stopbits': 1, 'xonxoff': False, 'rtscts': False, 'dsrdtr': False, 'inter_byte_timeout': False}
2024-09-24 11:14:06,313 - pylabware.connections.SerialConnection - INFO - Creating connection object with the following settings: 
{'address': None, 'port': '/dev/ttyUSB2', 'encoding': 'UTF-8', 'command_delay': 0.5, 'receive_buffer_size': 128, 'receive_timeout': 1, 'transmit_timeout': 1, 'receiving_interval': 0.05, 'write_timeout': 0.5, 'baudrate': 9600, 'bytesize': 8, 'parity': 'N', 'stopbits': 1, 'xonxoff': True, 'rtscts': False, 'dsrdtr': False, 'inter_byte_timeout': False, 'timeout': 0.1}
2024-09-24 11:14:06,315 - pylabware.connections.SerialConnection - INFO - Starting connection listener...
2024-09-24 11:14:06,315 - pylabware.connections.SerialConnection - INFO - Port /dev/ttyUSB2 opened.
2024-09-24 11:14:06,315 - pylabware.connections.SerialConnection - WARNING - Command rate too high! Delaying next command for 0.5 seconds
2024-09-24 11:14:06,922 - pylabware.controllers.QuantosQB1.QUANTOS - INFO - No carousel/autosampler connected
2024-09-24 11:14:06,922 - pylabware.connections.SerialConnection - WARNING - Command rate too high! Delaying next command for 0.5 seconds
2024-09-24 11:14:15,118 - pylabware.connections.SerialConnection - INFO - Starting connection listener...
2024-09-24 11:14:15,118 - pylabware.connections.SerialConnection - INFO - Port /dev/ttyUSB0 opened.
2024-09-24 11:14:15,118 - pylabware.controllers.RCTDigitalHotplate.IKA - INFO - Opened connection.
2024-09-24 11:14:20,254 - pylabware.connections.SerialConnection - INFO - Starting connection listener...
2024-09-24 11:14:20,254 - pylabware.connections.SerialConnection - INFO - Port /dev/ttyUSB1 opened.
2024-09-24 11:14:20,254 - pylabware.controllers.XCalibur.PUMP - INFO - Opened connection.
2024-09-24 11:14:21,360 - pylabware.controllers.XCalibur.PUMP - INFO - Device initialized.
2024-09-24 11:14:21,863 - root - INFO - CONNECTING QUANTOS - OPENING DOORS
2024-09-24 11:14:33,859 - pylabware.connections.SerialConnection - WARNING - Command rate too high! Delaying next command for 0.5 seconds
2024-09-24 11:20:42,173 - pylabware.connections.SerialConnection - INFO - Creating connection object with the following settings: 
{'address': '1', 'port': '/dev/ttyUSB3', 'encoding': 'UTF-8', 'command_delay': 0, 'receive_buffer_size': 128, 'receive_timeout': 10, 'transmit_timeout': 1, 'receiving_interval': 0.05, 'write_timeout': 0.5, 'baudrate': 9600, 'bytesize': 8, 'parity': 'N', 'stopbits': 1, 'xonxoff': False, 'rtscts': False, 'dsrdtr': False, 'inter_byte_timeout': False}
2024-09-24 11:20:42,176 - pylabware.connections.SerialConnection - INFO - Starting connection listener...
2024-09-24 11:20:42,176 - pylabware.connections.SerialConnection - INFO - Port /dev/ttyUSB3 opened.
2024-09-24 11:20:42,177 - pylabware.controllers.XCalibur.filt_pump - INFO - Opened connection.
2024-09-24 11:20:42,228 - pylabware.controllers.XCalibur.filt_pump - INFO - Device initialized.
2024-09-24 11:20:45,052 - pylabware.controllers.XCalibur.filt_pump - WARNING - A non-fatal error was recieved resending command - errors occured: 1
2024-09-24 11:20:45,759 - pylabware.controllers.XCalibur.filt_pump - INFO - Max velocity is: 1000
2024-09-24 11:20:45,759 - pylabware.connections.SerialConnection - INFO - Creating connection object with the following settings: 
{'address': '', 'port': '/dev/ttyUSB0', 'encoding': 'UTF-8', 'command_delay': 0.5, 'receive_buffer_size': 128, 'receive_timeout': 1, 'transmit_timeout': 1, 'receiving_interval': 0.05, 'write_timeout': 0.5, 'baudrate': 9600, 'bytesize': 7, 'parity': 'E', 'stopbits': 1, 'xonxoff': False, 'rtscts': False, 'dsrdtr': False, 'inter_byte_timeout': False}
2024-09-24 11:20:45,759 - pylabware.connections.SerialConnection - INFO - Creating connection object with the following settings: 
{'address': '1', 'port': '/dev/ttyUSB1', 'encoding': 'UTF-8', 'command_delay': 0, 'receive_buffer_size': 128, 'receive_timeout': 10, 'transmit_timeout': 1, 'receiving_interval': 0.05, 'write_timeout': 0.5, 'baudrate': 9600, 'bytesize': 8, 'parity': 'N', 'stopbits': 1, 'xonxoff': False, 'rtscts': False, 'dsrdtr': False, 'inter_byte_timeout': False}
2024-09-24 11:20:45,760 - pylabware.connections.SerialConnection - INFO - Creating connection object with the following settings: 
{'address': None, 'port': '/dev/ttyUSB2', 'encoding': 'UTF-8', 'command_delay': 0.5, 'receive_buffer_size': 128, 'receive_timeout': 1, 'transmit_timeout': 1, 'receiving_interval': 0.05, 'write_timeout': 0.5, 'baudrate': 9600, 'bytesize': 8, 'parity': 'N', 'stopbits': 1, 'xonxoff': True, 'rtscts': False, 'dsrdtr': False, 'inter_byte_timeout': False, 'timeout': 0.1}
2024-09-24 11:20:45,763 - pylabware.connections.SerialConnection - INFO - Starting connection listener...
2024-09-24 11:20:45,763 - pylabware.connections.SerialConnection - INFO - Port /dev/ttyUSB2 opened.
2024-09-24 11:20:45,763 - pylabware.connections.SerialConnection - WARNING - Command rate too high! Delaying next command for 0.5 seconds
2024-09-24 11:20:46,369 - pylabware.controllers.QuantosQB1.QUANTOS - INFO - No carousel/autosampler connected
2024-09-24 11:20:46,369 - pylabware.connections.SerialConnection - WARNING - Command rate too high! Delaying next command for 0.5 seconds
2024-09-24 11:20:54,528 - pylabware.connections.SerialConnection - INFO - Starting connection listener...
2024-09-24 11:20:54,528 - pylabware.connections.SerialConnection - INFO - Port /dev/ttyUSB0 opened.
2024-09-24 11:20:54,529 - pylabware.controllers.RCTDigitalHotplate.IKA - INFO - Opened connection.
2024-09-24 11:20:59,663 - pylabware.connections.SerialConnection - INFO - Starting connection listener...
2024-09-24 11:20:59,663 - pylabware.connections.SerialConnection - INFO - Port /dev/ttyUSB1 opened.
2024-09-24 11:20:59,663 - pylabware.controllers.XCalibur.PUMP - INFO - Opened connection.
2024-09-24 11:21:00,771 - pylabware.controllers.XCalibur.PUMP - INFO - Device initialized.
2024-09-24 11:21:01,275 - root - INFO - CONNECTING QUANTOS - OPENING DOORS
2024-09-24 11:21:13,398 - pylabware.connections.SerialConnection - WARNING - Command rate too high! Delaying next command for 0.5 seconds
2024-09-24 11:27:02,971 - pylabware.connections.SerialConnection - INFO - Creating connection object with the following settings: 
{'address': '1', 'port': '/dev/ttyUSB3', 'encoding': 'UTF-8', 'command_delay': 0, 'receive_buffer_size': 128, 'receive_timeout': 10, 'transmit_timeout': 1, 'receiving_interval': 0.05, 'write_timeout': 0.5, 'baudrate': 9600, 'bytesize': 8, 'parity': 'N', 'stopbits': 1, 'xonxoff': False, 'rtscts': False, 'dsrdtr': False, 'inter_byte_timeout': False}
2024-09-24 11:27:02,974 - pylabware.connections.SerialConnection - INFO - Starting connection listener...
2024-09-24 11:27:02,975 - pylabware.connections.SerialConnection - INFO - Port /dev/ttyUSB3 opened.
2024-09-24 11:27:02,975 - pylabware.controllers.XCalibur.filt_pump - INFO - Opened connection.
2024-09-24 11:27:03,026 - pylabware.controllers.XCalibur.filt_pump - INFO - Device initialized.
2024-09-24 11:27:05,853 - pylabware.controllers.XCalibur.filt_pump - WARNING - A non-fatal error was recieved resending command - errors occured: 1
2024-09-24 11:27:06,560 - pylabware.controllers.XCalibur.filt_pump - INFO - Max velocity is: 1000
2024-09-24 11:27:06,561 - pylabware.connections.SerialConnection - INFO - Creating connection object with the following settings: 
{'address': '', 'port': '/dev/ttyUSB0', 'encoding': 'UTF-8', 'command_delay': 0.5, 'receive_buffer_size': 128, 'receive_timeout': 1, 'transmit_timeout': 1, 'receiving_interval': 0.05, 'write_timeout': 0.5, 'baudrate': 9600, 'bytesize': 7, 'parity': 'E', 'stopbits': 1, 'xonxoff': False, 'rtscts': False, 'dsrdtr': False, 'inter_byte_timeout': False}
2024-09-24 11:27:06,561 - pylabware.connections.SerialConnection - INFO - Creating connection object with the following settings: 
{'address': '1', 'port': '/dev/ttyUSB1', 'encoding': 'UTF-8', 'command_delay': 0, 'receive_buffer_size': 128, 'receive_timeout': 10, 'transmit_timeout': 1, 'receiving_interval': 0.05, 'write_timeout': 0.5, 'baudrate': 9600, 'bytesize': 8, 'parity': 'N', 'stopbits': 1, 'xonxoff': False, 'rtscts': False, 'dsrdtr': False, 'inter_byte_timeout': False}
2024-09-24 11:27:06,562 - pylabware.connections.SerialConnection - INFO - Creating connection object with the following settings: 
{'address': None, 'port': '/dev/ttyUSB2', 'encoding': 'UTF-8', 'command_delay': 0.5, 'receive_buffer_size': 128, 'receive_timeout': 1, 'transmit_timeout': 1, 'receiving_interval': 0.05, 'write_timeout': 0.5, 'baudrate': 9600, 'bytesize': 8, 'parity': 'N', 'stopbits': 1, 'xonxoff': True, 'rtscts': False, 'dsrdtr': False, 'inter_byte_timeout': False, 'timeout': 0.1}
2024-09-24 11:27:06,564 - pylabware.connections.SerialConnection - INFO - Starting connection listener...
2024-09-24 11:27:06,565 - pylabware.connections.SerialConnection - INFO - Port /dev/ttyUSB2 opened.
2024-09-24 11:27:06,565 - pylabware.connections.SerialConnection - WARNING - Command rate too high! Delaying next command for 0.5 seconds
2024-09-24 11:27:07,172 - pylabware.controllers.QuantosQB1.QUANTOS - INFO - No carousel/autosampler connected
2024-09-24 11:27:07,173 - pylabware.connections.SerialConnection - WARNING - Command rate too high! Delaying next command for 0.5 seconds
2024-09-24 11:27:15,318 - pylabware.connections.SerialConnection - INFO - Starting connection listener...
2024-09-24 11:27:15,319 - pylabware.connections.SerialConnection - INFO - Port /dev/ttyUSB0 opened.
2024-09-24 11:27:15,319 - pylabware.controllers.RCTDigitalHotplate.IKA - INFO - Opened connection.
2024-09-24 11:27:20,466 - pylabware.connections.SerialConnection - INFO - Starting connection listener...
2024-09-24 11:27:20,466 - pylabware.connections.SerialConnection - INFO - Port /dev/ttyUSB1 opened.
2024-09-24 11:27:20,466 - pylabware.controllers.XCalibur.PUMP - INFO - Opened connection.
2024-09-24 11:27:21,573 - pylabware.controllers.XCalibur.PUMP - INFO - Device initialized.
2024-09-24 11:27:22,076 - root - INFO - CONNECTING QUANTOS - OPENING DOORS
2024-09-24 11:27:34,157 - pylabware.connections.SerialConnection - WARNING - Command rate too high! Delaying next command for 0.5 seconds
2024-09-24 11:46:46,480 - pylabware.connections.SerialConnection - INFO - Creating connection object with the following settings: 
{'address': '1', 'port': '/dev/ttyUSB3', 'encoding': 'UTF-8', 'command_delay': 0, 'receive_buffer_size': 128, 'receive_timeout': 10, 'transmit_timeout': 1, 'receiving_interval': 0.05, 'write_timeout': 0.5, 'baudrate': 9600, 'bytesize': 8, 'parity': 'N', 'stopbits': 1, 'xonxoff': False, 'rtscts': False, 'dsrdtr': False, 'inter_byte_timeout': False}
2024-09-24 11:46:46,481 - pylabware.connections.SerialConnection - INFO - Starting connection listener...
2024-09-24 11:46:46,481 - pylabware.connections.SerialConnection - INFO - Port /dev/ttyUSB3 opened.
2024-09-24 11:46:46,481 - pylabware.controllers.XCalibur.filt_pump - INFO - Opened connection.
2024-09-24 11:46:46,532 - pylabware.controllers.XCalibur.filt_pump - INFO - Device initialized.
2024-09-24 11:46:49,354 - pylabware.controllers.XCalibur.filt_pump - WARNING - A non-fatal error was recieved resending command - errors occured: 1
2024-09-24 11:46:50,061 - pylabware.controllers.XCalibur.filt_pump - INFO - Max velocity is: 1000
2024-09-24 11:46:50,061 - pylabware.connections.SerialConnection - INFO - Creating connection object with the following settings: 
{'address': '', 'port': '/dev/ttyUSB0', 'encoding': 'UTF-8', 'command_delay': 0.5, 'receive_buffer_size': 128, 'receive_timeout': 1, 'transmit_timeout': 1, 'receiving_interval': 0.05, 'write_timeout': 0.5, 'baudrate': 9600, 'bytesize': 7, 'parity': 'E', 'stopbits': 1, 'xonxoff': False, 'rtscts': False, 'dsrdtr': False, 'inter_byte_timeout': False}
2024-09-24 11:46:50,061 - pylabware.connections.SerialConnection - INFO - Creating connection object with the following settings: 
{'address': '1', 'port': '/dev/ttyUSB1', 'encoding': 'UTF-8', 'command_delay': 0, 'receive_buffer_size': 128, 'receive_timeout': 10, 'transmit_timeout': 1, 'receiving_interval': 0.05, 'write_timeout': 0.5, 'baudrate': 9600, 'bytesize': 8, 'parity': 'N', 'stopbits': 1, 'xonxoff': False, 'rtscts': False, 'dsrdtr': False, 'inter_byte_timeout': False}
2024-09-24 11:46:50,062 - pylabware.connections.SerialConnection - INFO - Creating connection object with the following settings: 
{'address': None, 'port': '/dev/ttyUSB2', 'encoding': 'UTF-8', 'command_delay': 0.5, 'receive_buffer_size': 128, 'receive_timeout': 1, 'transmit_timeout': 1, 'receiving_interval': 0.05, 'write_timeout': 0.5, 'baudrate': 9600, 'bytesize': 8, 'parity': 'N', 'stopbits': 1, 'xonxoff': True, 'rtscts': False, 'dsrdtr': False, 'inter_byte_timeout': False, 'timeout': 0.1}
2024-09-24 11:46:50,064 - pylabware.connections.SerialConnection - INFO - Starting connection listener...
2024-09-24 11:46:50,064 - pylabware.connections.SerialConnection - INFO - Port /dev/ttyUSB2 opened.
2024-09-24 11:46:50,065 - pylabware.connections.SerialConnection - WARNING - Command rate too high! Delaying next command for 0.5 seconds
2024-09-24 11:46:50,671 - pylabware.controllers.QuantosQB1.QUANTOS - INFO - No carousel/autosampler connected
2024-09-24 11:46:50,672 - pylabware.connections.SerialConnection - WARNING - Command rate too high! Delaying next command for 0.5 seconds
2024-09-24 11:46:58,765 - pylabware.connections.SerialConnection - INFO - Starting connection listener...
2024-09-24 11:46:58,765 - pylabware.connections.SerialConnection - INFO - Port /dev/ttyUSB0 opened.
2024-09-24 11:46:58,765 - pylabware.controllers.RCTDigitalHotplate.IKA - INFO - Opened connection.
2024-09-24 11:47:03,898 - pylabware.connections.SerialConnection - INFO - Starting connection listener...
2024-09-24 11:47:03,898 - pylabware.connections.SerialConnection - INFO - Port /dev/ttyUSB1 opened.
2024-09-24 11:47:03,898 - pylabware.controllers.XCalibur.PUMP - INFO - Opened connection.
2024-09-24 11:47:05,004 - pylabware.controllers.XCalibur.PUMP - INFO - Device initialized.
2024-09-24 11:47:05,507 - root - INFO - CONNECTING QUANTOS - OPENING DOORS
2024-09-24 11:47:17,563 - pylabware.connections.SerialConnection - WARNING - Command rate too high! Delaying next command for 0.5 seconds
2024-09-24 11:48:22,872 - pylabware.connections.SerialConnection - INFO - Creating connection object with the following settings: 
{'address': '1', 'port': '/dev/ttyUSB3', 'encoding': 'UTF-8', 'command_delay': 0, 'receive_buffer_size': 128, 'receive_timeout': 10, 'transmit_timeout': 1, 'receiving_interval': 0.05, 'write_timeout': 0.5, 'baudrate': 9600, 'bytesize': 8, 'parity': 'N', 'stopbits': 1, 'xonxoff': False, 'rtscts': False, 'dsrdtr': False, 'inter_byte_timeout': False}
2024-09-24 11:48:22,875 - pylabware.connections.SerialConnection - INFO - Starting connection listener...
2024-09-24 11:48:22,875 - pylabware.connections.SerialConnection - INFO - Port /dev/ttyUSB3 opened.
2024-09-24 11:48:22,876 - pylabware.controllers.XCalibur.filt_pump - INFO - Opened connection.
2024-09-24 11:48:22,926 - pylabware.controllers.XCalibur.filt_pump - INFO - Device initialized.
2024-09-24 11:48:25,752 - pylabware.controllers.XCalibur.filt_pump - WARNING - A non-fatal error was recieved resending command - errors occured: 1
2024-09-24 11:48:26,459 - pylabware.controllers.XCalibur.filt_pump - INFO - Max velocity is: 1000
2024-09-24 11:48:26,460 - pylabware.connections.SerialConnection - INFO - Creating connection object with the following settings: 
{'address': '', 'port': '/dev/ttyUSB0', 'encoding': 'UTF-8', 'command_delay': 0.5, 'receive_buffer_size': 128, 'receive_timeout': 1, 'transmit_timeout': 1, 'receiving_interval': 0.05, 'write_timeout': 0.5, 'baudrate': 9600, 'bytesize': 7, 'parity': 'E', 'stopbits': 1, 'xonxoff': False, 'rtscts': False, 'dsrdtr': False, 'inter_byte_timeout': False}
2024-09-24 11:48:26,495 - pylabware.connections.SerialConnection - INFO - Creating connection object with the following settings: 
{'address': '1', 'port': '/dev/ttyUSB1', 'encoding': 'UTF-8', 'command_delay': 0, 'receive_buffer_size': 128, 'receive_timeout': 10, 'transmit_timeout': 1, 'receiving_interval': 0.05, 'write_timeout': 0.5, 'baudrate': 9600, 'bytesize': 8, 'parity': 'N', 'stopbits': 1, 'xonxoff': False, 'rtscts': False, 'dsrdtr': False, 'inter_byte_timeout': False}
2024-09-24 11:48:26,496 - pylabware.connections.SerialConnection - INFO - Creating connection object with the following settings: 
{'address': None, 'port': '/dev/ttyUSB2', 'encoding': 'UTF-8', 'command_delay': 0.5, 'receive_buffer_size': 128, 'receive_timeout': 1, 'transmit_timeout': 1, 'receiving_interval': 0.05, 'write_timeout': 0.5, 'baudrate': 9600, 'bytesize': 8, 'parity': 'N', 'stopbits': 1, 'xonxoff': True, 'rtscts': False, 'dsrdtr': False, 'inter_byte_timeout': False, 'timeout': 0.1}
2024-09-24 11:48:26,498 - pylabware.connections.SerialConnection - INFO - Starting connection listener...
2024-09-24 11:48:26,498 - pylabware.connections.SerialConnection - INFO - Port /dev/ttyUSB2 opened.
2024-09-24 11:48:26,499 - pylabware.connections.SerialConnection - WARNING - Command rate too high! Delaying next command for 0.5 seconds
2024-09-24 11:48:27,106 - pylabware.controllers.QuantosQB1.QUANTOS - INFO - No carousel/autosampler connected
2024-09-24 11:48:27,106 - pylabware.connections.SerialConnection - WARNING - Command rate too high! Delaying next command for 0.5 seconds
2024-09-24 11:48:35,260 - pylabware.connections.SerialConnection - INFO - Starting connection listener...
2024-09-24 11:48:35,261 - pylabware.connections.SerialConnection - INFO - Port /dev/ttyUSB0 opened.
2024-09-24 11:48:35,261 - pylabware.controllers.RCTDigitalHotplate.IKA - INFO - Opened connection.
2024-09-24 11:48:40,405 - pylabware.connections.SerialConnection - INFO - Starting connection listener...
2024-09-24 11:48:40,405 - pylabware.connections.SerialConnection - INFO - Port /dev/ttyUSB1 opened.
2024-09-24 11:48:40,405 - pylabware.controllers.XCalibur.PUMP - INFO - Opened connection.
2024-09-24 11:48:41,517 - pylabware.controllers.XCalibur.PUMP - INFO - Device initialized.
2024-09-24 11:48:42,019 - root - INFO - CONNECTING QUANTOS - OPENING DOORS
2024-09-24 11:48:54,090 - pylabware.connections.SerialConnection - WARNING - Command rate too high! Delaying next command for 0.5 seconds
2024-09-24 16:48:16,542 - pylabware.connections.SerialConnection - INFO - Creating connection object with the following settings: 
{'address': '1', 'port': '/dev/ttyUSB3', 'encoding': 'UTF-8', 'command_delay': 0, 'receive_buffer_size': 128, 'receive_timeout': 10, 'transmit_timeout': 1, 'receiving_interval': 0.05, 'write_timeout': 0.5, 'baudrate': 9600, 'bytesize': 8, 'parity': 'N', 'stopbits': 1, 'xonxoff': False, 'rtscts': False, 'dsrdtr': False, 'inter_byte_timeout': False}
2024-09-24 16:48:16,545 - pylabware.connections.SerialConnection - INFO - Starting connection listener...
2024-09-24 16:48:16,546 - pylabware.connections.SerialConnection - INFO - Port /dev/ttyUSB3 opened.
2024-09-24 16:48:16,546 - pylabware.controllers.XCalibur.filt_pump - INFO - Opened connection.
2024-09-24 16:48:16,597 - pylabware.controllers.XCalibur.filt_pump - INFO - Device initialized.
2024-09-24 16:48:19,422 - pylabware.controllers.XCalibur.filt_pump - WARNING - A non-fatal error was recieved resending command - errors occured: 1
2024-09-24 16:48:20,129 - pylabware.controllers.XCalibur.filt_pump - INFO - Max velocity is: 1000
2024-09-24 16:48:20,129 - pylabware.connections.SerialConnection - INFO - Creating connection object with the following settings: 
{'address': '', 'port': '/dev/ttyUSB0', 'encoding': 'UTF-8', 'command_delay': 0.5, 'receive_buffer_size': 128, 'receive_timeout': 1, 'transmit_timeout': 1, 'receiving_interval': 0.05, 'write_timeout': 0.5, 'baudrate': 9600, 'bytesize': 7, 'parity': 'E', 'stopbits': 1, 'xonxoff': False, 'rtscts': False, 'dsrdtr': False, 'inter_byte_timeout': False}
2024-09-24 16:48:20,129 - pylabware.connections.SerialConnection - INFO - Creating connection object with the following settings: 
{'address': '1', 'port': '/dev/ttyUSB1', 'encoding': 'UTF-8', 'command_delay': 0, 'receive_buffer_size': 128, 'receive_timeout': 10, 'transmit_timeout': 1, 'receiving_interval': 0.05, 'write_timeout': 0.5, 'baudrate': 9600, 'bytesize': 8, 'parity': 'N', 'stopbits': 1, 'xonxoff': False, 'rtscts': False, 'dsrdtr': False, 'inter_byte_timeout': False}
2024-09-24 16:48:20,129 - pylabware.connections.SerialConnection - INFO - Creating connection object with the following settings: 
{'address': None, 'port': '/dev/ttyUSB2', 'encoding': 'UTF-8', 'command_delay': 0.5, 'receive_buffer_size': 128, 'receive_timeout': 1, 'transmit_timeout': 1, 'receiving_interval': 0.05, 'write_timeout': 0.5, 'baudrate': 9600, 'bytesize': 8, 'parity': 'N', 'stopbits': 1, 'xonxoff': True, 'rtscts': False, 'dsrdtr': False, 'inter_byte_timeout': False, 'timeout': 0.1}
2024-09-24 16:48:20,131 - pylabware.connections.SerialConnection - INFO - Starting connection listener...
2024-09-24 16:48:20,131 - pylabware.connections.SerialConnection - INFO - Port /dev/ttyUSB2 opened.
2024-09-24 16:48:20,131 - pylabware.connections.SerialConnection - WARNING - Command rate too high! Delaying next command for 0.5 seconds
2024-09-24 16:48:20,738 - pylabware.controllers.QuantosQB1.QUANTOS - INFO - No carousel/autosampler connected
2024-09-24 16:48:20,738 - pylabware.connections.SerialConnection - WARNING - Command rate too high! Delaying next command for 0.5 seconds
2024-09-24 16:48:23,991 - pylabware.connections.SerialConnection - INFO - Starting connection listener...
2024-09-24 16:48:23,991 - pylabware.connections.SerialConnection - INFO - Port /dev/ttyUSB0 opened.
2024-09-24 16:48:23,991 - pylabware.controllers.RCTDigitalHotplate.IKA - INFO - Opened connection.
2024-09-24 16:48:29,131 - pylabware.connections.SerialConnection - INFO - Starting connection listener...
2024-09-24 16:48:29,131 - pylabware.connections.SerialConnection - INFO - Port /dev/ttyUSB1 opened.
2024-09-24 16:48:29,131 - pylabware.controllers.XCalibur.PUMP - INFO - Opened connection.
2024-09-24 16:48:30,237 - pylabware.controllers.XCalibur.PUMP - INFO - Device initialized.
2024-09-24 16:48:30,775 - root - INFO - CONNECTING QUANTOS - OPENING DOORS
2024-09-24 16:48:42,526 - pylabware.connections.SerialConnection - WARNING - Command rate too high! Delaying next command for 0.5 seconds
2024-09-25 11:05:26,294 - pylabware.connections.SerialConnection - INFO - Creating connection object with the following settings: 
{'address': '1', 'port': '/dev/ttyUSB3', 'encoding': 'UTF-8', 'command_delay': 0, 'receive_buffer_size': 128, 'receive_timeout': 10, 'transmit_timeout': 1, 'receiving_interval': 0.05, 'write_timeout': 0.5, 'baudrate': 9600, 'bytesize': 8, 'parity': 'N', 'stopbits': 1, 'xonxoff': False, 'rtscts': False, 'dsrdtr': False, 'inter_byte_timeout': False}
2024-09-25 11:05:26,297 - pylabware.connections.SerialConnection - INFO - Starting connection listener...
2024-09-25 11:05:26,297 - pylabware.connections.SerialConnection - INFO - Port /dev/ttyUSB3 opened.
2024-09-25 11:05:26,297 - pylabware.controllers.XCalibur.filt_pump - INFO - Opened connection.
2024-09-25 11:05:26,348 - pylabware.controllers.XCalibur.filt_pump - INFO - Device initialized.
2024-09-25 11:05:29,177 - pylabware.controllers.XCalibur.filt_pump - WARNING - A non-fatal error was recieved resending command - errors occured: 1
2024-09-25 11:05:29,883 - pylabware.controllers.XCalibur.filt_pump - INFO - Max velocity is: 1000
2024-09-25 11:05:29,884 - pylabware.connections.SerialConnection - INFO - Creating connection object with the following settings: 
{'address': '', 'port': '/dev/ttyUSB0', 'encoding': 'UTF-8', 'command_delay': 0.5, 'receive_buffer_size': 128, 'receive_timeout': 1, 'transmit_timeout': 1, 'receiving_interval': 0.05, 'write_timeout': 0.5, 'baudrate': 9600, 'bytesize': 7, 'parity': 'E', 'stopbits': 1, 'xonxoff': False, 'rtscts': False, 'dsrdtr': False, 'inter_byte_timeout': False}
2024-09-25 11:05:29,884 - pylabware.connections.SerialConnection - INFO - Creating connection object with the following settings: 
{'address': '1', 'port': '/dev/ttyUSB1', 'encoding': 'UTF-8', 'command_delay': 0, 'receive_buffer_size': 128, 'receive_timeout': 10, 'transmit_timeout': 1, 'receiving_interval': 0.05, 'write_timeout': 0.5, 'baudrate': 9600, 'bytesize': 8, 'parity': 'N', 'stopbits': 1, 'xonxoff': False, 'rtscts': False, 'dsrdtr': False, 'inter_byte_timeout': False}
2024-09-25 11:05:29,885 - pylabware.connections.SerialConnection - INFO - Creating connection object with the following settings: 
{'address': None, 'port': '/dev/ttyUSB2', 'encoding': 'UTF-8', 'command_delay': 0.5, 'receive_buffer_size': 128, 'receive_timeout': 1, 'transmit_timeout': 1, 'receiving_interval': 0.05, 'write_timeout': 0.5, 'baudrate': 9600, 'bytesize': 8, 'parity': 'N', 'stopbits': 1, 'xonxoff': True, 'rtscts': False, 'dsrdtr': False, 'inter_byte_timeout': False, 'timeout': 0.1}
2024-09-25 11:05:29,887 - pylabware.connections.SerialConnection - INFO - Starting connection listener...
2024-09-25 11:05:29,888 - pylabware.connections.SerialConnection - INFO - Port /dev/ttyUSB2 opened.
2024-09-25 11:05:29,888 - pylabware.connections.SerialConnection - WARNING - Command rate too high! Delaying next command for 0.5 seconds
2024-09-25 11:05:30,494 - pylabware.controllers.QuantosQB1.QUANTOS - INFO - No carousel/autosampler connected
2024-09-25 11:05:30,495 - pylabware.connections.SerialConnection - WARNING - Command rate too high! Delaying next command for 0.5 seconds
2024-09-25 11:05:38,589 - pylabware.connections.SerialConnection - INFO - Starting connection listener...
2024-09-25 11:05:38,589 - pylabware.connections.SerialConnection - INFO - Port /dev/ttyUSB0 opened.
2024-09-25 11:05:38,590 - pylabware.controllers.RCTDigitalHotplate.IKA - INFO - Opened connection.
2024-09-25 11:05:43,722 - pylabware.connections.SerialConnection - INFO - Starting connection listener...
2024-09-25 11:05:43,722 - pylabware.connections.SerialConnection - INFO - Port /dev/ttyUSB1 opened.
2024-09-25 11:05:43,722 - pylabware.controllers.XCalibur.PUMP - INFO - Opened connection.
2024-09-25 11:05:44,828 - pylabware.controllers.XCalibur.PUMP - INFO - Device initialized.
2024-09-25 11:05:45,331 - root - INFO - CONNECTING QUANTOS - OPENING DOORS
2024-09-25 11:06:52,541 - pylabware.connections.SerialConnection - INFO - Creating connection object with the following settings: 
{'address': '1', 'port': '/dev/ttyUSB3', 'encoding': 'UTF-8', 'command_delay': 0, 'receive_buffer_size': 128, 'receive_timeout': 10, 'transmit_timeout': 1, 'receiving_interval': 0.05, 'write_timeout': 0.5, 'baudrate': 9600, 'bytesize': 8, 'parity': 'N', 'stopbits': 1, 'xonxoff': False, 'rtscts': False, 'dsrdtr': False, 'inter_byte_timeout': False}
2024-09-25 11:06:52,544 - pylabware.connections.SerialConnection - INFO - Starting connection listener...
2024-09-25 11:06:52,544 - pylabware.connections.SerialConnection - INFO - Port /dev/ttyUSB3 opened.
2024-09-25 11:06:52,544 - pylabware.controllers.XCalibur.filt_pump - INFO - Opened connection.
2024-09-25 11:06:52,595 - pylabware.controllers.XCalibur.filt_pump - INFO - Device initialized.
2024-09-25 11:06:55,422 - pylabware.controllers.XCalibur.filt_pump - WARNING - A non-fatal error was recieved resending command - errors occured: 1
2024-09-25 11:06:56,129 - pylabware.controllers.XCalibur.filt_pump - INFO - Max velocity is: 1000
2024-09-25 11:06:56,130 - pylabware.connections.SerialConnection - INFO - Creating connection object with the following settings: 
{'address': '', 'port': '/dev/ttyUSB0', 'encoding': 'UTF-8', 'command_delay': 0.5, 'receive_buffer_size': 128, 'receive_timeout': 1, 'transmit_timeout': 1, 'receiving_interval': 0.05, 'write_timeout': 0.5, 'baudrate': 9600, 'bytesize': 7, 'parity': 'E', 'stopbits': 1, 'xonxoff': False, 'rtscts': False, 'dsrdtr': False, 'inter_byte_timeout': False}
2024-09-25 11:06:56,130 - pylabware.connections.SerialConnection - INFO - Creating connection object with the following settings: 
{'address': '1', 'port': '/dev/ttyUSB1', 'encoding': 'UTF-8', 'command_delay': 0, 'receive_buffer_size': 128, 'receive_timeout': 10, 'transmit_timeout': 1, 'receiving_interval': 0.05, 'write_timeout': 0.5, 'baudrate': 9600, 'bytesize': 8, 'parity': 'N', 'stopbits': 1, 'xonxoff': False, 'rtscts': False, 'dsrdtr': False, 'inter_byte_timeout': False}
2024-09-25 11:06:56,131 - pylabware.connections.SerialConnection - INFO - Creating connection object with the following settings: 
{'address': None, 'port': '/dev/ttyUSB2', 'encoding': 'UTF-8', 'command_delay': 0.5, 'receive_buffer_size': 128, 'receive_timeout': 1, 'transmit_timeout': 1, 'receiving_interval': 0.05, 'write_timeout': 0.5, 'baudrate': 9600, 'bytesize': 8, 'parity': 'N', 'stopbits': 1, 'xonxoff': True, 'rtscts': False, 'dsrdtr': False, 'inter_byte_timeout': False, 'timeout': 0.1}
2024-09-25 11:06:56,133 - pylabware.connections.SerialConnection - INFO - Starting connection listener...
2024-09-25 11:06:56,133 - pylabware.connections.SerialConnection - INFO - Port /dev/ttyUSB2 opened.
2024-09-25 11:06:56,134 - pylabware.connections.SerialConnection - WARNING - Command rate too high! Delaying next command for 0.5 seconds
2024-09-25 11:06:56,741 - pylabware.controllers.QuantosQB1.QUANTOS - INFO - No carousel/autosampler connected
2024-09-25 11:06:56,741 - pylabware.connections.SerialConnection - WARNING - Command rate too high! Delaying next command for 0.5 seconds
2024-09-25 11:07:04,890 - pylabware.connections.SerialConnection - INFO - Starting connection listener...
2024-09-25 11:07:04,890 - pylabware.connections.SerialConnection - INFO - Port /dev/ttyUSB0 opened.
2024-09-25 11:07:04,890 - pylabware.controllers.RCTDigitalHotplate.IKA - INFO - Opened connection.
2024-09-25 11:07:10,021 - pylabware.connections.SerialConnection - INFO - Starting connection listener...
2024-09-25 11:07:10,021 - pylabware.connections.SerialConnection - INFO - Port /dev/ttyUSB1 opened.
2024-09-25 11:07:10,022 - pylabware.controllers.XCalibur.PUMP - INFO - Opened connection.
2024-09-25 11:07:11,129 - pylabware.controllers.XCalibur.PUMP - INFO - Device initialized.
2024-09-25 11:07:11,630 - root - INFO - CONNECTING QUANTOS - OPENING DOORS
2024-09-25 11:07:28,595 - root - INFO - SETTING ANTISTATIC ON FOR 20 secs
2024-09-25 11:07:48,720 - root - INFO - SETTING ANTISTATIC OFF
2024-09-25 11:07:48,833 - root - INFO - GETTING STABLE WEIGHT
2024-09-25 11:07:48,833 - pylabware.connections.SerialConnection - WARNING - Command rate too high! Delaying next command for 0.5 seconds
2024-09-25 11:07:49,335 - root - INFO - STABLE WEIGHT IS: {'success': True, 'outcomes': ['Stable weight', '3.1627', 'g']}
2024-09-25 11:10:45,294 - pylabware.connections.SerialConnection - INFO - Creating connection object with the following settings: 
{'address': '1', 'port': '/dev/ttyUSB3', 'encoding': 'UTF-8', 'command_delay': 0, 'receive_buffer_size': 128, 'receive_timeout': 10, 'transmit_timeout': 1, 'receiving_interval': 0.05, 'write_timeout': 0.5, 'baudrate': 9600, 'bytesize': 8, 'parity': 'N', 'stopbits': 1, 'xonxoff': False, 'rtscts': False, 'dsrdtr': False, 'inter_byte_timeout': False}
2024-09-25 11:10:45,297 - pylabware.connections.SerialConnection - INFO - Starting connection listener...
2024-09-25 11:10:45,298 - pylabware.connections.SerialConnection - INFO - Port /dev/ttyUSB3 opened.
2024-09-25 11:10:45,298 - pylabware.controllers.XCalibur.filt_pump - INFO - Opened connection.
2024-09-25 11:10:45,348 - pylabware.controllers.XCalibur.filt_pump - INFO - Device initialized.
2024-09-25 11:10:48,175 - pylabware.controllers.XCalibur.filt_pump - WARNING - A non-fatal error was recieved resending command - errors occured: 1
2024-09-25 11:10:48,883 - pylabware.controllers.XCalibur.filt_pump - INFO - Max velocity is: 1000
2024-09-25 11:10:48,884 - pylabware.connections.SerialConnection - INFO - Creating connection object with the following settings: 
{'address': '', 'port': '/dev/ttyUSB0', 'encoding': 'UTF-8', 'command_delay': 0.5, 'receive_buffer_size': 128, 'receive_timeout': 1, 'transmit_timeout': 1, 'receiving_interval': 0.05, 'write_timeout': 0.5, 'baudrate': 9600, 'bytesize': 7, 'parity': 'E', 'stopbits': 1, 'xonxoff': False, 'rtscts': False, 'dsrdtr': False, 'inter_byte_timeout': False}
2024-09-25 11:10:48,884 - pylabware.connections.SerialConnection - INFO - Creating connection object with the following settings: 
{'address': '1', 'port': '/dev/ttyUSB1', 'encoding': 'UTF-8', 'command_delay': 0, 'receive_buffer_size': 128, 'receive_timeout': 10, 'transmit_timeout': 1, 'receiving_interval': 0.05, 'write_timeout': 0.5, 'baudrate': 9600, 'bytesize': 8, 'parity': 'N', 'stopbits': 1, 'xonxoff': False, 'rtscts': False, 'dsrdtr': False, 'inter_byte_timeout': False}
2024-09-25 11:10:48,885 - pylabware.connections.SerialConnection - INFO - Creating connection object with the following settings: 
{'address': None, 'port': '/dev/ttyUSB2', 'encoding': 'UTF-8', 'command_delay': 0.5, 'receive_buffer_size': 128, 'receive_timeout': 1, 'transmit_timeout': 1, 'receiving_interval': 0.05, 'write_timeout': 0.5, 'baudrate': 9600, 'bytesize': 8, 'parity': 'N', 'stopbits': 1, 'xonxoff': True, 'rtscts': False, 'dsrdtr': False, 'inter_byte_timeout': False, 'timeout': 0.1}
2024-09-25 11:10:48,887 - pylabware.connections.SerialConnection - INFO - Starting connection listener...
2024-09-25 11:10:48,887 - pylabware.connections.SerialConnection - INFO - Port /dev/ttyUSB2 opened.
2024-09-25 11:10:48,888 - pylabware.connections.SerialConnection - WARNING - Command rate too high! Delaying next command for 0.5 seconds
2024-09-25 11:10:49,495 - pylabware.controllers.QuantosQB1.QUANTOS - INFO - No carousel/autosampler connected
2024-09-25 11:10:49,495 - pylabware.connections.SerialConnection - WARNING - Command rate too high! Delaying next command for 0.5 seconds
2024-09-25 11:10:57,642 - pylabware.connections.SerialConnection - INFO - Starting connection listener...
2024-09-25 11:10:57,642 - pylabware.connections.SerialConnection - INFO - Port /dev/ttyUSB0 opened.
2024-09-25 11:10:57,643 - pylabware.controllers.RCTDigitalHotplate.IKA - INFO - Opened connection.
2024-09-25 11:11:02,772 - pylabware.connections.SerialConnection - INFO - Starting connection listener...
2024-09-25 11:11:02,772 - pylabware.connections.SerialConnection - INFO - Port /dev/ttyUSB1 opened.
2024-09-25 11:11:02,773 - pylabware.controllers.XCalibur.PUMP - INFO - Opened connection.
2024-09-25 11:11:03,877 - pylabware.controllers.XCalibur.PUMP - INFO - Device initialized.
2024-09-25 11:11:04,380 - root - INFO - CONNECTING QUANTOS - OPENING DOORS
2024-09-25 11:11:21,355 - root - INFO - SETTING ANTISTATIC ON FOR 20 secs
2024-09-25 11:11:41,564 - root - INFO - SETTING ANTISTATIC OFF
2024-09-25 11:11:41,646 - root - INFO - GETTING STABLE WEIGHT
2024-09-25 11:11:41,646 - pylabware.connections.SerialConnection - WARNING - Command rate too high! Delaying next command for 0.5 seconds
2024-09-25 11:11:42,199 - root - INFO - STABLE WEIGHT IS: {'success': True, 'outcomes': ['Stable weight', '3.1627', 'g']}
2024-09-25 11:11:46,223 - pylabware.connections.SerialConnection - INFO - Creating connection object with the following settings: 
{'address': '1', 'port': '/dev/ttyUSB3', 'encoding': 'UTF-8', 'command_delay': 0, 'receive_buffer_size': 128, 'receive_timeout': 10, 'transmit_timeout': 1, 'receiving_interval': 0.05, 'write_timeout': 0.5, 'baudrate': 9600, 'bytesize': 8, 'parity': 'N', 'stopbits': 1, 'xonxoff': False, 'rtscts': False, 'dsrdtr': False, 'inter_byte_timeout': False}
2024-09-25 11:11:46,259 - pylabware.connections.SerialConnection - INFO - Starting connection listener...
2024-09-25 11:11:46,260 - pylabware.connections.SerialConnection - INFO - Port /dev/ttyUSB3 opened.
2024-09-25 11:11:46,260 - pylabware.controllers.XCalibur.filt_pump - INFO - Opened connection.
2024-09-25 11:11:46,310 - pylabware.controllers.XCalibur.filt_pump - INFO - Device initialized.
2024-09-25 11:11:46,880 - pylabware.connections.SerialConnection - WARNING - Discarding unconsumed device reply <'/0'>
2024-09-25 11:12:46,312 - pylabware.connections.SerialConnection - INFO - Creating connection object with the following settings: 
{'address': '1', 'port': '/dev/ttyUSB3', 'encoding': 'UTF-8', 'command_delay': 0, 'receive_buffer_size': 128, 'receive_timeout': 10, 'transmit_timeout': 1, 'receiving_interval': 0.05, 'write_timeout': 0.5, 'baudrate': 9600, 'bytesize': 8, 'parity': 'N', 'stopbits': 1, 'xonxoff': False, 'rtscts': False, 'dsrdtr': False, 'inter_byte_timeout': False}
2024-09-25 11:12:46,315 - pylabware.connections.SerialConnection - INFO - Starting connection listener...
2024-09-25 11:12:46,316 - pylabware.connections.SerialConnection - INFO - Port /dev/ttyUSB3 opened.
2024-09-25 11:12:46,318 - pylabware.controllers.XCalibur.filt_pump - INFO - Opened connection.
2024-09-25 11:12:46,369 - pylabware.controllers.XCalibur.filt_pump - INFO - Device initialized.
2024-09-25 11:12:49,194 - pylabware.controllers.XCalibur.filt_pump - WARNING - A non-fatal error was recieved resending command - errors occured: 1
2024-09-25 11:12:49,901 - pylabware.controllers.XCalibur.filt_pump - INFO - Max velocity is: 1000
2024-09-25 11:12:49,902 - pylabware.connections.SerialConnection - INFO - Creating connection object with the following settings: 
{'address': '', 'port': '/dev/ttyUSB0', 'encoding': 'UTF-8', 'command_delay': 0.5, 'receive_buffer_size': 128, 'receive_timeout': 1, 'transmit_timeout': 1, 'receiving_interval': 0.05, 'write_timeout': 0.5, 'baudrate': 9600, 'bytesize': 7, 'parity': 'E', 'stopbits': 1, 'xonxoff': False, 'rtscts': False, 'dsrdtr': False, 'inter_byte_timeout': False}
2024-09-25 11:12:49,902 - pylabware.connections.SerialConnection - INFO - Creating connection object with the following settings: 
{'address': '1', 'port': '/dev/ttyUSB1', 'encoding': 'UTF-8', 'command_delay': 0, 'receive_buffer_size': 128, 'receive_timeout': 10, 'transmit_timeout': 1, 'receiving_interval': 0.05, 'write_timeout': 0.5, 'baudrate': 9600, 'bytesize': 8, 'parity': 'N', 'stopbits': 1, 'xonxoff': False, 'rtscts': False, 'dsrdtr': False, 'inter_byte_timeout': False}
2024-09-25 11:12:49,902 - pylabware.connections.SerialConnection - INFO - Creating connection object with the following settings: 
{'address': None, 'port': '/dev/ttyUSB2', 'encoding': 'UTF-8', 'command_delay': 0.5, 'receive_buffer_size': 128, 'receive_timeout': 1, 'transmit_timeout': 1, 'receiving_interval': 0.05, 'write_timeout': 0.5, 'baudrate': 9600, 'bytesize': 8, 'parity': 'N', 'stopbits': 1, 'xonxoff': True, 'rtscts': False, 'dsrdtr': False, 'inter_byte_timeout': False, 'timeout': 0.1}
2024-09-25 11:12:49,905 - pylabware.connections.SerialConnection - INFO - Starting connection listener...
2024-09-25 11:12:49,905 - pylabware.connections.SerialConnection - INFO - Port /dev/ttyUSB2 opened.
2024-09-25 11:12:49,905 - pylabware.connections.SerialConnection - WARNING - Command rate too high! Delaying next command for 0.5 seconds
2024-09-25 11:12:50,513 - pylabware.controllers.QuantosQB1.QUANTOS - INFO - No carousel/autosampler connected
2024-09-25 11:12:50,513 - pylabware.connections.SerialConnection - WARNING - Command rate too high! Delaying next command for 0.5 seconds
2024-09-25 11:12:58,615 - pylabware.connections.SerialConnection - INFO - Starting connection listener...
2024-09-25 11:12:58,615 - pylabware.connections.SerialConnection - INFO - Port /dev/ttyUSB0 opened.
2024-09-25 11:12:58,616 - pylabware.controllers.RCTDigitalHotplate.IKA - INFO - Opened connection.
2024-09-25 11:13:03,741 - pylabware.connections.SerialConnection - INFO - Starting connection listener...
2024-09-25 11:13:03,741 - pylabware.connections.SerialConnection - INFO - Port /dev/ttyUSB1 opened.
2024-09-25 11:13:03,742 - pylabware.controllers.XCalibur.PUMP - INFO - Opened connection.
2024-09-25 11:13:04,848 - pylabware.controllers.XCalibur.PUMP - INFO - Device initialized.
2024-09-25 11:13:05,351 - root - INFO - CONNECTING QUANTOS - OPENING DOORS
2024-09-25 11:13:22,374 - root - INFO - SETTING ANTISTATIC ON FOR 20 secs
2024-09-25 11:13:42,576 - root - INFO - SETTING ANTISTATIC OFF
2024-09-25 11:13:42,699 - root - INFO - GETTING STABLE WEIGHT
2024-09-25 11:13:42,699 - pylabware.connections.SerialConnection - WARNING - Command rate too high! Delaying next command for 0.5 seconds
2024-09-25 11:13:43,303 - root - INFO - STABLE WEIGHT IS: {'success': True, 'outcomes': ['Stable weight', '3.1627', 'g']}
2024-09-25 11:13:47,326 - pylabware.connections.SerialConnection - INFO - Creating connection object with the following settings: 
{'address': '1', 'port': '/dev/ttyUSB3', 'encoding': 'UTF-8', 'command_delay': 0, 'receive_buffer_size': 128, 'receive_timeout': 10, 'transmit_timeout': 1, 'receiving_interval': 0.05, 'write_timeout': 0.5, 'baudrate': 9600, 'bytesize': 8, 'parity': 'N', 'stopbits': 1, 'xonxoff': False, 'rtscts': False, 'dsrdtr': False, 'inter_byte_timeout': False}
2024-09-25 11:13:47,327 - pylabware.connections.SerialConnection - INFO - Starting connection listener...
2024-09-25 11:13:47,327 - pylabware.connections.SerialConnection - INFO - Port /dev/ttyUSB3 opened.
2024-09-25 11:13:47,327 - pylabware.controllers.XCalibur.filt_pump - INFO - Opened connection.
2024-09-25 11:15:22,467 - pylabware.connections.SerialConnection - INFO - Creating connection object with the following settings: 
{'address': '1', 'port': '/dev/ttyUSB3', 'encoding': 'UTF-8', 'command_delay': 0, 'receive_buffer_size': 128, 'receive_timeout': 10, 'transmit_timeout': 1, 'receiving_interval': 0.05, 'write_timeout': 0.5, 'baudrate': 9600, 'bytesize': 8, 'parity': 'N', 'stopbits': 1, 'xonxoff': False, 'rtscts': False, 'dsrdtr': False, 'inter_byte_timeout': False}
2024-09-25 11:15:22,471 - pylabware.connections.SerialConnection - INFO - Starting connection listener...
2024-09-25 11:15:22,471 - pylabware.connections.SerialConnection - INFO - Port /dev/ttyUSB3 opened.
2024-09-25 11:15:22,472 - pylabware.controllers.XCalibur.filt_pump - INFO - Opened connection.
2024-09-25 11:15:22,523 - pylabware.controllers.XCalibur.filt_pump - INFO - Device initialized.
2024-09-25 11:15:25,349 - pylabware.controllers.XCalibur.filt_pump - WARNING - A non-fatal error was recieved resending command - errors occured: 1
2024-09-25 11:15:26,056 - pylabware.controllers.XCalibur.filt_pump - INFO - Max velocity is: 1000
2024-09-25 11:15:26,057 - pylabware.connections.SerialConnection - INFO - Creating connection object with the following settings: 
{'address': '', 'port': '/dev/ttyUSB0', 'encoding': 'UTF-8', 'command_delay': 0.5, 'receive_buffer_size': 128, 'receive_timeout': 1, 'transmit_timeout': 1, 'receiving_interval': 0.05, 'write_timeout': 0.5, 'baudrate': 9600, 'bytesize': 7, 'parity': 'E', 'stopbits': 1, 'xonxoff': False, 'rtscts': False, 'dsrdtr': False, 'inter_byte_timeout': False}
2024-09-25 11:15:26,057 - pylabware.connections.SerialConnection - INFO - Creating connection object with the following settings: 
{'address': '1', 'port': '/dev/ttyUSB1', 'encoding': 'UTF-8', 'command_delay': 0, 'receive_buffer_size': 128, 'receive_timeout': 10, 'transmit_timeout': 1, 'receiving_interval': 0.05, 'write_timeout': 0.5, 'baudrate': 9600, 'bytesize': 8, 'parity': 'N', 'stopbits': 1, 'xonxoff': False, 'rtscts': False, 'dsrdtr': False, 'inter_byte_timeout': False}
2024-09-25 11:15:26,057 - pylabware.connections.SerialConnection - INFO - Creating connection object with the following settings: 
{'address': None, 'port': '/dev/ttyUSB2', 'encoding': 'UTF-8', 'command_delay': 0.5, 'receive_buffer_size': 128, 'receive_timeout': 1, 'transmit_timeout': 1, 'receiving_interval': 0.05, 'write_timeout': 0.5, 'baudrate': 9600, 'bytesize': 8, 'parity': 'N', 'stopbits': 1, 'xonxoff': True, 'rtscts': False, 'dsrdtr': False, 'inter_byte_timeout': False, 'timeout': 0.1}
2024-09-25 11:15:26,060 - pylabware.connections.SerialConnection - INFO - Starting connection listener...
2024-09-25 11:15:26,060 - pylabware.connections.SerialConnection - INFO - Port /dev/ttyUSB2 opened.
2024-09-25 11:15:26,061 - pylabware.connections.SerialConnection - WARNING - Command rate too high! Delaying next command for 0.5 seconds
2024-09-25 11:15:26,667 - pylabware.controllers.QuantosQB1.QUANTOS - INFO - No carousel/autosampler connected
2024-09-25 11:15:26,668 - pylabware.connections.SerialConnection - WARNING - Command rate too high! Delaying next command for 0.5 seconds
2024-09-25 11:15:34,816 - pylabware.connections.SerialConnection - INFO - Starting connection listener...
2024-09-25 11:15:34,816 - pylabware.connections.SerialConnection - INFO - Port /dev/ttyUSB0 opened.
2024-09-25 11:15:34,816 - pylabware.controllers.RCTDigitalHotplate.IKA - INFO - Opened connection.
2024-09-25 11:15:39,952 - pylabware.connections.SerialConnection - INFO - Starting connection listener...
2024-09-25 11:15:39,952 - pylabware.connections.SerialConnection - INFO - Port /dev/ttyUSB1 opened.
2024-09-25 11:15:39,952 - pylabware.controllers.XCalibur.PUMP - INFO - Opened connection.
2024-09-25 11:15:41,058 - pylabware.controllers.XCalibur.PUMP - INFO - Device initialized.
2024-09-25 11:15:41,561 - root - INFO - CONNECTING QUANTOS - OPENING DOORS
2024-09-25 11:15:58,469 - root - INFO - SETTING ANTISTATIC ON FOR 20 secs
2024-09-25 11:16:18,675 - root - INFO - SETTING ANTISTATIC OFF
2024-09-25 11:16:18,788 - root - INFO - GETTING STABLE WEIGHT
2024-09-25 11:16:18,788 - pylabware.connections.SerialConnection - WARNING - Command rate too high! Delaying next command for 0.5 seconds
2024-09-25 11:16:19,292 - root - INFO - STABLE WEIGHT IS: {'success': True, 'outcomes': ['Stable weight', '0.0002', 'g']}
2024-09-25 11:16:23,319 - pylabware.connections.SerialConnection - INFO - Creating connection object with the following settings: 
{'address': '1', 'port': '/dev/ttyUSB3', 'encoding': 'UTF-8', 'command_delay': 0, 'receive_buffer_size': 128, 'receive_timeout': 10, 'transmit_timeout': 1, 'receiving_interval': 0.05, 'write_timeout': 0.5, 'baudrate': 9600, 'bytesize': 8, 'parity': 'N', 'stopbits': 1, 'xonxoff': False, 'rtscts': False, 'dsrdtr': False, 'inter_byte_timeout': False}
2024-09-25 11:16:23,321 - pylabware.connections.SerialConnection - INFO - Starting connection listener...
2024-09-25 11:16:23,321 - pylabware.connections.SerialConnection - INFO - Port /dev/ttyUSB3 opened.
2024-09-25 11:16:23,321 - pylabware.controllers.XCalibur.filt_pump - INFO - Opened connection.
2024-09-25 17:59:42,377 - pylabware.controllers.XCalibur.filt_pump - WARNING - A non-fatal error was recieved resending command - errors occured: 1
2024-09-25 17:59:42,986 - pylabware.connections.SerialConnection - WARNING - Command rate too high! Delaying next command for 0.5 seconds
2024-09-25 17:59:43,593 - pylabware.connections.SerialConnection - WARNING - Command rate too high! Delaying next command for 0.5 seconds
2024-09-25 18:00:00,858 - pylabware.connections.SerialConnection - WARNING - Command rate too high! Delaying next command for 0.5 seconds
2024-09-25 18:00:46,482 - pylabware.controllers.XCalibur.filt_pump - WARNING - A non-fatal error was recieved resending command - errors occured: 1
2024-09-25 18:00:47,090 - pylabware.connections.SerialConnection - WARNING - Command rate too high! Delaying next command for 0.5 seconds
2024-09-25 18:00:47,697 - pylabware.connections.SerialConnection - WARNING - Command rate too high! Delaying next command for 0.5 seconds
2024-09-25 18:01:04,862 - pylabware.connections.SerialConnection - WARNING - Command rate too high! Delaying next command for 0.5 seconds
