2024-06-19 17:54:45,210 - pylabware.connections.SerialConnection - INFO - Creating connection object with the following settings: 
{'address': '', 'port': '/dev/ttyUSB0', 'encoding': 'UTF-8', 'command_delay': 0.5, 'receive_buffer_size': 128, 'receive_timeout': 1, 'transmit_timeout': 1, 'receiving_interval': 0.05, 'write_timeout': 0.5, 'baudrate': 9600, 'bytesize': 7, 'parity': 'E', 'stopbits': 1, 'xonxoff': False, 'rtscts': False, 'dsrdtr': False, 'inter_byte_timeout': False}
2024-06-19 17:54:45,212 - pylabware.connections.SerialConnection - INFO - Creating connection object with the following settings: 
{'address': '1', 'port': '/dev/ttyUSB1', 'encoding': 'UTF-8', 'command_delay': 0, 'receive_buffer_size': 128, 'receive_timeout': 10, 'transmit_timeout': 1, 'receiving_interval': 0.05, 'write_timeout': 0.5, 'baudrate': 9600, 'bytesize': 8, 'parity': 'N', 'stopbits': 1, 'xonxoff': False, 'rtscts': False, 'dsrdtr': False, 'inter_byte_timeout': False}
2024-06-19 17:54:45,212 - pylabware.connections.SerialConnection - INFO - Creating connection object with the following settings: 
{'address': None, 'port': '/dev/ttyUSB2', 'encoding': 'UTF-8', 'command_delay': 0.5, 'receive_buffer_size': 128, 'receive_timeout': 1, 'transmit_timeout': 1, 'receiving_interval': 0.05, 'write_timeout': 0.5, 'baudrate': 9600, 'bytesize': 8, 'parity': 'N', 'stopbits': 1, 'xonxoff': True, 'rtscts': False, 'dsrdtr': False, 'inter_byte_timeout': False, 'timeout': 0.1}
2024-06-19 17:54:45,215 - pylabware.connections.SerialConnection - INFO - Starting connection listener...
2024-06-19 17:54:45,215 - pylabware.connections.SerialConnection - INFO - Port /dev/ttyUSB2 opened.
2024-06-19 17:54:45,216 - pylabware.connections.SerialConnection - WARNING - Command rate too high! Delaying next command for 0.5 seconds
2024-06-19 17:54:45,822 - pylabware.controllers.QuantosQB1.QUANTOS - INFO - No carousel/autosampler connected
2024-06-19 17:54:45,823 - pylabware.connections.SerialConnection - WARNING - Command rate too high! Delaying next command for 0.5 seconds
2024-06-19 17:54:53,932 - pylabware.connections.SerialConnection - INFO - Starting connection listener...
2024-06-19 17:54:53,932 - pylabware.connections.SerialConnection - INFO - Port /dev/ttyUSB0 opened.
2024-06-19 17:54:53,933 - pylabware.controllers.RCTDigitalHotplate.IKA - INFO - Opened connection.
2024-06-19 17:55:39,016 - pylabware.connections.SerialConnection - INFO - Starting connection listener...
2024-06-19 17:55:39,016 - pylabware.connections.SerialConnection - INFO - Port /dev/ttyUSB1 opened.
2024-06-19 17:55:39,017 - pylabware.controllers.XCalibur.PUMP - INFO - Opened connection.
2024-06-19 17:55:40,124 - pylabware.controllers.XCalibur.PUMP - INFO - Device initialized.
2024-06-19 17:55:40,628 - root - INFO - CONNECTING QUANTOS - OPENING DOORS
2024-06-19 17:56:18,193 - root - INFO - TARING QUANTOS
2024-06-19 17:58:00,892 - pylabware.connections.SerialConnection - INFO - Creating connection object with the following settings: 
{'address': '', 'port': '/dev/ttyUSB0', 'encoding': 'UTF-8', 'command_delay': 0.5, 'receive_buffer_size': 128, 'receive_timeout': 1, 'transmit_timeout': 1, 'receiving_interval': 0.05, 'write_timeout': 0.5, 'baudrate': 9600, 'bytesize': 7, 'parity': 'E', 'stopbits': 1, 'xonxoff': False, 'rtscts': False, 'dsrdtr': False, 'inter_byte_timeout': False}
2024-06-19 17:58:00,893 - pylabware.connections.SerialConnection - INFO - Creating connection object with the following settings: 
{'address': '1', 'port': '/dev/ttyUSB1', 'encoding': 'UTF-8', 'command_delay': 0, 'receive_buffer_size': 128, 'receive_timeout': 10, 'transmit_timeout': 1, 'receiving_interval': 0.05, 'write_timeout': 0.5, 'baudrate': 9600, 'bytesize': 8, 'parity': 'N', 'stopbits': 1, 'xonxoff': False, 'rtscts': False, 'dsrdtr': False, 'inter_byte_timeout': False}
2024-06-19 17:58:00,894 - pylabware.connections.SerialConnection - INFO - Creating connection object with the following settings: 
{'address': None, 'port': '/dev/ttyUSB2', 'encoding': 'UTF-8', 'command_delay': 0.5, 'receive_buffer_size': 128, 'receive_timeout': 1, 'transmit_timeout': 1, 'receiving_interval': 0.05, 'write_timeout': 0.5, 'baudrate': 9600, 'bytesize': 8, 'parity': 'N', 'stopbits': 1, 'xonxoff': True, 'rtscts': False, 'dsrdtr': False, 'inter_byte_timeout': False, 'timeout': 0.1}
2024-06-19 17:58:00,896 - pylabware.connections.SerialConnection - INFO - Starting connection listener...
2024-06-19 17:58:00,896 - pylabware.connections.SerialConnection - INFO - Port /dev/ttyUSB2 opened.
2024-06-19 17:58:00,897 - pylabware.connections.SerialConnection - WARNING - Command rate too high! Delaying next command for 0.5 seconds
2024-06-19 17:58:01,503 - pylabware.controllers.QuantosQB1.QUANTOS - INFO - No carousel/autosampler connected
2024-06-19 17:58:01,503 - pylabware.connections.SerialConnection - WARNING - Command rate too high! Delaying next command for 0.5 seconds
2024-06-19 17:58:04,817 - pylabware.connections.SerialConnection - INFO - Starting connection listener...
2024-06-19 17:58:04,817 - pylabware.connections.SerialConnection - INFO - Port /dev/ttyUSB0 opened.
2024-06-19 17:58:04,818 - pylabware.controllers.RCTDigitalHotplate.IKA - INFO - Opened connection.
2024-06-19 17:58:09,964 - pylabware.connections.SerialConnection - INFO - Starting connection listener...
2024-06-19 17:58:09,965 - pylabware.connections.SerialConnection - INFO - Port /dev/ttyUSB1 opened.
2024-06-19 17:58:09,965 - pylabware.controllers.XCalibur.PUMP - INFO - Opened connection.
2024-06-19 17:58:11,071 - pylabware.controllers.XCalibur.PUMP - INFO - Device initialized.
2024-06-19 17:58:11,574 - root - INFO - CONNECTING QUANTOS - OPENING DOORS
2024-06-19 17:58:34,896 - root - INFO - TARING QUANTOS
2024-06-19 17:59:07,150 - root - INFO - SETTING ANTISTATIC ON FOR 20 secs
2024-06-19 17:59:27,363 - root - INFO - SETTING ANTISTATIC OFF
2024-06-19 17:59:27,457 - root - INFO - GETTING STABLE WEIGHT
2024-06-19 17:59:27,458 - pylabware.connections.SerialConnection - WARNING - Command rate too high! Delaying next command for 0.5 seconds
2024-06-19 17:59:28,010 - root - INFO - STABLE WEIGHT IS: {'success': True, 'outcomes': ['Stable weight', '25.9121', 'g']}
2024-06-19 17:59:33,036 - root - INFO - SETTING ANTISTATIC ON FOR 20 secs
2024-06-19 18:00:10,619 - pylabware.connections.SerialConnection - INFO - Creating connection object with the following settings: 
{'address': '', 'port': '/dev/ttyUSB0', 'encoding': 'UTF-8', 'command_delay': 0.5, 'receive_buffer_size': 128, 'receive_timeout': 1, 'transmit_timeout': 1, 'receiving_interval': 0.05, 'write_timeout': 0.5, 'baudrate': 9600, 'bytesize': 7, 'parity': 'E', 'stopbits': 1, 'xonxoff': False, 'rtscts': False, 'dsrdtr': False, 'inter_byte_timeout': False}
2024-06-19 18:00:10,620 - pylabware.connections.SerialConnection - INFO - Creating connection object with the following settings: 
{'address': '1', 'port': '/dev/ttyUSB1', 'encoding': 'UTF-8', 'command_delay': 0, 'receive_buffer_size': 128, 'receive_timeout': 10, 'transmit_timeout': 1, 'receiving_interval': 0.05, 'write_timeout': 0.5, 'baudrate': 9600, 'bytesize': 8, 'parity': 'N', 'stopbits': 1, 'xonxoff': False, 'rtscts': False, 'dsrdtr': False, 'inter_byte_timeout': False}
2024-06-19 18:00:10,620 - pylabware.connections.SerialConnection - INFO - Creating connection object with the following settings: 
{'address': None, 'port': '/dev/ttyUSB2', 'encoding': 'UTF-8', 'command_delay': 0.5, 'receive_buffer_size': 128, 'receive_timeout': 1, 'transmit_timeout': 1, 'receiving_interval': 0.05, 'write_timeout': 0.5, 'baudrate': 9600, 'bytesize': 8, 'parity': 'N', 'stopbits': 1, 'xonxoff': True, 'rtscts': False, 'dsrdtr': False, 'inter_byte_timeout': False, 'timeout': 0.1}
2024-06-19 18:00:10,623 - pylabware.connections.SerialConnection - INFO - Starting connection listener...
2024-06-19 18:00:10,623 - pylabware.connections.SerialConnection - INFO - Port /dev/ttyUSB2 opened.
2024-06-19 18:00:10,624 - pylabware.connections.SerialConnection - WARNING - Command rate too high! Delaying next command for 0.5 seconds
2024-06-19 18:00:11,230 - pylabware.controllers.QuantosQB1.QUANTOS - INFO - No carousel/autosampler connected
2024-06-19 18:00:11,230 - pylabware.connections.SerialConnection - WARNING - Command rate too high! Delaying next command for 0.5 seconds
2024-06-19 18:00:14,545 - pylabware.connections.SerialConnection - INFO - Starting connection listener...
2024-06-19 18:00:14,545 - pylabware.connections.SerialConnection - INFO - Port /dev/ttyUSB0 opened.
2024-06-19 18:00:14,546 - pylabware.controllers.RCTDigitalHotplate.IKA - INFO - Opened connection.
2024-06-19 18:00:19,676 - pylabware.connections.SerialConnection - INFO - Starting connection listener...
2024-06-19 18:00:19,676 - pylabware.connections.SerialConnection - INFO - Port /dev/ttyUSB1 opened.
2024-06-19 18:00:19,677 - pylabware.controllers.XCalibur.PUMP - INFO - Opened connection.
2024-06-19 18:00:20,783 - pylabware.controllers.XCalibur.PUMP - INFO - Device initialized.
2024-06-19 18:00:21,286 - root - INFO - CONNECTING QUANTOS - OPENING DOORS
2024-06-19 18:00:38,357 - pylabware.connections.SerialConnection - WARNING - Command rate too high! Delaying next command for 0.5 seconds
2024-06-19 18:01:07,552 - root - INFO - SETTING ANTISTATIC ON FOR 20 secs
2024-06-19 18:01:27,760 - root - INFO - SETTING ANTISTATIC OFF
2024-06-19 18:01:27,868 - root - INFO - GETTING STABLE WEIGHT
2024-06-19 18:01:27,868 - pylabware.connections.SerialConnection - WARNING - Command rate too high! Delaying next command for 0.5 seconds
2024-06-19 18:01:28,421 - root - INFO - STABLE WEIGHT IS: {'success': True, 'outcomes': ['Stable weight', '25.9120', 'g']}
2024-06-19 18:01:33,447 - root - INFO - SETTING ANTISTATIC ON FOR 20 secs
2024-06-19 18:01:53,620 - root - INFO - SETTING ANTISTATIC OFF
2024-06-19 18:01:53,713 - root - INFO - GETTING STABLE WEIGHT
2024-06-19 18:01:53,713 - pylabware.connections.SerialConnection - WARNING - Command rate too high! Delaying next command for 0.5 seconds
2024-06-19 18:01:54,266 - root - INFO - STABLE WEIGHT IS: {'success': True, 'outcomes': ['Stable weight', '25.9120', 'g']}
2024-06-19 18:01:59,281 - root - INFO - SETTING ANTISTATIC ON FOR 20 secs
2024-06-19 18:02:19,502 - root - INFO - SETTING ANTISTATIC OFF
2024-06-19 18:02:19,596 - root - INFO - GETTING STABLE WEIGHT
2024-06-19 18:02:19,597 - pylabware.connections.SerialConnection - WARNING - Command rate too high! Delaying next command for 0.5 seconds
2024-06-19 18:02:20,199 - root - INFO - STABLE WEIGHT IS: {'success': True, 'outcomes': ['Stable weight', '25.9120', 'g']}
2024-06-19 18:02:20,200 - pylabware.connections.SerialConnection - WARNING - Command rate too high! Delaying next command for 0.5 seconds
2024-06-19 18:02:45,851 - pylabware.connections.SerialConnection - WARNING - Command rate too high! Delaying next command for 0.5 seconds
2024-06-19 18:03:43,976 - root - INFO - SETTING ANTISTATIC ON FOR 20 secs
2024-06-19 18:04:04,184 - root - INFO - SETTING ANTISTATIC OFF
2024-06-19 18:04:04,306 - root - INFO - GETTING STABLE WEIGHT
2024-06-19 18:04:04,307 - pylabware.connections.SerialConnection - WARNING - Command rate too high! Delaying next command for 0.5 seconds
2024-06-19 18:04:04,853 - root - INFO - STABLE WEIGHT IS: {'success': True, 'outcomes': ['Stable weight', '25.8205', 'g']}
2024-06-19 18:04:09,867 - root - INFO - SETTING ANTISTATIC ON FOR 20 secs
2024-06-19 18:04:29,998 - root - INFO - SETTING ANTISTATIC OFF
2024-06-19 18:04:30,096 - root - INFO - GETTING STABLE WEIGHT
2024-06-19 18:04:30,096 - pylabware.connections.SerialConnection - WARNING - Command rate too high! Delaying next command for 0.5 seconds
2024-06-19 18:04:30,603 - root - INFO - STABLE WEIGHT IS: {'success': True, 'outcomes': ['Stable weight', '25.8205', 'g']}
2024-06-19 18:04:35,628 - root - INFO - SETTING ANTISTATIC ON FOR 20 secs
2024-06-19 18:04:55,836 - root - INFO - SETTING ANTISTATIC OFF
2024-06-19 18:04:55,925 - root - INFO - GETTING STABLE WEIGHT
2024-06-19 18:04:55,925 - pylabware.connections.SerialConnection - WARNING - Command rate too high! Delaying next command for 0.5 seconds
2024-06-19 18:04:56,478 - root - INFO - STABLE WEIGHT IS: {'success': True, 'outcomes': ['Stable weight', '25.8205', 'g']}
2024-06-19 18:04:56,479 - pylabware.connections.SerialConnection - WARNING - Command rate too high! Delaying next command for 0.5 seconds
2024-06-19 18:05:41,013 - pylabware.connections.SerialConnection - WARNING - Command rate too high! Delaying next command for 0.5 seconds
2024-06-19 18:06:27,026 - root - INFO - SETTING ANTISTATIC ON FOR 20 secs
2024-06-19 18:06:47,234 - root - INFO - SETTING ANTISTATIC OFF
2024-06-19 18:06:47,316 - root - INFO - GETTING STABLE WEIGHT
2024-06-19 18:06:47,316 - pylabware.connections.SerialConnection - WARNING - Command rate too high! Delaying next command for 0.5 seconds
2024-06-19 18:06:47,923 - root - INFO - STABLE WEIGHT IS: {'success': True, 'outcomes': ['Stable weight', '26.0979', 'g']}
2024-06-19 18:06:52,946 - root - INFO - SETTING ANTISTATIC ON FOR 20 secs
2024-06-19 18:07:13,160 - root - INFO - SETTING ANTISTATIC OFF
2024-06-19 18:07:13,261 - root - INFO - GETTING STABLE WEIGHT
2024-06-19 18:07:13,261 - pylabware.connections.SerialConnection - WARNING - Command rate too high! Delaying next command for 0.5 seconds
2024-06-19 18:07:13,764 - root - INFO - STABLE WEIGHT IS: {'success': True, 'outcomes': ['Stable weight', '26.0979', 'g']}
2024-06-19 18:07:18,784 - root - INFO - SETTING ANTISTATIC ON FOR 20 secs
2024-06-19 18:07:39,012 - root - INFO - SETTING ANTISTATIC OFF
2024-06-19 18:07:39,112 - root - INFO - GETTING STABLE WEIGHT
2024-06-19 18:07:39,112 - pylabware.connections.SerialConnection - WARNING - Command rate too high! Delaying next command for 0.5 seconds
2024-06-19 18:07:39,615 - root - INFO - STABLE WEIGHT IS: {'success': True, 'outcomes': ['Stable weight', '26.0979', 'g']}
2024-06-19 18:07:39,650 - pylabware.connections.SerialConnection - WARNING - Command rate too high! Delaying next command for 0.5 seconds
2024-06-19 18:08:40,824 - pylabware.connections.SerialConnection - WARNING - Command rate too high! Delaying next command for 0.5 seconds
2024-06-19 18:09:12,092 - root - INFO - SETTING ANTISTATIC ON FOR 20 secs
2024-06-19 18:09:32,304 - root - INFO - SETTING ANTISTATIC OFF
2024-06-19 18:09:32,396 - root - INFO - GETTING STABLE WEIGHT
2024-06-19 18:09:32,396 - pylabware.connections.SerialConnection - WARNING - Command rate too high! Delaying next command for 0.5 seconds
2024-06-19 18:09:32,949 - root - INFO - STABLE WEIGHT IS: {'success': True, 'outcomes': ['Stable weight', '25.8100', 'g']}
2024-06-19 18:09:37,953 - root - INFO - SETTING ANTISTATIC ON FOR 20 secs
2024-06-19 18:09:58,176 - root - INFO - SETTING ANTISTATIC OFF
2024-06-19 18:09:58,291 - root - INFO - GETTING STABLE WEIGHT
2024-06-19 18:09:58,291 - pylabware.connections.SerialConnection - WARNING - Command rate too high! Delaying next command for 0.5 seconds
2024-06-19 18:09:58,794 - root - INFO - STABLE WEIGHT IS: {'success': True, 'outcomes': ['Stable weight', '25.8098', 'g']}
2024-06-19 18:10:03,812 - root - INFO - SETTING ANTISTATIC ON FOR 20 secs
2024-06-19 18:10:24,020 - root - INFO - SETTING ANTISTATIC OFF
2024-06-19 18:10:24,125 - root - INFO - GETTING STABLE WEIGHT
2024-06-19 18:10:24,126 - pylabware.connections.SerialConnection - WARNING - Command rate too high! Delaying next command for 0.5 seconds
2024-06-19 18:10:24,678 - root - INFO - STABLE WEIGHT IS: {'success': True, 'outcomes': ['Stable weight', '25.8094', 'g']}
2024-06-19 18:10:24,679 - pylabware.connections.SerialConnection - WARNING - Command rate too high! Delaying next command for 0.5 seconds
