2025-03-18 14:56:31,064 - Workflow_Config_Helper - ERROR - Liquid requested THF is not connected to the pump
2025-03-18 14:56:31,064 - Workflow_Config_Helper - ERROR - Liquids available: dict_keys(['Dispense', 'Air', 'Water(DI)', '1.2M HCl', 'None', 'Waste'])
2025-03-18 14:56:31,064 - Workflow_Config_Helper - ERROR - Liquid requested THF is not connected to the pump
2025-03-18 14:56:31,064 - Workflow_Config_Helper - ERROR - Liquids available: dict_keys(['Dispense', 'Air', 'Water(DI)', '1.2M HCl', 'None', 'Waste'])
2025-03-18 14:56:31,064 - Workflow_Config_Helper - ERROR - Errors found between chemicals requested and those in workflow configuration - Liquid Errors: ['THF', 'THF'] Solid Errors: []
2025-03-18 14:56:53,944 - Workflow_Config_Helper - INFO - All solids and liquids requested in sample list are in the workflow
2025-03-18 14:56:53,944 - Workflow_Config_Helper - INFO - No errors in workflow detected
2025-03-18 14:56:57,952 - pylabware.connections.SerialConnection - INFO - Creating connection object with the following settings: 
{'address': '', 'port': '/dev/ttyUSB3', 'encoding': 'UTF-8', 'command_delay': 0.5, 'receive_buffer_size': 128, 'receive_timeout': 1, 'transmit_timeout': 1, 'receiving_interval': 0.05, 'write_timeout': 0.5, 'baudrate': 9600, 'bytesize': 7, 'parity': 'E', 'stopbits': 1, 'xonxoff': False, 'rtscts': False, 'dsrdtr': False, 'inter_byte_timeout': False}
2025-03-18 14:56:57,953 - pylabware.connections.SerialConnection - INFO - Creating connection object with the following settings: 
{'address': '1', 'port': '/dev/ttyUSB2', 'encoding': 'UTF-8', 'command_delay': 0, 'receive_buffer_size': 128, 'receive_timeout': 10, 'transmit_timeout': 1, 'receiving_interval': 0.05, 'write_timeout': 0.5, 'baudrate': 9600, 'bytesize': 8, 'parity': 'N', 'stopbits': 1, 'xonxoff': False, 'rtscts': False, 'dsrdtr': False, 'inter_byte_timeout': False}
2025-03-18 14:56:57,953 - pylabware.connections.SerialConnection - INFO - Creating connection object with the following settings: 
{'address': None, 'port': '/dev/ttyUSB0', 'encoding': 'UTF-8', 'command_delay': 0.5, 'receive_buffer_size': 128, 'receive_timeout': 1, 'transmit_timeout': 1, 'receiving_interval': 0.05, 'write_timeout': 0.5, 'baudrate': 9600, 'bytesize': 8, 'parity': 'N', 'stopbits': 1, 'xonxoff': True, 'rtscts': False, 'dsrdtr': False, 'inter_byte_timeout': False, 'timeout': 0.1}
2025-03-18 14:57:22,137 - Workflow_Config_Helper - INFO - All solids and liquids requested in sample list are in the workflow
2025-03-18 14:57:22,137 - Workflow_Config_Helper - INFO - No errors in workflow detected
2025-03-18 14:57:26,151 - pylabware.connections.SerialConnection - INFO - Creating connection object with the following settings: 
{'address': '', 'port': '/dev/ttyUSB3', 'encoding': 'UTF-8', 'command_delay': 0.5, 'receive_buffer_size': 128, 'receive_timeout': 1, 'transmit_timeout': 1, 'receiving_interval': 0.05, 'write_timeout': 0.5, 'baudrate': 9600, 'bytesize': 7, 'parity': 'E', 'stopbits': 1, 'xonxoff': False, 'rtscts': False, 'dsrdtr': False, 'inter_byte_timeout': False}
2025-03-18 14:57:26,152 - pylabware.connections.SerialConnection - INFO - Creating connection object with the following settings: 
{'address': '1', 'port': '/dev/ttyUSB2', 'encoding': 'UTF-8', 'command_delay': 0, 'receive_buffer_size': 128, 'receive_timeout': 10, 'transmit_timeout': 1, 'receiving_interval': 0.05, 'write_timeout': 0.5, 'baudrate': 9600, 'bytesize': 8, 'parity': 'N', 'stopbits': 1, 'xonxoff': False, 'rtscts': False, 'dsrdtr': False, 'inter_byte_timeout': False}
2025-03-18 14:57:26,152 - pylabware.connections.SerialConnection - INFO - Creating connection object with the following settings: 
{'address': None, 'port': '/dev/ttyUSB0', 'encoding': 'UTF-8', 'command_delay': 0.5, 'receive_buffer_size': 128, 'receive_timeout': 1, 'transmit_timeout': 1, 'receiving_interval': 0.05, 'write_timeout': 0.5, 'baudrate': 9600, 'bytesize': 8, 'parity': 'N', 'stopbits': 1, 'xonxoff': True, 'rtscts': False, 'dsrdtr': False, 'inter_byte_timeout': False, 'timeout': 0.1}
2025-03-18 14:57:39,282 - Workflow_Config_Helper - INFO - All solids and liquids requested in sample list are in the workflow
2025-03-18 14:57:39,283 - Workflow_Config_Helper - INFO - No errors in workflow detected
2025-03-18 14:57:43,305 - pylabware.connections.SerialConnection - INFO - Creating connection object with the following settings: 
{'address': '', 'port': '/dev/ttyUSB3', 'encoding': 'UTF-8', 'command_delay': 0.5, 'receive_buffer_size': 128, 'receive_timeout': 1, 'transmit_timeout': 1, 'receiving_interval': 0.05, 'write_timeout': 0.5, 'baudrate': 9600, 'bytesize': 7, 'parity': 'E', 'stopbits': 1, 'xonxoff': False, 'rtscts': False, 'dsrdtr': False, 'inter_byte_timeout': False}
2025-03-18 14:57:43,306 - pylabware.connections.SerialConnection - INFO - Creating connection object with the following settings: 
{'address': '1', 'port': '/dev/ttyUSB2', 'encoding': 'UTF-8', 'command_delay': 0, 'receive_buffer_size': 128, 'receive_timeout': 10, 'transmit_timeout': 1, 'receiving_interval': 0.05, 'write_timeout': 0.5, 'baudrate': 9600, 'bytesize': 8, 'parity': 'N', 'stopbits': 1, 'xonxoff': False, 'rtscts': False, 'dsrdtr': False, 'inter_byte_timeout': False}
2025-03-18 14:57:43,306 - pylabware.connections.SerialConnection - INFO - Creating connection object with the following settings: 
{'address': None, 'port': '/dev/ttyUSB0', 'encoding': 'UTF-8', 'command_delay': 0.5, 'receive_buffer_size': 128, 'receive_timeout': 1, 'transmit_timeout': 1, 'receiving_interval': 0.05, 'write_timeout': 0.5, 'baudrate': 9600, 'bytesize': 8, 'parity': 'N', 'stopbits': 1, 'xonxoff': True, 'rtscts': False, 'dsrdtr': False, 'inter_byte_timeout': False, 'timeout': 0.1}
2025-03-18 14:58:16,361 - Workflow_Config_Helper - INFO - All solids and liquids requested in sample list are in the workflow
2025-03-18 14:58:16,361 - Workflow_Config_Helper - INFO - No errors in workflow detected
2025-03-18 14:58:20,381 - pylabware.connections.SerialConnection - INFO - Creating connection object with the following settings: 
{'address': '', 'port': '/dev/ttyUSB3', 'encoding': 'UTF-8', 'command_delay': 0.5, 'receive_buffer_size': 128, 'receive_timeout': 1, 'transmit_timeout': 1, 'receiving_interval': 0.05, 'write_timeout': 0.5, 'baudrate': 9600, 'bytesize': 7, 'parity': 'E', 'stopbits': 1, 'xonxoff': False, 'rtscts': False, 'dsrdtr': False, 'inter_byte_timeout': False}
2025-03-18 14:58:20,382 - pylabware.connections.SerialConnection - INFO - Creating connection object with the following settings: 
{'address': '1', 'port': '/dev/ttyUSB2', 'encoding': 'UTF-8', 'command_delay': 0, 'receive_buffer_size': 128, 'receive_timeout': 10, 'transmit_timeout': 1, 'receiving_interval': 0.05, 'write_timeout': 0.5, 'baudrate': 9600, 'bytesize': 8, 'parity': 'N', 'stopbits': 1, 'xonxoff': False, 'rtscts': False, 'dsrdtr': False, 'inter_byte_timeout': False}
2025-03-18 14:58:20,382 - pylabware.connections.SerialConnection - INFO - Creating connection object with the following settings: 
{'address': None, 'port': '/dev/ttyUSB0', 'encoding': 'UTF-8', 'command_delay': 0.5, 'receive_buffer_size': 128, 'receive_timeout': 1, 'transmit_timeout': 1, 'receiving_interval': 0.05, 'write_timeout': 0.5, 'baudrate': 9600, 'bytesize': 8, 'parity': 'N', 'stopbits': 1, 'xonxoff': True, 'rtscts': False, 'dsrdtr': False, 'inter_byte_timeout': False, 'timeout': 0.1}
2025-03-18 14:58:20,385 - pylabware.connections.SerialConnection - INFO - Starting connection listener...
2025-03-18 14:58:20,386 - pylabware.connections.SerialConnection - INFO - Port /dev/ttyUSB0 opened.
2025-03-18 14:58:20,386 - pylabware.connections.SerialConnection - WARNING - Command rate too high! Delaying next command for 0.5 seconds
2025-03-18 14:58:20,993 - pylabware.controllers.QuantosQB1.QUANTOS - INFO - No carousel/autosampler connected
2025-03-18 14:58:20,993 - pylabware.connections.SerialConnection - WARNING - Command rate too high! Delaying next command for 0.5 seconds
2025-03-18 14:58:24,163 - RiH_Main - INFO - Connecting IKA RCT digital..
2025-03-18 14:58:24,165 - pylabware.connections.SerialConnection - INFO - Starting connection listener...
2025-03-18 14:58:24,166 - pylabware.connections.SerialConnection - INFO - Port /dev/ttyUSB3 opened.
2025-03-18 14:58:24,166 - pylabware.controllers.RCTDigitalHotplate.IKA - INFO - Opened connection.
2025-03-18 14:59:06,178 - RiH_Main - INFO - IKA RCT digital connected.
2025-03-18 14:59:07,687 - RiH_Main - INFO - Stiring velocity set to 200.
2025-03-18 14:59:09,257 - RiH_Main - INFO - Current temperature: 0.0.
2025-03-18 14:59:09,257 - RiH_Main - INFO - Connecting Pump..
2025-03-18 14:59:09,260 - pylabware.connections.SerialConnection - INFO - Starting connection listener...
2025-03-18 14:59:09,260 - pylabware.connections.SerialConnection - INFO - Port /dev/ttyUSB2 opened.
2025-03-18 14:59:09,261 - pylabware.controllers.XCalibur.DISPENSE_PUMP - INFO - Opened connection.
2025-03-18 14:59:09,816 - RiH_Main - INFO - Pump connected.
2025-03-18 14:59:10,377 - pylabware.controllers.XCalibur.DISPENSE_PUMP - INFO - Device initialized.
2025-03-18 14:59:10,378 - RiH_Main - INFO - Pump initialised.
2025-03-18 14:59:10,914 - RiH_Main - INFO - Checking for pump errors
2025-03-18 14:59:10,915 - RiH_Main - INFO - Connecting to the Quantos - opening doors
2025-03-18 14:59:17,278 - RiH_Main - INFO - Quantos connected..
2025-03-18 14:59:17,278 - RiH_Main - INFO - Initialising the filter machine
2025-03-18 14:59:17,278 - RiH_Filtration_System - INFO - Initialising filtration system pump
2025-03-18 14:59:20,286 - pylabware.connections.SerialConnection - INFO - Creating connection object with the following settings: 
{'address': '1', 'port': '/dev/ttyUSB1', 'encoding': 'UTF-8', 'command_delay': 0, 'receive_buffer_size': 128, 'receive_timeout': 10, 'transmit_timeout': 1, 'receiving_interval': 0.05, 'write_timeout': 0.5, 'baudrate': 9600, 'bytesize': 8, 'parity': 'N', 'stopbits': 1, 'xonxoff': False, 'rtscts': False, 'dsrdtr': False, 'inter_byte_timeout': False}
2025-03-18 14:59:20,289 - pylabware.connections.SerialConnection - INFO - Starting connection listener...
2025-03-18 14:59:20,290 - pylabware.connections.SerialConnection - INFO - Port /dev/ttyUSB1 opened.
2025-03-18 14:59:20,291 - pylabware.controllers.XCalibur.FILT_PUMP - INFO - Opened connection.
2025-03-18 14:59:20,341 - pylabware.controllers.XCalibur.FILT_PUMP - INFO - Device initialized.
2025-03-18 14:59:23,167 - pylabware.controllers.XCalibur.FILT_PUMP - WARNING - A non-fatal error was recieved resending command - errors occured: 1
2025-03-18 14:59:23,771 - RiH_Filtration_System - INFO - Initialising the filtration system arduino
2025-03-18 14:59:23,779 - RiH_Main - INFO - Panda robot connected to 172.16.0.2
2025-03-18 14:59:23,779 - RiH_Main - ERROR - Capper camera is not available.
2025-03-18 14:59:23,779 - RiH_Main - INFO - Moving holder to home position...
2025-03-18 14:59:23,779 - PumpHolder - INFO - Moving to holding/wash position
2025-03-18 14:59:29,798 - RiH_Main - INFO - Priming reagent tubing with Water(DI) from port 3 into waste on port: 6
2025-03-18 14:59:29,834 - pylabware.controllers.XCalibur.DISPENSE_PUMP - WARNING - A non-fatal error was recieved resending command - errors occured: 1
2025-03-18 14:59:30,387 - pylabware.controllers.XCalibur.DISPENSE_PUMP - INFO - Dispensing 6000 ul as 6 full dispenses of the 1.0mL and 0 ul remaining volume
2025-03-18 14:59:31,702 - pylabware.controllers.XCalibur.DISPENSE_PUMP - INFO - Valve position is: 3
2025-03-18 14:59:31,702 - pylabware.controllers.XCalibur.DISPENSE_PUMP - INFO - Requested valve was 3 current valve is 3
2025-03-18 14:59:36,342 - pylabware.controllers.XCalibur.DISPENSE_PUMP - INFO - Plunger position is 3000
2025-03-18 14:59:36,342 - pylabware.controllers.XCalibur.DISPENSE_PUMP - INFO - Requested increment position was 3000 current position is 3000
2025-03-18 14:59:37,099 - pylabware.controllers.XCalibur.DISPENSE_PUMP - INFO - Valve position is: 6
2025-03-18 14:59:37,099 - pylabware.controllers.XCalibur.DISPENSE_PUMP - INFO - Requested valve was 6 current valve is 6
2025-03-18 14:59:41,738 - pylabware.controllers.XCalibur.DISPENSE_PUMP - INFO - Plunger position is 0
2025-03-18 14:59:41,739 - pylabware.controllers.XCalibur.DISPENSE_PUMP - INFO - Requested increment position was 0 current position is 0
2025-03-18 14:59:43,050 - pylabware.controllers.XCalibur.DISPENSE_PUMP - INFO - Valve position is: 3
2025-03-18 14:59:43,051 - pylabware.controllers.XCalibur.DISPENSE_PUMP - INFO - Requested valve was 3 current valve is 3
2025-03-18 14:59:47,691 - pylabware.controllers.XCalibur.DISPENSE_PUMP - INFO - Plunger position is 3000
2025-03-18 14:59:47,692 - pylabware.controllers.XCalibur.DISPENSE_PUMP - INFO - Requested increment position was 3000 current position is 3000
2025-03-18 14:59:48,449 - pylabware.controllers.XCalibur.DISPENSE_PUMP - INFO - Valve position is: 6
2025-03-18 14:59:48,449 - pylabware.controllers.XCalibur.DISPENSE_PUMP - INFO - Requested valve was 6 current valve is 6
2025-03-18 14:59:53,090 - pylabware.controllers.XCalibur.DISPENSE_PUMP - INFO - Plunger position is 0
2025-03-18 14:59:53,090 - pylabware.controllers.XCalibur.DISPENSE_PUMP - INFO - Requested increment position was 0 current position is 0
2025-03-18 14:59:54,401 - pylabware.controllers.XCalibur.DISPENSE_PUMP - INFO - Valve position is: 3
2025-03-18 14:59:54,402 - pylabware.controllers.XCalibur.DISPENSE_PUMP - INFO - Requested valve was 3 current valve is 3
2025-03-18 14:59:59,042 - pylabware.controllers.XCalibur.DISPENSE_PUMP - INFO - Plunger position is 3000
2025-03-18 14:59:59,043 - pylabware.controllers.XCalibur.DISPENSE_PUMP - INFO - Requested increment position was 3000 current position is 3000
2025-03-18 14:59:59,799 - pylabware.controllers.XCalibur.DISPENSE_PUMP - INFO - Valve position is: 6
2025-03-18 14:59:59,799 - pylabware.controllers.XCalibur.DISPENSE_PUMP - INFO - Requested valve was 6 current valve is 6
2025-03-18 15:00:04,440 - pylabware.controllers.XCalibur.DISPENSE_PUMP - INFO - Plunger position is 0
2025-03-18 15:00:04,443 - pylabware.controllers.XCalibur.DISPENSE_PUMP - INFO - Requested increment position was 0 current position is 0
2025-03-18 15:00:05,751 - pylabware.controllers.XCalibur.DISPENSE_PUMP - INFO - Valve position is: 3
2025-03-18 15:00:05,752 - pylabware.controllers.XCalibur.DISPENSE_PUMP - INFO - Requested valve was 3 current valve is 3
2025-03-18 15:00:10,392 - pylabware.controllers.XCalibur.DISPENSE_PUMP - INFO - Plunger position is 3000
2025-03-18 15:00:10,392 - pylabware.controllers.XCalibur.DISPENSE_PUMP - INFO - Requested increment position was 3000 current position is 3000
2025-03-18 15:00:11,150 - pylabware.controllers.XCalibur.DISPENSE_PUMP - INFO - Valve position is: 6
2025-03-18 15:00:11,150 - pylabware.controllers.XCalibur.DISPENSE_PUMP - INFO - Requested valve was 6 current valve is 6
2025-03-18 15:00:15,789 - pylabware.controllers.XCalibur.DISPENSE_PUMP - INFO - Plunger position is 0
2025-03-18 15:00:15,790 - pylabware.controllers.XCalibur.DISPENSE_PUMP - INFO - Requested increment position was 0 current position is 0
2025-03-18 15:00:17,102 - pylabware.controllers.XCalibur.DISPENSE_PUMP - INFO - Valve position is: 3
2025-03-18 15:00:17,102 - pylabware.controllers.XCalibur.DISPENSE_PUMP - INFO - Requested valve was 3 current valve is 3
2025-03-18 15:00:21,743 - pylabware.controllers.XCalibur.DISPENSE_PUMP - INFO - Plunger position is 3000
2025-03-18 15:00:21,744 - pylabware.controllers.XCalibur.DISPENSE_PUMP - INFO - Requested increment position was 3000 current position is 3000
2025-03-18 15:00:22,501 - pylabware.controllers.XCalibur.DISPENSE_PUMP - INFO - Valve position is: 6
2025-03-18 15:00:22,501 - pylabware.controllers.XCalibur.DISPENSE_PUMP - INFO - Requested valve was 6 current valve is 6
2025-03-18 15:00:27,143 - pylabware.controllers.XCalibur.DISPENSE_PUMP - INFO - Plunger position is 0
2025-03-18 15:00:27,144 - pylabware.controllers.XCalibur.DISPENSE_PUMP - INFO - Requested increment position was 0 current position is 0
2025-03-18 15:00:28,456 - pylabware.controllers.XCalibur.DISPENSE_PUMP - INFO - Valve position is: 3
2025-03-18 15:00:28,456 - pylabware.controllers.XCalibur.DISPENSE_PUMP - INFO - Requested valve was 3 current valve is 3
2025-03-18 15:00:33,098 - pylabware.controllers.XCalibur.DISPENSE_PUMP - INFO - Plunger position is 3000
2025-03-18 15:00:33,098 - pylabware.controllers.XCalibur.DISPENSE_PUMP - INFO - Requested increment position was 3000 current position is 3000
2025-03-18 15:00:33,855 - pylabware.controllers.XCalibur.DISPENSE_PUMP - INFO - Valve position is: 6
2025-03-18 15:00:33,855 - pylabware.controllers.XCalibur.DISPENSE_PUMP - INFO - Requested valve was 6 current valve is 6
2025-03-18 15:00:38,496 - pylabware.controllers.XCalibur.DISPENSE_PUMP - INFO - Plunger position is 0
2025-03-18 15:00:38,496 - pylabware.controllers.XCalibur.DISPENSE_PUMP - INFO - Requested increment position was 0 current position is 0
2025-03-18 15:00:38,496 - pylabware.controllers.XCalibur.DISPENSE_PUMP - INFO - Remaining volume 0 ul is 0.0 rounded to 0
2025-03-18 15:00:38,497 - pylabware.controllers.XCalibur.DISPENSE_PUMP - INFO - Dispensing complete
2025-03-18 15:00:38,546 - RiH_Main - INFO - Priming reagent tubing with 1.2M HCl from port 4 into waste on port: 6
2025-03-18 15:00:38,596 - pylabware.controllers.XCalibur.DISPENSE_PUMP - INFO - Dispensing 6000 ul as 6 full dispenses of the 1.0mL and 0 ul remaining volume
2025-03-18 15:00:39,909 - pylabware.controllers.XCalibur.DISPENSE_PUMP - INFO - Valve position is: 4
2025-03-18 15:00:39,909 - pylabware.controllers.XCalibur.DISPENSE_PUMP - INFO - Requested valve was 4 current valve is 4
2025-03-18 15:00:44,549 - pylabware.controllers.XCalibur.DISPENSE_PUMP - INFO - Plunger position is 3000
2025-03-18 15:00:44,550 - pylabware.controllers.XCalibur.DISPENSE_PUMP - INFO - Requested increment position was 3000 current position is 3000
2025-03-18 15:00:45,307 - pylabware.controllers.XCalibur.DISPENSE_PUMP - INFO - Valve position is: 6
2025-03-18 15:00:45,307 - pylabware.controllers.XCalibur.DISPENSE_PUMP - INFO - Requested valve was 6 current valve is 6
2025-03-18 15:00:49,997 - pylabware.controllers.XCalibur.DISPENSE_PUMP - INFO - Plunger position is 0
2025-03-18 15:00:49,998 - pylabware.controllers.XCalibur.DISPENSE_PUMP - INFO - Requested increment position was 0 current position is 0
2025-03-18 15:00:51,310 - pylabware.controllers.XCalibur.DISPENSE_PUMP - INFO - Valve position is: 4
2025-03-18 15:00:51,310 - pylabware.controllers.XCalibur.DISPENSE_PUMP - INFO - Requested valve was 4 current valve is 4
2025-03-18 15:00:55,951 - pylabware.controllers.XCalibur.DISPENSE_PUMP - INFO - Plunger position is 3000
2025-03-18 15:00:55,951 - pylabware.controllers.XCalibur.DISPENSE_PUMP - INFO - Requested increment position was 3000 current position is 3000
2025-03-18 15:00:56,708 - pylabware.controllers.XCalibur.DISPENSE_PUMP - INFO - Valve position is: 6
2025-03-18 15:00:56,709 - pylabware.controllers.XCalibur.DISPENSE_PUMP - INFO - Requested valve was 6 current valve is 6
2025-03-18 15:01:01,349 - pylabware.controllers.XCalibur.DISPENSE_PUMP - INFO - Plunger position is 0
2025-03-18 15:01:01,350 - pylabware.controllers.XCalibur.DISPENSE_PUMP - INFO - Requested increment position was 0 current position is 0
2025-03-18 15:01:02,662 - pylabware.controllers.XCalibur.DISPENSE_PUMP - INFO - Valve position is: 4
2025-03-18 15:01:02,662 - pylabware.controllers.XCalibur.DISPENSE_PUMP - INFO - Requested valve was 4 current valve is 4
2025-03-18 15:01:07,302 - pylabware.controllers.XCalibur.DISPENSE_PUMP - INFO - Plunger position is 3000
2025-03-18 15:01:07,302 - pylabware.controllers.XCalibur.DISPENSE_PUMP - INFO - Requested increment position was 3000 current position is 3000
2025-03-18 15:01:08,060 - pylabware.controllers.XCalibur.DISPENSE_PUMP - INFO - Valve position is: 6
2025-03-18 15:01:08,061 - pylabware.controllers.XCalibur.DISPENSE_PUMP - INFO - Requested valve was 6 current valve is 6
2025-03-18 15:01:12,702 - pylabware.controllers.XCalibur.DISPENSE_PUMP - INFO - Plunger position is 0
2025-03-18 15:01:12,702 - pylabware.controllers.XCalibur.DISPENSE_PUMP - INFO - Requested increment position was 0 current position is 0
2025-03-18 15:01:14,014 - pylabware.controllers.XCalibur.DISPENSE_PUMP - INFO - Valve position is: 4
2025-03-18 15:01:14,014 - pylabware.controllers.XCalibur.DISPENSE_PUMP - INFO - Requested valve was 4 current valve is 4
2025-03-18 15:01:18,655 - pylabware.controllers.XCalibur.DISPENSE_PUMP - INFO - Plunger position is 3000
2025-03-18 15:01:18,655 - pylabware.controllers.XCalibur.DISPENSE_PUMP - INFO - Requested increment position was 3000 current position is 3000
2025-03-18 15:01:19,412 - pylabware.controllers.XCalibur.DISPENSE_PUMP - INFO - Valve position is: 6
2025-03-18 15:01:19,412 - pylabware.controllers.XCalibur.DISPENSE_PUMP - INFO - Requested valve was 6 current valve is 6
2025-03-18 15:01:24,053 - pylabware.controllers.XCalibur.DISPENSE_PUMP - INFO - Plunger position is 0
2025-03-18 15:01:24,053 - pylabware.controllers.XCalibur.DISPENSE_PUMP - INFO - Requested increment position was 0 current position is 0
2025-03-18 15:01:25,366 - pylabware.controllers.XCalibur.DISPENSE_PUMP - INFO - Valve position is: 4
2025-03-18 15:01:25,366 - pylabware.controllers.XCalibur.DISPENSE_PUMP - INFO - Requested valve was 4 current valve is 4
2025-03-18 15:01:30,007 - pylabware.controllers.XCalibur.DISPENSE_PUMP - INFO - Plunger position is 3000
2025-03-18 15:01:30,007 - pylabware.controllers.XCalibur.DISPENSE_PUMP - INFO - Requested increment position was 3000 current position is 3000
2025-03-18 15:01:30,764 - pylabware.controllers.XCalibur.DISPENSE_PUMP - INFO - Valve position is: 6
2025-03-18 15:01:30,765 - pylabware.controllers.XCalibur.DISPENSE_PUMP - INFO - Requested valve was 6 current valve is 6
2025-03-18 15:01:35,405 - pylabware.controllers.XCalibur.DISPENSE_PUMP - INFO - Plunger position is 0
2025-03-18 15:01:35,406 - pylabware.controllers.XCalibur.DISPENSE_PUMP - INFO - Requested increment position was 0 current position is 0
2025-03-18 15:01:36,717 - pylabware.controllers.XCalibur.DISPENSE_PUMP - INFO - Valve position is: 4
2025-03-18 15:01:36,717 - pylabware.controllers.XCalibur.DISPENSE_PUMP - INFO - Requested valve was 4 current valve is 4
2025-03-18 15:01:41,358 - pylabware.controllers.XCalibur.DISPENSE_PUMP - INFO - Plunger position is 3000
2025-03-18 15:01:41,358 - pylabware.controllers.XCalibur.DISPENSE_PUMP - INFO - Requested increment position was 3000 current position is 3000
2025-03-18 15:01:42,115 - pylabware.controllers.XCalibur.DISPENSE_PUMP - INFO - Valve position is: 6
2025-03-18 15:01:42,116 - pylabware.controllers.XCalibur.DISPENSE_PUMP - INFO - Requested valve was 6 current valve is 6
2025-03-18 15:01:46,757 - pylabware.controllers.XCalibur.DISPENSE_PUMP - INFO - Plunger position is 0
2025-03-18 15:01:46,758 - pylabware.controllers.XCalibur.DISPENSE_PUMP - INFO - Requested increment position was 0 current position is 0
2025-03-18 15:01:46,793 - pylabware.controllers.XCalibur.DISPENSE_PUMP - INFO - Remaining volume 0 ul is 0.0 rounded to 0
2025-03-18 15:01:46,793 - pylabware.controllers.XCalibur.DISPENSE_PUMP - INFO - Dispensing complete
