2024-11-19 11:15:27,067 - Workflow_Config_Helper - INFO - All solids and liquids requested in sample list are in the workflow
2024-11-19 11:15:27,067 - Workflow_Config_Helper - INFO - No errors in workflow detected
2024-11-19 11:15:31,091 - pylabware.connections.SerialConnection - INFO - Creating connection object with the following settings: 
{'address': '', 'port': '/dev/ttyUSB0', 'encoding': 'UTF-8', 'command_delay': 0.5, 'receive_buffer_size': 128, 'receive_timeout': 1, 'transmit_timeout': 1, 'receiving_interval': 0.05, 'write_timeout': 0.5, 'baudrate': 9600, 'bytesize': 7, 'parity': 'E', 'stopbits': 1, 'xonxoff': False, 'rtscts': False, 'dsrdtr': False, 'inter_byte_timeout': False}
2024-11-19 11:15:31,092 - pylabware.connections.SerialConnection - INFO - Creating connection object with the following settings: 
{'address': '1', 'port': '/dev/ttyUSB1', 'encoding': 'UTF-8', 'command_delay': 0, 'receive_buffer_size': 128, 'receive_timeout': 10, 'transmit_timeout': 1, 'receiving_interval': 0.05, 'write_timeout': 0.5, 'baudrate': 9600, 'bytesize': 8, 'parity': 'N', 'stopbits': 1, 'xonxoff': False, 'rtscts': False, 'dsrdtr': False, 'inter_byte_timeout': False}
2024-11-19 11:15:31,092 - pylabware.connections.SerialConnection - INFO - Creating connection object with the following settings: 
{'address': None, 'port': '/dev/ttyUSB2', 'encoding': 'UTF-8', 'command_delay': 0.5, 'receive_buffer_size': 128, 'receive_timeout': 1, 'transmit_timeout': 1, 'receiving_interval': 0.05, 'write_timeout': 0.5, 'baudrate': 9600, 'bytesize': 8, 'parity': 'N', 'stopbits': 1, 'xonxoff': True, 'rtscts': False, 'dsrdtr': False, 'inter_byte_timeout': False, 'timeout': 0.1}
2024-11-19 11:15:31,095 - pylabware.connections.SerialConnection - INFO - Starting connection listener...
2024-11-19 11:15:31,095 - pylabware.connections.SerialConnection - INFO - Port /dev/ttyUSB2 opened.
2024-11-19 11:15:31,096 - pylabware.connections.SerialConnection - WARNING - Command rate too high! Delaying next command for 0.5 seconds
2024-11-19 11:15:31,703 - pylabware.controllers.QuantosQB1.QUANTOS - INFO - No carousel/autosampler connected
2024-11-19 11:15:31,704 - pylabware.connections.SerialConnection - WARNING - Command rate too high! Delaying next command for 0.5 seconds
2024-11-19 11:15:35,027 - RiH_Main - INFO - Connecting IKA RCT digital..
2024-11-19 11:15:35,029 - pylabware.connections.SerialConnection - INFO - Starting connection listener...
2024-11-19 11:15:35,030 - pylabware.connections.SerialConnection - INFO - Port /dev/ttyUSB0 opened.
2024-11-19 11:15:35,030 - pylabware.controllers.RCTDigitalHotplate.IKA - INFO - Opened connection.
2024-11-19 11:15:37,099 - RiH_Main - INFO - IKA RCT digital connected.
2024-11-19 11:15:38,607 - RiH_Main - INFO - Stiring velocity set to 100.
2024-11-19 11:15:40,176 - RiH_Main - INFO - Current temperature: 0.0.
2024-11-19 11:15:40,176 - RiH_Main - INFO - Connecting Pump..
2024-11-19 11:15:40,177 - pylabware.connections.SerialConnection - INFO - Starting connection listener...
2024-11-19 11:15:40,177 - pylabware.connections.SerialConnection - INFO - Port /dev/ttyUSB1 opened.
2024-11-19 11:15:40,177 - pylabware.controllers.XCalibur.DISPENSE_PUMP - INFO - Opened connection.
2024-11-19 11:15:40,734 - RiH_Main - INFO - Pump connected.
2024-11-19 11:15:41,288 - pylabware.controllers.XCalibur.DISPENSE_PUMP - INFO - Device initialized.
2024-11-19 11:15:41,289 - RiH_Main - INFO - Pump initialised.
2024-11-19 11:15:41,792 - RiH_Main - INFO - Checking for pump errors
2024-11-19 11:15:41,792 - RiH_Main - INFO - Connecting to the Quantos - opening doors
2024-11-19 11:15:48,401 - RiH_Main - INFO - Quantos connected..
2024-11-19 11:15:48,402 - RiH_Main - INFO - Initialising the filter machine
2024-11-19 11:15:48,402 - RiH_Filtration_System - INFO - Initialising filtration system pump
2024-11-19 11:15:48,402 - pylabware.connections.SerialConnection - INFO - Creating connection object with the following settings: 
{'address': '1', 'port': '/dev/ttyUSB3', 'encoding': 'UTF-8', 'command_delay': 0, 'receive_buffer_size': 128, 'receive_timeout': 10, 'transmit_timeout': 1, 'receiving_interval': 0.05, 'write_timeout': 0.5, 'baudrate': 9600, 'bytesize': 8, 'parity': 'N', 'stopbits': 1, 'xonxoff': False, 'rtscts': False, 'dsrdtr': False, 'inter_byte_timeout': False}
2024-11-19 11:15:48,405 - pylabware.connections.SerialConnection - INFO - Starting connection listener...
2024-11-19 11:15:48,406 - pylabware.connections.SerialConnection - INFO - Port /dev/ttyUSB3 opened.
2024-11-19 11:15:48,406 - pylabware.controllers.XCalibur.FILT_PUMP - INFO - Opened connection.
2024-11-19 11:15:48,457 - pylabware.controllers.XCalibur.FILT_PUMP - INFO - Device initialized.
2024-11-19 11:15:51,284 - pylabware.controllers.XCalibur.FILT_PUMP - INFO - Reply was <Invalid command! Pump Ready.>
2024-11-19 11:15:51,285 - pylabware.controllers.XCalibur.FILT_PUMP - WARNING - A non-fatal error was recieved resending command - errors occured: 1
2024-11-19 11:15:51,891 - RiH_Filtration_System - INFO - Initialising the filtration system arduino
2024-11-19 11:15:51,903 - RiH_Main - INFO - Panda robot connected to 172.16.0.2
2024-11-19 11:15:51,904 - RiH_Main - ERROR - Capper camera is not available.
2024-11-19 11:15:51,905 - pylabware.connections.SerialConnection - WARNING - Command rate too high! Delaying next command for 0.5 seconds
2024-11-19 11:15:52,408 - Timer - INFO - Setting timer to 23 h 59 m 59 s
2024-11-19 11:15:52,408 - Timer - INFO - Timer set to 86399
2024-11-19 11:15:52,409 - Timer - INFO - Elapsed time: 0 h 0 m 0 s
2024-11-19 11:15:53,414 - Timer - INFO - Elapsed time: 0 h 0 m 1 s
2024-11-19 11:15:54,420 - Timer - INFO - Elapsed time: 0 h 0 m 2 s
2024-11-19 11:15:55,425 - Timer - INFO - Elapsed time: 0 h 0 m 3 s
2024-11-19 11:15:56,427 - Timer - INFO - Elapsed time: 0 h 0 m 4 s
2024-11-19 11:15:57,432 - Timer - INFO - Elapsed time: 0 h 0 m 5 s
2024-11-19 11:15:58,438 - Timer - INFO - Elapsed time: 0 h 0 m 6 s
2024-11-19 11:15:59,443 - Timer - INFO - Elapsed time: 0 h 0 m 7 s
2024-11-19 11:16:00,449 - Timer - INFO - Elapsed time: 0 h 0 m 8 s
2024-11-19 11:16:01,455 - Timer - INFO - Elapsed time: 0 h 0 m 9 s
2024-11-19 11:16:02,460 - Timer - INFO - Elapsed time: 0 h 0 m 10 s
2024-11-19 11:16:03,466 - Timer - INFO - Elapsed time: 0 h 0 m 11 s
2024-11-19 11:16:04,469 - Timer - INFO - Elapsed time: 0 h 0 m 12 s
2024-11-19 11:16:05,475 - Timer - INFO - Elapsed time: 0 h 0 m 13 s
2024-11-19 11:16:06,480 - Timer - INFO - Elapsed time: 0 h 0 m 14 s
2024-11-19 11:16:07,486 - Timer - INFO - Elapsed time: 0 h 0 m 15 s
2024-11-19 11:16:08,487 - Timer - INFO - Elapsed time: 0 h 0 m 16 s
2024-11-19 11:16:09,492 - Timer - INFO - Elapsed time: 0 h 0 m 17 s
2024-11-19 11:16:10,498 - Timer - INFO - Elapsed time: 0 h 0 m 18 s
2024-11-19 11:16:11,503 - Timer - INFO - Elapsed time: 0 h 0 m 19 s
2024-11-19 11:16:12,509 - Timer - INFO - Elapsed time: 0 h 0 m 20 s
2024-11-19 11:16:13,514 - Timer - INFO - Elapsed time: 0 h 0 m 21 s
2024-11-19 11:16:14,520 - Timer - INFO - Elapsed time: 0 h 0 m 22 s
