2024-06-21 11:14:58,735 - pylabware.connections.SerialConnection - INFO - Creating connection object with the following settings: 
{'address': '', 'port': '/dev/ttyUSB0', 'encoding': 'UTF-8', 'command_delay': 0.5, 'receive_buffer_size': 128, 'receive_timeout': 1, 'transmit_timeout': 1, 'receiving_interval': 0.05, 'write_timeout': 0.5, 'baudrate': 9600, 'bytesize': 7, 'parity': 'E', 'stopbits': 1, 'xonxoff': False, 'rtscts': False, 'dsrdtr': False, 'inter_byte_timeout': False}
2024-06-21 11:14:58,736 - pylabware.connections.SerialConnection - INFO - Creating connection object with the following settings: 
{'address': '1', 'port': '/dev/ttyUSB1', 'encoding': 'UTF-8', 'command_delay': 0, 'receive_buffer_size': 128, 'receive_timeout': 10, 'transmit_timeout': 1, 'receiving_interval': 0.05, 'write_timeout': 0.5, 'baudrate': 9600, 'bytesize': 8, 'parity': 'N', 'stopbits': 1, 'xonxoff': False, 'rtscts': False, 'dsrdtr': False, 'inter_byte_timeout': False}
2024-06-21 11:14:58,736 - pylabware.connections.SerialConnection - INFO - Creating connection object with the following settings: 
{'address': None, 'port': '/dev/ttyUSB2', 'encoding': 'UTF-8', 'command_delay': 0.5, 'receive_buffer_size': 128, 'receive_timeout': 1, 'transmit_timeout': 1, 'receiving_interval': 0.05, 'write_timeout': 0.5, 'baudrate': 9600, 'bytesize': 8, 'parity': 'N', 'stopbits': 1, 'xonxoff': True, 'rtscts': False, 'dsrdtr': False, 'inter_byte_timeout': False, 'timeout': 0.1}
2024-06-21 11:14:58,739 - pylabware.connections.SerialConnection - INFO - Starting connection listener...
2024-06-21 11:14:58,739 - pylabware.connections.SerialConnection - INFO - Port /dev/ttyUSB2 opened.
2024-06-21 11:14:58,740 - pylabware.connections.SerialConnection - WARNING - Command rate too high! Delaying next command for 0.5 seconds
2024-06-21 11:14:59,345 - pylabware.controllers.QuantosQB1.QUANTOS - INFO - No carousel/autosampler connected
2024-06-21 11:14:59,346 - pylabware.connections.SerialConnection - WARNING - Command rate too high! Delaying next command for 0.5 seconds
2024-06-21 11:15:02,710 - pylabware.connections.SerialConnection - INFO - Starting connection listener...
2024-06-21 11:15:02,710 - pylabware.connections.SerialConnection - INFO - Port /dev/ttyUSB0 opened.
2024-06-21 11:15:02,710 - pylabware.controllers.RCTDigitalHotplate.IKA - INFO - Opened connection.
2024-06-21 11:15:47,825 - pylabware.connections.SerialConnection - INFO - Starting connection listener...
2024-06-21 11:15:47,825 - pylabware.connections.SerialConnection - INFO - Port /dev/ttyUSB1 opened.
2024-06-21 11:15:47,826 - pylabware.controllers.XCalibur.PUMP - INFO - Opened connection.
2024-06-21 11:15:48,934 - pylabware.controllers.XCalibur.PUMP - INFO - Device initialized.
2024-06-21 11:15:49,436 - root - INFO - CONNECTING QUANTOS - OPENING DOORS
2024-06-21 11:17:13,128 - root - INFO - SHUTTING QUANTOS DOORS
2024-06-21 11:17:18,695 - pylabware.connections.SerialConnection - WARNING - Command rate too high! Delaying next command for 0.5 seconds
2024-06-21 11:17:29,979 - root - INFO - QUANTOS DOOR CHECK
2024-06-21 11:17:29,979 - pylabware.connections.SerialConnection - WARNING - Command rate too high! Delaying next command for 0.5 seconds
2024-06-21 11:19:14,158 - root - INFO - SHUTTING QUANTOS DOORS
2024-06-21 11:19:24,707 - root - INFO - SETTING ANTISTATIC ON FOR 20 secs
2024-06-21 11:19:44,793 - root - INFO - SETTING ANTISTATIC OFF
2024-06-21 11:19:44,886 - root - INFO - GETTING STABLE WEIGHT
2024-06-21 11:19:44,886 - pylabware.connections.SerialConnection - WARNING - Command rate too high! Delaying next command for 0.5 seconds
2024-06-21 11:19:45,492 - root - INFO - STABLE WEIGHT IS: {'success': True, 'outcomes': ['Stable weight', '28.0863', 'g']}
2024-06-21 11:19:50,492 - root - INFO - SETTING ANTISTATIC ON FOR 20 secs
2024-06-21 11:20:10,581 - root - INFO - SETTING ANTISTATIC OFF
2024-06-21 11:20:10,677 - root - INFO - GETTING STABLE WEIGHT
2024-06-21 11:20:10,677 - pylabware.connections.SerialConnection - WARNING - Command rate too high! Delaying next command for 0.5 seconds
2024-06-21 11:20:11,231 - root - INFO - STABLE WEIGHT IS: {'success': True, 'outcomes': ['Stable weight', '28.0864', 'g']}
2024-06-21 11:20:16,231 - root - INFO - SETTING ANTISTATIC ON FOR 20 secs
2024-06-21 11:20:36,327 - root - INFO - SETTING ANTISTATIC OFF
2024-06-21 11:20:36,428 - root - INFO - GETTING STABLE WEIGHT
2024-06-21 11:20:36,428 - pylabware.connections.SerialConnection - WARNING - Command rate too high! Delaying next command for 0.5 seconds
2024-06-21 11:20:36,981 - root - INFO - STABLE WEIGHT IS: {'success': True, 'outcomes': ['Stable weight', '28.0864', 'g']}
2024-06-21 11:20:36,982 - pylabware.connections.SerialConnection - WARNING - Command rate too high! Delaying next command for 0.5 seconds
2024-06-21 11:20:42,879 - root - INFO - QUANTOS DOOR CHECK
2024-06-21 11:20:42,879 - pylabware.connections.SerialConnection - WARNING - Command rate too high! Delaying next command for 0.5 seconds
2024-06-21 11:20:43,936 - root - INFO - QUANTOS DOOR CHECK
2024-06-21 11:24:41,451 - root - INFO - SHUTTING QUANTOS DOORS
2024-06-21 11:24:47,000 - pylabware.connections.SerialConnection - WARNING - Command rate too high! Delaying next command for 0.5 seconds
2024-06-21 11:24:58,232 - root - INFO - QUANTOS DOOR CHECK
2024-06-21 11:24:58,232 - pylabware.connections.SerialConnection - WARNING - Command rate too high! Delaying next command for 0.5 seconds
2024-06-21 11:26:42,404 - root - INFO - SHUTTING QUANTOS DOORS
2024-06-21 11:26:52,980 - root - INFO - SETTING ANTISTATIC ON FOR 20 secs
2024-06-21 11:27:13,115 - root - INFO - SETTING ANTISTATIC OFF
2024-06-21 11:27:13,213 - root - INFO - GETTING STABLE WEIGHT
2024-06-21 11:27:13,213 - pylabware.connections.SerialConnection - WARNING - Command rate too high! Delaying next command for 0.5 seconds
2024-06-21 11:27:13,770 - root - INFO - STABLE WEIGHT IS: {'success': True, 'outcomes': ['Stable weight', '28.1570', 'g']}
2024-06-21 11:27:18,771 - root - INFO - SETTING ANTISTATIC ON FOR 20 secs
2024-06-21 11:27:38,913 - root - INFO - SETTING ANTISTATIC OFF
2024-06-21 11:27:39,024 - root - INFO - GETTING STABLE WEIGHT
2024-06-21 11:27:39,024 - pylabware.connections.SerialConnection - WARNING - Command rate too high! Delaying next command for 0.5 seconds
2024-06-21 11:27:39,528 - root - INFO - STABLE WEIGHT IS: {'success': True, 'outcomes': ['Stable weight', '28.1571', 'g']}
2024-06-21 11:27:44,528 - root - INFO - SETTING ANTISTATIC ON FOR 20 secs
2024-06-21 11:28:04,665 - root - INFO - SETTING ANTISTATIC OFF
2024-06-21 11:28:04,765 - root - INFO - GETTING STABLE WEIGHT
2024-06-21 11:28:04,765 - pylabware.connections.SerialConnection - WARNING - Command rate too high! Delaying next command for 0.5 seconds
2024-06-21 11:28:05,268 - root - INFO - STABLE WEIGHT IS: {'success': True, 'outcomes': ['Stable weight', '28.1571', 'g']}
2024-06-21 11:28:05,268 - pylabware.connections.SerialConnection - WARNING - Command rate too high! Delaying next command for 0.5 seconds
2024-06-21 11:28:11,166 - root - INFO - QUANTOS DOOR CHECK
2024-06-21 11:28:11,166 - pylabware.connections.SerialConnection - WARNING - Command rate too high! Delaying next command for 0.5 seconds
2024-06-21 11:28:12,225 - root - INFO - QUANTOS DOOR CHECK
2024-06-21 11:32:13,538 - root - INFO - SHUTTING QUANTOS DOORS
2024-06-21 11:32:19,049 - pylabware.connections.SerialConnection - WARNING - Command rate too high! Delaying next command for 0.5 seconds
2024-06-21 11:32:28,228 - root - INFO - QUANTOS DOOR CHECK
2024-06-21 11:32:28,228 - pylabware.connections.SerialConnection - WARNING - Command rate too high! Delaying next command for 0.5 seconds
2024-06-21 11:34:12,413 - root - INFO - SHUTTING QUANTOS DOORS
2024-06-21 11:34:23,001 - root - INFO - SETTING ANTISTATIC ON FOR 20 secs
2024-06-21 11:34:43,137 - root - INFO - SETTING ANTISTATIC OFF
2024-06-21 11:34:43,224 - root - INFO - GETTING STABLE WEIGHT
2024-06-21 11:34:43,224 - pylabware.connections.SerialConnection - WARNING - Command rate too high! Delaying next command for 0.5 seconds
2024-06-21 11:34:44,637 - root - INFO - STABLE WEIGHT IS: {'success': True, 'outcomes': ['Stable weight', '28.2396', 'g']}
2024-06-21 11:34:49,637 - root - INFO - SETTING ANTISTATIC ON FOR 20 secs
2024-06-21 11:35:09,734 - root - INFO - SETTING ANTISTATIC OFF
2024-06-21 11:35:09,841 - root - INFO - GETTING STABLE WEIGHT
2024-06-21 11:35:09,841 - pylabware.connections.SerialConnection - WARNING - Command rate too high! Delaying next command for 0.5 seconds
2024-06-21 11:35:10,395 - root - INFO - STABLE WEIGHT IS: {'success': True, 'outcomes': ['Stable weight', '28.2395', 'g']}
2024-06-21 11:35:15,396 - root - INFO - SETTING ANTISTATIC ON FOR 20 secs
2024-06-21 11:35:35,530 - root - INFO - SETTING ANTISTATIC OFF
2024-06-21 11:35:35,616 - root - INFO - GETTING STABLE WEIGHT
2024-06-21 11:35:35,616 - pylabware.connections.SerialConnection - WARNING - Command rate too high! Delaying next command for 0.5 seconds
2024-06-21 11:35:36,119 - root - INFO - STABLE WEIGHT IS: {'success': True, 'outcomes': ['Stable weight', '28.2395', 'g']}
2024-06-21 11:35:36,119 - pylabware.connections.SerialConnection - WARNING - Command rate too high! Delaying next command for 0.5 seconds
2024-06-21 11:35:42,154 - root - INFO - QUANTOS DOOR CHECK
2024-06-21 11:35:42,154 - pylabware.connections.SerialConnection - WARNING - Command rate too high! Delaying next command for 0.5 seconds
2024-06-21 11:35:43,211 - root - INFO - QUANTOS DOOR CHECK
2024-06-21 11:39:49,057 - root - INFO - SHUTTING QUANTOS DOORS
2024-06-21 11:39:54,604 - pylabware.connections.SerialConnection - WARNING - Command rate too high! Delaying next command for 0.5 seconds
2024-06-21 11:40:04,012 - root - INFO - QUANTOS DOOR CHECK
2024-06-21 11:40:04,013 - pylabware.connections.SerialConnection - WARNING - Command rate too high! Delaying next command for 0.5 seconds
2024-06-21 11:41:48,222 - root - INFO - SHUTTING QUANTOS DOORS
2024-06-21 11:41:58,751 - root - INFO - SETTING ANTISTATIC ON FOR 20 secs
2024-06-21 11:42:18,840 - root - INFO - SETTING ANTISTATIC OFF
2024-06-21 11:42:18,939 - root - INFO - GETTING STABLE WEIGHT
2024-06-21 11:42:18,939 - pylabware.connections.SerialConnection - WARNING - Command rate too high! Delaying next command for 0.5 seconds
2024-06-21 11:42:19,495 - root - INFO - STABLE WEIGHT IS: {'success': True, 'outcomes': ['Stable weight', '27.9550', 'g']}
2024-06-21 11:42:24,495 - root - INFO - SETTING ANTISTATIC ON FOR 20 secs
2024-06-21 11:42:44,583 - root - INFO - SETTING ANTISTATIC OFF
2024-06-21 11:42:44,688 - root - INFO - GETTING STABLE WEIGHT
2024-06-21 11:42:44,688 - pylabware.connections.SerialConnection - WARNING - Command rate too high! Delaying next command for 0.5 seconds
2024-06-21 11:42:45,241 - root - INFO - STABLE WEIGHT IS: {'success': True, 'outcomes': ['Stable weight', '27.9551', 'g']}
2024-06-21 11:42:50,242 - root - INFO - SETTING ANTISTATIC ON FOR 20 secs
2024-06-21 11:43:10,379 - root - INFO - SETTING ANTISTATIC OFF
2024-06-21 11:43:10,491 - root - INFO - GETTING STABLE WEIGHT
2024-06-21 11:43:10,491 - pylabware.connections.SerialConnection - WARNING - Command rate too high! Delaying next command for 0.5 seconds
2024-06-21 11:43:11,001 - root - INFO - STABLE WEIGHT IS: {'success': True, 'outcomes': ['Stable weight', '27.9551', 'g']}
2024-06-21 11:43:11,001 - pylabware.connections.SerialConnection - WARNING - Command rate too high! Delaying next command for 0.5 seconds
2024-06-21 11:43:16,914 - root - INFO - QUANTOS DOOR CHECK
2024-06-21 11:43:16,914 - pylabware.connections.SerialConnection - WARNING - Command rate too high! Delaying next command for 0.5 seconds
2024-06-21 11:43:17,979 - root - INFO - QUANTOS DOOR CHECK
