2024-07-01 10:00:57,395 - pylabware.connections.SerialConnection - INFO - Creating connection object with the following settings: 
{'address': '', 'port': '/dev/ttyUSB0', 'encoding': 'UTF-8', 'command_delay': 0.5, 'receive_buffer_size': 128, 'receive_timeout': 1, 'transmit_timeout': 1, 'receiving_interval': 0.05, 'write_timeout': 0.5, 'baudrate': 9600, 'bytesize': 7, 'parity': 'E', 'stopbits': 1, 'xonxoff': False, 'rtscts': False, 'dsrdtr': False, 'inter_byte_timeout': False}
2024-07-01 10:00:57,396 - pylabware.connections.SerialConnection - INFO - Creating connection object with the following settings: 
{'address': '1', 'port': '/dev/ttyUSB1', 'encoding': 'UTF-8', 'command_delay': 0, 'receive_buffer_size': 128, 'receive_timeout': 10, 'transmit_timeout': 1, 'receiving_interval': 0.05, 'write_timeout': 0.5, 'baudrate': 9600, 'bytesize': 8, 'parity': 'N', 'stopbits': 1, 'xonxoff': False, 'rtscts': False, 'dsrdtr': False, 'inter_byte_timeout': False}
2024-07-01 10:00:57,397 - pylabware.connections.SerialConnection - INFO - Creating connection object with the following settings: 
{'address': None, 'port': '/dev/ttyUSB2', 'encoding': 'UTF-8', 'command_delay': 0.5, 'receive_buffer_size': 128, 'receive_timeout': 1, 'transmit_timeout': 1, 'receiving_interval': 0.05, 'write_timeout': 0.5, 'baudrate': 9600, 'bytesize': 8, 'parity': 'N', 'stopbits': 1, 'xonxoff': True, 'rtscts': False, 'dsrdtr': False, 'inter_byte_timeout': False, 'timeout': 0.1}
2024-07-01 10:00:57,399 - pylabware.connections.SerialConnection - INFO - Starting connection listener...
2024-07-01 10:00:57,399 - pylabware.connections.SerialConnection - INFO - Port /dev/ttyUSB2 opened.
2024-07-01 10:00:57,400 - pylabware.connections.SerialConnection - WARNING - Command rate too high! Delaying next command for 0.5 seconds
2024-07-01 10:00:58,007 - pylabware.controllers.QuantosQB1.QUANTOS - INFO - No carousel/autosampler connected
2024-07-01 10:00:58,007 - pylabware.connections.SerialConnection - WARNING - Command rate too high! Delaying next command for 0.5 seconds
2024-07-01 10:01:06,117 - pylabware.connections.SerialConnection - INFO - Starting connection listener...
2024-07-01 10:01:06,117 - pylabware.connections.SerialConnection - INFO - Port /dev/ttyUSB0 opened.
2024-07-01 10:01:06,118 - pylabware.controllers.RCTDigitalHotplate.IKA - INFO - Opened connection.
2024-07-01 10:01:51,684 - pylabware.connections.SerialConnection - INFO - Starting connection listener...
2024-07-01 10:01:51,684 - pylabware.connections.SerialConnection - INFO - Port /dev/ttyUSB1 opened.
2024-07-01 10:01:51,684 - pylabware.controllers.XCalibur.PUMP - INFO - Opened connection.
2024-07-01 10:01:58,097 - pylabware.connections.SerialConnection - INFO - Creating connection object with the following settings: 
{'address': '', 'port': '/dev/ttyUSB0', 'encoding': 'UTF-8', 'command_delay': 0.5, 'receive_buffer_size': 128, 'receive_timeout': 1, 'transmit_timeout': 1, 'receiving_interval': 0.05, 'write_timeout': 0.5, 'baudrate': 9600, 'bytesize': 7, 'parity': 'E', 'stopbits': 1, 'xonxoff': False, 'rtscts': False, 'dsrdtr': False, 'inter_byte_timeout': False}
2024-07-01 10:01:58,098 - pylabware.connections.SerialConnection - INFO - Creating connection object with the following settings: 
{'address': '1', 'port': '/dev/ttyUSB1', 'encoding': 'UTF-8', 'command_delay': 0, 'receive_buffer_size': 128, 'receive_timeout': 10, 'transmit_timeout': 1, 'receiving_interval': 0.05, 'write_timeout': 0.5, 'baudrate': 9600, 'bytesize': 8, 'parity': 'N', 'stopbits': 1, 'xonxoff': False, 'rtscts': False, 'dsrdtr': False, 'inter_byte_timeout': False}
2024-07-01 10:01:58,098 - pylabware.connections.SerialConnection - INFO - Creating connection object with the following settings: 
{'address': None, 'port': '/dev/ttyUSB2', 'encoding': 'UTF-8', 'command_delay': 0.5, 'receive_buffer_size': 128, 'receive_timeout': 1, 'transmit_timeout': 1, 'receiving_interval': 0.05, 'write_timeout': 0.5, 'baudrate': 9600, 'bytesize': 8, 'parity': 'N', 'stopbits': 1, 'xonxoff': True, 'rtscts': False, 'dsrdtr': False, 'inter_byte_timeout': False, 'timeout': 0.1}
2024-07-01 10:01:58,101 - pylabware.connections.SerialConnection - INFO - Starting connection listener...
2024-07-01 10:01:58,101 - pylabware.connections.SerialConnection - INFO - Port /dev/ttyUSB2 opened.
2024-07-01 10:01:58,102 - pylabware.connections.SerialConnection - WARNING - Command rate too high! Delaying next command for 0.5 seconds
2024-07-01 10:01:58,708 - pylabware.controllers.QuantosQB1.QUANTOS - INFO - No carousel/autosampler connected
2024-07-01 10:01:58,709 - pylabware.connections.SerialConnection - WARNING - Command rate too high! Delaying next command for 0.5 seconds
2024-07-01 10:02:02,025 - pylabware.connections.SerialConnection - INFO - Starting connection listener...
2024-07-01 10:02:02,025 - pylabware.connections.SerialConnection - INFO - Port /dev/ttyUSB0 opened.
2024-07-01 10:02:02,025 - pylabware.controllers.RCTDigitalHotplate.IKA - INFO - Opened connection.
2024-07-01 10:02:41,178 - pylabware.connections.SerialConnection - INFO - Starting connection listener...
2024-07-01 10:02:41,178 - pylabware.connections.SerialConnection - INFO - Port /dev/ttyUSB1 opened.
2024-07-01 10:02:41,179 - pylabware.controllers.XCalibur.PUMP - INFO - Opened connection.
2024-07-01 10:02:47,616 - pylabware.connections.SerialConnection - INFO - Creating connection object with the following settings: 
{'address': '', 'port': '/dev/ttyUSB0', 'encoding': 'UTF-8', 'command_delay': 0.5, 'receive_buffer_size': 128, 'receive_timeout': 1, 'transmit_timeout': 1, 'receiving_interval': 0.05, 'write_timeout': 0.5, 'baudrate': 9600, 'bytesize': 7, 'parity': 'E', 'stopbits': 1, 'xonxoff': False, 'rtscts': False, 'dsrdtr': False, 'inter_byte_timeout': False}
2024-07-01 10:02:47,617 - pylabware.connections.SerialConnection - INFO - Creating connection object with the following settings: 
{'address': '1', 'port': '/dev/ttyUSB1', 'encoding': 'UTF-8', 'command_delay': 0, 'receive_buffer_size': 128, 'receive_timeout': 10, 'transmit_timeout': 1, 'receiving_interval': 0.05, 'write_timeout': 0.5, 'baudrate': 9600, 'bytesize': 8, 'parity': 'N', 'stopbits': 1, 'xonxoff': False, 'rtscts': False, 'dsrdtr': False, 'inter_byte_timeout': False}
2024-07-01 10:02:47,652 - pylabware.connections.SerialConnection - INFO - Creating connection object with the following settings: 
{'address': None, 'port': '/dev/ttyUSB2', 'encoding': 'UTF-8', 'command_delay': 0.5, 'receive_buffer_size': 128, 'receive_timeout': 1, 'transmit_timeout': 1, 'receiving_interval': 0.05, 'write_timeout': 0.5, 'baudrate': 9600, 'bytesize': 8, 'parity': 'N', 'stopbits': 1, 'xonxoff': True, 'rtscts': False, 'dsrdtr': False, 'inter_byte_timeout': False, 'timeout': 0.1}
2024-07-01 10:02:47,654 - pylabware.connections.SerialConnection - INFO - Starting connection listener...
2024-07-01 10:02:47,655 - pylabware.connections.SerialConnection - INFO - Port /dev/ttyUSB2 opened.
2024-07-01 10:02:47,655 - pylabware.connections.SerialConnection - WARNING - Command rate too high! Delaying next command for 0.5 seconds
2024-07-01 10:02:48,261 - pylabware.controllers.QuantosQB1.QUANTOS - INFO - No carousel/autosampler connected
2024-07-01 10:02:48,261 - pylabware.connections.SerialConnection - WARNING - Command rate too high! Delaying next command for 0.5 seconds
2024-07-01 10:02:51,658 - pylabware.connections.SerialConnection - INFO - Starting connection listener...
2024-07-01 10:02:51,658 - pylabware.connections.SerialConnection - INFO - Port /dev/ttyUSB0 opened.
2024-07-01 10:02:51,659 - pylabware.controllers.RCTDigitalHotplate.IKA - INFO - Opened connection.
2024-07-01 10:02:56,800 - pylabware.connections.SerialConnection - INFO - Starting connection listener...
2024-07-01 10:02:56,801 - pylabware.connections.SerialConnection - INFO - Port /dev/ttyUSB1 opened.
2024-07-01 10:02:56,801 - pylabware.controllers.XCalibur.PUMP - INFO - Opened connection.
2024-07-01 10:02:57,907 - pylabware.controllers.XCalibur.PUMP - INFO - Device initialized.
2024-07-01 10:02:58,410 - root - INFO - CONNECTING QUANTOS - OPENING DOORS
2024-07-01 10:05:35,674 - root - INFO - SHUTTING QUANTOS DOORS
2024-07-01 10:05:41,218 - pylabware.connections.SerialConnection - WARNING - Command rate too high! Delaying next command for 0.5 seconds
2024-07-01 10:05:52,093 - root - INFO - QUANTOS DOOR CHECK
2024-07-01 10:05:52,093 - pylabware.connections.SerialConnection - WARNING - Command rate too high! Delaying next command for 0.5 seconds
2024-07-01 10:07:36,258 - root - INFO - SHUTTING QUANTOS DOORS
2024-07-01 10:07:41,878 - pylabware.connections.SerialConnection - WARNING - Command rate too high! Delaying next command for 0.5 seconds
2024-07-01 10:07:47,820 - root - INFO - QUANTOS DOOR CHECK
2024-07-01 10:07:47,821 - pylabware.connections.SerialConnection - WARNING - Command rate too high! Delaying next command for 0.5 seconds
2024-07-01 10:07:48,930 - root - INFO - QUANTOS DOOR CHECK
2024-07-01 10:11:55,637 - root - INFO - SHUTTING QUANTOS DOORS
2024-07-01 10:12:01,190 - pylabware.connections.SerialConnection - WARNING - Command rate too high! Delaying next command for 0.5 seconds
2024-07-01 10:12:11,864 - root - INFO - QUANTOS DOOR CHECK
2024-07-01 10:12:11,864 - pylabware.connections.SerialConnection - WARNING - Command rate too high! Delaying next command for 0.5 seconds
2024-07-01 10:13:56,000 - root - INFO - SHUTTING QUANTOS DOORS
2024-07-01 10:14:01,534 - pylabware.connections.SerialConnection - WARNING - Command rate too high! Delaying next command for 0.5 seconds
2024-07-01 10:14:07,573 - root - INFO - QUANTOS DOOR CHECK
2024-07-01 10:14:07,573 - pylabware.connections.SerialConnection - WARNING - Command rate too high! Delaying next command for 0.5 seconds
2024-07-01 10:14:08,681 - root - INFO - QUANTOS DOOR CHECK
2024-07-01 12:04:14,070 - root - INFO - SHUTTING QUANTOS DOORS
2024-07-01 12:04:19,633 - pylabware.connections.SerialConnection - WARNING - Command rate too high! Delaying next command for 0.5 seconds
2024-07-01 12:04:31,812 - root - INFO - QUANTOS DOOR CHECK
2024-07-01 12:04:31,812 - pylabware.connections.SerialConnection - WARNING - Command rate too high! Delaying next command for 0.5 seconds
2024-07-01 12:06:15,916 - root - INFO - SHUTTING QUANTOS DOORS
2024-07-01 12:06:21,463 - pylabware.connections.SerialConnection - WARNING - Command rate too high! Delaying next command for 0.5 seconds
2024-07-01 12:06:27,451 - root - INFO - QUANTOS DOOR CHECK
2024-07-01 12:06:27,452 - pylabware.connections.SerialConnection - WARNING - Command rate too high! Delaying next command for 0.5 seconds
2024-07-01 12:06:28,613 - root - INFO - QUANTOS DOOR CHECK
2024-07-01 12:26:41,100 - root - INFO - SHUTTING QUANTOS DOORS
2024-07-01 12:26:46,617 - pylabware.connections.SerialConnection - WARNING - Command rate too high! Delaying next command for 0.5 seconds
2024-07-01 12:26:58,010 - root - INFO - QUANTOS DOOR CHECK
2024-07-01 12:26:58,011 - pylabware.connections.SerialConnection - WARNING - Command rate too high! Delaying next command for 0.5 seconds
2024-07-01 12:28:42,258 - root - INFO - SHUTTING QUANTOS DOORS
2024-07-01 12:28:47,895 - pylabware.connections.SerialConnection - WARNING - Command rate too high! Delaying next command for 0.5 seconds
2024-07-01 12:28:53,883 - root - INFO - QUANTOS DOOR CHECK
2024-07-01 12:28:53,883 - pylabware.connections.SerialConnection - WARNING - Command rate too high! Delaying next command for 0.5 seconds
2024-07-01 12:28:55,042 - root - INFO - QUANTOS DOOR CHECK
