2024-11-21 09:07:44,610 - Workflow_Config_Helper - ERROR - Liquid requested Water is not connected to the pump
2024-11-21 09:07:44,610 - Workflow_Config_Helper - ERROR - Errors found between chemicals requested and those in workflow configuration - Liquid Errors: ['Water'] Solid Errors: []
2024-11-21 09:07:45,453 - Workflow_Config_Helper - ERROR - Liquid requested Water is not connected to the pump
2024-11-21 09:07:45,453 - Workflow_Config_Helper - ERROR - Errors found between chemicals requested and those in workflow configuration - Liquid Errors: ['Water'] Solid Errors: []
2024-11-21 11:05:00,956 - Workflow_Config_Helper - INFO - All solids and liquids requested in sample list are in the workflow
2024-11-21 11:05:00,956 - Workflow_Config_Helper - INFO - No errors in workflow detected
2024-11-21 11:05:04,980 - pylabware.connections.SerialConnection - INFO - Creating connection object with the following settings: 
{'address': '', 'port': '/dev/ttyUSB0', 'encoding': 'UTF-8', 'command_delay': 0.5, 'receive_buffer_size': 128, 'receive_timeout': 1, 'transmit_timeout': 1, 'receiving_interval': 0.05, 'write_timeout': 0.5, 'baudrate': 9600, 'bytesize': 7, 'parity': 'E', 'stopbits': 1, 'xonxoff': False, 'rtscts': False, 'dsrdtr': False, 'inter_byte_timeout': False}
2024-11-21 11:05:04,980 - pylabware.connections.SerialConnection - INFO - Creating connection object with the following settings: 
{'address': '1', 'port': '/dev/ttyUSB1', 'encoding': 'UTF-8', 'command_delay': 0, 'receive_buffer_size': 128, 'receive_timeout': 10, 'transmit_timeout': 1, 'receiving_interval': 0.05, 'write_timeout': 0.5, 'baudrate': 9600, 'bytesize': 8, 'parity': 'N', 'stopbits': 1, 'xonxoff': False, 'rtscts': False, 'dsrdtr': False, 'inter_byte_timeout': False}
2024-11-21 11:05:04,981 - pylabware.connections.SerialConnection - INFO - Creating connection object with the following settings: 
{'address': None, 'port': '/dev/ttyUSB2', 'encoding': 'UTF-8', 'command_delay': 0.5, 'receive_buffer_size': 128, 'receive_timeout': 1, 'transmit_timeout': 1, 'receiving_interval': 0.05, 'write_timeout': 0.5, 'baudrate': 9600, 'bytesize': 8, 'parity': 'N', 'stopbits': 1, 'xonxoff': True, 'rtscts': False, 'dsrdtr': False, 'inter_byte_timeout': False, 'timeout': 0.1}
2024-11-21 11:05:04,984 - pylabware.connections.SerialConnection - INFO - Starting connection listener...
2024-11-21 11:05:04,984 - pylabware.connections.SerialConnection - INFO - Port /dev/ttyUSB2 opened.
2024-11-21 11:05:04,984 - pylabware.connections.SerialConnection - WARNING - Command rate too high! Delaying next command for 0.5 seconds
2024-11-21 11:05:05,593 - pylabware.controllers.QuantosQB1.QUANTOS - INFO - No carousel/autosampler connected
2024-11-21 11:05:05,593 - pylabware.connections.SerialConnection - WARNING - Command rate too high! Delaying next command for 0.5 seconds
2024-11-21 11:05:08,813 - RiH_Main - INFO - Connecting IKA RCT digital..
2024-11-21 11:05:08,815 - pylabware.connections.SerialConnection - INFO - Starting connection listener...
2024-11-21 11:05:08,815 - pylabware.connections.SerialConnection - INFO - Port /dev/ttyUSB0 opened.
2024-11-21 11:05:08,816 - pylabware.controllers.RCTDigitalHotplate.IKA - INFO - Opened connection.
2024-11-21 11:05:10,883 - RiH_Main - INFO - IKA RCT digital connected.
2024-11-21 11:05:12,387 - RiH_Main - INFO - Stiring velocity set to 200.
2024-11-21 11:05:13,958 - RiH_Main - INFO - Current temperature: 0.0.
2024-11-21 11:05:13,959 - RiH_Main - INFO - Connecting Pump..
2024-11-21 11:05:13,961 - pylabware.connections.SerialConnection - INFO - Starting connection listener...
2024-11-21 11:05:13,961 - pylabware.connections.SerialConnection - INFO - Port /dev/ttyUSB1 opened.
2024-11-21 11:05:13,962 - pylabware.controllers.XCalibur.DISPENSE_PUMP - INFO - Opened connection.
2024-11-21 11:05:14,517 - RiH_Main - INFO - Pump connected.
2024-11-21 11:05:15,072 - pylabware.controllers.XCalibur.DISPENSE_PUMP - INFO - Device initialized.
2024-11-21 11:05:15,072 - RiH_Main - INFO - Pump initialised.
2024-11-21 11:05:15,575 - RiH_Main - INFO - Checking for pump errors
2024-11-21 11:05:15,575 - RiH_Main - INFO - Connecting to the Quantos - opening doors
2024-11-21 11:05:22,226 - RiH_Main - INFO - Quantos connected..
2024-11-21 11:05:22,227 - RiH_Main - INFO - Initialising the filter machine
2024-11-21 11:05:22,227 - RiH_Filtration_System - INFO - Initialising filtration system pump
2024-11-21 11:05:22,227 - pylabware.connections.SerialConnection - INFO - Creating connection object with the following settings: 
{'address': '1', 'port': '/dev/ttyUSB3', 'encoding': 'UTF-8', 'command_delay': 0, 'receive_buffer_size': 128, 'receive_timeout': 10, 'transmit_timeout': 1, 'receiving_interval': 0.05, 'write_timeout': 0.5, 'baudrate': 9600, 'bytesize': 8, 'parity': 'N', 'stopbits': 1, 'xonxoff': False, 'rtscts': False, 'dsrdtr': False, 'inter_byte_timeout': False}
2024-11-21 11:05:22,231 - pylabware.connections.SerialConnection - INFO - Starting connection listener...
2024-11-21 11:05:22,231 - pylabware.connections.SerialConnection - INFO - Port /dev/ttyUSB3 opened.
2024-11-21 11:05:22,232 - pylabware.controllers.XCalibur.FILT_PUMP - INFO - Opened connection.
2024-11-21 11:05:22,283 - pylabware.controllers.XCalibur.FILT_PUMP - INFO - Device initialized.
2024-11-21 11:05:25,107 - pylabware.controllers.XCalibur.FILT_PUMP - INFO - Reply was <Invalid command! Pump Ready.>
2024-11-21 11:05:25,108 - pylabware.controllers.XCalibur.FILT_PUMP - WARNING - A non-fatal error was recieved resending command - errors occured: 1
2024-11-21 11:05:25,714 - RiH_Filtration_System - INFO - Initialising the filtration system arduino
2024-11-21 11:05:25,724 - RiH_Main - INFO - Panda robot connected to 172.16.0.2
2024-11-21 11:05:25,724 - RiH_Main - ERROR - Capper camera is not available.
2024-11-21 11:05:25,725 - pylabware.connections.SerialConnection - WARNING - Command rate too high! Delaying next command for 0.5 seconds
2024-11-21 11:05:26,228 - Timer - INFO - Setting timer to 23 h 59 m 59 s
2024-11-21 11:05:26,228 - Timer - INFO - Timer set to 86399
2024-11-21 11:05:26,228 - Timer - INFO - Elapsed time: 0 h 0 m 0 s
2024-11-21 11:05:27,234 - Timer - INFO - Elapsed time: 0 h 0 m 1 s
2024-11-21 11:05:28,239 - Timer - INFO - Elapsed time: 0 h 0 m 2 s
2024-11-21 11:05:29,245 - Timer - INFO - Elapsed time: 0 h 0 m 3 s
2024-11-21 11:05:30,250 - Timer - INFO - Elapsed time: 0 h 0 m 4 s
2024-11-21 11:05:31,256 - Timer - INFO - Elapsed time: 0 h 0 m 5 s
2024-11-21 11:05:32,261 - Timer - INFO - Elapsed time: 0 h 0 m 6 s
2024-11-21 11:05:33,262 - Timer - INFO - Elapsed time: 0 h 0 m 7 s
2024-11-21 11:05:34,268 - Timer - INFO - Elapsed time: 0 h 0 m 8 s
2024-11-21 11:05:35,273 - Timer - INFO - Elapsed time: 0 h 0 m 9 s
2024-11-21 11:05:36,276 - Timer - INFO - Elapsed time: 0 h 0 m 10 s
2024-11-21 11:05:37,282 - Timer - INFO - Elapsed time: 0 h 0 m 11 s
2024-11-21 11:05:38,287 - Timer - INFO - Elapsed time: 0 h 0 m 12 s
2024-11-21 11:05:39,291 - Timer - INFO - Elapsed time: 0 h 0 m 13 s
2024-11-21 11:05:40,297 - Timer - INFO - Elapsed time: 0 h 0 m 14 s
2024-11-21 11:05:41,303 - Timer - INFO - Elapsed time: 0 h 0 m 15 s
2024-11-21 11:05:42,308 - Timer - INFO - Elapsed time: 0 h 0 m 16 s
2024-11-21 11:05:43,314 - Timer - INFO - Elapsed time: 0 h 0 m 17 s
2024-11-21 11:05:44,320 - Timer - INFO - Elapsed time: 0 h 0 m 18 s
2024-11-21 11:05:45,323 - Timer - INFO - Elapsed time: 0 h 0 m 19 s
2024-11-21 11:05:46,328 - Timer - INFO - Elapsed time: 0 h 0 m 20 s
2024-11-21 11:05:47,334 - Timer - INFO - Elapsed time: 0 h 0 m 21 s
2024-11-21 11:05:48,335 - Timer - INFO - Elapsed time: 0 h 0 m 22 s
2024-11-21 11:05:49,340 - Timer - INFO - Elapsed time: 0 h 0 m 23 s
2024-11-21 11:05:50,344 - Timer - INFO - Elapsed time: 0 h 0 m 24 s
2024-11-21 11:05:51,346 - Timer - INFO - Elapsed time: 0 h 0 m 25 s
2024-11-21 11:05:52,352 - Timer - INFO - Elapsed time: 0 h 0 m 26 s
