2024-10-22 09:49:00,656 - Workflow_Config_Helper - INFO - All solids and liquids requested in sample list are in the workflow
2024-10-22 09:49:00,684 - Workflow_Config_Helper - INFO - No errors in workflow detected
2024-10-22 09:49:04,696 - pylabware.connections.SerialConnection - INFO - Creating connection object with the following settings: 
{'address': '', 'port': '/dev/ttyUSB0', 'encoding': 'UTF-8', 'command_delay': 0.5, 'receive_buffer_size': 128, 'receive_timeout': 1, 'transmit_timeout': 1, 'receiving_interval': 0.05, 'write_timeout': 0.5, 'baudrate': 9600, 'bytesize': 7, 'parity': 'E', 'stopbits': 1, 'xonxoff': False, 'rtscts': False, 'dsrdtr': False, 'inter_byte_timeout': False}
2024-10-22 09:49:04,697 - pylabware.connections.SerialConnection - INFO - Creating connection object with the following settings: 
{'address': '1', 'port': '/dev/ttyUSB1', 'encoding': 'UTF-8', 'command_delay': 0, 'receive_buffer_size': 128, 'receive_timeout': 10, 'transmit_timeout': 1, 'receiving_interval': 0.05, 'write_timeout': 0.5, 'baudrate': 9600, 'bytesize': 8, 'parity': 'N', 'stopbits': 1, 'xonxoff': False, 'rtscts': False, 'dsrdtr': False, 'inter_byte_timeout': False}
2024-10-22 09:49:04,697 - pylabware.connections.SerialConnection - INFO - Creating connection object with the following settings: 
{'address': None, 'port': '/dev/ttyUSB2', 'encoding': 'UTF-8', 'command_delay': 0.5, 'receive_buffer_size': 128, 'receive_timeout': 1, 'transmit_timeout': 1, 'receiving_interval': 0.05, 'write_timeout': 0.5, 'baudrate': 9600, 'bytesize': 8, 'parity': 'N', 'stopbits': 1, 'xonxoff': True, 'rtscts': False, 'dsrdtr': False, 'inter_byte_timeout': False, 'timeout': 0.1}
2024-10-22 09:49:04,698 - pylabware.connections.SerialConnection - INFO - Starting connection listener...
2024-10-22 09:49:04,698 - pylabware.connections.SerialConnection - INFO - Port /dev/ttyUSB2 opened.
2024-10-22 09:49:04,698 - pylabware.connections.SerialConnection - WARNING - Command rate too high! Delaying next command for 0.5 seconds
2024-10-22 09:49:05,305 - pylabware.controllers.QuantosQB1.QUANTOS - INFO - No carousel/autosampler connected
2024-10-22 09:49:05,305 - pylabware.connections.SerialConnection - WARNING - Command rate too high! Delaying next command for 0.5 seconds
2024-10-22 09:49:08,526 - RiH_Main - INFO - Connecting IKA RCT digital..
2024-10-22 09:49:08,529 - pylabware.connections.SerialConnection - INFO - Starting connection listener...
2024-10-22 09:49:08,529 - pylabware.connections.SerialConnection - INFO - Port /dev/ttyUSB0 opened.
2024-10-22 09:49:08,530 - pylabware.controllers.RCTDigitalHotplate.IKA - INFO - Opened connection.
2024-10-22 09:49:10,597 - RiH_Main - INFO - IKA RCT digital connected.
2024-10-22 09:49:12,101 - RiH_Main - INFO - Stiring velocity set to 100.
2024-10-22 09:49:13,671 - RiH_Main - INFO - Current temperature: 0.0.
2024-10-22 09:49:13,671 - RiH_Main - INFO - Connecting Pump..
2024-10-22 09:49:13,673 - pylabware.connections.SerialConnection - INFO - Starting connection listener...
2024-10-22 09:49:13,673 - pylabware.connections.SerialConnection - INFO - Port /dev/ttyUSB1 opened.
2024-10-22 09:49:13,673 - pylabware.controllers.XCalibur.DISPENSE_PUMP - INFO - Opened connection.
2024-10-22 09:49:14,228 - pylabware.controllers.XCalibur.DISPENSE_PUMP - INFO - Reply was <No error. Pump Ready.> - error free condition
2024-10-22 09:49:14,229 - RiH_Main - INFO - Pump connected.
2024-10-22 09:49:14,782 - pylabware.controllers.XCalibur.DISPENSE_PUMP - INFO - Reply was <No error. Pump Busy.> - error free condition
2024-10-22 09:49:14,782 - pylabware.controllers.XCalibur.DISPENSE_PUMP - INFO - Device initialized.
2024-10-22 09:49:14,782 - RiH_Main - INFO - Pump initialised.
2024-10-22 09:49:15,285 - RiH_Main - INFO - Checking for pump errors
2024-10-22 09:49:15,285 - pylabware.controllers.XCalibur.DISPENSE_PUMP - INFO - Reply was <No error. Pump Busy.> - error free condition
2024-10-22 09:49:15,286 - RiH_Main - INFO - Connecting to the Quantos - opening doors
2024-10-22 09:49:21,741 - RiH_Main - INFO - Quantos connected..
2024-10-22 09:49:21,741 - RiH_Main - INFO - Initialising the filter machine
2024-10-22 09:49:21,741 - RiH_Filtration_System - INFO - Initialising filtration system pump
2024-10-22 09:49:21,742 - pylabware.connections.SerialConnection - INFO - Creating connection object with the following settings: 
{'address': '1', 'port': '/dev/ttyUSB3', 'encoding': 'UTF-8', 'command_delay': 0, 'receive_buffer_size': 128, 'receive_timeout': 10, 'transmit_timeout': 1, 'receiving_interval': 0.05, 'write_timeout': 0.5, 'baudrate': 9600, 'bytesize': 8, 'parity': 'N', 'stopbits': 1, 'xonxoff': False, 'rtscts': False, 'dsrdtr': False, 'inter_byte_timeout': False}
2024-10-22 09:49:21,745 - pylabware.connections.SerialConnection - INFO - Starting connection listener...
2024-10-22 09:49:21,745 - pylabware.connections.SerialConnection - INFO - Port /dev/ttyUSB3 opened.
2024-10-22 09:49:21,746 - pylabware.controllers.XCalibur.FILT_PUMP - INFO - Opened connection.
2024-10-22 09:49:21,798 - pylabware.controllers.XCalibur.FILT_PUMP - INFO - Reply was <No error. Pump Busy.> - error free condition
2024-10-22 09:49:21,798 - pylabware.controllers.XCalibur.FILT_PUMP - INFO - Device initialized.
2024-10-22 09:49:21,849 - pylabware.controllers.XCalibur.FILT_PUMP - INFO - Reply was <No error. Pump Busy.> - error free condition
2024-10-22 09:49:22,403 - pylabware.controllers.XCalibur.FILT_PUMP - INFO - Reply was <No error. Pump Busy.> - error free condition
2024-10-22 09:49:22,958 - pylabware.controllers.XCalibur.FILT_PUMP - INFO - Reply was <No error. Pump Busy.> - error free condition
2024-10-22 09:49:23,512 - pylabware.controllers.XCalibur.FILT_PUMP - INFO - Reply was <No error. Pump Busy.> - error free condition
2024-10-22 09:49:24,067 - pylabware.controllers.XCalibur.FILT_PUMP - INFO - Reply was <No error. Pump Busy.> - error free condition
2024-10-22 09:49:24,622 - pylabware.controllers.XCalibur.FILT_PUMP - INFO - Reply was <Invalid command! Pump Ready.>
2024-10-22 09:49:24,622 - pylabware.controllers.XCalibur.FILT_PUMP - WARNING - A non-fatal error was recieved resending command - errors occured: 1
2024-10-22 09:49:24,672 - pylabware.controllers.XCalibur.FILT_PUMP - INFO - Reply was <No error. Pump Ready.> - error free condition
2024-10-22 09:49:25,228 - pylabware.controllers.XCalibur.FILT_PUMP - INFO - Reply was <No error. Pump Ready.> - error free condition
2024-10-22 09:49:25,228 - RiH_Filtration_System - INFO - Initialisng the filtration system arduino
2024-10-22 09:49:25,229 - RiH_Main - ERROR - Filter machine not connected.
2024-10-22 09:49:25,229 - RiH_Main - ERROR - [Errno 2] could not open port /dev/ttyACM3: [Errno 2] No such file or directory: '/dev/ttyACM3'
2024-10-22 09:49:25,237 - RiH_Main - INFO - Panda robot connected to 172.16.0.2
2024-10-22 09:49:25,238 - RiH_Main - ERROR - Capper camera is not available.
2024-10-22 09:49:25,238 - RiH_Main - ERROR - Filtering machine not connected
2024-10-22 09:49:25,239 - Timer - INFO - Setting timer to 0 h 10 m 1 s
2024-10-22 09:49:25,239 - Timer - INFO - Timer set to 601
2024-10-22 09:49:25,239 - Timer - INFO - Elapsed time: 0 h 0 m 0 s
2024-10-22 09:49:26,243 - Timer - INFO - Elapsed time: 0 h 0 m 1 s
2024-10-22 09:49:27,249 - Timer - INFO - Elapsed time: 0 h 0 m 2 s
2024-10-22 09:49:28,255 - Timer - INFO - Elapsed time: 0 h 0 m 3 s
2024-10-22 09:49:29,259 - Timer - INFO - Elapsed time: 0 h 0 m 4 s
2024-10-22 09:49:30,260 - Timer - INFO - Elapsed time: 0 h 0 m 5 s
2024-10-22 09:49:31,266 - Timer - INFO - Elapsed time: 0 h 0 m 6 s
2024-10-22 09:49:32,272 - Timer - INFO - Elapsed time: 0 h 0 m 7 s
2024-10-22 09:49:33,277 - Timer - INFO - Elapsed time: 0 h 0 m 8 s
2024-10-22 09:49:34,283 - Timer - INFO - Elapsed time: 0 h 0 m 9 s
2024-10-22 09:49:35,288 - Timer - INFO - Elapsed time: 0 h 0 m 10 s
2024-10-22 09:49:36,294 - Timer - INFO - Elapsed time: 0 h 0 m 11 s
2024-10-22 09:49:37,299 - Timer - INFO - Elapsed time: 0 h 0 m 12 s
2024-10-22 09:49:38,302 - Timer - INFO - Elapsed time: 0 h 0 m 13 s
2024-10-22 09:49:39,307 - Timer - INFO - Elapsed time: 0 h 0 m 14 s
2024-10-22 09:49:40,313 - Timer - INFO - Elapsed time: 0 h 0 m 15 s
2024-10-22 09:49:41,318 - Timer - INFO - Elapsed time: 0 h 0 m 16 s
2024-10-22 09:49:42,324 - Timer - INFO - Elapsed time: 0 h 0 m 17 s
2024-10-22 09:49:43,328 - Timer - INFO - Elapsed time: 0 h 0 m 18 s
2024-10-22 09:49:44,334 - Timer - INFO - Elapsed time: 0 h 0 m 19 s
2024-10-22 09:49:45,339 - Timer - INFO - Elapsed time: 0 h 0 m 20 s
2024-10-22 09:49:46,343 - Timer - INFO - Elapsed time: 0 h 0 m 21 s
2024-10-22 09:49:47,349 - Timer - INFO - Elapsed time: 0 h 0 m 22 s
2024-10-22 09:49:48,352 - Timer - INFO - Elapsed time: 0 h 0 m 23 s
2024-10-22 09:49:49,358 - Timer - INFO - Elapsed time: 0 h 0 m 24 s
2024-10-22 09:49:50,364 - Timer - INFO - Elapsed time: 0 h 0 m 25 s
2024-10-22 09:49:51,364 - Timer - INFO - Elapsed time: 0 h 0 m 26 s
2024-10-22 09:49:52,370 - Timer - INFO - Elapsed time: 0 h 0 m 27 s
2024-10-22 09:49:53,376 - Timer - INFO - Elapsed time: 0 h 0 m 28 s
2024-10-22 09:49:54,381 - Timer - INFO - Elapsed time: 0 h 0 m 29 s
2024-10-22 09:49:55,387 - Timer - INFO - Elapsed time: 0 h 0 m 30 s
2024-10-22 09:49:56,392 - Timer - INFO - Elapsed time: 0 h 0 m 31 s
2024-10-22 09:49:57,398 - Timer - INFO - Elapsed time: 0 h 0 m 32 s
2024-10-22 09:49:58,403 - Timer - INFO - Elapsed time: 0 h 0 m 33 s
2024-10-22 09:49:59,408 - Timer - INFO - Elapsed time: 0 h 0 m 34 s
2024-10-22 09:50:00,414 - Timer - INFO - Elapsed time: 0 h 0 m 35 s
2024-10-22 09:50:01,419 - Timer - INFO - Elapsed time: 0 h 0 m 36 s
2024-10-22 09:50:02,425 - Timer - INFO - Elapsed time: 0 h 0 m 37 s
2024-10-22 09:50:03,431 - Timer - INFO - Elapsed time: 0 h 0 m 38 s
2024-10-22 09:50:04,437 - Timer - INFO - Elapsed time: 0 h 0 m 39 s
2024-10-22 09:50:05,442 - Timer - INFO - Elapsed time: 0 h 0 m 40 s
2024-10-22 09:50:06,448 - Timer - INFO - Elapsed time: 0 h 0 m 41 s
2024-10-22 09:50:07,452 - Timer - INFO - Elapsed time: 0 h 0 m 42 s
2024-10-22 09:50:08,458 - Timer - INFO - Elapsed time: 0 h 0 m 43 s
2024-10-22 09:50:09,464 - Timer - INFO - Elapsed time: 0 h 0 m 44 s
2024-10-22 09:50:10,469 - Timer - INFO - Elapsed time: 0 h 0 m 45 s
2024-10-22 09:50:11,475 - Timer - INFO - Elapsed time: 0 h 0 m 46 s
2024-10-22 09:50:12,480 - Timer - INFO - Elapsed time: 0 h 0 m 47 s
2024-10-22 09:50:13,486 - Timer - INFO - Elapsed time: 0 h 0 m 48 s
2024-10-22 11:35:43,830 - Workflow_Config_Helper - INFO - All solids and liquids requested in sample list are in the workflow
2024-10-22 11:35:43,830 - Workflow_Config_Helper - INFO - No errors in workflow detected
2024-10-22 11:35:47,851 - pylabware.connections.SerialConnection - INFO - Creating connection object with the following settings: 
{'address': '', 'port': '/dev/ttyUSB0', 'encoding': 'UTF-8', 'command_delay': 0.5, 'receive_buffer_size': 128, 'receive_timeout': 1, 'transmit_timeout': 1, 'receiving_interval': 0.05, 'write_timeout': 0.5, 'baudrate': 9600, 'bytesize': 7, 'parity': 'E', 'stopbits': 1, 'xonxoff': False, 'rtscts': False, 'dsrdtr': False, 'inter_byte_timeout': False}
2024-10-22 11:35:47,851 - pylabware.connections.SerialConnection - INFO - Creating connection object with the following settings: 
{'address': '1', 'port': '/dev/ttyUSB1', 'encoding': 'UTF-8', 'command_delay': 0, 'receive_buffer_size': 128, 'receive_timeout': 10, 'transmit_timeout': 1, 'receiving_interval': 0.05, 'write_timeout': 0.5, 'baudrate': 9600, 'bytesize': 8, 'parity': 'N', 'stopbits': 1, 'xonxoff': False, 'rtscts': False, 'dsrdtr': False, 'inter_byte_timeout': False}
2024-10-22 11:35:47,852 - pylabware.connections.SerialConnection - INFO - Creating connection object with the following settings: 
{'address': None, 'port': '/dev/ttyUSB2', 'encoding': 'UTF-8', 'command_delay': 0.5, 'receive_buffer_size': 128, 'receive_timeout': 1, 'transmit_timeout': 1, 'receiving_interval': 0.05, 'write_timeout': 0.5, 'baudrate': 9600, 'bytesize': 8, 'parity': 'N', 'stopbits': 1, 'xonxoff': True, 'rtscts': False, 'dsrdtr': False, 'inter_byte_timeout': False, 'timeout': 0.1}
2024-10-22 11:35:47,855 - pylabware.connections.SerialConnection - INFO - Starting connection listener...
2024-10-22 11:35:47,855 - pylabware.connections.SerialConnection - INFO - Port /dev/ttyUSB2 opened.
2024-10-22 11:35:47,856 - pylabware.connections.SerialConnection - WARNING - Command rate too high! Delaying next command for 0.5 seconds
2024-10-22 11:35:48,462 - pylabware.controllers.QuantosQB1.QUANTOS - INFO - No carousel/autosampler connected
2024-10-22 11:35:48,463 - pylabware.connections.SerialConnection - WARNING - Command rate too high! Delaying next command for 0.5 seconds
2024-10-22 11:35:51,780 - RiH_Main - INFO - Connecting IKA RCT digital..
2024-10-22 11:35:51,783 - pylabware.connections.SerialConnection - INFO - Starting connection listener...
2024-10-22 11:35:51,784 - pylabware.connections.SerialConnection - INFO - Port /dev/ttyUSB0 opened.
2024-10-22 11:35:51,784 - pylabware.controllers.RCTDigitalHotplate.IKA - INFO - Opened connection.
2024-10-22 11:35:53,851 - RiH_Main - INFO - IKA RCT digital connected.
2024-10-22 11:35:55,353 - RiH_Main - INFO - Stiring velocity set to 100.
2024-10-22 11:35:56,926 - RiH_Main - INFO - Current temperature: 0.0.
2024-10-22 11:35:56,927 - RiH_Main - INFO - Connecting Pump..
2024-10-22 11:35:56,929 - pylabware.connections.SerialConnection - INFO - Starting connection listener...
2024-10-22 11:35:56,929 - pylabware.connections.SerialConnection - INFO - Port /dev/ttyUSB1 opened.
2024-10-22 11:35:56,930 - pylabware.controllers.XCalibur.DISPENSE_PUMP - INFO - Opened connection.
2024-10-22 11:35:57,485 - pylabware.controllers.XCalibur.DISPENSE_PUMP - INFO - Reply was <No error. Pump Ready.> - error free condition
2024-10-22 11:35:57,485 - RiH_Main - INFO - Pump connected.
2024-10-22 11:35:58,040 - pylabware.controllers.XCalibur.DISPENSE_PUMP - INFO - Reply was <No error. Pump Busy.> - error free condition
2024-10-22 11:35:58,040 - pylabware.controllers.XCalibur.DISPENSE_PUMP - INFO - Device initialized.
2024-10-22 11:35:58,041 - RiH_Main - INFO - Pump initialised.
2024-10-22 11:35:58,544 - RiH_Main - INFO - Checking for pump errors
2024-10-22 11:35:58,544 - pylabware.controllers.XCalibur.DISPENSE_PUMP - INFO - Reply was <No error. Pump Busy.> - error free condition
2024-10-22 11:35:58,545 - RiH_Main - INFO - Connecting to the Quantos - opening doors
2024-10-22 11:36:05,199 - RiH_Main - INFO - Quantos connected..
2024-10-22 11:36:05,200 - RiH_Main - INFO - Initialising the filter machine
2024-10-22 11:36:05,200 - RiH_Filtration_System - INFO - Initialising filtration system pump
2024-10-22 11:36:05,200 - pylabware.connections.SerialConnection - INFO - Creating connection object with the following settings: 
{'address': '1', 'port': '/dev/ttyUSB3', 'encoding': 'UTF-8', 'command_delay': 0, 'receive_buffer_size': 128, 'receive_timeout': 10, 'transmit_timeout': 1, 'receiving_interval': 0.05, 'write_timeout': 0.5, 'baudrate': 9600, 'bytesize': 8, 'parity': 'N', 'stopbits': 1, 'xonxoff': False, 'rtscts': False, 'dsrdtr': False, 'inter_byte_timeout': False}
2024-10-22 11:36:05,203 - pylabware.connections.SerialConnection - INFO - Starting connection listener...
2024-10-22 11:36:05,203 - pylabware.connections.SerialConnection - INFO - Port /dev/ttyUSB3 opened.
2024-10-22 11:36:05,204 - pylabware.controllers.XCalibur.FILT_PUMP - INFO - Opened connection.
2024-10-22 11:36:05,254 - pylabware.controllers.XCalibur.FILT_PUMP - INFO - Reply was <No error. Pump Busy.> - error free condition
2024-10-22 11:36:05,255 - pylabware.controllers.XCalibur.FILT_PUMP - INFO - Device initialized.
2024-10-22 11:36:05,305 - pylabware.controllers.XCalibur.FILT_PUMP - INFO - Reply was <No error. Pump Busy.> - error free condition
2024-10-22 11:36:05,860 - pylabware.controllers.XCalibur.FILT_PUMP - INFO - Reply was <No error. Pump Busy.> - error free condition
2024-10-22 11:36:06,415 - pylabware.controllers.XCalibur.FILT_PUMP - INFO - Reply was <No error. Pump Busy.> - error free condition
2024-10-22 11:36:06,969 - pylabware.controllers.XCalibur.FILT_PUMP - INFO - Reply was <No error. Pump Busy.> - error free condition
2024-10-22 11:36:07,525 - pylabware.controllers.XCalibur.FILT_PUMP - INFO - Reply was <No error. Pump Busy.> - error free condition
2024-10-22 11:36:08,079 - pylabware.controllers.XCalibur.FILT_PUMP - INFO - Reply was <Invalid command! Pump Ready.>
2024-10-22 11:36:08,080 - pylabware.controllers.XCalibur.FILT_PUMP - WARNING - A non-fatal error was recieved resending command - errors occured: 1
2024-10-22 11:36:08,130 - pylabware.controllers.XCalibur.FILT_PUMP - INFO - Reply was <No error. Pump Ready.> - error free condition
2024-10-22 11:36:08,685 - pylabware.controllers.XCalibur.FILT_PUMP - INFO - Reply was <No error. Pump Ready.> - error free condition
2024-10-22 11:36:08,685 - RiH_Filtration_System - INFO - Initialisng the filtration system arduino
2024-10-22 11:36:08,695 - RiH_Main - INFO - Panda robot connected to 172.16.0.2
2024-10-22 11:36:08,695 - RiH_Main - ERROR - Capper camera is not available.
2024-10-22 11:36:08,696 - Timer - INFO - Setting timer to 0 h 10 m 1 s
2024-10-22 11:36:08,696 - Timer - INFO - Timer set to 601
2024-10-22 11:36:08,697 - Timer - INFO - Elapsed time: 0 h 0 m 0 s
2024-10-22 11:36:09,702 - Timer - INFO - Elapsed time: 0 h 0 m 1 s
2024-10-22 11:36:10,708 - Timer - INFO - Elapsed time: 0 h 0 m 2 s
2024-10-22 11:36:11,708 - Timer - INFO - Elapsed time: 0 h 0 m 3 s
2024-10-22 11:36:12,714 - Timer - INFO - Elapsed time: 0 h 0 m 4 s
2024-10-22 11:36:13,719 - Timer - INFO - Elapsed time: 0 h 0 m 5 s
2024-10-22 11:36:14,725 - Timer - INFO - Elapsed time: 0 h 0 m 6 s
2024-10-22 11:36:15,730 - Timer - INFO - Elapsed time: 0 h 0 m 7 s
2024-10-22 11:36:16,736 - Timer - INFO - Elapsed time: 0 h 0 m 8 s
2024-10-22 11:36:17,739 - Timer - INFO - Elapsed time: 0 h 0 m 9 s
2024-10-22 11:36:18,745 - Timer - INFO - Elapsed time: 0 h 0 m 10 s
2024-10-22 11:36:19,750 - Timer - INFO - Elapsed time: 0 h 0 m 11 s
2024-10-22 11:36:20,755 - Timer - INFO - Elapsed time: 0 h 0 m 12 s
2024-10-22 11:36:21,761 - Timer - INFO - Elapsed time: 0 h 0 m 13 s
2024-10-22 11:36:22,764 - Timer - INFO - Elapsed time: 0 h 0 m 14 s
2024-10-22 11:36:23,769 - Timer - INFO - Elapsed time: 0 h 0 m 15 s
2024-10-22 11:36:24,775 - Timer - INFO - Elapsed time: 0 h 0 m 16 s
2024-10-22 11:36:25,780 - Timer - INFO - Elapsed time: 0 h 0 m 17 s
2024-10-22 11:36:26,786 - Timer - INFO - Elapsed time: 0 h 0 m 18 s
2024-10-22 11:36:27,791 - Timer - INFO - Elapsed time: 0 h 0 m 19 s
2024-10-22 11:36:28,797 - Timer - INFO - Elapsed time: 0 h 0 m 20 s
2024-10-22 11:36:29,803 - Timer - INFO - Elapsed time: 0 h 0 m 21 s
2024-10-22 11:36:30,806 - Timer - INFO - Elapsed time: 0 h 0 m 22 s
2024-10-22 11:36:31,812 - Timer - INFO - Elapsed time: 0 h 0 m 23 s
2024-10-22 11:36:32,817 - Timer - INFO - Elapsed time: 0 h 0 m 24 s
2024-10-22 11:36:33,823 - Timer - INFO - Elapsed time: 0 h 0 m 25 s
2024-10-22 11:36:34,828 - Timer - INFO - Elapsed time: 0 h 0 m 26 s
2024-10-22 11:36:35,834 - Timer - INFO - Elapsed time: 0 h 0 m 27 s
2024-10-22 11:36:36,840 - Timer - INFO - Elapsed time: 0 h 0 m 28 s
2024-10-22 11:36:37,845 - Timer - INFO - Elapsed time: 0 h 0 m 29 s
2024-10-22 11:36:38,851 - Timer - INFO - Elapsed time: 0 h 0 m 30 s
2024-10-22 11:36:39,856 - Timer - INFO - Elapsed time: 0 h 0 m 31 s
2024-10-22 11:36:40,860 - Timer - INFO - Elapsed time: 0 h 0 m 32 s
2024-10-22 11:36:41,865 - Timer - INFO - Elapsed time: 0 h 0 m 33 s
2024-10-22 11:36:42,871 - Timer - INFO - Elapsed time: 0 h 0 m 34 s
2024-10-22 11:36:43,876 - Timer - INFO - Elapsed time: 0 h 0 m 35 s
2024-10-22 11:36:44,882 - Timer - INFO - Elapsed time: 0 h 0 m 36 s
2024-10-22 11:36:45,887 - Timer - INFO - Elapsed time: 0 h 0 m 37 s
2024-10-22 11:36:46,893 - Timer - INFO - Elapsed time: 0 h 0 m 38 s
2024-10-22 11:36:47,899 - Timer - INFO - Elapsed time: 0 h 0 m 39 s
2024-10-22 11:36:48,904 - Timer - INFO - Elapsed time: 0 h 0 m 40 s
2024-10-22 11:36:49,910 - Timer - INFO - Elapsed time: 0 h 0 m 41 s
2024-10-22 11:36:50,915 - Timer - INFO - Elapsed time: 0 h 0 m 42 s
2024-10-22 11:36:51,919 - Timer - INFO - Elapsed time: 0 h 0 m 43 s
2024-10-22 11:36:52,923 - Timer - INFO - Elapsed time: 0 h 0 m 44 s
2024-10-22 11:36:53,929 - Timer - INFO - Elapsed time: 0 h 0 m 45 s
2024-10-22 11:36:54,930 - Timer - INFO - Elapsed time: 0 h 0 m 46 s
2024-10-22 11:36:55,936 - Timer - INFO - Elapsed time: 0 h 0 m 47 s
2024-10-22 11:36:56,938 - Timer - INFO - Elapsed time: 0 h 0 m 48 s
2024-10-22 11:36:57,944 - Timer - INFO - Elapsed time: 0 h 0 m 49 s
2024-10-22 11:36:58,950 - Timer - INFO - Elapsed time: 0 h 0 m 50 s
2024-10-22 11:36:59,955 - Timer - INFO - Elapsed time: 0 h 0 m 51 s
2024-10-22 11:37:00,960 - Timer - INFO - Elapsed time: 0 h 0 m 52 s
2024-10-22 11:37:01,966 - Timer - INFO - Elapsed time: 0 h 0 m 53 s
2024-10-22 11:37:02,971 - Timer - INFO - Elapsed time: 0 h 0 m 54 s
2024-10-22 11:37:03,973 - Timer - INFO - Elapsed time: 0 h 0 m 55 s
2024-10-22 11:37:04,979 - Timer - INFO - Elapsed time: 0 h 0 m 56 s
2024-10-22 11:37:05,985 - Timer - INFO - Elapsed time: 0 h 0 m 57 s
2024-10-22 11:37:06,991 - Timer - INFO - Elapsed time: 0 h 0 m 58 s
2024-10-22 11:37:07,993 - Timer - INFO - Elapsed time: 0 h 0 m 59 s
2024-10-22 11:37:08,995 - Timer - INFO - Elapsed time: 0 h 1 m 0 s
2024-10-22 11:37:10,001 - Timer - INFO - Elapsed time: 0 h 1 m 1 s
2024-10-22 11:37:11,006 - Timer - INFO - Elapsed time: 0 h 1 m 2 s
2024-10-22 11:37:12,012 - Timer - INFO - Elapsed time: 0 h 1 m 3 s
2024-10-22 11:37:13,018 - Timer - INFO - Elapsed time: 0 h 1 m 4 s
2024-10-22 11:37:14,023 - Timer - INFO - Elapsed time: 0 h 1 m 5 s
2024-10-22 11:37:15,029 - Timer - INFO - Elapsed time: 0 h 1 m 6 s
2024-10-22 11:37:16,035 - Timer - INFO - Elapsed time: 0 h 1 m 7 s
2024-10-22 11:37:17,040 - Timer - INFO - Elapsed time: 0 h 1 m 8 s
2024-10-22 11:37:18,046 - Timer - INFO - Elapsed time: 0 h 1 m 9 s
2024-10-22 11:37:19,051 - Timer - INFO - Elapsed time: 0 h 1 m 10 s
2024-10-22 11:37:20,057 - Timer - INFO - Elapsed time: 0 h 1 m 11 s
2024-10-22 11:37:21,062 - Timer - INFO - Elapsed time: 0 h 1 m 12 s
2024-10-22 11:37:22,068 - Timer - INFO - Elapsed time: 0 h 1 m 13 s
2024-10-22 11:37:23,073 - Timer - INFO - Elapsed time: 0 h 1 m 14 s
2024-10-22 11:37:24,079 - Timer - INFO - Elapsed time: 0 h 1 m 15 s
2024-10-22 11:37:25,085 - Timer - INFO - Elapsed time: 0 h 1 m 16 s
2024-10-22 11:37:26,089 - Timer - INFO - Elapsed time: 0 h 1 m 17 s
2024-10-22 11:37:27,095 - Timer - INFO - Elapsed time: 0 h 1 m 18 s
2024-10-22 11:37:28,101 - Timer - INFO - Elapsed time: 0 h 1 m 19 s
2024-10-22 11:37:29,106 - Timer - INFO - Elapsed time: 0 h 1 m 20 s
2024-10-22 11:37:30,112 - Timer - INFO - Elapsed time: 0 h 1 m 21 s
2024-10-22 11:37:31,117 - Timer - INFO - Elapsed time: 0 h 1 m 22 s
2024-10-22 11:37:32,123 - Timer - INFO - Elapsed time: 0 h 1 m 23 s
2024-10-22 11:37:33,128 - Timer - INFO - Elapsed time: 0 h 1 m 24 s
2024-10-22 11:37:34,134 - Timer - INFO - Elapsed time: 0 h 1 m 25 s
2024-10-22 11:37:35,140 - Timer - INFO - Elapsed time: 0 h 1 m 26 s
2024-10-22 11:37:36,145 - Timer - INFO - Elapsed time: 0 h 1 m 27 s
2024-10-22 11:37:37,151 - Timer - INFO - Elapsed time: 0 h 1 m 28 s
2024-10-22 11:37:38,156 - Timer - INFO - Elapsed time: 0 h 1 m 29 s
2024-10-22 11:37:39,162 - Timer - INFO - Elapsed time: 0 h 1 m 30 s
2024-10-22 11:37:40,165 - Timer - INFO - Elapsed time: 0 h 1 m 31 s
2024-10-22 11:37:41,171 - Timer - INFO - Elapsed time: 0 h 1 m 32 s
2024-10-22 11:37:42,173 - Timer - INFO - Elapsed time: 0 h 1 m 33 s
2024-10-22 11:37:43,176 - Timer - INFO - Elapsed time: 0 h 1 m 34 s
2024-10-22 11:37:44,182 - Timer - INFO - Elapsed time: 0 h 1 m 35 s
2024-10-22 11:37:45,186 - Timer - INFO - Elapsed time: 0 h 1 m 36 s
2024-10-22 11:37:46,192 - Timer - INFO - Elapsed time: 0 h 1 m 37 s
2024-10-22 11:37:47,198 - Timer - INFO - Elapsed time: 0 h 1 m 38 s
2024-10-22 11:37:48,203 - Timer - INFO - Elapsed time: 0 h 1 m 39 s
2024-10-22 11:37:49,209 - Timer - INFO - Elapsed time: 0 h 1 m 40 s
2024-10-22 11:37:50,210 - Timer - INFO - Elapsed time: 0 h 1 m 41 s
2024-10-22 11:37:51,211 - Timer - INFO - Elapsed time: 0 h 1 m 42 s
2024-10-22 11:37:52,216 - Timer - INFO - Elapsed time: 0 h 1 m 43 s
2024-10-22 11:37:53,222 - Timer - INFO - Elapsed time: 0 h 1 m 44 s
2024-10-22 11:37:54,223 - Timer - INFO - Elapsed time: 0 h 1 m 45 s
2024-10-22 11:37:55,228 - Timer - INFO - Elapsed time: 0 h 1 m 46 s
2024-10-22 11:37:56,234 - Timer - INFO - Elapsed time: 0 h 1 m 47 s
2024-10-22 11:37:57,239 - Timer - INFO - Elapsed time: 0 h 1 m 48 s
2024-10-22 11:37:58,245 - Timer - INFO - Elapsed time: 0 h 1 m 49 s
2024-10-22 11:37:59,251 - Timer - INFO - Elapsed time: 0 h 1 m 50 s
2024-10-22 11:38:00,256 - Timer - INFO - Elapsed time: 0 h 1 m 51 s
2024-10-22 11:38:01,262 - Timer - INFO - Elapsed time: 0 h 1 m 52 s
2024-10-22 11:38:02,267 - Timer - INFO - Elapsed time: 0 h 1 m 53 s
2024-10-22 11:38:03,272 - Timer - INFO - Elapsed time: 0 h 1 m 54 s
2024-10-22 11:38:04,278 - Timer - INFO - Elapsed time: 0 h 1 m 55 s
2024-10-22 11:38:05,283 - Timer - INFO - Elapsed time: 0 h 1 m 56 s
2024-10-22 11:38:06,289 - Timer - INFO - Elapsed time: 0 h 1 m 57 s
2024-10-22 11:38:07,295 - Timer - INFO - Elapsed time: 0 h 1 m 58 s
2024-10-22 11:38:08,300 - Timer - INFO - Elapsed time: 0 h 1 m 59 s
2024-10-22 11:38:09,306 - Timer - INFO - Elapsed time: 0 h 2 m 0 s
2024-10-22 11:38:10,311 - Timer - INFO - Elapsed time: 0 h 2 m 1 s
2024-10-22 11:38:11,314 - Timer - INFO - Elapsed time: 0 h 2 m 2 s
2024-10-22 11:38:12,320 - Timer - INFO - Elapsed time: 0 h 2 m 3 s
2024-10-22 11:38:13,326 - Timer - INFO - Elapsed time: 0 h 2 m 4 s
2024-10-22 11:38:14,330 - Timer - INFO - Elapsed time: 0 h 2 m 5 s
2024-10-22 11:38:15,336 - Timer - INFO - Elapsed time: 0 h 2 m 6 s
2024-10-22 11:38:16,342 - Timer - INFO - Elapsed time: 0 h 2 m 7 s
2024-10-22 11:38:17,347 - Timer - INFO - Elapsed time: 0 h 2 m 8 s
2024-10-22 11:38:18,353 - Timer - INFO - Elapsed time: 0 h 2 m 9 s
2024-10-22 11:38:19,356 - Timer - INFO - Elapsed time: 0 h 2 m 10 s
2024-10-22 11:38:20,361 - Timer - INFO - Elapsed time: 0 h 2 m 11 s
2024-10-22 11:38:21,367 - Timer - INFO - Elapsed time: 0 h 2 m 12 s
2024-10-22 11:38:22,373 - Timer - INFO - Elapsed time: 0 h 2 m 13 s
2024-10-22 11:38:23,378 - Timer - INFO - Elapsed time: 0 h 2 m 14 s
2024-10-22 11:38:24,384 - Timer - INFO - Elapsed time: 0 h 2 m 15 s
2024-10-22 11:38:25,389 - Timer - INFO - Elapsed time: 0 h 2 m 16 s
2024-10-22 11:38:26,395 - Timer - INFO - Elapsed time: 0 h 2 m 17 s
2024-10-22 11:38:27,400 - Timer - INFO - Elapsed time: 0 h 2 m 18 s
2024-10-22 11:38:28,406 - Timer - INFO - Elapsed time: 0 h 2 m 19 s
2024-10-22 11:38:29,412 - Timer - INFO - Elapsed time: 0 h 2 m 20 s
2024-10-22 11:38:30,417 - Timer - INFO - Elapsed time: 0 h 2 m 21 s
2024-10-22 11:38:31,423 - Timer - INFO - Elapsed time: 0 h 2 m 22 s
2024-10-22 11:38:32,428 - Timer - INFO - Elapsed time: 0 h 2 m 23 s
2024-10-22 11:38:33,434 - Timer - INFO - Elapsed time: 0 h 2 m 24 s
2024-10-22 11:38:34,439 - Timer - INFO - Elapsed time: 0 h 2 m 25 s
2024-10-22 11:38:35,445 - Timer - INFO - Elapsed time: 0 h 2 m 26 s
2024-10-22 11:38:36,448 - Timer - INFO - Elapsed time: 0 h 2 m 27 s
2024-10-22 11:38:37,454 - Timer - INFO - Elapsed time: 0 h 2 m 28 s
2024-10-22 11:38:38,460 - Timer - INFO - Elapsed time: 0 h 2 m 29 s
2024-10-22 11:38:39,465 - Timer - INFO - Elapsed time: 0 h 2 m 30 s
2024-10-22 11:38:40,467 - Timer - INFO - Elapsed time: 0 h 2 m 31 s
2024-10-22 11:38:41,473 - Timer - INFO - Elapsed time: 0 h 2 m 32 s
2024-10-22 11:38:42,478 - Timer - INFO - Elapsed time: 0 h 2 m 33 s
2024-10-22 11:38:43,484 - Timer - INFO - Elapsed time: 0 h 2 m 34 s
2024-10-22 11:38:44,490 - Timer - INFO - Elapsed time: 0 h 2 m 35 s
2024-10-22 11:38:45,495 - Timer - INFO - Elapsed time: 0 h 2 m 36 s
2024-10-22 11:38:46,501 - Timer - INFO - Elapsed time: 0 h 2 m 37 s
2024-10-22 11:38:47,506 - Timer - INFO - Elapsed time: 0 h 2 m 38 s
2024-10-22 11:38:48,510 - Timer - INFO - Elapsed time: 0 h 2 m 39 s
2024-10-22 11:38:49,516 - Timer - INFO - Elapsed time: 0 h 2 m 40 s
2024-10-22 11:38:50,522 - Timer - INFO - Elapsed time: 0 h 2 m 41 s
2024-10-22 11:38:51,527 - Timer - INFO - Elapsed time: 0 h 2 m 42 s
2024-10-22 11:38:52,533 - Timer - INFO - Elapsed time: 0 h 2 m 43 s
2024-10-22 11:38:53,536 - Timer - INFO - Elapsed time: 0 h 2 m 44 s
2024-10-22 11:38:54,541 - Timer - INFO - Elapsed time: 0 h 2 m 45 s
2024-10-22 11:38:55,547 - Timer - INFO - Elapsed time: 0 h 2 m 46 s
2024-10-22 11:38:56,552 - Timer - INFO - Elapsed time: 0 h 2 m 47 s
2024-10-22 11:38:57,558 - Timer - INFO - Elapsed time: 0 h 2 m 48 s
2024-10-22 11:38:58,563 - Timer - INFO - Elapsed time: 0 h 2 m 49 s
2024-10-22 11:38:59,594 - Timer - INFO - Elapsed time: 0 h 2 m 50 s
2024-10-22 11:39:00,599 - Timer - INFO - Elapsed time: 0 h 2 m 51 s
2024-10-22 11:39:01,605 - Timer - INFO - Elapsed time: 0 h 2 m 52 s
2024-10-22 11:39:02,610 - Timer - INFO - Elapsed time: 0 h 2 m 53 s
2024-10-22 11:39:03,616 - Timer - INFO - Elapsed time: 0 h 2 m 54 s
2024-10-22 11:39:04,621 - Timer - INFO - Elapsed time: 0 h 2 m 55 s
2024-10-22 11:39:05,627 - Timer - INFO - Elapsed time: 0 h 2 m 56 s
2024-10-22 11:39:06,632 - Timer - INFO - Elapsed time: 0 h 2 m 57 s
2024-10-22 11:39:07,638 - Timer - INFO - Elapsed time: 0 h 2 m 58 s
2024-10-22 11:39:08,643 - Timer - INFO - Elapsed time: 0 h 2 m 59 s
2024-10-22 11:39:09,649 - Timer - INFO - Elapsed time: 0 h 3 m 0 s
2024-10-22 11:39:10,654 - Timer - INFO - Elapsed time: 0 h 3 m 1 s
2024-10-22 11:39:11,660 - Timer - INFO - Elapsed time: 0 h 3 m 2 s
2024-10-22 11:39:12,665 - Timer - INFO - Elapsed time: 0 h 3 m 3 s
2024-10-22 11:39:13,671 - Timer - INFO - Elapsed time: 0 h 3 m 4 s
2024-10-22 11:39:14,676 - Timer - INFO - Elapsed time: 0 h 3 m 5 s
2024-10-22 11:39:15,682 - Timer - INFO - Elapsed time: 0 h 3 m 6 s
2024-10-22 11:39:16,688 - Timer - INFO - Elapsed time: 0 h 3 m 7 s
2024-10-22 11:39:17,693 - Timer - INFO - Elapsed time: 0 h 3 m 8 s
2024-10-22 11:39:18,699 - Timer - INFO - Elapsed time: 0 h 3 m 10 s
2024-10-22 11:39:19,704 - Timer - INFO - Elapsed time: 0 h 3 m 11 s
2024-10-22 11:39:20,705 - Timer - INFO - Elapsed time: 0 h 3 m 12 s
2024-10-22 11:39:21,711 - Timer - INFO - Elapsed time: 0 h 3 m 13 s
2024-10-22 11:39:22,716 - Timer - INFO - Elapsed time: 0 h 3 m 14 s
2024-10-22 11:39:23,722 - Timer - INFO - Elapsed time: 0 h 3 m 15 s
2024-10-22 11:39:24,727 - Timer - INFO - Elapsed time: 0 h 3 m 16 s
2024-10-22 11:39:25,732 - Timer - INFO - Elapsed time: 0 h 3 m 17 s
2024-10-22 11:39:26,738 - Timer - INFO - Elapsed time: 0 h 3 m 18 s
2024-10-22 11:39:27,743 - Timer - INFO - Elapsed time: 0 h 3 m 19 s
2024-10-22 11:39:28,749 - Timer - INFO - Elapsed time: 0 h 3 m 20 s
2024-10-22 11:39:29,755 - Timer - INFO - Elapsed time: 0 h 3 m 21 s
2024-10-22 11:39:30,756 - Timer - INFO - Elapsed time: 0 h 3 m 22 s
2024-10-22 11:39:31,762 - Timer - INFO - Elapsed time: 0 h 3 m 23 s
2024-10-22 11:39:32,767 - Timer - INFO - Elapsed time: 0 h 3 m 24 s
2024-10-22 11:39:33,773 - Timer - INFO - Elapsed time: 0 h 3 m 25 s
2024-10-22 11:39:34,778 - Timer - INFO - Elapsed time: 0 h 3 m 26 s
2024-10-22 11:39:35,784 - Timer - INFO - Elapsed time: 0 h 3 m 27 s
2024-10-22 11:39:36,789 - Timer - INFO - Elapsed time: 0 h 3 m 28 s
2024-10-22 11:39:37,792 - Timer - INFO - Elapsed time: 0 h 3 m 29 s
2024-10-22 11:39:38,793 - Timer - INFO - Elapsed time: 0 h 3 m 30 s
2024-10-22 11:39:39,799 - Timer - INFO - Elapsed time: 0 h 3 m 31 s
2024-10-22 11:39:40,805 - Timer - INFO - Elapsed time: 0 h 3 m 32 s
2024-10-22 11:39:41,810 - Timer - INFO - Elapsed time: 0 h 3 m 33 s
2024-10-22 11:39:42,816 - Timer - INFO - Elapsed time: 0 h 3 m 34 s
2024-10-22 11:39:43,821 - Timer - INFO - Elapsed time: 0 h 3 m 35 s
2024-10-22 11:39:44,827 - Timer - INFO - Elapsed time: 0 h 3 m 36 s
2024-10-22 11:39:45,832 - Timer - INFO - Elapsed time: 0 h 3 m 37 s
2024-10-22 11:39:46,838 - Timer - INFO - Elapsed time: 0 h 3 m 38 s
2024-10-22 11:39:47,843 - Timer - INFO - Elapsed time: 0 h 3 m 39 s
2024-10-22 11:39:48,849 - Timer - INFO - Elapsed time: 0 h 3 m 40 s
2024-10-22 11:39:49,854 - Timer - INFO - Elapsed time: 0 h 3 m 41 s
2024-10-22 11:39:50,860 - Timer - INFO - Elapsed time: 0 h 3 m 42 s
2024-10-22 11:39:51,865 - Timer - INFO - Elapsed time: 0 h 3 m 43 s
2024-10-22 11:39:52,871 - Timer - INFO - Elapsed time: 0 h 3 m 44 s
2024-10-22 11:39:53,877 - Timer - INFO - Elapsed time: 0 h 3 m 45 s
2024-10-22 11:39:54,882 - Timer - INFO - Elapsed time: 0 h 3 m 46 s
2024-10-22 11:39:55,888 - Timer - INFO - Elapsed time: 0 h 3 m 47 s
2024-10-22 11:39:56,893 - Timer - INFO - Elapsed time: 0 h 3 m 48 s
2024-10-22 11:39:57,899 - Timer - INFO - Elapsed time: 0 h 3 m 49 s
2024-10-22 11:39:58,904 - Timer - INFO - Elapsed time: 0 h 3 m 50 s
2024-10-22 11:39:59,906 - Timer - INFO - Elapsed time: 0 h 3 m 51 s
2024-10-22 11:40:00,911 - Timer - INFO - Elapsed time: 0 h 3 m 52 s
2024-10-22 11:40:01,917 - Timer - INFO - Elapsed time: 0 h 3 m 53 s
2024-10-22 11:40:02,922 - Timer - INFO - Elapsed time: 0 h 3 m 54 s
2024-10-22 11:40:03,928 - Timer - INFO - Elapsed time: 0 h 3 m 55 s
2024-10-22 11:40:04,934 - Timer - INFO - Elapsed time: 0 h 3 m 56 s
2024-10-22 11:40:05,939 - Timer - INFO - Elapsed time: 0 h 3 m 57 s
2024-10-22 11:40:06,945 - Timer - INFO - Elapsed time: 0 h 3 m 58 s
2024-10-22 11:40:07,950 - Timer - INFO - Elapsed time: 0 h 3 m 59 s
2024-10-22 11:40:08,956 - Timer - INFO - Elapsed time: 0 h 4 m 0 s
2024-10-22 11:40:09,962 - Timer - INFO - Elapsed time: 0 h 4 m 1 s
2024-10-22 11:40:10,967 - Timer - INFO - Elapsed time: 0 h 4 m 2 s
2024-10-22 11:40:11,973 - Timer - INFO - Elapsed time: 0 h 4 m 3 s
2024-10-22 11:40:12,976 - Timer - INFO - Elapsed time: 0 h 4 m 4 s
2024-10-22 11:40:13,982 - Timer - INFO - Elapsed time: 0 h 4 m 5 s
2024-10-22 11:40:14,982 - Timer - INFO - Elapsed time: 0 h 4 m 6 s
2024-10-22 11:40:15,988 - Timer - INFO - Elapsed time: 0 h 4 m 7 s
2024-10-22 11:40:16,994 - Timer - INFO - Elapsed time: 0 h 4 m 8 s
2024-10-22 11:40:17,998 - Timer - INFO - Elapsed time: 0 h 4 m 9 s
2024-10-22 11:40:19,004 - Timer - INFO - Elapsed time: 0 h 4 m 10 s
2024-10-22 11:40:20,010 - Timer - INFO - Elapsed time: 0 h 4 m 11 s
2024-10-22 11:40:21,010 - Timer - INFO - Elapsed time: 0 h 4 m 12 s
2024-10-22 11:40:22,016 - Timer - INFO - Elapsed time: 0 h 4 m 13 s
2024-10-22 11:40:23,022 - Timer - INFO - Elapsed time: 0 h 4 m 14 s
2024-10-22 11:40:24,025 - Timer - INFO - Elapsed time: 0 h 4 m 15 s
2024-10-22 11:40:25,028 - Timer - INFO - Elapsed time: 0 h 4 m 16 s
2024-10-22 11:40:26,033 - Timer - INFO - Elapsed time: 0 h 4 m 17 s
2024-10-22 11:40:27,039 - Timer - INFO - Elapsed time: 0 h 4 m 18 s
2024-10-22 11:40:28,044 - Timer - INFO - Elapsed time: 0 h 4 m 19 s
2024-10-22 11:40:29,050 - Timer - INFO - Elapsed time: 0 h 4 m 20 s
2024-10-22 11:40:30,055 - Timer - INFO - Elapsed time: 0 h 4 m 21 s
2024-10-22 11:40:31,061 - Timer - INFO - Elapsed time: 0 h 4 m 22 s
2024-10-22 11:40:32,066 - Timer - INFO - Elapsed time: 0 h 4 m 23 s
2024-10-22 11:40:33,069 - Timer - INFO - Elapsed time: 0 h 4 m 24 s
2024-10-22 11:40:34,075 - Timer - INFO - Elapsed time: 0 h 4 m 25 s
2024-10-22 11:40:35,080 - Timer - INFO - Elapsed time: 0 h 4 m 26 s
2024-10-22 11:40:36,086 - Timer - INFO - Elapsed time: 0 h 4 m 27 s
2024-10-22 11:40:37,092 - Timer - INFO - Elapsed time: 0 h 4 m 28 s
2024-10-22 11:40:38,097 - Timer - INFO - Elapsed time: 0 h 4 m 29 s
2024-10-22 11:40:39,103 - Timer - INFO - Elapsed time: 0 h 4 m 30 s
2024-10-22 11:40:40,108 - Timer - INFO - Elapsed time: 0 h 4 m 31 s
2024-10-22 11:40:41,112 - Timer - INFO - Elapsed time: 0 h 4 m 32 s
2024-10-22 11:40:42,113 - Timer - INFO - Elapsed time: 0 h 4 m 33 s
2024-10-22 11:40:43,119 - Timer - INFO - Elapsed time: 0 h 4 m 34 s
2024-10-22 11:40:44,124 - Timer - INFO - Elapsed time: 0 h 4 m 35 s
2024-10-22 11:40:45,130 - Timer - INFO - Elapsed time: 0 h 4 m 36 s
2024-10-22 11:40:46,135 - Timer - INFO - Elapsed time: 0 h 4 m 37 s
2024-10-22 11:40:47,141 - Timer - INFO - Elapsed time: 0 h 4 m 38 s
2024-10-22 11:40:48,146 - Timer - INFO - Elapsed time: 0 h 4 m 39 s
2024-10-22 11:40:49,152 - Timer - INFO - Elapsed time: 0 h 4 m 40 s
2024-10-22 11:40:50,157 - Timer - INFO - Elapsed time: 0 h 4 m 41 s
2024-10-22 11:40:51,158 - Timer - INFO - Elapsed time: 0 h 4 m 42 s
2024-10-22 11:40:52,162 - Timer - INFO - Elapsed time: 0 h 4 m 43 s
2024-10-22 11:40:53,168 - Timer - INFO - Elapsed time: 0 h 4 m 44 s
2024-10-22 11:40:54,170 - Timer - INFO - Elapsed time: 0 h 4 m 45 s
2024-10-22 11:40:55,176 - Timer - INFO - Elapsed time: 0 h 4 m 46 s
2024-10-22 11:40:56,181 - Timer - INFO - Elapsed time: 0 h 4 m 47 s
2024-10-22 11:40:57,182 - Timer - INFO - Elapsed time: 0 h 4 m 48 s
2024-10-22 11:40:58,188 - Timer - INFO - Elapsed time: 0 h 4 m 49 s
2024-10-22 11:40:59,192 - Timer - INFO - Elapsed time: 0 h 4 m 50 s
2024-10-22 11:41:00,198 - Timer - INFO - Elapsed time: 0 h 4 m 51 s
2024-10-22 11:41:01,198 - Timer - INFO - Elapsed time: 0 h 4 m 52 s
2024-10-22 11:41:02,204 - Timer - INFO - Elapsed time: 0 h 4 m 53 s
2024-10-22 11:41:03,210 - Timer - INFO - Elapsed time: 0 h 4 m 54 s
2024-10-22 11:41:04,214 - Timer - INFO - Elapsed time: 0 h 4 m 55 s
2024-10-22 11:41:05,220 - Timer - INFO - Elapsed time: 0 h 4 m 56 s
2024-10-22 11:41:06,225 - Timer - INFO - Elapsed time: 0 h 4 m 57 s
2024-10-22 11:41:07,230 - Timer - INFO - Elapsed time: 0 h 4 m 58 s
2024-10-22 11:41:08,236 - Timer - INFO - Elapsed time: 0 h 4 m 59 s
2024-10-22 11:41:09,242 - Timer - INFO - Elapsed time: 0 h 5 m 0 s
2024-10-22 11:41:10,247 - Timer - INFO - Elapsed time: 0 h 5 m 1 s
2024-10-22 11:41:11,253 - Timer - INFO - Elapsed time: 0 h 5 m 2 s
2024-10-22 11:41:12,256 - Timer - INFO - Elapsed time: 0 h 5 m 3 s
2024-10-22 11:41:13,261 - Timer - INFO - Elapsed time: 0 h 5 m 4 s
2024-10-22 11:41:14,267 - Timer - INFO - Elapsed time: 0 h 5 m 5 s
2024-10-22 11:41:15,272 - Timer - INFO - Elapsed time: 0 h 5 m 6 s
2024-10-22 11:41:16,278 - Timer - INFO - Elapsed time: 0 h 5 m 7 s
2024-10-22 11:41:17,283 - Timer - INFO - Elapsed time: 0 h 5 m 8 s
2024-10-22 11:41:18,289 - Timer - INFO - Elapsed time: 0 h 5 m 9 s
2024-10-22 11:41:19,294 - Timer - INFO - Elapsed time: 0 h 5 m 10 s
2024-10-22 11:41:20,296 - Timer - INFO - Elapsed time: 0 h 5 m 11 s
2024-10-22 11:41:21,302 - Timer - INFO - Elapsed time: 0 h 5 m 12 s
2024-10-22 11:41:22,307 - Timer - INFO - Elapsed time: 0 h 5 m 13 s
2024-10-22 11:41:23,313 - Timer - INFO - Elapsed time: 0 h 5 m 14 s
2024-10-22 11:41:24,318 - Timer - INFO - Elapsed time: 0 h 5 m 15 s
2024-10-22 11:41:25,324 - Timer - INFO - Elapsed time: 0 h 5 m 16 s
2024-10-22 11:41:26,329 - Timer - INFO - Elapsed time: 0 h 5 m 17 s
2024-10-22 11:41:27,335 - Timer - INFO - Elapsed time: 0 h 5 m 18 s
2024-10-22 11:41:28,338 - Timer - INFO - Elapsed time: 0 h 5 m 19 s
2024-10-22 11:41:29,343 - Timer - INFO - Elapsed time: 0 h 5 m 20 s
2024-10-22 11:41:30,347 - Timer - INFO - Elapsed time: 0 h 5 m 21 s
2024-10-22 11:41:31,353 - Timer - INFO - Elapsed time: 0 h 5 m 22 s
2024-10-22 11:41:32,358 - Timer - INFO - Elapsed time: 0 h 5 m 23 s
2024-10-22 11:41:33,364 - Timer - INFO - Elapsed time: 0 h 5 m 24 s
2024-10-22 11:41:34,370 - Timer - INFO - Elapsed time: 0 h 5 m 25 s
2024-10-22 11:41:35,375 - Timer - INFO - Elapsed time: 0 h 5 m 26 s
2024-10-22 11:41:36,381 - Timer - INFO - Elapsed time: 0 h 5 m 27 s
2024-10-22 11:41:37,386 - Timer - INFO - Elapsed time: 0 h 5 m 28 s
2024-10-22 11:41:38,392 - Timer - INFO - Elapsed time: 0 h 5 m 29 s
2024-10-22 11:41:39,397 - Timer - INFO - Elapsed time: 0 h 5 m 30 s
2024-10-22 11:41:40,403 - Timer - INFO - Elapsed time: 0 h 5 m 31 s
2024-10-22 11:41:41,408 - Timer - INFO - Elapsed time: 0 h 5 m 32 s
2024-10-22 11:41:42,412 - Timer - INFO - Elapsed time: 0 h 5 m 33 s
2024-10-22 11:41:43,418 - Timer - INFO - Elapsed time: 0 h 5 m 34 s
2024-10-22 11:41:44,421 - Timer - INFO - Elapsed time: 0 h 5 m 35 s
2024-10-22 11:41:45,426 - Timer - INFO - Elapsed time: 0 h 5 m 36 s
2024-10-22 11:41:46,431 - Timer - INFO - Elapsed time: 0 h 5 m 37 s
2024-10-22 11:41:47,437 - Timer - INFO - Elapsed time: 0 h 5 m 38 s
2024-10-22 11:41:48,442 - Timer - INFO - Elapsed time: 0 h 5 m 39 s
2024-10-22 11:41:49,448 - Timer - INFO - Elapsed time: 0 h 5 m 40 s
2024-10-22 11:41:50,453 - Timer - INFO - Elapsed time: 0 h 5 m 41 s
2024-10-22 11:41:51,459 - Timer - INFO - Elapsed time: 0 h 5 m 42 s
2024-10-22 11:41:52,464 - Timer - INFO - Elapsed time: 0 h 5 m 43 s
2024-10-22 11:41:53,470 - Timer - INFO - Elapsed time: 0 h 5 m 44 s
2024-10-22 11:41:54,475 - Timer - INFO - Elapsed time: 0 h 5 m 45 s
2024-10-22 11:41:55,481 - Timer - INFO - Elapsed time: 0 h 5 m 46 s
2024-10-22 11:41:56,487 - Timer - INFO - Elapsed time: 0 h 5 m 47 s
2024-10-22 11:41:57,491 - Timer - INFO - Elapsed time: 0 h 5 m 48 s
2024-10-22 11:41:58,497 - Timer - INFO - Elapsed time: 0 h 5 m 49 s
2024-10-22 11:41:59,502 - Timer - INFO - Elapsed time: 0 h 5 m 50 s
2024-10-22 11:42:00,508 - Timer - INFO - Elapsed time: 0 h 5 m 51 s
2024-10-22 11:42:01,513 - Timer - INFO - Elapsed time: 0 h 5 m 52 s
2024-10-22 11:42:02,514 - Timer - INFO - Elapsed time: 0 h 5 m 53 s
2024-10-22 11:42:03,520 - Timer - INFO - Elapsed time: 0 h 5 m 54 s
2024-10-22 11:42:04,526 - Timer - INFO - Elapsed time: 0 h 5 m 55 s
2024-10-22 11:42:05,531 - Timer - INFO - Elapsed time: 0 h 5 m 56 s
2024-10-22 11:42:06,535 - Timer - INFO - Elapsed time: 0 h 5 m 57 s
2024-10-22 11:42:07,540 - Timer - INFO - Elapsed time: 0 h 5 m 58 s
2024-10-22 11:42:08,546 - Timer - INFO - Elapsed time: 0 h 5 m 59 s
2024-10-22 11:42:09,550 - Timer - INFO - Elapsed time: 0 h 6 m 0 s
2024-10-22 11:42:10,556 - Timer - INFO - Elapsed time: 0 h 6 m 1 s
2024-10-22 11:42:11,561 - Timer - INFO - Elapsed time: 0 h 6 m 2 s
2024-10-22 11:42:12,562 - Timer - INFO - Elapsed time: 0 h 6 m 3 s
2024-10-22 11:42:13,568 - Timer - INFO - Elapsed time: 0 h 6 m 4 s
2024-10-22 11:42:14,570 - Timer - INFO - Elapsed time: 0 h 6 m 5 s
2024-10-22 11:42:15,576 - Timer - INFO - Elapsed time: 0 h 6 m 6 s
2024-10-22 11:42:16,581 - Timer - INFO - Elapsed time: 0 h 6 m 7 s
2024-10-22 11:42:17,587 - Timer - INFO - Elapsed time: 0 h 6 m 8 s
2024-10-22 11:42:18,592 - Timer - INFO - Elapsed time: 0 h 6 m 9 s
2024-10-22 11:42:19,597 - Timer - INFO - Elapsed time: 0 h 6 m 10 s
2024-10-22 11:42:20,603 - Timer - INFO - Elapsed time: 0 h 6 m 11 s
2024-10-22 11:42:21,605 - Timer - INFO - Elapsed time: 0 h 6 m 12 s
2024-10-22 11:42:22,611 - Timer - INFO - Elapsed time: 0 h 6 m 13 s
2024-10-22 11:42:23,616 - Timer - INFO - Elapsed time: 0 h 6 m 14 s
2024-10-22 11:42:24,620 - Timer - INFO - Elapsed time: 0 h 6 m 15 s
2024-10-22 11:42:25,625 - Timer - INFO - Elapsed time: 0 h 6 m 16 s
2024-10-22 11:42:26,630 - Timer - INFO - Elapsed time: 0 h 6 m 17 s
2024-10-22 11:42:27,632 - Timer - INFO - Elapsed time: 0 h 6 m 18 s
2024-10-22 11:42:28,636 - Timer - INFO - Elapsed time: 0 h 6 m 19 s
2024-10-22 11:42:29,642 - Timer - INFO - Elapsed time: 0 h 6 m 20 s
2024-10-22 11:42:30,647 - Timer - INFO - Elapsed time: 0 h 6 m 21 s
2024-10-22 11:42:31,653 - Timer - INFO - Elapsed time: 0 h 6 m 22 s
2024-10-22 11:42:32,655 - Timer - INFO - Elapsed time: 0 h 6 m 23 s
2024-10-22 11:42:33,658 - Timer - INFO - Elapsed time: 0 h 6 m 24 s
2024-10-22 11:42:34,663 - Timer - INFO - Elapsed time: 0 h 6 m 25 s
2024-10-22 11:42:35,669 - Timer - INFO - Elapsed time: 0 h 6 m 26 s
2024-10-22 11:42:36,672 - Timer - INFO - Elapsed time: 0 h 6 m 27 s
2024-10-22 11:42:37,678 - Timer - INFO - Elapsed time: 0 h 6 m 28 s
2024-10-22 11:42:38,683 - Timer - INFO - Elapsed time: 0 h 6 m 29 s
2024-10-22 11:42:39,688 - Timer - INFO - Elapsed time: 0 h 6 m 30 s
2024-10-22 11:42:40,694 - Timer - INFO - Elapsed time: 0 h 6 m 31 s
2024-10-22 11:42:41,700 - Timer - INFO - Elapsed time: 0 h 6 m 33 s
2024-10-22 11:42:42,705 - Timer - INFO - Elapsed time: 0 h 6 m 34 s
2024-10-22 11:42:43,711 - Timer - INFO - Elapsed time: 0 h 6 m 35 s
2024-10-22 11:42:44,716 - Timer - INFO - Elapsed time: 0 h 6 m 36 s
2024-10-22 11:42:45,722 - Timer - INFO - Elapsed time: 0 h 6 m 37 s
2024-10-22 11:42:46,724 - Timer - INFO - Elapsed time: 0 h 6 m 38 s
2024-10-22 11:42:47,730 - Timer - INFO - Elapsed time: 0 h 6 m 39 s
2024-10-22 11:42:48,736 - Timer - INFO - Elapsed time: 0 h 6 m 40 s
2024-10-22 11:42:49,738 - Timer - INFO - Elapsed time: 0 h 6 m 41 s
2024-10-22 11:42:50,741 - Timer - INFO - Elapsed time: 0 h 6 m 42 s
2024-10-22 11:42:51,745 - Timer - INFO - Elapsed time: 0 h 6 m 43 s
2024-10-22 11:42:52,746 - Timer - INFO - Elapsed time: 0 h 6 m 44 s
2024-10-22 11:42:53,752 - Timer - INFO - Elapsed time: 0 h 6 m 45 s
2024-10-22 11:42:54,758 - Timer - INFO - Elapsed time: 0 h 6 m 46 s
2024-10-22 11:42:55,760 - Timer - INFO - Elapsed time: 0 h 6 m 47 s
2024-10-22 11:42:56,766 - Timer - INFO - Elapsed time: 0 h 6 m 48 s
2024-10-22 11:42:57,771 - Timer - INFO - Elapsed time: 0 h 6 m 49 s
2024-10-22 11:42:58,777 - Timer - INFO - Elapsed time: 0 h 6 m 50 s
2024-10-22 11:42:59,783 - Timer - INFO - Elapsed time: 0 h 6 m 51 s
2024-10-22 11:43:00,786 - Timer - INFO - Elapsed time: 0 h 6 m 52 s
2024-10-22 11:43:01,791 - Timer - INFO - Elapsed time: 0 h 6 m 53 s
2024-10-22 11:43:02,796 - Timer - INFO - Elapsed time: 0 h 6 m 54 s
2024-10-22 11:43:03,802 - Timer - INFO - Elapsed time: 0 h 6 m 55 s
2024-10-22 11:43:04,807 - Timer - INFO - Elapsed time: 0 h 6 m 56 s
2024-10-22 11:43:05,813 - Timer - INFO - Elapsed time: 0 h 6 m 57 s
2024-10-22 11:43:06,818 - Timer - INFO - Elapsed time: 0 h 6 m 58 s
2024-10-22 11:43:07,824 - Timer - INFO - Elapsed time: 0 h 6 m 59 s
2024-10-22 11:43:08,830 - Timer - INFO - Elapsed time: 0 h 7 m 0 s
2024-10-22 11:43:09,835 - Timer - INFO - Elapsed time: 0 h 7 m 1 s
2024-10-22 11:43:10,841 - Timer - INFO - Elapsed time: 0 h 7 m 2 s
2024-10-22 11:43:11,846 - Timer - INFO - Elapsed time: 0 h 7 m 3 s
2024-10-22 11:43:12,852 - Timer - INFO - Elapsed time: 0 h 7 m 4 s
2024-10-22 11:43:13,857 - Timer - INFO - Elapsed time: 0 h 7 m 5 s
2024-10-22 11:43:14,863 - Timer - INFO - Elapsed time: 0 h 7 m 6 s
2024-10-22 11:43:15,868 - Timer - INFO - Elapsed time: 0 h 7 m 7 s
2024-10-22 11:43:16,874 - Timer - INFO - Elapsed time: 0 h 7 m 8 s
2024-10-22 11:43:17,879 - Timer - INFO - Elapsed time: 0 h 7 m 9 s
2024-10-22 11:43:18,884 - Timer - INFO - Elapsed time: 0 h 7 m 10 s
2024-10-22 11:43:19,888 - Timer - INFO - Elapsed time: 0 h 7 m 11 s
2024-10-22 11:43:20,893 - Timer - INFO - Elapsed time: 0 h 7 m 12 s
2024-10-22 11:43:21,898 - Timer - INFO - Elapsed time: 0 h 7 m 13 s
2024-10-22 11:43:22,904 - Timer - INFO - Elapsed time: 0 h 7 m 14 s
2024-10-22 11:43:23,909 - Timer - INFO - Elapsed time: 0 h 7 m 15 s
2024-10-22 11:43:24,915 - Timer - INFO - Elapsed time: 0 h 7 m 16 s
2024-10-22 11:43:25,921 - Timer - INFO - Elapsed time: 0 h 7 m 17 s
2024-10-22 11:43:26,926 - Timer - INFO - Elapsed time: 0 h 7 m 18 s
2024-10-22 11:43:27,931 - Timer - INFO - Elapsed time: 0 h 7 m 19 s
2024-10-22 11:43:28,937 - Timer - INFO - Elapsed time: 0 h 7 m 20 s
2024-10-22 11:43:29,942 - Timer - INFO - Elapsed time: 0 h 7 m 21 s
2024-10-22 11:43:30,948 - Timer - INFO - Elapsed time: 0 h 7 m 22 s
2024-10-22 11:43:31,954 - Timer - INFO - Elapsed time: 0 h 7 m 23 s
2024-10-22 11:43:32,959 - Timer - INFO - Elapsed time: 0 h 7 m 24 s
2024-10-22 11:43:33,965 - Timer - INFO - Elapsed time: 0 h 7 m 25 s
2024-10-22 11:43:34,970 - Timer - INFO - Elapsed time: 0 h 7 m 26 s
2024-10-22 11:43:35,976 - Timer - INFO - Elapsed time: 0 h 7 m 27 s
2024-10-22 11:43:36,982 - Timer - INFO - Elapsed time: 0 h 7 m 28 s
2024-10-22 11:43:37,987 - Timer - INFO - Elapsed time: 0 h 7 m 29 s
2024-10-22 11:43:38,993 - Timer - INFO - Elapsed time: 0 h 7 m 30 s
2024-10-22 11:43:39,998 - Timer - INFO - Elapsed time: 0 h 7 m 31 s
2024-10-22 11:43:41,004 - Timer - INFO - Elapsed time: 0 h 7 m 32 s
2024-10-22 11:43:42,009 - Timer - INFO - Elapsed time: 0 h 7 m 33 s
2024-10-22 11:43:43,015 - Timer - INFO - Elapsed time: 0 h 7 m 34 s
2024-10-22 11:43:44,020 - Timer - INFO - Elapsed time: 0 h 7 m 35 s
2024-10-22 11:43:45,026 - Timer - INFO - Elapsed time: 0 h 7 m 36 s
2024-10-22 11:43:46,031 - Timer - INFO - Elapsed time: 0 h 7 m 37 s
2024-10-22 11:43:47,036 - Timer - INFO - Elapsed time: 0 h 7 m 38 s
2024-10-22 11:43:48,037 - Timer - INFO - Elapsed time: 0 h 7 m 39 s
2024-10-22 11:43:49,043 - Timer - INFO - Elapsed time: 0 h 7 m 40 s
2024-10-22 11:43:50,049 - Timer - INFO - Elapsed time: 0 h 7 m 41 s
2024-10-22 11:43:51,054 - Timer - INFO - Elapsed time: 0 h 7 m 42 s
2024-10-22 11:43:52,060 - Timer - INFO - Elapsed time: 0 h 7 m 43 s
2024-10-22 11:43:53,065 - Timer - INFO - Elapsed time: 0 h 7 m 44 s
2024-10-22 11:43:54,071 - Timer - INFO - Elapsed time: 0 h 7 m 45 s
2024-10-22 11:43:55,076 - Timer - INFO - Elapsed time: 0 h 7 m 46 s
2024-10-22 11:43:56,082 - Timer - INFO - Elapsed time: 0 h 7 m 47 s
2024-10-22 11:43:57,088 - Timer - INFO - Elapsed time: 0 h 7 m 48 s
2024-10-22 11:43:58,093 - Timer - INFO - Elapsed time: 0 h 7 m 49 s
2024-10-22 11:43:59,099 - Timer - INFO - Elapsed time: 0 h 7 m 50 s
2024-10-22 11:44:00,104 - Timer - INFO - Elapsed time: 0 h 7 m 51 s
2024-10-22 11:44:01,110 - Timer - INFO - Elapsed time: 0 h 7 m 52 s
2024-10-22 11:44:02,112 - Timer - INFO - Elapsed time: 0 h 7 m 53 s
2024-10-22 11:44:03,114 - Timer - INFO - Elapsed time: 0 h 7 m 54 s
2024-10-22 11:44:04,120 - Timer - INFO - Elapsed time: 0 h 7 m 55 s
2024-10-22 11:44:05,126 - Timer - INFO - Elapsed time: 0 h 7 m 56 s
2024-10-22 11:44:06,131 - Timer - INFO - Elapsed time: 0 h 7 m 57 s
2024-10-22 11:44:07,137 - Timer - INFO - Elapsed time: 0 h 7 m 58 s
2024-10-22 11:44:08,142 - Timer - INFO - Elapsed time: 0 h 7 m 59 s
2024-10-22 11:44:09,148 - Timer - INFO - Elapsed time: 0 h 8 m 0 s
2024-10-22 11:44:10,154 - Timer - INFO - Elapsed time: 0 h 8 m 1 s
2024-10-22 11:44:11,159 - Timer - INFO - Elapsed time: 0 h 8 m 2 s
2024-10-22 11:44:12,165 - Timer - INFO - Elapsed time: 0 h 8 m 3 s
2024-10-22 11:44:13,170 - Timer - INFO - Elapsed time: 0 h 8 m 4 s
2024-10-22 11:44:14,175 - Timer - INFO - Elapsed time: 0 h 8 m 5 s
2024-10-22 11:44:15,180 - Timer - INFO - Elapsed time: 0 h 8 m 6 s
2024-10-22 11:44:16,186 - Timer - INFO - Elapsed time: 0 h 8 m 7 s
2024-10-22 11:44:17,191 - Timer - INFO - Elapsed time: 0 h 8 m 8 s
2024-10-22 11:44:18,196 - Timer - INFO - Elapsed time: 0 h 8 m 9 s
2024-10-22 11:44:19,201 - Timer - INFO - Elapsed time: 0 h 8 m 10 s
2024-10-22 11:44:20,207 - Timer - INFO - Elapsed time: 0 h 8 m 11 s
2024-10-22 11:44:21,212 - Timer - INFO - Elapsed time: 0 h 8 m 12 s
2024-10-22 11:44:22,218 - Timer - INFO - Elapsed time: 0 h 8 m 13 s
2024-10-22 11:44:23,224 - Timer - INFO - Elapsed time: 0 h 8 m 14 s
2024-10-22 11:44:24,229 - Timer - INFO - Elapsed time: 0 h 8 m 15 s
2024-10-22 11:44:25,235 - Timer - INFO - Elapsed time: 0 h 8 m 16 s
2024-10-22 11:44:26,240 - Timer - INFO - Elapsed time: 0 h 8 m 17 s
2024-10-22 11:44:27,246 - Timer - INFO - Elapsed time: 0 h 8 m 18 s
2024-10-22 11:44:28,251 - Timer - INFO - Elapsed time: 0 h 8 m 19 s
2024-10-22 11:44:29,257 - Timer - INFO - Elapsed time: 0 h 8 m 20 s
2024-10-22 11:44:30,263 - Timer - INFO - Elapsed time: 0 h 8 m 21 s
2024-10-22 11:44:31,268 - Timer - INFO - Elapsed time: 0 h 8 m 22 s
2024-10-22 11:44:32,274 - Timer - INFO - Elapsed time: 0 h 8 m 23 s
2024-10-22 11:44:33,279 - Timer - INFO - Elapsed time: 0 h 8 m 24 s
2024-10-22 11:44:34,285 - Timer - INFO - Elapsed time: 0 h 8 m 25 s
2024-10-22 11:44:35,291 - Timer - INFO - Elapsed time: 0 h 8 m 26 s
2024-10-22 11:44:36,296 - Timer - INFO - Elapsed time: 0 h 8 m 27 s
2024-10-22 11:44:37,302 - Timer - INFO - Elapsed time: 0 h 8 m 28 s
2024-10-22 11:44:38,307 - Timer - INFO - Elapsed time: 0 h 8 m 29 s
2024-10-22 11:44:39,313 - Timer - INFO - Elapsed time: 0 h 8 m 30 s
2024-10-22 11:44:40,319 - Timer - INFO - Elapsed time: 0 h 8 m 31 s
2024-10-22 11:44:41,324 - Timer - INFO - Elapsed time: 0 h 8 m 32 s
2024-10-22 11:44:42,330 - Timer - INFO - Elapsed time: 0 h 8 m 33 s
2024-10-22 11:44:43,335 - Timer - INFO - Elapsed time: 0 h 8 m 34 s
2024-10-22 11:44:44,337 - Timer - INFO - Elapsed time: 0 h 8 m 35 s
2024-10-22 11:44:45,342 - Timer - INFO - Elapsed time: 0 h 8 m 36 s
2024-10-22 11:44:46,348 - Timer - INFO - Elapsed time: 0 h 8 m 37 s
2024-10-22 11:44:47,354 - Timer - INFO - Elapsed time: 0 h 8 m 38 s
2024-10-22 11:44:48,359 - Timer - INFO - Elapsed time: 0 h 8 m 39 s
2024-10-22 11:44:49,365 - Timer - INFO - Elapsed time: 0 h 8 m 40 s
2024-10-22 11:44:50,370 - Timer - INFO - Elapsed time: 0 h 8 m 41 s
2024-10-22 11:44:51,376 - Timer - INFO - Elapsed time: 0 h 8 m 42 s
2024-10-22 11:44:52,381 - Timer - INFO - Elapsed time: 0 h 8 m 43 s
2024-10-22 11:44:53,387 - Timer - INFO - Elapsed time: 0 h 8 m 44 s
2024-10-22 11:44:54,392 - Timer - INFO - Elapsed time: 0 h 8 m 45 s
2024-10-22 11:44:55,398 - Timer - INFO - Elapsed time: 0 h 8 m 46 s
2024-10-22 11:44:56,403 - Timer - INFO - Elapsed time: 0 h 8 m 47 s
2024-10-22 11:44:57,409 - Timer - INFO - Elapsed time: 0 h 8 m 48 s
2024-10-22 11:44:58,415 - Timer - INFO - Elapsed time: 0 h 8 m 49 s
2024-10-22 11:44:59,420 - Timer - INFO - Elapsed time: 0 h 8 m 50 s
2024-10-22 11:45:00,425 - Timer - INFO - Elapsed time: 0 h 8 m 51 s
2024-10-22 11:45:01,431 - Timer - INFO - Elapsed time: 0 h 8 m 52 s
2024-10-22 11:45:02,437 - Timer - INFO - Elapsed time: 0 h 8 m 53 s
2024-10-22 11:45:03,442 - Timer - INFO - Elapsed time: 0 h 8 m 54 s
2024-10-22 11:45:04,448 - Timer - INFO - Elapsed time: 0 h 8 m 55 s
2024-10-22 11:45:05,453 - Timer - INFO - Elapsed time: 0 h 8 m 56 s
2024-10-22 11:45:06,456 - Timer - INFO - Elapsed time: 0 h 8 m 57 s
2024-10-22 11:45:07,462 - Timer - INFO - Elapsed time: 0 h 8 m 58 s
2024-10-22 11:45:08,467 - Timer - INFO - Elapsed time: 0 h 8 m 59 s
2024-10-22 11:45:09,473 - Timer - INFO - Elapsed time: 0 h 9 m 0 s
2024-10-22 11:45:10,478 - Timer - INFO - Elapsed time: 0 h 9 m 1 s
2024-10-22 11:45:11,484 - Timer - INFO - Elapsed time: 0 h 9 m 2 s
2024-10-22 11:45:12,489 - Timer - INFO - Elapsed time: 0 h 9 m 3 s
2024-10-22 11:45:13,495 - Timer - INFO - Elapsed time: 0 h 9 m 4 s
2024-10-22 11:45:14,500 - Timer - INFO - Elapsed time: 0 h 9 m 5 s
2024-10-22 11:45:15,506 - Timer - INFO - Elapsed time: 0 h 9 m 6 s
2024-10-22 11:45:16,512 - Timer - INFO - Elapsed time: 0 h 9 m 7 s
2024-10-22 11:45:17,517 - Timer - INFO - Elapsed time: 0 h 9 m 8 s
2024-10-22 11:45:18,522 - Timer - INFO - Elapsed time: 0 h 9 m 9 s
2024-10-22 11:45:19,527 - Timer - INFO - Elapsed time: 0 h 9 m 10 s
2024-10-22 11:45:20,533 - Timer - INFO - Elapsed time: 0 h 9 m 11 s
2024-10-22 11:45:21,538 - Timer - INFO - Elapsed time: 0 h 9 m 12 s
2024-10-22 11:45:22,544 - Timer - INFO - Elapsed time: 0 h 9 m 13 s
2024-10-22 11:45:23,549 - Timer - INFO - Elapsed time: 0 h 9 m 14 s
2024-10-22 11:45:24,555 - Timer - INFO - Elapsed time: 0 h 9 m 15 s
2024-10-22 11:45:25,560 - Timer - INFO - Elapsed time: 0 h 9 m 16 s
2024-10-22 11:45:26,566 - Timer - INFO - Elapsed time: 0 h 9 m 17 s
2024-10-22 11:45:27,572 - Timer - INFO - Elapsed time: 0 h 9 m 18 s
2024-10-22 11:45:28,577 - Timer - INFO - Elapsed time: 0 h 9 m 19 s
2024-10-22 11:45:29,583 - Timer - INFO - Elapsed time: 0 h 9 m 20 s
2024-10-22 11:45:30,588 - Timer - INFO - Elapsed time: 0 h 9 m 21 s
2024-10-22 11:45:31,594 - Timer - INFO - Elapsed time: 0 h 9 m 22 s
2024-10-22 11:45:32,600 - Timer - INFO - Elapsed time: 0 h 9 m 23 s
2024-10-22 11:45:33,604 - Timer - INFO - Elapsed time: 0 h 9 m 24 s
2024-10-22 11:45:34,610 - Timer - INFO - Elapsed time: 0 h 9 m 25 s
2024-10-22 11:45:35,615 - Timer - INFO - Elapsed time: 0 h 9 m 26 s
2024-10-22 11:45:36,621 - Timer - INFO - Elapsed time: 0 h 9 m 27 s
2024-10-22 11:45:37,627 - Timer - INFO - Elapsed time: 0 h 9 m 28 s
2024-10-22 11:45:38,632 - Timer - INFO - Elapsed time: 0 h 9 m 29 s
2024-10-22 11:45:39,638 - Timer - INFO - Elapsed time: 0 h 9 m 30 s
2024-10-22 11:45:40,643 - Timer - INFO - Elapsed time: 0 h 9 m 31 s
2024-10-22 11:45:41,648 - Timer - INFO - Elapsed time: 0 h 9 m 32 s
2024-10-22 11:45:42,654 - Timer - INFO - Elapsed time: 0 h 9 m 33 s
2024-10-22 11:45:43,659 - Timer - INFO - Elapsed time: 0 h 9 m 34 s
2024-10-22 11:45:44,665 - Timer - INFO - Elapsed time: 0 h 9 m 35 s
2024-10-22 11:45:45,671 - Timer - INFO - Elapsed time: 0 h 9 m 36 s
2024-10-22 11:45:46,676 - Timer - INFO - Elapsed time: 0 h 9 m 37 s
2024-10-22 11:45:47,682 - Timer - INFO - Elapsed time: 0 h 9 m 38 s
2024-10-22 11:45:48,687 - Timer - INFO - Elapsed time: 0 h 9 m 39 s
2024-10-22 11:45:49,693 - Timer - INFO - Elapsed time: 0 h 9 m 40 s
2024-10-22 11:45:50,698 - Timer - INFO - Elapsed time: 0 h 9 m 42 s
2024-10-22 11:45:51,704 - Timer - INFO - Elapsed time: 0 h 9 m 43 s
2024-10-22 11:45:52,709 - Timer - INFO - Elapsed time: 0 h 9 m 44 s
2024-10-22 11:45:53,715 - Timer - INFO - Elapsed time: 0 h 9 m 45 s
2024-10-22 11:45:54,720 - Timer - INFO - Elapsed time: 0 h 9 m 46 s
2024-10-22 11:45:55,726 - Timer - INFO - Elapsed time: 0 h 9 m 47 s
2024-10-22 11:45:56,732 - Timer - INFO - Elapsed time: 0 h 9 m 48 s
2024-10-22 11:45:57,737 - Timer - INFO - Elapsed time: 0 h 9 m 49 s
2024-10-22 11:45:58,743 - Timer - INFO - Elapsed time: 0 h 9 m 50 s
2024-10-22 11:45:59,748 - Timer - INFO - Elapsed time: 0 h 9 m 51 s
2024-10-22 11:46:00,754 - Timer - INFO - Elapsed time: 0 h 9 m 52 s
2024-10-22 11:46:01,760 - Timer - INFO - Elapsed time: 0 h 9 m 53 s
2024-10-22 11:46:02,765 - Timer - INFO - Elapsed time: 0 h 9 m 54 s
2024-10-22 11:46:03,771 - Timer - INFO - Elapsed time: 0 h 9 m 55 s
2024-10-22 11:46:04,776 - Timer - INFO - Elapsed time: 0 h 9 m 56 s
2024-10-22 11:46:05,782 - Timer - INFO - Elapsed time: 0 h 9 m 57 s
2024-10-22 11:46:06,787 - Timer - INFO - Elapsed time: 0 h 9 m 58 s
2024-10-22 11:46:07,793 - Timer - INFO - Elapsed time: 0 h 9 m 59 s
2024-10-22 11:46:08,799 - Timer - INFO - Elapsed time: 0 h 10 m 0 s
2024-10-22 11:46:09,804 - Timer - INFO - Elapsed time: 0 h 10 m 1 s
2024-10-22 11:46:10,810 - Timer - INFO - [INFO] Waiting finished....
2024-10-22 11:46:10,810 - pylabware.connections.SerialConnection - WARNING - Command rate too high! Delaying next command for 0.5 seconds
2024-10-22 11:46:12,688 - Workflow_Config_Helper - INFO - All solids and liquids requested in sample list are in the workflow
2024-10-22 11:46:12,688 - Workflow_Config_Helper - INFO - No errors in workflow detected
2024-10-22 11:46:16,711 - pylabware.connections.SerialConnection - INFO - Creating connection object with the following settings: 
{'address': '', 'port': '/dev/ttyUSB0', 'encoding': 'UTF-8', 'command_delay': 0.5, 'receive_buffer_size': 128, 'receive_timeout': 1, 'transmit_timeout': 1, 'receiving_interval': 0.05, 'write_timeout': 0.5, 'baudrate': 9600, 'bytesize': 7, 'parity': 'E', 'stopbits': 1, 'xonxoff': False, 'rtscts': False, 'dsrdtr': False, 'inter_byte_timeout': False}
2024-10-22 11:46:16,712 - pylabware.connections.SerialConnection - INFO - Creating connection object with the following settings: 
{'address': '1', 'port': '/dev/ttyUSB1', 'encoding': 'UTF-8', 'command_delay': 0, 'receive_buffer_size': 128, 'receive_timeout': 10, 'transmit_timeout': 1, 'receiving_interval': 0.05, 'write_timeout': 0.5, 'baudrate': 9600, 'bytesize': 8, 'parity': 'N', 'stopbits': 1, 'xonxoff': False, 'rtscts': False, 'dsrdtr': False, 'inter_byte_timeout': False}
2024-10-22 11:46:16,713 - pylabware.connections.SerialConnection - INFO - Creating connection object with the following settings: 
{'address': None, 'port': '/dev/ttyUSB2', 'encoding': 'UTF-8', 'command_delay': 0.5, 'receive_buffer_size': 128, 'receive_timeout': 1, 'transmit_timeout': 1, 'receiving_interval': 0.05, 'write_timeout': 0.5, 'baudrate': 9600, 'bytesize': 8, 'parity': 'N', 'stopbits': 1, 'xonxoff': True, 'rtscts': False, 'dsrdtr': False, 'inter_byte_timeout': False, 'timeout': 0.1}
2024-10-22 11:46:16,716 - pylabware.connections.SerialConnection - INFO - Starting connection listener...
2024-10-22 11:46:16,716 - pylabware.connections.SerialConnection - INFO - Port /dev/ttyUSB2 opened.
2024-10-22 11:46:16,716 - pylabware.connections.SerialConnection - WARNING - Command rate too high! Delaying next command for 0.5 seconds
2024-10-22 11:46:17,324 - pylabware.controllers.QuantosQB1.QUANTOS - INFO - No carousel/autosampler connected
2024-10-22 11:46:17,324 - pylabware.connections.SerialConnection - WARNING - Command rate too high! Delaying next command for 0.5 seconds
2024-10-22 11:46:20,546 - RiH_Main - INFO - Connecting IKA RCT digital..
2024-10-22 11:46:20,548 - pylabware.connections.SerialConnection - INFO - Starting connection listener...
2024-10-22 11:46:20,548 - pylabware.connections.SerialConnection - INFO - Port /dev/ttyUSB0 opened.
2024-10-22 11:46:20,548 - pylabware.controllers.RCTDigitalHotplate.IKA - INFO - Opened connection.
2024-10-22 11:46:22,618 - RiH_Main - INFO - IKA RCT digital connected.
2024-10-22 11:46:24,126 - RiH_Main - INFO - Stiring velocity set to 100.
2024-10-22 11:46:25,695 - RiH_Main - INFO - Current temperature: 0.0.
2024-10-22 11:46:25,695 - RiH_Main - INFO - Connecting Pump..
2024-10-22 11:46:25,697 - pylabware.connections.SerialConnection - INFO - Starting connection listener...
2024-10-22 11:46:25,698 - pylabware.connections.SerialConnection - INFO - Port /dev/ttyUSB1 opened.
2024-10-22 11:46:25,698 - pylabware.controllers.XCalibur.DISPENSE_PUMP - INFO - Opened connection.
2024-10-22 11:46:26,254 - pylabware.controllers.XCalibur.DISPENSE_PUMP - INFO - Reply was <No error. Pump Ready.> - error free condition
2024-10-22 11:46:26,254 - RiH_Main - INFO - Pump connected.
2024-10-22 11:46:26,809 - pylabware.controllers.XCalibur.DISPENSE_PUMP - INFO - Reply was <No error. Pump Busy.> - error free condition
2024-10-22 11:46:26,809 - pylabware.controllers.XCalibur.DISPENSE_PUMP - INFO - Device initialized.
2024-10-22 11:46:26,810 - RiH_Main - INFO - Pump initialised.
2024-10-22 11:46:27,313 - RiH_Main - INFO - Checking for pump errors
2024-10-22 11:46:27,313 - pylabware.controllers.XCalibur.DISPENSE_PUMP - INFO - Reply was <No error. Pump Busy.> - error free condition
2024-10-22 11:46:27,313 - RiH_Main - INFO - Connecting to the Quantos - opening doors
2024-10-22 11:46:33,875 - RiH_Main - INFO - Quantos connected..
2024-10-22 11:46:33,875 - RiH_Main - INFO - Initialising the filter machine
2024-10-22 11:46:33,875 - RiH_Filtration_System - INFO - Initialising filtration system pump
2024-10-22 11:46:33,876 - pylabware.connections.SerialConnection - INFO - Creating connection object with the following settings: 
{'address': '1', 'port': '/dev/ttyUSB3', 'encoding': 'UTF-8', 'command_delay': 0, 'receive_buffer_size': 128, 'receive_timeout': 10, 'transmit_timeout': 1, 'receiving_interval': 0.05, 'write_timeout': 0.5, 'baudrate': 9600, 'bytesize': 8, 'parity': 'N', 'stopbits': 1, 'xonxoff': False, 'rtscts': False, 'dsrdtr': False, 'inter_byte_timeout': False}
2024-10-22 11:46:33,878 - pylabware.connections.SerialConnection - INFO - Starting connection listener...
2024-10-22 11:46:33,878 - pylabware.connections.SerialConnection - INFO - Port /dev/ttyUSB3 opened.
2024-10-22 11:46:33,878 - pylabware.controllers.XCalibur.FILT_PUMP - INFO - Opened connection.
2024-10-22 11:46:33,929 - pylabware.controllers.XCalibur.FILT_PUMP - INFO - Reply was <No error. Pump Busy.> - error free condition
2024-10-22 11:46:33,929 - pylabware.controllers.XCalibur.FILT_PUMP - INFO - Device initialized.
2024-10-22 11:46:33,980 - pylabware.controllers.XCalibur.FILT_PUMP - INFO - Reply was <No error. Pump Busy.> - error free condition
2024-10-22 11:46:34,535 - pylabware.controllers.XCalibur.FILT_PUMP - INFO - Reply was <No error. Pump Busy.> - error free condition
2024-10-22 11:46:35,090 - pylabware.controllers.XCalibur.FILT_PUMP - INFO - Reply was <No error. Pump Busy.> - error free condition
2024-10-22 11:46:35,646 - pylabware.controllers.XCalibur.FILT_PUMP - INFO - Reply was <No error. Pump Busy.> - error free condition
2024-10-22 11:46:36,201 - pylabware.controllers.XCalibur.FILT_PUMP - INFO - Reply was <No error. Pump Busy.> - error free condition
2024-10-22 11:46:36,756 - pylabware.controllers.XCalibur.FILT_PUMP - INFO - Reply was <Invalid command! Pump Ready.>
2024-10-22 11:46:36,757 - pylabware.controllers.XCalibur.FILT_PUMP - WARNING - A non-fatal error was recieved resending command - errors occured: 1
2024-10-22 11:46:36,807 - pylabware.controllers.XCalibur.FILT_PUMP - INFO - Reply was <No error. Pump Ready.> - error free condition
2024-10-22 11:46:37,363 - pylabware.controllers.XCalibur.FILT_PUMP - INFO - Reply was <No error. Pump Ready.> - error free condition
2024-10-22 11:46:37,363 - RiH_Filtration_System - INFO - Initialisng the filtration system arduino
2024-10-22 11:46:37,371 - RiH_Main - INFO - Panda robot connected to 172.16.0.2
2024-10-22 11:46:37,372 - RiH_Main - ERROR - Capper camera is not available.
