2025-04-23 17:39:39,068 - Workflow_Config_Helper - INFO - No data directory found, creating it
2025-04-23 17:39:39,068 - Workflow_Config_Helper - ERROR - No config directory found, creating empty directory and exiting
2025-04-23 17:39:39,069 - Workflow_Config_Helper - ERROR - An error occured in the dispense config [Errno 2] No such file or directory: '/home/panda1/RobInHood/workflows/setup/dispense.csv'
2025-04-23 17:55:09,059 - Workflow_Config_Helper - ERROR - An error occured in the dispense config [Errno 2] No such file or directory: '/home/panda1/RobInHood/setupdispense.csv'
2025-04-23 17:56:14,551 - Workflow_Config_Helper - ERROR - An error occured in the samples list [Errno 2] No such file or directory: '/home/panda1/RobInHood/setupsamples.csv'
2025-04-23 17:59:38,088 - Workflow_Config_Helper - INFO - All solids and liquids requested in sample list are in the workflow
2025-04-23 17:59:38,088 - Workflow_Config_Helper - INFO - No errors in workflow detected
2025-04-23 17:59:38,088 - Workflow_Config_Helper - INFO - Writing setup dictionaries
2025-04-23 17:59:38,088 - Workflow_Config_Helper - INFO - Dispense Dictionary:
2025-04-23 17:59:38,088 - Workflow_Config_Helper - INFO - {'port': {'Dispense': 1, 'Air': 2, 'Water(DI)': 3, 'None': 17, 'Waste': 6, 'NotInUse': 10, 'Acid_Dispense': 13, 'Water(DI)_acid_pump': 14, 'Acid_Air': 15, 'Acid_Waste': 18}, 'meta': {'Dispense': 'dispense', 'Air': 'dispense', 'Water(DI)': 'dispense', 'None': 'acid_dispense', 'Waste': 'dispense', 'NotInUse': 'dispense', 'Acid_Dispense': 'acid_dispense', 'Water(DI)_acid_pump': 'acid_dispense', 'Acid_Air': 'acid_dispense', 'Acid_Waste': 'acid_dispense'}}
2025-04-23 17:59:38,088 - Workflow_Config_Helper - INFO - Quantos Dictionary:
2025-04-23 17:59:38,088 - Workflow_Config_Helper - INFO - {'position': {'TT': 2}, 'meta': {'TT': 'Amine'}}
2025-04-23 17:59:38,088 - Workflow_Config_Helper - INFO - Filtration Dictionary
2025-04-23 17:59:38,088 - Workflow_Config_Helper - INFO - {'port': {'Receiving_Flask': 1, 'Priming_Waste': 2, 'Waste': 3, 'Output_Needle': 4, 'Air': 5, 'None': 12, 'Water(DI)': 7}, 'meta': {'Receiving_Flask': 'None', 'Priming_Waste': 'None', 'Waste': 'None', 'Output_Needle': 'None', 'Air': 'None', 'None': 'None', 'Water(DI)': 'None'}}
2025-04-23 17:59:42,109 - pylabware.connections.SerialConnection - INFO - Creating connection object with the following settings: 
{'address': '', 'port': '/dev/ttyUSB0', 'encoding': 'UTF-8', 'command_delay': 0.5, 'receive_buffer_size': 128, 'receive_timeout': 1, 'transmit_timeout': 1, 'receiving_interval': 0.05, 'write_timeout': 0.5, 'baudrate': 9600, 'bytesize': 7, 'parity': 'E', 'stopbits': 1, 'xonxoff': False, 'rtscts': False, 'dsrdtr': False, 'inter_byte_timeout': False}
2025-04-23 17:59:42,110 - pylabware.connections.SerialConnection - INFO - Creating connection object with the following settings: 
{'address': '1', 'port': '/dev/ttyUSB2', 'encoding': 'UTF-8', 'command_delay': 0, 'receive_buffer_size': 128, 'receive_timeout': 10, 'transmit_timeout': 1, 'receiving_interval': 0.05, 'write_timeout': 0.5, 'baudrate': 9600, 'bytesize': 8, 'parity': 'N', 'stopbits': 1, 'xonxoff': False, 'rtscts': False, 'dsrdtr': False, 'inter_byte_timeout': False}
2025-04-23 17:59:42,111 - pylabware.connections.SerialConnection - INFO - Creating connection object with the following settings: 
{'address': '1', 'port': '/dev/ttyUSB3', 'encoding': 'UTF-8', 'command_delay': 0, 'receive_buffer_size': 128, 'receive_timeout': 0.1, 'transmit_timeout': 1, 'receiving_interval': 0.05, 'write_timeout': 0.5, 'baudrate': 9600, 'bytesize': 8, 'parity': 'N', 'stopbits': 1, 'xonxoff': False, 'rtscts': False, 'dsrdtr': False, 'inter_byte_timeout': False}
2025-04-23 17:59:42,111 - pylabware.connections.SerialConnection - INFO - Creating connection object with the following settings: 
{'address': None, 'port': '/dev/ttyUSB1', 'encoding': 'UTF-8', 'command_delay': 0.5, 'receive_buffer_size': 128, 'receive_timeout': 1, 'transmit_timeout': 1, 'receiving_interval': 0.05, 'write_timeout': 0.5, 'baudrate': 9600, 'bytesize': 8, 'parity': 'N', 'stopbits': 1, 'xonxoff': True, 'rtscts': False, 'dsrdtr': False, 'inter_byte_timeout': False, 'timeout': 0.1}
2025-04-23 17:59:42,114 - pylabware.connections.SerialConnection - INFO - Starting connection listener...
2025-04-23 17:59:42,114 - pylabware.connections.SerialConnection - INFO - Port /dev/ttyUSB1 opened.
2025-04-23 17:59:42,115 - pylabware.connections.SerialConnection - WARNING - Command rate too high! Delaying next command for 0.5 seconds
2025-04-23 17:59:42,722 - pylabware.controllers.QuantosQB1.QUANTOS - INFO - No carousel/autosampler connected
2025-04-23 17:59:42,723 - pylabware.connections.SerialConnection - WARNING - Command rate too high! Delaying next command for 0.5 seconds
2025-04-23 17:59:45,894 - RiH_Main - INFO - Connecting IKA RCT digital..
2025-04-23 17:59:45,897 - pylabware.connections.SerialConnection - INFO - Starting connection listener...
2025-04-23 17:59:45,897 - pylabware.connections.SerialConnection - INFO - Port /dev/ttyUSB0 opened.
2025-04-23 17:59:45,898 - pylabware.controllers.RCTDigitalHotplate.IKA - INFO - Opened connection.
2025-04-23 17:59:47,969 - RiH_Main - INFO - IKA RCT digital connected.
2025-04-23 17:59:49,477 - RiH_Main - INFO - Stiring velocity set to 200.
2025-04-23 17:59:51,046 - RiH_Main - INFO - Current temperature: 0.0.
2025-04-23 17:59:51,046 - RiH_Main - INFO - Connecting Pump..
2025-04-23 17:59:51,049 - pylabware.connections.SerialConnection - INFO - Starting connection listener...
2025-04-23 17:59:51,049 - pylabware.connections.SerialConnection - INFO - Port /dev/ttyUSB2 opened.
2025-04-23 17:59:51,050 - pylabware.controllers.XCalibur.DISPENSE_PUMP - INFO - Opened connection.
2025-04-23 17:59:51,605 - RiH_Main - INFO - Pump connected.
2025-04-23 17:59:52,160 - pylabware.controllers.XCalibur.DISPENSE_PUMP - INFO - Device initialized.
2025-04-23 17:59:52,160 - RiH_Main - INFO - Pump initialised.
2025-04-23 17:59:52,663 - RiH_Main - INFO - Checking for pump errors
2025-04-23 17:59:52,663 - RiH_Main - INFO - Connecting Pump..
2025-04-23 17:59:52,667 - pylabware.connections.SerialConnection - INFO - Starting connection listener...
2025-04-23 17:59:52,667 - pylabware.connections.SerialConnection - INFO - Port /dev/ttyUSB3 opened.
2025-04-23 17:59:52,668 - pylabware.controllers.C3000SyringePump.ACID_DISPENSE_PUMP - INFO - Opened connection.
2025-04-23 17:59:57,172 - RiH_Main - INFO - Acid Pump connected.
2025-04-23 17:59:57,675 - pylabware.controllers.C3000SyringePump.ACID_DISPENSE_PUMP - INFO - Initialising with full force at speed 15
2025-04-23 18:00:00,344 - pylabware.controllers.C3000SyringePump.ACID_DISPENSE_PUMP - INFO - Device initialised, setting resolution mode to 0
2025-04-23 18:00:00,445 - pylabware.controllers.C3000SyringePump.ACID_DISPENSE_PUMP - INFO - Valve is a 6 port distribution or a 4 port loop
2025-04-23 18:00:00,445 - pylabware.controllers.C3000SyringePump.ACID_DISPENSE_PUMP - INFO - Setting maximum speed to 15 - maximum safe speed for the pump
2025-04-23 18:00:00,546 - pylabware.controllers.C3000SyringePump.ACID_DISPENSE_PUMP - INFO - Device initialized.
2025-04-23 18:00:00,546 - RiH_Main - INFO - Pump initialised.
2025-04-23 18:00:01,049 - RiH_Main - INFO - Checking for pump errors
2025-04-23 18:00:01,049 - RiH_Main - INFO - Connecting to the Quantos - opening doors
2025-04-23 18:00:07,509 - RiH_Main - INFO - Quantos connected..
2025-04-23 18:00:07,510 - RiH_Main - INFO - Initialising the filter machine
2025-04-23 18:00:07,510 - RiH_Filtration_System - INFO - Initialising filtration system pump
2025-04-23 18:00:10,526 - pylabware.connections.SerialConnection - INFO - Creating connection object with the following settings: 
{'address': '1', 'port': '/dev/ttyUSB4', 'encoding': 'UTF-8', 'command_delay': 0, 'receive_buffer_size': 128, 'receive_timeout': 10, 'transmit_timeout': 1, 'receiving_interval': 0.05, 'write_timeout': 0.5, 'baudrate': 9600, 'bytesize': 8, 'parity': 'N', 'stopbits': 1, 'xonxoff': False, 'rtscts': False, 'dsrdtr': False, 'inter_byte_timeout': False}
2025-04-23 18:00:10,530 - pylabware.connections.SerialConnection - INFO - Starting connection listener...
2025-04-23 18:00:10,530 - pylabware.connections.SerialConnection - INFO - Port /dev/ttyUSB4 opened.
2025-04-23 18:00:10,531 - pylabware.controllers.XCalibur.FILT_PUMP - INFO - Opened connection.
2025-04-23 18:00:10,581 - pylabware.controllers.XCalibur.FILT_PUMP - INFO - Device initialized.
2025-04-23 18:00:13,411 - pylabware.controllers.XCalibur.FILT_PUMP - WARNING - A non-fatal error was recieved resending command - errors occured: 1
2025-04-23 18:00:14,017 - RiH_Filtration_System - INFO - Initialising the filtration system arduino
2025-04-23 18:00:14,025 - RiH_Main - INFO - Panda robot connected to 172.16.0.2
2025-04-23 18:00:14,025 - RiH_Main - ERROR - Capper camera is not available.
2025-04-23 18:00:14,025 - RiH_Main - INFO - Moving holder to home position...
2025-04-23 18:00:14,026 - PumpHolder - INFO - Moving to holding/wash position
