2025-04-23 14:14:47,302 - Workflow_Config_Helper - INFO - All solids and liquids requested in sample list are in the workflow
2025-04-23 14:14:47,302 - Workflow_Config_Helper - INFO - No errors in workflow detected
2025-04-23 14:14:51,324 - pylabware.connections.SerialConnection - INFO - Creating connection object with the following settings: 
{'address': '', 'port': '/dev/ttyUSB0', 'encoding': 'UTF-8', 'command_delay': 0.5, 'receive_buffer_size': 128, 'receive_timeout': 1, 'transmit_timeout': 1, 'receiving_interval': 0.05, 'write_timeout': 0.5, 'baudrate': 9600, 'bytesize': 7, 'parity': 'E', 'stopbits': 1, 'xonxoff': False, 'rtscts': False, 'dsrdtr': False, 'inter_byte_timeout': False}
2025-04-23 14:14:51,325 - pylabware.connections.SerialConnection - INFO - Creating connection object with the following settings: 
{'address': '1', 'port': '/dev/ttyUSB2', 'encoding': 'UTF-8', 'command_delay': 0, 'receive_buffer_size': 128, 'receive_timeout': 10, 'transmit_timeout': 1, 'receiving_interval': 0.05, 'write_timeout': 0.5, 'baudrate': 9600, 'bytesize': 8, 'parity': 'N', 'stopbits': 1, 'xonxoff': False, 'rtscts': False, 'dsrdtr': False, 'inter_byte_timeout': False}
2025-04-23 14:14:51,325 - pylabware.connections.SerialConnection - INFO - Creating connection object with the following settings: 
{'address': '1', 'port': '/dev/ttyUSB3', 'encoding': 'UTF-8', 'command_delay': 0, 'receive_buffer_size': 128, 'receive_timeout': 0.1, 'transmit_timeout': 1, 'receiving_interval': 0.05, 'write_timeout': 0.5, 'baudrate': 9600, 'bytesize': 8, 'parity': 'N', 'stopbits': 1, 'xonxoff': False, 'rtscts': False, 'dsrdtr': False, 'inter_byte_timeout': False}
2025-04-23 14:14:51,326 - pylabware.connections.SerialConnection - INFO - Creating connection object with the following settings: 
{'address': None, 'port': '/dev/ttyUSB1', 'encoding': 'UTF-8', 'command_delay': 0.5, 'receive_buffer_size': 128, 'receive_timeout': 1, 'transmit_timeout': 1, 'receiving_interval': 0.05, 'write_timeout': 0.5, 'baudrate': 9600, 'bytesize': 8, 'parity': 'N', 'stopbits': 1, 'xonxoff': True, 'rtscts': False, 'dsrdtr': False, 'inter_byte_timeout': False, 'timeout': 0.1}
2025-04-23 14:14:51,329 - pylabware.connections.SerialConnection - INFO - Starting connection listener...
2025-04-23 14:14:51,329 - pylabware.connections.SerialConnection - INFO - Port /dev/ttyUSB1 opened.
2025-04-23 14:14:51,329 - pylabware.connections.SerialConnection - WARNING - Command rate too high! Delaying next command for 0.5 seconds
2025-04-23 14:14:51,938 - pylabware.controllers.QuantosQB1.QUANTOS - INFO - No carousel/autosampler connected
2025-04-23 14:14:51,938 - pylabware.connections.SerialConnection - WARNING - Command rate too high! Delaying next command for 0.5 seconds
2025-04-23 14:14:55,111 - RiH_Main - INFO - Connecting IKA RCT digital..
2025-04-23 14:14:55,114 - pylabware.connections.SerialConnection - INFO - Starting connection listener...
2025-04-23 14:14:55,114 - pylabware.connections.SerialConnection - INFO - Port /dev/ttyUSB0 opened.
2025-04-23 14:14:55,115 - pylabware.controllers.RCTDigitalHotplate.IKA - INFO - Opened connection.
2025-04-23 14:15:37,127 - RiH_Main - INFO - IKA RCT digital connected.
2025-04-23 14:15:38,635 - RiH_Main - INFO - Stiring velocity set to 200.
2025-04-23 14:15:40,207 - RiH_Main - INFO - Current temperature: 0.0.
2025-04-23 14:15:40,207 - RiH_Main - INFO - Connecting Pump..
2025-04-23 14:15:40,210 - pylabware.connections.SerialConnection - INFO - Starting connection listener...
2025-04-23 14:15:40,210 - pylabware.connections.SerialConnection - INFO - Port /dev/ttyUSB2 opened.
2025-04-23 14:15:40,211 - pylabware.controllers.XCalibur.DISPENSE_PUMP - INFO - Opened connection.
2025-04-23 14:15:40,766 - RiH_Main - INFO - Pump connected.
2025-04-23 14:15:41,321 - pylabware.controllers.XCalibur.DISPENSE_PUMP - INFO - Device initialized.
2025-04-23 14:15:41,321 - RiH_Main - INFO - Pump initialised.
2025-04-23 14:15:41,824 - RiH_Main - INFO - Checking for pump errors
2025-04-23 14:15:41,825 - RiH_Main - INFO - Connecting Pump..
2025-04-23 14:15:41,828 - pylabware.connections.SerialConnection - INFO - Starting connection listener...
2025-04-23 14:15:41,828 - pylabware.connections.SerialConnection - INFO - Port /dev/ttyUSB3 opened.
2025-04-23 14:15:41,829 - pylabware.controllers.C3000SyringePump.ACID_DISPENSE_PUMP - INFO - Opened connection.
2025-04-23 14:15:46,334 - RiH_Main - INFO - Acid Pump connected.
2025-04-23 14:15:46,837 - pylabware.controllers.C3000SyringePump.ACID_DISPENSE_PUMP - INFO - Initialising with full force at speed 15
2025-04-23 14:15:49,505 - pylabware.controllers.C3000SyringePump.ACID_DISPENSE_PUMP - INFO - Device initialised, setting resolution mode to 0
2025-04-23 14:15:49,607 - pylabware.controllers.C3000SyringePump.ACID_DISPENSE_PUMP - INFO - Valve is a 6 port distribution or a 4 port loop
2025-04-23 14:15:49,607 - pylabware.controllers.C3000SyringePump.ACID_DISPENSE_PUMP - INFO - Setting maximum speed to 15 - maximum safe speed for the pump
2025-04-23 14:15:49,707 - pylabware.controllers.C3000SyringePump.ACID_DISPENSE_PUMP - INFO - Device initialized.
2025-04-23 14:15:49,707 - RiH_Main - INFO - Pump initialised.
2025-04-23 14:15:50,210 - RiH_Main - INFO - Checking for pump errors
2025-04-23 14:15:50,210 - RiH_Main - INFO - Connecting to the Quantos - opening doors
2025-04-23 14:15:56,624 - RiH_Main - INFO - Quantos connected..
2025-04-23 14:15:56,624 - RiH_Main - INFO - Initialising the filter machine
2025-04-23 14:15:56,624 - RiH_Filtration_System - INFO - Initialising filtration system pump
2025-04-23 14:15:59,639 - pylabware.connections.SerialConnection - INFO - Creating connection object with the following settings: 
{'address': '1', 'port': '/dev/ttyUSB4', 'encoding': 'UTF-8', 'command_delay': 0, 'receive_buffer_size': 128, 'receive_timeout': 10, 'transmit_timeout': 1, 'receiving_interval': 0.05, 'write_timeout': 0.5, 'baudrate': 9600, 'bytesize': 8, 'parity': 'N', 'stopbits': 1, 'xonxoff': False, 'rtscts': False, 'dsrdtr': False, 'inter_byte_timeout': False}
2025-04-23 14:15:59,642 - pylabware.connections.SerialConnection - INFO - Starting connection listener...
2025-04-23 14:15:59,642 - pylabware.connections.SerialConnection - INFO - Port /dev/ttyUSB4 opened.
2025-04-23 14:15:59,675 - pylabware.controllers.XCalibur.FILT_PUMP - INFO - Opened connection.
2025-04-23 14:15:59,726 - pylabware.controllers.XCalibur.FILT_PUMP - INFO - Device initialized.
2025-04-23 14:16:02,553 - pylabware.controllers.XCalibur.FILT_PUMP - WARNING - A non-fatal error was recieved resending command - errors occured: 1
2025-04-23 14:16:03,158 - RiH_Filtration_System - INFO - Initialising the filtration system arduino
2025-04-23 14:16:03,165 - RiH_Main - INFO - Panda robot connected to 172.16.0.2
2025-04-23 14:16:03,165 - RiH_Main - ERROR - Capper camera is not available.
2025-04-23 14:16:03,165 - RiH_Main - INFO - Moving holder to home position...
2025-04-23 14:16:03,165 - PumpHolder - INFO - Moving to holding/wash position
2025-04-23 14:43:17,133 - Workflow_Config_Helper - INFO - All solids and liquids requested in sample list are in the workflow
2025-04-23 14:43:17,133 - Workflow_Config_Helper - INFO - No errors in workflow detected
2025-04-23 14:43:17,133 - Workflow_Config_Helper - INFO - Writing setup dictionaries
2025-04-23 14:43:17,134 - Workflow_Config_Helper - INFO - Dispense Dictionary:
2025-04-23 14:43:17,134 - Workflow_Config_Helper - INFO - {'port': {'Dispense': 1, 'Air': 2, 'Water(DI)': 3, 'None': 17, 'Waste': 6, 'NotInUse': 10, 'Acid_Dispense': 13, 'Water(DI)_acid_pump': 14, 'Acid_Air': 15, 'Acid_Waste': 18}, 'meta': {'Dispense': 'dispense', 'Air': 'dispense', 'Water(DI)': 'dispense', 'None': 'acid_dispense', 'Waste': 'dispense', 'NotInUse': 'dispense', 'Acid_Dispense': 'acid_dispense', 'Water(DI)_acid_pump': 'acid_dispense', 'Acid_Air': 'acid_dispense', 'Acid_Waste': 'acid_dispense'}}
2025-04-23 14:43:17,134 - Workflow_Config_Helper - INFO - Quantos Dictionary:
2025-04-23 14:43:17,134 - Workflow_Config_Helper - INFO - {'position': {'TT': 2}, 'meta': {'TT': 'Amine'}}
2025-04-23 14:43:17,134 - Workflow_Config_Helper - INFO - Filtration Dictionary
2025-04-23 14:43:17,134 - Workflow_Config_Helper - INFO - {'port': {'Receiving_Flask': 1, 'Priming_Waste': 2, 'Waste': 3, 'Output_Needle': 4, 'Air': 5, 'None': 12, 'Water(DI)': 7}, 'meta': {'Receiving_Flask': 'None', 'Priming_Waste': 'None', 'Waste': 'None', 'Output_Needle': 'None', 'Air': 'None', 'None': 'None', 'Water(DI)': 'None'}}
2025-04-23 14:43:21,155 - pylabware.connections.SerialConnection - INFO - Creating connection object with the following settings: 
{'address': '', 'port': '/dev/ttyUSB0', 'encoding': 'UTF-8', 'command_delay': 0.5, 'receive_buffer_size': 128, 'receive_timeout': 1, 'transmit_timeout': 1, 'receiving_interval': 0.05, 'write_timeout': 0.5, 'baudrate': 9600, 'bytesize': 7, 'parity': 'E', 'stopbits': 1, 'xonxoff': False, 'rtscts': False, 'dsrdtr': False, 'inter_byte_timeout': False}
2025-04-23 14:43:21,156 - pylabware.connections.SerialConnection - INFO - Creating connection object with the following settings: 
{'address': '1', 'port': '/dev/ttyUSB2', 'encoding': 'UTF-8', 'command_delay': 0, 'receive_buffer_size': 128, 'receive_timeout': 10, 'transmit_timeout': 1, 'receiving_interval': 0.05, 'write_timeout': 0.5, 'baudrate': 9600, 'bytesize': 8, 'parity': 'N', 'stopbits': 1, 'xonxoff': False, 'rtscts': False, 'dsrdtr': False, 'inter_byte_timeout': False}
2025-04-23 14:43:21,157 - pylabware.connections.SerialConnection - INFO - Creating connection object with the following settings: 
{'address': '1', 'port': '/dev/ttyUSB3', 'encoding': 'UTF-8', 'command_delay': 0, 'receive_buffer_size': 128, 'receive_timeout': 0.1, 'transmit_timeout': 1, 'receiving_interval': 0.05, 'write_timeout': 0.5, 'baudrate': 9600, 'bytesize': 8, 'parity': 'N', 'stopbits': 1, 'xonxoff': False, 'rtscts': False, 'dsrdtr': False, 'inter_byte_timeout': False}
2025-04-23 14:43:21,157 - pylabware.connections.SerialConnection - INFO - Creating connection object with the following settings: 
{'address': None, 'port': '/dev/ttyUSB1', 'encoding': 'UTF-8', 'command_delay': 0.5, 'receive_buffer_size': 128, 'receive_timeout': 1, 'transmit_timeout': 1, 'receiving_interval': 0.05, 'write_timeout': 0.5, 'baudrate': 9600, 'bytesize': 8, 'parity': 'N', 'stopbits': 1, 'xonxoff': True, 'rtscts': False, 'dsrdtr': False, 'inter_byte_timeout': False, 'timeout': 0.1}
2025-04-23 14:43:21,160 - pylabware.connections.SerialConnection - INFO - Starting connection listener...
2025-04-23 14:43:21,160 - pylabware.connections.SerialConnection - INFO - Port /dev/ttyUSB1 opened.
2025-04-23 14:43:21,161 - pylabware.connections.SerialConnection - WARNING - Command rate too high! Delaying next command for 0.5 seconds
2025-04-23 14:43:21,769 - pylabware.controllers.QuantosQB1.QUANTOS - INFO - No carousel/autosampler connected
2025-04-23 14:43:21,769 - pylabware.connections.SerialConnection - WARNING - Command rate too high! Delaying next command for 0.5 seconds
2025-04-23 14:43:24,883 - RiH_Main - INFO - Connecting IKA RCT digital..
2025-04-23 14:43:24,886 - pylabware.connections.SerialConnection - INFO - Starting connection listener...
2025-04-23 14:43:24,886 - pylabware.connections.SerialConnection - INFO - Port /dev/ttyUSB0 opened.
2025-04-23 14:43:24,887 - pylabware.controllers.RCTDigitalHotplate.IKA - INFO - Opened connection.
2025-04-23 14:43:26,957 - RiH_Main - INFO - IKA RCT digital connected.
2025-04-23 14:43:28,465 - RiH_Main - INFO - Stiring velocity set to 200.
2025-04-23 14:43:30,034 - RiH_Main - INFO - Current temperature: 0.0.
2025-04-23 14:43:30,035 - RiH_Main - INFO - Connecting Pump..
2025-04-23 14:43:30,037 - pylabware.connections.SerialConnection - INFO - Starting connection listener...
2025-04-23 14:43:30,038 - pylabware.connections.SerialConnection - INFO - Port /dev/ttyUSB2 opened.
2025-04-23 14:43:30,038 - pylabware.controllers.XCalibur.DISPENSE_PUMP - INFO - Opened connection.
2025-04-23 14:43:30,595 - RiH_Main - INFO - Pump connected.
2025-04-23 14:43:31,149 - pylabware.controllers.XCalibur.DISPENSE_PUMP - INFO - Device initialized.
2025-04-23 14:43:31,150 - RiH_Main - INFO - Pump initialised.
2025-04-23 14:43:31,653 - RiH_Main - INFO - Checking for pump errors
2025-04-23 14:43:31,653 - RiH_Main - INFO - Connecting Pump..
2025-04-23 14:43:31,656 - pylabware.connections.SerialConnection - INFO - Starting connection listener...
2025-04-23 14:43:31,656 - pylabware.connections.SerialConnection - INFO - Port /dev/ttyUSB3 opened.
2025-04-23 14:43:31,657 - pylabware.controllers.C3000SyringePump.ACID_DISPENSE_PUMP - INFO - Opened connection.
2025-04-23 14:43:36,162 - RiH_Main - INFO - Acid Pump connected.
2025-04-23 14:43:36,665 - pylabware.controllers.C3000SyringePump.ACID_DISPENSE_PUMP - INFO - Initialising with full force at speed 15
2025-04-23 14:43:39,330 - pylabware.controllers.C3000SyringePump.ACID_DISPENSE_PUMP - INFO - Device initialised, setting resolution mode to 0
2025-04-23 14:43:39,432 - pylabware.controllers.C3000SyringePump.ACID_DISPENSE_PUMP - INFO - Valve is a 6 port distribution or a 4 port loop
2025-04-23 14:43:39,432 - pylabware.controllers.C3000SyringePump.ACID_DISPENSE_PUMP - INFO - Setting maximum speed to 15 - maximum safe speed for the pump
2025-04-23 14:43:39,533 - pylabware.controllers.C3000SyringePump.ACID_DISPENSE_PUMP - INFO - Device initialized.
2025-04-23 14:43:39,533 - RiH_Main - INFO - Pump initialised.
2025-04-23 14:43:40,036 - RiH_Main - INFO - Checking for pump errors
2025-04-23 14:43:40,036 - RiH_Main - INFO - Connecting to the Quantos - opening doors
2025-04-23 14:43:46,399 - RiH_Main - INFO - Quantos connected..
2025-04-23 14:43:46,399 - RiH_Main - INFO - Initialising the filter machine
2025-04-23 14:43:46,400 - RiH_Filtration_System - INFO - Initialising filtration system pump
2025-04-23 14:43:49,416 - pylabware.connections.SerialConnection - INFO - Creating connection object with the following settings: 
{'address': '1', 'port': '/dev/ttyUSB4', 'encoding': 'UTF-8', 'command_delay': 0, 'receive_buffer_size': 128, 'receive_timeout': 10, 'transmit_timeout': 1, 'receiving_interval': 0.05, 'write_timeout': 0.5, 'baudrate': 9600, 'bytesize': 8, 'parity': 'N', 'stopbits': 1, 'xonxoff': False, 'rtscts': False, 'dsrdtr': False, 'inter_byte_timeout': False}
2025-04-23 14:43:49,419 - pylabware.connections.SerialConnection - INFO - Starting connection listener...
2025-04-23 14:43:49,420 - pylabware.connections.SerialConnection - INFO - Port /dev/ttyUSB4 opened.
2025-04-23 14:43:49,420 - pylabware.controllers.XCalibur.FILT_PUMP - INFO - Opened connection.
2025-04-23 14:43:49,471 - pylabware.controllers.XCalibur.FILT_PUMP - INFO - Device initialized.
2025-04-23 14:43:52,300 - pylabware.controllers.XCalibur.FILT_PUMP - WARNING - A non-fatal error was recieved resending command - errors occured: 1
2025-04-23 14:43:52,905 - RiH_Filtration_System - INFO - Initialising the filtration system arduino
2025-04-23 14:43:52,914 - RiH_Main - INFO - Panda robot connected to 172.16.0.2
2025-04-23 14:43:52,914 - RiH_Main - ERROR - Capper camera is not available.
2025-04-23 14:43:52,915 - RiH_Main - INFO - Moving holder to home position...
2025-04-23 14:43:52,915 - PumpHolder - INFO - Moving to holding/wash position
2025-04-23 14:46:32,099 - Workflow_Config_Helper - INFO - All solids and liquids requested in sample list are in the workflow
2025-04-23 14:46:32,099 - Workflow_Config_Helper - INFO - No errors in workflow detected
2025-04-23 14:46:32,100 - Workflow_Config_Helper - INFO - Writing setup dictionaries
2025-04-23 14:46:32,100 - Workflow_Config_Helper - INFO - Dispense Dictionary:
2025-04-23 14:46:32,100 - Workflow_Config_Helper - INFO - {'port': {'Dispense': 1, 'Air': 2, 'Water(DI)': 3, 'None': 17, 'Waste': 6, 'NotInUse': 10, 'Acid_Dispense': 13, 'Water(DI)_acid_pump': 14, 'Acid_Air': 15, 'Acid_Waste': 18}, 'meta': {'Dispense': 'dispense', 'Air': 'dispense', 'Water(DI)': 'dispense', 'None': 'acid_dispense', 'Waste': 'dispense', 'NotInUse': 'dispense', 'Acid_Dispense': 'acid_dispense', 'Water(DI)_acid_pump': 'acid_dispense', 'Acid_Air': 'acid_dispense', 'Acid_Waste': 'acid_dispense'}}
2025-04-23 14:46:32,100 - Workflow_Config_Helper - INFO - Quantos Dictionary:
2025-04-23 14:46:32,100 - Workflow_Config_Helper - INFO - {'position': {'TT': 2}, 'meta': {'TT': 'Amine'}}
2025-04-23 14:46:32,100 - Workflow_Config_Helper - INFO - Filtration Dictionary
2025-04-23 14:46:32,100 - Workflow_Config_Helper - INFO - {'port': {'Receiving_Flask': 1, 'Priming_Waste': 2, 'Waste': 3, 'Output_Needle': 4, 'Air': 5, 'None': 12, 'Water(DI)': 7}, 'meta': {'Receiving_Flask': 'None', 'Priming_Waste': 'None', 'Waste': 'None', 'Output_Needle': 'None', 'Air': 'None', 'None': 'None', 'Water(DI)': 'None'}}
2025-04-23 14:46:36,121 - pylabware.connections.SerialConnection - INFO - Creating connection object with the following settings: 
{'address': '', 'port': '/dev/ttyUSB0', 'encoding': 'UTF-8', 'command_delay': 0.5, 'receive_buffer_size': 128, 'receive_timeout': 1, 'transmit_timeout': 1, 'receiving_interval': 0.05, 'write_timeout': 0.5, 'baudrate': 9600, 'bytesize': 7, 'parity': 'E', 'stopbits': 1, 'xonxoff': False, 'rtscts': False, 'dsrdtr': False, 'inter_byte_timeout': False}
2025-04-23 14:46:36,122 - pylabware.connections.SerialConnection - INFO - Creating connection object with the following settings: 
{'address': '1', 'port': '/dev/ttyUSB2', 'encoding': 'UTF-8', 'command_delay': 0, 'receive_buffer_size': 128, 'receive_timeout': 10, 'transmit_timeout': 1, 'receiving_interval': 0.05, 'write_timeout': 0.5, 'baudrate': 9600, 'bytesize': 8, 'parity': 'N', 'stopbits': 1, 'xonxoff': False, 'rtscts': False, 'dsrdtr': False, 'inter_byte_timeout': False}
2025-04-23 14:46:36,122 - pylabware.connections.SerialConnection - INFO - Creating connection object with the following settings: 
{'address': '1', 'port': '/dev/ttyUSB3', 'encoding': 'UTF-8', 'command_delay': 0, 'receive_buffer_size': 128, 'receive_timeout': 0.1, 'transmit_timeout': 1, 'receiving_interval': 0.05, 'write_timeout': 0.5, 'baudrate': 9600, 'bytesize': 8, 'parity': 'N', 'stopbits': 1, 'xonxoff': False, 'rtscts': False, 'dsrdtr': False, 'inter_byte_timeout': False}
2025-04-23 14:46:36,123 - pylabware.connections.SerialConnection - INFO - Creating connection object with the following settings: 
{'address': None, 'port': '/dev/ttyUSB1', 'encoding': 'UTF-8', 'command_delay': 0.5, 'receive_buffer_size': 128, 'receive_timeout': 1, 'transmit_timeout': 1, 'receiving_interval': 0.05, 'write_timeout': 0.5, 'baudrate': 9600, 'bytesize': 8, 'parity': 'N', 'stopbits': 1, 'xonxoff': True, 'rtscts': False, 'dsrdtr': False, 'inter_byte_timeout': False, 'timeout': 0.1}
2025-04-23 14:46:36,126 - pylabware.connections.SerialConnection - INFO - Starting connection listener...
2025-04-23 14:46:36,126 - pylabware.connections.SerialConnection - INFO - Port /dev/ttyUSB1 opened.
2025-04-23 14:46:36,127 - pylabware.connections.SerialConnection - WARNING - Command rate too high! Delaying next command for 0.5 seconds
2025-04-23 14:46:36,735 - pylabware.controllers.QuantosQB1.QUANTOS - INFO - No carousel/autosampler connected
2025-04-23 14:46:36,736 - pylabware.connections.SerialConnection - WARNING - Command rate too high! Delaying next command for 0.5 seconds
2025-04-23 14:46:39,906 - RiH_Main - INFO - Connecting IKA RCT digital..
2025-04-23 14:46:39,909 - pylabware.connections.SerialConnection - INFO - Starting connection listener...
2025-04-23 14:46:39,909 - pylabware.connections.SerialConnection - INFO - Port /dev/ttyUSB0 opened.
2025-04-23 14:46:39,910 - pylabware.controllers.RCTDigitalHotplate.IKA - INFO - Opened connection.
2025-04-23 14:46:41,983 - RiH_Main - INFO - IKA RCT digital connected.
2025-04-23 14:46:43,491 - RiH_Main - INFO - Stiring velocity set to 200.
2025-04-23 14:46:45,065 - RiH_Main - INFO - Current temperature: 0.0.
2025-04-23 14:46:45,065 - RiH_Main - INFO - Connecting Pump..
2025-04-23 14:46:45,068 - pylabware.connections.SerialConnection - INFO - Starting connection listener...
2025-04-23 14:46:45,068 - pylabware.connections.SerialConnection - INFO - Port /dev/ttyUSB2 opened.
2025-04-23 14:46:45,069 - pylabware.controllers.XCalibur.DISPENSE_PUMP - INFO - Opened connection.
2025-04-23 14:46:45,624 - RiH_Main - INFO - Pump connected.
2025-04-23 14:46:46,179 - pylabware.controllers.XCalibur.DISPENSE_PUMP - INFO - Device initialized.
2025-04-23 14:46:46,179 - RiH_Main - INFO - Pump initialised.
2025-04-23 14:46:46,682 - RiH_Main - INFO - Checking for pump errors
2025-04-23 14:46:46,683 - RiH_Main - INFO - Connecting Pump..
2025-04-23 14:46:46,685 - pylabware.connections.SerialConnection - INFO - Starting connection listener...
2025-04-23 14:46:46,685 - pylabware.connections.SerialConnection - INFO - Port /dev/ttyUSB3 opened.
2025-04-23 14:46:46,686 - pylabware.controllers.C3000SyringePump.ACID_DISPENSE_PUMP - INFO - Opened connection.
2025-04-23 14:46:51,190 - RiH_Main - INFO - Acid Pump connected.
2025-04-23 14:46:51,694 - pylabware.controllers.C3000SyringePump.ACID_DISPENSE_PUMP - INFO - Initialising with full force at speed 15
2025-04-23 14:46:54,363 - pylabware.controllers.C3000SyringePump.ACID_DISPENSE_PUMP - INFO - Device initialised, setting resolution mode to 0
2025-04-23 14:46:54,464 - pylabware.controllers.C3000SyringePump.ACID_DISPENSE_PUMP - INFO - Valve is a 6 port distribution or a 4 port loop
2025-04-23 14:46:54,464 - pylabware.controllers.C3000SyringePump.ACID_DISPENSE_PUMP - INFO - Setting maximum speed to 15 - maximum safe speed for the pump
2025-04-23 14:46:54,566 - pylabware.controllers.C3000SyringePump.ACID_DISPENSE_PUMP - INFO - Device initialized.
2025-04-23 14:46:54,566 - RiH_Main - INFO - Pump initialised.
2025-04-23 14:46:55,068 - RiH_Main - INFO - Checking for pump errors
2025-04-23 14:46:55,069 - RiH_Main - INFO - Connecting to the Quantos - opening doors
2025-04-23 14:47:01,477 - RiH_Main - INFO - Quantos connected..
2025-04-23 14:47:01,477 - RiH_Main - INFO - Initialising the filter machine
2025-04-23 14:47:01,477 - RiH_Filtration_System - INFO - Initialising filtration system pump
2025-04-23 14:47:04,479 - pylabware.connections.SerialConnection - INFO - Creating connection object with the following settings: 
{'address': '1', 'port': '/dev/ttyUSB4', 'encoding': 'UTF-8', 'command_delay': 0, 'receive_buffer_size': 128, 'receive_timeout': 10, 'transmit_timeout': 1, 'receiving_interval': 0.05, 'write_timeout': 0.5, 'baudrate': 9600, 'bytesize': 8, 'parity': 'N', 'stopbits': 1, 'xonxoff': False, 'rtscts': False, 'dsrdtr': False, 'inter_byte_timeout': False}
2025-04-23 14:47:04,482 - pylabware.connections.SerialConnection - INFO - Starting connection listener...
2025-04-23 14:47:04,482 - pylabware.connections.SerialConnection - INFO - Port /dev/ttyUSB4 opened.
2025-04-23 14:47:04,483 - pylabware.controllers.XCalibur.FILT_PUMP - INFO - Opened connection.
2025-04-23 14:47:04,534 - pylabware.controllers.XCalibur.FILT_PUMP - INFO - Device initialized.
2025-04-23 14:47:07,362 - pylabware.controllers.XCalibur.FILT_PUMP - WARNING - A non-fatal error was recieved resending command - errors occured: 1
2025-04-23 14:47:07,968 - RiH_Filtration_System - INFO - Initialising the filtration system arduino
2025-04-23 14:47:07,976 - RiH_Main - INFO - Panda robot connected to 172.16.0.2
2025-04-23 14:47:07,977 - RiH_Main - ERROR - Capper camera is not available.
2025-04-23 14:47:07,977 - RiH_Main - INFO - Moving holder to home position...
2025-04-23 14:47:07,977 - PumpHolder - INFO - Moving to holding/wash position
