2025-04-24 14:17:29,235 - Workflow_Config_Helper - INFO - All solids and liquids requested in sample list are in the workflow
2025-04-24 14:17:29,235 - Workflow_Config_Helper - INFO - No errors in workflow detected
2025-04-24 14:17:29,235 - Workflow_Config_Helper - INFO - Writing setup dictionaries
2025-04-24 14:17:29,235 - Workflow_Config_Helper - INFO - Dispense Dictionary:
2025-04-24 14:17:29,235 - Workflow_Config_Helper - INFO - {'port': {'Dispense': 1, 'Air': 2, 'Water(DI)': 3, 'None': 17, 'Waste': 6, 'NotInUse': 10, 'Acid_Dispense': 13, 'Water(DI)_acid_pump': 14, 'Acid_Air': 15, 'Acid_Waste': 18}, 'meta': {'Dispense': 'dispense', 'Air': 'dispense', 'Water(DI)': 'dispense', 'None': 'acid_dispense', 'Waste': 'dispense', 'NotInUse': 'dispense', 'Acid_Dispense': 'acid_dispense', 'Water(DI)_acid_pump': 'acid_dispense', 'Acid_Air': 'acid_dispense', 'Acid_Waste': 'acid_dispense'}}
2025-04-24 14:17:29,235 - Workflow_Config_Helper - INFO - Quantos Dictionary:
2025-04-24 14:17:29,235 - Workflow_Config_Helper - INFO - {'position': {'TT': 2}, 'meta': {'TT': 'Amine'}}
2025-04-24 14:17:29,236 - Workflow_Config_Helper - INFO - Filtration Dictionary
2025-04-24 14:17:29,236 - Workflow_Config_Helper - INFO - {'port': {'Receiving_Flask': 1, 'Priming_Waste': 2, 'Waste': 3, 'Output_Needle': 4, 'Air': 5, 'None': 12, 'Water(DI)': 7}, 'meta': {'Receiving_Flask': 'None', 'Priming_Waste': 'None', 'Waste': 'None', 'Output_Needle': 'None', 'Air': 'None', 'None': 'None', 'Water(DI)': 'None'}}
2025-04-24 14:17:33,257 - pylabware.connections.SerialConnection - INFO - Creating connection object with the following settings: 
{'address': '', 'port': '/dev/ttyUSB0', 'encoding': 'UTF-8', 'command_delay': 0.5, 'receive_buffer_size': 128, 'receive_timeout': 1, 'transmit_timeout': 1, 'receiving_interval': 0.05, 'write_timeout': 0.5, 'baudrate': 9600, 'bytesize': 7, 'parity': 'E', 'stopbits': 1, 'xonxoff': False, 'rtscts': False, 'dsrdtr': False, 'inter_byte_timeout': False}
2025-04-24 14:17:33,258 - pylabware.connections.SerialConnection - INFO - Creating connection object with the following settings: 
{'address': '1', 'port': '/dev/ttyUSB2', 'encoding': 'UTF-8', 'command_delay': 0, 'receive_buffer_size': 128, 'receive_timeout': 10, 'transmit_timeout': 1, 'receiving_interval': 0.05, 'write_timeout': 0.5, 'baudrate': 9600, 'bytesize': 8, 'parity': 'N', 'stopbits': 1, 'xonxoff': False, 'rtscts': False, 'dsrdtr': False, 'inter_byte_timeout': False}
2025-04-24 14:17:33,258 - pylabware.connections.SerialConnection - INFO - Creating connection object with the following settings: 
{'address': '1', 'port': '/dev/ttyUSB3', 'encoding': 'UTF-8', 'command_delay': 0, 'receive_buffer_size': 128, 'receive_timeout': 0.1, 'transmit_timeout': 1, 'receiving_interval': 0.05, 'write_timeout': 0.5, 'baudrate': 9600, 'bytesize': 8, 'parity': 'N', 'stopbits': 1, 'xonxoff': False, 'rtscts': False, 'dsrdtr': False, 'inter_byte_timeout': False}
2025-04-24 14:17:33,259 - pylabware.connections.SerialConnection - INFO - Creating connection object with the following settings: 
{'address': None, 'port': '/dev/ttyUSB1', 'encoding': 'UTF-8', 'command_delay': 0.5, 'receive_buffer_size': 128, 'receive_timeout': 1, 'transmit_timeout': 1, 'receiving_interval': 0.05, 'write_timeout': 0.5, 'baudrate': 9600, 'bytesize': 8, 'parity': 'N', 'stopbits': 1, 'xonxoff': True, 'rtscts': False, 'dsrdtr': False, 'inter_byte_timeout': False, 'timeout': 0.1}
2025-04-24 14:17:33,262 - pylabware.connections.SerialConnection - INFO - Starting connection listener...
2025-04-24 14:17:33,262 - pylabware.connections.SerialConnection - INFO - Port /dev/ttyUSB1 opened.
2025-04-24 14:17:33,262 - pylabware.connections.SerialConnection - WARNING - Command rate too high! Delaying next command for 0.5 seconds
2025-04-24 14:17:33,868 - pylabware.controllers.QuantosQB1.QUANTOS - INFO - No carousel/autosampler connected
2025-04-24 14:17:33,869 - pylabware.connections.SerialConnection - WARNING - Command rate too high! Delaying next command for 0.5 seconds
2025-04-24 14:17:36,979 - RiH_Main - INFO - Connecting IKA RCT digital..
2025-04-24 14:17:36,982 - pylabware.connections.SerialConnection - INFO - Starting connection listener...
2025-04-24 14:17:36,982 - pylabware.connections.SerialConnection - INFO - Port /dev/ttyUSB0 opened.
2025-04-24 14:17:36,983 - pylabware.controllers.RCTDigitalHotplate.IKA - INFO - Opened connection.
2025-04-24 14:18:18,995 - RiH_Main - INFO - IKA RCT digital connected.
2025-04-24 14:18:20,503 - RiH_Main - INFO - Stiring velocity set to 200.
2025-04-24 14:18:22,063 - RiH_Main - INFO - Current temperature: 0.0.
2025-04-24 14:18:22,064 - RiH_Main - INFO - Connecting Pump..
2025-04-24 14:18:22,067 - pylabware.connections.SerialConnection - INFO - Starting connection listener...
2025-04-24 14:18:22,067 - pylabware.connections.SerialConnection - INFO - Port /dev/ttyUSB2 opened.
2025-04-24 14:18:22,068 - pylabware.controllers.XCalibur.DISPENSE_PUMP - INFO - Opened connection.
2025-04-24 14:18:22,623 - RiH_Main - INFO - Pump connected.
2025-04-24 14:18:23,177 - pylabware.controllers.XCalibur.DISPENSE_PUMP - INFO - Device initialized.
2025-04-24 14:18:23,177 - RiH_Main - INFO - Pump initialised.
2025-04-24 14:18:23,680 - RiH_Main - INFO - Checking for pump errors
2025-04-24 14:18:23,681 - RiH_Main - INFO - Connecting Pump..
2025-04-24 14:18:23,683 - pylabware.connections.SerialConnection - INFO - Starting connection listener...
2025-04-24 14:18:23,684 - pylabware.connections.SerialConnection - INFO - Port /dev/ttyUSB3 opened.
2025-04-24 14:18:23,684 - pylabware.controllers.C3000SyringePump.ACID_DISPENSE_PUMP - INFO - Opened connection.
2025-04-24 14:18:28,187 - RiH_Main - INFO - Acid Pump connected.
2025-04-24 14:18:28,690 - pylabware.controllers.C3000SyringePump.ACID_DISPENSE_PUMP - INFO - Initialising with full force at speed 15
2025-04-24 14:18:31,354 - pylabware.controllers.C3000SyringePump.ACID_DISPENSE_PUMP - INFO - Device initialised, setting resolution mode to 0
2025-04-24 14:18:31,455 - pylabware.controllers.C3000SyringePump.ACID_DISPENSE_PUMP - INFO - Valve is a 6 port distribution or a 4 port loop
2025-04-24 14:18:31,455 - pylabware.controllers.C3000SyringePump.ACID_DISPENSE_PUMP - INFO - Setting maximum speed to 15 - maximum safe speed for the pump
2025-04-24 14:18:31,555 - pylabware.controllers.C3000SyringePump.ACID_DISPENSE_PUMP - INFO - Device initialized.
2025-04-24 14:18:31,556 - RiH_Main - INFO - Pump initialised.
2025-04-24 14:18:32,058 - RiH_Main - INFO - Checking for pump errors
2025-04-24 14:18:32,059 - RiH_Main - INFO - Connecting to the Quantos - opening doors
2025-04-24 14:18:38,507 - RiH_Main - INFO - Quantos connected..
2025-04-24 14:18:38,508 - RiH_Main - INFO - Initialising the filter machine
2025-04-24 14:18:38,508 - RiH_Filtration_System - INFO - Initialising filtration system pump
2025-04-24 14:18:41,524 - pylabware.connections.SerialConnection - INFO - Creating connection object with the following settings: 
{'address': '1', 'port': '/dev/ttyUSB4', 'encoding': 'UTF-8', 'command_delay': 0, 'receive_buffer_size': 128, 'receive_timeout': 10, 'transmit_timeout': 1, 'receiving_interval': 0.05, 'write_timeout': 0.5, 'baudrate': 9600, 'bytesize': 8, 'parity': 'N', 'stopbits': 1, 'xonxoff': False, 'rtscts': False, 'dsrdtr': False, 'inter_byte_timeout': False}
2025-04-24 14:18:41,528 - pylabware.connections.SerialConnection - INFO - Starting connection listener...
2025-04-24 14:18:41,528 - pylabware.connections.SerialConnection - INFO - Port /dev/ttyUSB4 opened.
2025-04-24 14:18:41,528 - pylabware.controllers.XCalibur.FILT_PUMP - INFO - Opened connection.
2025-04-24 14:18:41,579 - pylabware.controllers.XCalibur.FILT_PUMP - INFO - Device initialized.
2025-04-24 14:18:44,404 - pylabware.controllers.XCalibur.FILT_PUMP - WARNING - A non-fatal error was recieved resending command - errors occured: 1
2025-04-24 14:18:45,009 - RiH_Filtration_System - INFO - Initialising the filtration system arduino
2025-04-24 14:18:45,016 - RiH_Main - INFO - Panda robot connected to 172.16.0.2
2025-04-24 14:18:45,017 - RiH_Main - ERROR - Capper camera is not available.
2025-04-24 14:18:45,017 - RiH_Main - INFO - Moving holder to home position...
2025-04-24 14:18:45,017 - PumpHolder - INFO - Moving to holding/wash position
2025-04-24 14:18:51,048 - RiH_Main - INFO - Moving holder to infusing position...
2025-04-24 14:18:51,048 - PumpHolder - INFO - Moving to dispensing position
2025-04-24 15:44:16,212 - Workflow_Config_Helper - ERROR - No config directory found, creating empty directory and exiting
2025-04-24 15:44:16,213 - Workflow_Config_Helper - ERROR - An error occured in the dispense config [Errno 2] No such file or directory: '/home/panda1/RobInHoodPy/RobInHoodPy/setup/dispense.csv'
2025-04-24 15:45:19,774 - Workflow_Config_Helper - ERROR - Liquid requested water(DI) is not connected to the pump
2025-04-24 15:45:19,774 - Workflow_Config_Helper - ERROR - Liquids available: dict_keys(['Dispense', 'Air', 'Water(DI)', 'None', 'Waste', 'NotInUse', 'Acid_Dispense', 'Water(DI)_acid_pump', 'Acid_Air', 'Acid_Waste'])
2025-04-24 15:45:19,774 - Workflow_Config_Helper - ERROR - Solid requested TT:TA is not in a Loaded Quantos Cartridge
2025-04-24 15:45:19,774 - Workflow_Config_Helper - ERROR - Errors found between chemicals requested and those in workflow configuration - Liquid Errors: ['water(DI)'] Solid Errors: ['TT:TA']
2025-04-24 15:47:17,654 - Workflow_Config_Helper - ERROR - Liquid requested water(DI) is not connected to the pump
2025-04-24 15:47:17,654 - Workflow_Config_Helper - ERROR - Liquids available: dict_keys(['Dispense', 'Air', 'Water(DI)', 'None', 'Waste', 'NotInUse', 'Acid_Dispense', 'Water(DI)_acid_pump', 'Acid_Air', 'Acid_Waste'])
2025-04-24 15:47:17,654 - Workflow_Config_Helper - ERROR - Solid requested TT:TA is not in a Loaded Quantos Cartridge
2025-04-24 15:47:17,655 - Workflow_Config_Helper - ERROR - Errors found between chemicals requested and those in workflow configuration - Liquid Errors: ['water(DI)'] Solid Errors: ['TT:TA']
2025-04-24 15:49:47,350 - Workflow_Config_Helper - ERROR - Liquid requested water(DI) is not connected to the pump
2025-04-24 15:49:47,350 - Workflow_Config_Helper - ERROR - Liquids available: dict_keys(['Dispense', 'Air', 'Water(DI)', 'None', 'Waste', 'NotInUse', 'Acid_Dispense', 'Water(DI)_acid_pump', 'Acid_Air', 'Acid_Waste'])
2025-04-24 15:49:47,350 - Workflow_Config_Helper - ERROR - Errors found between chemicals requested and those in workflow configuration - Liquid Errors: ['water(DI)'] Solid Errors: []
2025-04-24 15:50:54,436 - Workflow_Config_Helper - ERROR - Liquid requested water(DI) is not connected to the pump
2025-04-24 15:50:54,436 - Workflow_Config_Helper - ERROR - Liquids available: dict_keys(['Dispense', 'Air', 'Water(DI)', 'None', 'Waste', 'NotInUse', 'Acid_Dispense', 'Water(DI)_acid_pump', 'Acid_Air', 'Acid_Waste'])
2025-04-24 15:50:54,437 - Workflow_Config_Helper - ERROR - Solid requested TT:TA is not in a Loaded Quantos Cartridge
2025-04-24 15:50:54,437 - Workflow_Config_Helper - ERROR - Errors found between chemicals requested and those in workflow configuration - Liquid Errors: ['water(DI)'] Solid Errors: ['TT:TA']
2025-04-24 16:00:16,233 - Workflow_Config_Helper - ERROR - An error occured in the samples list 'int' object is not subscriptable
2025-04-24 16:00:32,657 - Workflow_Config_Helper - ERROR - An error occured in the samples list 'int' object is not subscriptable
2025-04-24 16:01:25,621 - Workflow_Config_Helper - ERROR - An error occured in the samples list 'int' object is not subscriptable
2025-04-24 16:02:00,158 - Workflow_Config_Helper - ERROR - An error occured in the samples list 'int' object is not subscriptable
2025-04-24 16:02:58,599 - Workflow_Config_Helper - ERROR - An error occured in the samples list 'int' object is not subscriptable
2025-04-24 16:03:18,324 - Workflow_Config_Helper - ERROR - An error occured in the samples list 'int' object is not subscriptable
