2024-10-25 14:49:58,719 - Workflow_Config_Helper - INFO - All solids and liquids requested in sample list are in the workflow
2024-10-25 14:49:58,719 - Workflow_Config_Helper - INFO - No errors in workflow detected
2024-10-25 14:50:02,741 - pylabware.connections.SerialConnection - INFO - Creating connection object with the following settings: 
{'address': '', 'port': '/dev/ttyUSB0', 'encoding': 'UTF-8', 'command_delay': 0.5, 'receive_buffer_size': 128, 'receive_timeout': 1, 'transmit_timeout': 1, 'receiving_interval': 0.05, 'write_timeout': 0.5, 'baudrate': 9600, 'bytesize': 7, 'parity': 'E', 'stopbits': 1, 'xonxoff': False, 'rtscts': False, 'dsrdtr': False, 'inter_byte_timeout': False}
2024-10-25 14:50:02,742 - pylabware.connections.SerialConnection - INFO - Creating connection object with the following settings: 
{'address': '1', 'port': '/dev/ttyUSB1', 'encoding': 'UTF-8', 'command_delay': 0, 'receive_buffer_size': 128, 'receive_timeout': 10, 'transmit_timeout': 1, 'receiving_interval': 0.05, 'write_timeout': 0.5, 'baudrate': 9600, 'bytesize': 8, 'parity': 'N', 'stopbits': 1, 'xonxoff': False, 'rtscts': False, 'dsrdtr': False, 'inter_byte_timeout': False}
2024-10-25 14:50:02,742 - pylabware.connections.SerialConnection - INFO - Creating connection object with the following settings: 
{'address': None, 'port': '/dev/ttyUSB2', 'encoding': 'UTF-8', 'command_delay': 0.5, 'receive_buffer_size': 128, 'receive_timeout': 1, 'transmit_timeout': 1, 'receiving_interval': 0.05, 'write_timeout': 0.5, 'baudrate': 9600, 'bytesize': 8, 'parity': 'N', 'stopbits': 1, 'xonxoff': True, 'rtscts': False, 'dsrdtr': False, 'inter_byte_timeout': False, 'timeout': 0.1}
2024-10-25 14:50:02,745 - pylabware.connections.SerialConnection - INFO - Starting connection listener...
2024-10-25 14:50:02,745 - pylabware.connections.SerialConnection - INFO - Port /dev/ttyUSB2 opened.
2024-10-25 14:50:02,746 - pylabware.connections.SerialConnection - WARNING - Command rate too high! Delaying next command for 0.5 seconds
2024-10-25 14:50:03,352 - pylabware.controllers.QuantosQB1.QUANTOS - INFO - No carousel/autosampler connected
2024-10-25 14:50:03,352 - pylabware.connections.SerialConnection - WARNING - Command rate too high! Delaying next command for 0.5 seconds
2024-10-25 14:50:06,523 - RiH_Main - INFO - Connecting IKA RCT digital..
2024-10-25 14:50:06,526 - pylabware.connections.SerialConnection - INFO - Starting connection listener...
2024-10-25 14:50:06,526 - pylabware.connections.SerialConnection - INFO - Port /dev/ttyUSB0 opened.
2024-10-25 14:50:06,527 - pylabware.controllers.RCTDigitalHotplate.IKA - INFO - Opened connection.
2024-10-25 14:50:08,598 - RiH_Main - INFO - IKA RCT digital connected.
2024-10-25 14:50:10,106 - RiH_Main - INFO - Stiring velocity set to 100.
2024-10-25 14:50:11,677 - RiH_Main - INFO - Current temperature: 0.0.
2024-10-25 14:50:11,677 - RiH_Main - INFO - Connecting Pump..
2024-10-25 14:50:11,679 - pylabware.connections.SerialConnection - INFO - Starting connection listener...
2024-10-25 14:50:11,679 - pylabware.connections.SerialConnection - INFO - Port /dev/ttyUSB1 opened.
2024-10-25 14:50:11,680 - pylabware.controllers.XCalibur.DISPENSE_PUMP - INFO - Opened connection.
2024-10-25 14:50:12,236 - pylabware.controllers.XCalibur.DISPENSE_PUMP - INFO - Reply was <No error. Pump Ready.> - error free condition
2024-10-25 14:50:12,236 - RiH_Main - INFO - Pump connected.
2024-10-25 14:50:12,791 - pylabware.controllers.XCalibur.DISPENSE_PUMP - INFO - Reply was <No error. Pump Busy.> - error free condition
2024-10-25 14:50:12,791 - pylabware.controllers.XCalibur.DISPENSE_PUMP - INFO - Device initialized.
2024-10-25 14:50:12,791 - RiH_Main - INFO - Pump initialised.
2024-10-25 14:50:13,294 - RiH_Main - INFO - Checking for pump errors
2024-10-25 14:50:13,294 - pylabware.controllers.XCalibur.DISPENSE_PUMP - INFO - Reply was <No error. Pump Busy.> - error free condition
2024-10-25 14:50:13,294 - RiH_Main - INFO - Connecting to the Quantos - opening doors
2024-10-25 14:50:20,006 - RiH_Main - INFO - Quantos connected..
2024-10-25 14:50:20,006 - RiH_Main - INFO - Initialising the filter machine
2024-10-25 14:50:20,006 - RiH_Filtration_System - INFO - Initialising filtration system pump
2024-10-25 14:50:20,006 - pylabware.connections.SerialConnection - INFO - Creating connection object with the following settings: 
{'address': '1', 'port': '/dev/ttyUSB3', 'encoding': 'UTF-8', 'command_delay': 0, 'receive_buffer_size': 128, 'receive_timeout': 10, 'transmit_timeout': 1, 'receiving_interval': 0.05, 'write_timeout': 0.5, 'baudrate': 9600, 'bytesize': 8, 'parity': 'N', 'stopbits': 1, 'xonxoff': False, 'rtscts': False, 'dsrdtr': False, 'inter_byte_timeout': False}
2024-10-25 14:50:20,009 - pylabware.connections.SerialConnection - INFO - Starting connection listener...
2024-10-25 14:50:20,009 - pylabware.connections.SerialConnection - INFO - Port /dev/ttyUSB3 opened.
2024-10-25 14:50:20,010 - pylabware.controllers.XCalibur.FILT_PUMP - INFO - Opened connection.
2024-10-25 14:50:20,061 - pylabware.controllers.XCalibur.FILT_PUMP - INFO - Reply was <No error. Pump Busy.> - error free condition
2024-10-25 14:50:20,061 - pylabware.controllers.XCalibur.FILT_PUMP - INFO - Device initialized.
2024-10-25 14:50:20,112 - pylabware.controllers.XCalibur.FILT_PUMP - INFO - Reply was <No error. Pump Busy.> - error free condition
2024-10-25 14:50:20,667 - pylabware.controllers.XCalibur.FILT_PUMP - INFO - Reply was <No error. Pump Busy.> - error free condition
2024-10-25 14:50:21,223 - pylabware.controllers.XCalibur.FILT_PUMP - INFO - Reply was <No error. Pump Busy.> - error free condition
2024-10-25 14:50:21,778 - pylabware.controllers.XCalibur.FILT_PUMP - INFO - Reply was <No error. Pump Busy.> - error free condition
2024-10-25 14:50:22,333 - pylabware.controllers.XCalibur.FILT_PUMP - INFO - Reply was <No error. Pump Busy.> - error free condition
2024-10-25 14:50:22,889 - pylabware.controllers.XCalibur.FILT_PUMP - INFO - Reply was <Invalid command! Pump Ready.>
2024-10-25 14:50:22,889 - pylabware.controllers.XCalibur.FILT_PUMP - WARNING - A non-fatal error was recieved resending command - errors occured: 1
2024-10-25 14:50:22,940 - pylabware.controllers.XCalibur.FILT_PUMP - INFO - Reply was <No error. Pump Ready.> - error free condition
2024-10-25 14:50:23,495 - pylabware.controllers.XCalibur.FILT_PUMP - INFO - Reply was <No error. Pump Ready.> - error free condition
2024-10-25 14:50:23,495 - RiH_Filtration_System - INFO - Initialising the filtration system arduino
2024-10-25 14:50:23,505 - RiH_Main - INFO - Panda robot connected to 172.16.0.2
2024-10-25 14:50:23,505 - RiH_Main - ERROR - Capper camera is not available.
