2025-01-27 13:58:11,540 - Workflow_Config_Helper - INFO - All solids and liquids requested in sample list are in the workflow
2025-01-27 13:58:11,540 - Workflow_Config_Helper - INFO - No errors in workflow detected
2025-01-27 13:58:15,566 - pylabware.connections.SerialConnection - INFO - Creating connection object with the following settings: 
{'address': '', 'port': '/dev/ttyUSB1', 'encoding': 'UTF-8', 'command_delay': 0.5, 'receive_buffer_size': 128, 'receive_timeout': 1, 'transmit_timeout': 1, 'receiving_interval': 0.05, 'write_timeout': 0.5, 'baudrate': 9600, 'bytesize': 7, 'parity': 'E', 'stopbits': 1, 'xonxoff': False, 'rtscts': False, 'dsrdtr': False, 'inter_byte_timeout': False}
2025-01-27 13:58:15,566 - pylabware.connections.SerialConnection - INFO - Creating connection object with the following settings: 
{'address': '1', 'port': '/dev/ttyUSB0', 'encoding': 'UTF-8', 'command_delay': 0, 'receive_buffer_size': 128, 'receive_timeout': 10, 'transmit_timeout': 1, 'receiving_interval': 0.05, 'write_timeout': 0.5, 'baudrate': 9600, 'bytesize': 8, 'parity': 'N', 'stopbits': 1, 'xonxoff': False, 'rtscts': False, 'dsrdtr': False, 'inter_byte_timeout': False}
2025-01-27 13:58:15,566 - pylabware.connections.SerialConnection - INFO - Creating connection object with the following settings: 
{'address': None, 'port': '/dev/ttyUSB2', 'encoding': 'UTF-8', 'command_delay': 0.5, 'receive_buffer_size': 128, 'receive_timeout': 1, 'transmit_timeout': 1, 'receiving_interval': 0.05, 'write_timeout': 0.5, 'baudrate': 9600, 'bytesize': 8, 'parity': 'N', 'stopbits': 1, 'xonxoff': True, 'rtscts': False, 'dsrdtr': False, 'inter_byte_timeout': False, 'timeout': 0.1}
2025-01-27 13:58:15,569 - pylabware.connections.SerialConnection - INFO - Starting connection listener...
2025-01-27 13:58:15,569 - pylabware.connections.SerialConnection - INFO - Port /dev/ttyUSB2 opened.
2025-01-27 13:58:15,569 - pylabware.connections.SerialConnection - WARNING - Command rate too high! Delaying next command for 0.5 seconds
2025-01-27 13:58:16,175 - pylabware.controllers.QuantosQB1.QUANTOS - INFO - No carousel/autosampler connected
2025-01-27 13:58:16,175 - pylabware.connections.SerialConnection - WARNING - Command rate too high! Delaying next command for 0.5 seconds
2025-01-27 13:58:22,421 - Workflow_Config_Helper - INFO - All solids and liquids requested in sample list are in the workflow
2025-01-27 13:58:22,421 - Workflow_Config_Helper - INFO - No errors in workflow detected
2025-01-27 13:58:26,446 - pylabware.connections.SerialConnection - INFO - Creating connection object with the following settings: 
{'address': '', 'port': '/dev/ttyUSB1', 'encoding': 'UTF-8', 'command_delay': 0.5, 'receive_buffer_size': 128, 'receive_timeout': 1, 'transmit_timeout': 1, 'receiving_interval': 0.05, 'write_timeout': 0.5, 'baudrate': 9600, 'bytesize': 7, 'parity': 'E', 'stopbits': 1, 'xonxoff': False, 'rtscts': False, 'dsrdtr': False, 'inter_byte_timeout': False}
2025-01-27 13:58:26,447 - pylabware.connections.SerialConnection - INFO - Creating connection object with the following settings: 
{'address': '1', 'port': '/dev/ttyUSB0', 'encoding': 'UTF-8', 'command_delay': 0, 'receive_buffer_size': 128, 'receive_timeout': 10, 'transmit_timeout': 1, 'receiving_interval': 0.05, 'write_timeout': 0.5, 'baudrate': 9600, 'bytesize': 8, 'parity': 'N', 'stopbits': 1, 'xonxoff': False, 'rtscts': False, 'dsrdtr': False, 'inter_byte_timeout': False}
2025-01-27 13:58:26,447 - pylabware.connections.SerialConnection - INFO - Creating connection object with the following settings: 
{'address': None, 'port': '/dev/ttyUSB2', 'encoding': 'UTF-8', 'command_delay': 0.5, 'receive_buffer_size': 128, 'receive_timeout': 1, 'transmit_timeout': 1, 'receiving_interval': 0.05, 'write_timeout': 0.5, 'baudrate': 9600, 'bytesize': 8, 'parity': 'N', 'stopbits': 1, 'xonxoff': True, 'rtscts': False, 'dsrdtr': False, 'inter_byte_timeout': False, 'timeout': 0.1}
2025-01-27 13:58:26,450 - pylabware.connections.SerialConnection - INFO - Starting connection listener...
2025-01-27 13:58:26,450 - pylabware.connections.SerialConnection - INFO - Port /dev/ttyUSB2 opened.
2025-01-27 13:58:26,450 - pylabware.connections.SerialConnection - WARNING - Command rate too high! Delaying next command for 0.5 seconds
2025-01-27 13:58:27,055 - pylabware.controllers.QuantosQB1.QUANTOS - INFO - No carousel/autosampler connected
2025-01-27 13:58:27,055 - pylabware.connections.SerialConnection - WARNING - Command rate too high! Delaying next command for 0.5 seconds
2025-01-27 13:58:30,176 - RiH_Main - INFO - Connecting IKA RCT digital..
2025-01-27 13:58:30,178 - pylabware.connections.SerialConnection - INFO - Starting connection listener...
2025-01-27 13:58:30,178 - pylabware.connections.SerialConnection - INFO - Port /dev/ttyUSB1 opened.
2025-01-27 13:58:30,179 - pylabware.controllers.RCTDigitalHotplate.IKA - INFO - Opened connection.
2025-01-27 13:59:12,183 - RiH_Main - INFO - IKA RCT digital connected.
2025-01-27 13:59:13,691 - RiH_Main - INFO - Stiring velocity set to 200.
2025-01-27 13:59:15,234 - RiH_Main - INFO - Current temperature: 0.0.
2025-01-27 13:59:15,234 - RiH_Main - INFO - Connecting Pump..
2025-01-27 13:59:15,236 - pylabware.connections.SerialConnection - INFO - Starting connection listener...
2025-01-27 13:59:15,237 - pylabware.connections.SerialConnection - INFO - Port /dev/ttyUSB0 opened.
2025-01-27 13:59:15,237 - pylabware.controllers.XCalibur.DISPENSE_PUMP - INFO - Opened connection.
2025-01-27 13:59:15,792 - RiH_Main - INFO - Pump connected.
2025-01-27 13:59:16,347 - pylabware.controllers.XCalibur.DISPENSE_PUMP - INFO - Device initialized.
2025-01-27 13:59:16,347 - RiH_Main - INFO - Pump initialised.
2025-01-27 13:59:16,850 - RiH_Main - INFO - Checking for pump errors
2025-01-27 13:59:16,850 - RiH_Main - INFO - Connecting to the Quantos - opening doors
2025-01-27 13:59:28,150 - RiH_Main - INFO - Quantos connected..
2025-01-27 13:59:28,150 - RiH_Main - INFO - Initialising the filter machine
2025-01-27 13:59:28,150 - RiH_Filtration_System - INFO - Initialising filtration system pump
2025-01-27 13:59:31,155 - pylabware.connections.SerialConnection - INFO - Creating connection object with the following settings: 
{'address': '1', 'port': '/dev/ttyUSB3', 'encoding': 'UTF-8', 'command_delay': 0, 'receive_buffer_size': 128, 'receive_timeout': 10, 'transmit_timeout': 1, 'receiving_interval': 0.05, 'write_timeout': 0.5, 'baudrate': 9600, 'bytesize': 8, 'parity': 'N', 'stopbits': 1, 'xonxoff': False, 'rtscts': False, 'dsrdtr': False, 'inter_byte_timeout': False}
2025-01-27 13:59:31,157 - pylabware.connections.SerialConnection - INFO - Starting connection listener...
2025-01-27 13:59:31,157 - pylabware.connections.SerialConnection - INFO - Port /dev/ttyUSB3 opened.
2025-01-27 13:59:31,158 - pylabware.controllers.XCalibur.FILT_PUMP - INFO - Opened connection.
2025-01-27 13:59:31,209 - pylabware.controllers.XCalibur.FILT_PUMP - INFO - Device initialized.
2025-01-27 13:59:34,032 - pylabware.controllers.XCalibur.FILT_PUMP - INFO - Reply was <Invalid command! Pump Ready.>
2025-01-27 13:59:34,032 - pylabware.controllers.XCalibur.FILT_PUMP - WARNING - A non-fatal error was recieved resending command - errors occured: 1
2025-01-27 13:59:34,638 - RiH_Filtration_System - INFO - Initialising the filtration system arduino
2025-01-27 13:59:34,645 - RiH_Main - INFO - Panda robot connected to 172.16.0.2
2025-01-27 13:59:34,646 - RiH_Main - ERROR - Capper camera is not available.
2025-01-27 13:59:34,646 - RiH_Main - INFO - Priming reagent tubing with DYE1 from port 5 into waste on port: 6
2025-01-27 13:59:34,698 - pylabware.controllers.XCalibur.DISPENSE_PUMP - INFO - Reply was <Invalid command! Pump Ready.>
2025-01-27 13:59:34,698 - pylabware.controllers.XCalibur.DISPENSE_PUMP - WARNING - A non-fatal error was recieved resending command - errors occured: 1
2025-01-27 13:59:35,251 - pylabware.controllers.XCalibur.DISPENSE_PUMP - INFO - Dispensing 6000 ul as 6 full dispenses of the 1.0mL and 0 ul remaining volume
2025-01-27 13:59:36,565 - pylabware.controllers.XCalibur.DISPENSE_PUMP - INFO - Valve position is: 5
2025-01-27 13:59:36,565 - pylabware.controllers.XCalibur.DISPENSE_PUMP - INFO - Requested valve was 5 current valve is 5
2025-01-27 13:59:41,201 - pylabware.controllers.XCalibur.DISPENSE_PUMP - INFO - Plunger position is 3000
2025-01-27 13:59:41,202 - pylabware.controllers.XCalibur.DISPENSE_PUMP - INFO - Requested increment position was 3000 current position is 3000
2025-01-27 13:59:41,958 - pylabware.controllers.XCalibur.DISPENSE_PUMP - INFO - Valve position is: 6
2025-01-27 13:59:41,959 - pylabware.controllers.XCalibur.DISPENSE_PUMP - INFO - Requested valve was 6 current valve is 6
2025-01-27 13:59:46,598 - pylabware.controllers.XCalibur.DISPENSE_PUMP - INFO - Plunger position is 0
2025-01-27 13:59:46,598 - pylabware.controllers.XCalibur.DISPENSE_PUMP - INFO - Requested increment position was 0 current position is 0
2025-01-27 13:59:47,909 - pylabware.controllers.XCalibur.DISPENSE_PUMP - INFO - Valve position is: 5
2025-01-27 13:59:47,909 - pylabware.controllers.XCalibur.DISPENSE_PUMP - INFO - Requested valve was 5 current valve is 5
2025-01-27 13:59:52,552 - pylabware.controllers.XCalibur.DISPENSE_PUMP - INFO - Plunger position is 3000
2025-01-27 13:59:52,552 - pylabware.controllers.XCalibur.DISPENSE_PUMP - INFO - Requested increment position was 3000 current position is 3000
2025-01-27 13:59:53,309 - pylabware.controllers.XCalibur.DISPENSE_PUMP - INFO - Valve position is: 6
2025-01-27 13:59:53,309 - pylabware.controllers.XCalibur.DISPENSE_PUMP - INFO - Requested valve was 6 current valve is 6
2025-01-27 13:59:57,946 - pylabware.controllers.XCalibur.DISPENSE_PUMP - INFO - Plunger position is 0
2025-01-27 13:59:57,947 - pylabware.controllers.XCalibur.DISPENSE_PUMP - INFO - Requested increment position was 0 current position is 0
2025-01-27 13:59:59,257 - pylabware.controllers.XCalibur.DISPENSE_PUMP - INFO - Valve position is: 5
2025-01-27 13:59:59,257 - pylabware.controllers.XCalibur.DISPENSE_PUMP - INFO - Requested valve was 5 current valve is 5
2025-01-27 14:00:03,895 - pylabware.controllers.XCalibur.DISPENSE_PUMP - INFO - Plunger position is 3000
2025-01-27 14:00:03,895 - pylabware.controllers.XCalibur.DISPENSE_PUMP - INFO - Requested increment position was 3000 current position is 3000
2025-01-27 14:00:04,652 - pylabware.controllers.XCalibur.DISPENSE_PUMP - INFO - Valve position is: 6
2025-01-27 14:00:04,652 - pylabware.controllers.XCalibur.DISPENSE_PUMP - INFO - Requested valve was 6 current valve is 6
2025-01-27 14:00:09,291 - pylabware.controllers.XCalibur.DISPENSE_PUMP - INFO - Plunger position is 0
2025-01-27 14:00:09,291 - pylabware.controllers.XCalibur.DISPENSE_PUMP - INFO - Requested increment position was 0 current position is 0
2025-01-27 14:00:10,602 - pylabware.controllers.XCalibur.DISPENSE_PUMP - INFO - Valve position is: 5
2025-01-27 14:00:10,603 - pylabware.controllers.XCalibur.DISPENSE_PUMP - INFO - Requested valve was 5 current valve is 5
2025-01-27 14:00:15,292 - pylabware.controllers.XCalibur.DISPENSE_PUMP - INFO - Plunger position is 3000
2025-01-27 14:00:15,292 - pylabware.controllers.XCalibur.DISPENSE_PUMP - INFO - Requested increment position was 3000 current position is 3000
2025-01-27 14:00:16,049 - pylabware.controllers.XCalibur.DISPENSE_PUMP - INFO - Valve position is: 6
2025-01-27 14:00:16,049 - pylabware.controllers.XCalibur.DISPENSE_PUMP - INFO - Requested valve was 6 current valve is 6
2025-01-27 14:00:20,690 - pylabware.controllers.XCalibur.DISPENSE_PUMP - INFO - Plunger position is 0
2025-01-27 14:00:20,690 - pylabware.controllers.XCalibur.DISPENSE_PUMP - INFO - Requested increment position was 0 current position is 0
2025-01-27 14:00:22,001 - pylabware.controllers.XCalibur.DISPENSE_PUMP - INFO - Valve position is: 5
2025-01-27 14:00:22,002 - pylabware.controllers.XCalibur.DISPENSE_PUMP - INFO - Requested valve was 5 current valve is 5
2025-01-27 14:00:26,642 - pylabware.controllers.XCalibur.DISPENSE_PUMP - INFO - Plunger position is 3000
2025-01-27 14:00:26,642 - pylabware.controllers.XCalibur.DISPENSE_PUMP - INFO - Requested increment position was 3000 current position is 3000
2025-01-27 14:00:27,399 - pylabware.controllers.XCalibur.DISPENSE_PUMP - INFO - Valve position is: 6
2025-01-27 14:00:27,399 - pylabware.controllers.XCalibur.DISPENSE_PUMP - INFO - Requested valve was 6 current valve is 6
2025-01-27 14:00:32,035 - pylabware.controllers.XCalibur.DISPENSE_PUMP - INFO - Plunger position is 0
2025-01-27 14:00:32,035 - pylabware.controllers.XCalibur.DISPENSE_PUMP - INFO - Requested increment position was 0 current position is 0
2025-01-27 14:00:33,345 - pylabware.controllers.XCalibur.DISPENSE_PUMP - INFO - Valve position is: 5
2025-01-27 14:00:33,345 - pylabware.controllers.XCalibur.DISPENSE_PUMP - INFO - Requested valve was 5 current valve is 5
2025-01-27 14:00:37,981 - pylabware.controllers.XCalibur.DISPENSE_PUMP - INFO - Plunger position is 3000
2025-01-27 14:00:37,981 - pylabware.controllers.XCalibur.DISPENSE_PUMP - INFO - Requested increment position was 3000 current position is 3000
2025-01-27 14:00:38,738 - pylabware.controllers.XCalibur.DISPENSE_PUMP - INFO - Valve position is: 6
2025-01-27 14:00:38,738 - pylabware.controllers.XCalibur.DISPENSE_PUMP - INFO - Requested valve was 6 current valve is 6
2025-01-27 14:00:43,376 - pylabware.controllers.XCalibur.DISPENSE_PUMP - INFO - Plunger position is 0
2025-01-27 14:00:43,377 - pylabware.controllers.XCalibur.DISPENSE_PUMP - INFO - Requested increment position was 0 current position is 0
2025-01-27 14:00:43,377 - pylabware.controllers.XCalibur.DISPENSE_PUMP - INFO - Remaining volume 0 ul is 0.0 rounded to 0
2025-01-27 14:00:43,377 - pylabware.controllers.XCalibur.DISPENSE_PUMP - INFO - Dispensing complete
2025-01-27 14:02:04,677 - Workflow_Config_Helper - INFO - All solids and liquids requested in sample list are in the workflow
2025-01-27 14:02:04,677 - Workflow_Config_Helper - INFO - No errors in workflow detected
2025-01-27 14:02:08,704 - pylabware.connections.SerialConnection - INFO - Creating connection object with the following settings: 
{'address': '', 'port': '/dev/ttyUSB1', 'encoding': 'UTF-8', 'command_delay': 0.5, 'receive_buffer_size': 128, 'receive_timeout': 1, 'transmit_timeout': 1, 'receiving_interval': 0.05, 'write_timeout': 0.5, 'baudrate': 9600, 'bytesize': 7, 'parity': 'E', 'stopbits': 1, 'xonxoff': False, 'rtscts': False, 'dsrdtr': False, 'inter_byte_timeout': False}
2025-01-27 14:02:08,705 - pylabware.connections.SerialConnection - INFO - Creating connection object with the following settings: 
{'address': '1', 'port': '/dev/ttyUSB0', 'encoding': 'UTF-8', 'command_delay': 0, 'receive_buffer_size': 128, 'receive_timeout': 10, 'transmit_timeout': 1, 'receiving_interval': 0.05, 'write_timeout': 0.5, 'baudrate': 9600, 'bytesize': 8, 'parity': 'N', 'stopbits': 1, 'xonxoff': False, 'rtscts': False, 'dsrdtr': False, 'inter_byte_timeout': False}
2025-01-27 14:02:08,705 - pylabware.connections.SerialConnection - INFO - Creating connection object with the following settings: 
{'address': None, 'port': '/dev/ttyUSB2', 'encoding': 'UTF-8', 'command_delay': 0.5, 'receive_buffer_size': 128, 'receive_timeout': 1, 'transmit_timeout': 1, 'receiving_interval': 0.05, 'write_timeout': 0.5, 'baudrate': 9600, 'bytesize': 8, 'parity': 'N', 'stopbits': 1, 'xonxoff': True, 'rtscts': False, 'dsrdtr': False, 'inter_byte_timeout': False, 'timeout': 0.1}
2025-01-27 14:02:08,706 - pylabware.connections.SerialConnection - INFO - Starting connection listener...
2025-01-27 14:02:08,706 - pylabware.connections.SerialConnection - INFO - Port /dev/ttyUSB2 opened.
2025-01-27 14:02:08,706 - pylabware.connections.SerialConnection - WARNING - Command rate too high! Delaying next command for 0.5 seconds
2025-01-27 14:02:09,313 - pylabware.controllers.QuantosQB1.QUANTOS - INFO - No carousel/autosampler connected
2025-01-27 14:02:09,313 - pylabware.connections.SerialConnection - WARNING - Command rate too high! Delaying next command for 0.5 seconds
2025-01-27 14:02:12,534 - RiH_Main - INFO - Connecting IKA RCT digital..
2025-01-27 14:02:12,536 - pylabware.connections.SerialConnection - INFO - Starting connection listener...
2025-01-27 14:02:12,536 - pylabware.connections.SerialConnection - INFO - Port /dev/ttyUSB1 opened.
2025-01-27 14:02:12,537 - pylabware.controllers.RCTDigitalHotplate.IKA - INFO - Opened connection.
2025-01-27 14:02:14,603 - RiH_Main - INFO - IKA RCT digital connected.
2025-01-27 14:02:16,112 - RiH_Main - INFO - Stiring velocity set to 200.
2025-01-27 14:02:17,676 - RiH_Main - INFO - Current temperature: 0.0.
2025-01-27 14:02:17,677 - RiH_Main - INFO - Connecting Pump..
2025-01-27 14:02:17,679 - pylabware.connections.SerialConnection - INFO - Starting connection listener...
2025-01-27 14:02:17,680 - pylabware.connections.SerialConnection - INFO - Port /dev/ttyUSB0 opened.
2025-01-27 14:02:17,680 - pylabware.controllers.XCalibur.DISPENSE_PUMP - INFO - Opened connection.
2025-01-27 14:02:18,236 - RiH_Main - INFO - Pump connected.
2025-01-27 14:02:18,790 - pylabware.controllers.XCalibur.DISPENSE_PUMP - INFO - Device initialized.
2025-01-27 14:02:18,790 - RiH_Main - INFO - Pump initialised.
2025-01-27 14:02:19,293 - RiH_Main - INFO - Checking for pump errors
2025-01-27 14:02:19,293 - RiH_Main - INFO - Connecting to the Quantos - opening doors
2025-01-27 14:02:25,850 - RiH_Main - INFO - Quantos connected..
2025-01-27 14:02:25,850 - RiH_Main - INFO - Initialising the filter machine
2025-01-27 14:02:25,850 - RiH_Filtration_System - INFO - Initialising filtration system pump
2025-01-27 14:02:28,862 - pylabware.connections.SerialConnection - INFO - Creating connection object with the following settings: 
{'address': '1', 'port': '/dev/ttyUSB3', 'encoding': 'UTF-8', 'command_delay': 0, 'receive_buffer_size': 128, 'receive_timeout': 10, 'transmit_timeout': 1, 'receiving_interval': 0.05, 'write_timeout': 0.5, 'baudrate': 9600, 'bytesize': 8, 'parity': 'N', 'stopbits': 1, 'xonxoff': False, 'rtscts': False, 'dsrdtr': False, 'inter_byte_timeout': False}
2025-01-27 14:02:28,865 - pylabware.connections.SerialConnection - INFO - Starting connection listener...
2025-01-27 14:02:28,865 - pylabware.connections.SerialConnection - INFO - Port /dev/ttyUSB3 opened.
2025-01-27 14:02:28,866 - pylabware.controllers.XCalibur.FILT_PUMP - INFO - Opened connection.
2025-01-27 14:02:28,917 - pylabware.controllers.XCalibur.FILT_PUMP - INFO - Device initialized.
2025-01-27 14:02:31,741 - pylabware.controllers.XCalibur.FILT_PUMP - INFO - Reply was <Invalid command! Pump Ready.>
2025-01-27 14:02:31,741 - pylabware.controllers.XCalibur.FILT_PUMP - WARNING - A non-fatal error was recieved resending command - errors occured: 1
2025-01-27 14:02:32,347 - RiH_Filtration_System - INFO - Initialising the filtration system arduino
2025-01-27 14:02:32,355 - RiH_Main - INFO - Panda robot connected to 172.16.0.2
2025-01-27 14:02:32,356 - RiH_Main - ERROR - Capper camera is not available.
2025-01-27 14:02:32,356 - RiH_Main - INFO - Priming reagent tubing with DYE2 from port 7 into waste on port: 6
2025-01-27 14:02:32,406 - pylabware.controllers.XCalibur.DISPENSE_PUMP - INFO - Reply was <Invalid command! Pump Ready.>
2025-01-27 14:02:32,406 - pylabware.controllers.XCalibur.DISPENSE_PUMP - WARNING - A non-fatal error was recieved resending command - errors occured: 1
2025-01-27 14:02:32,959 - pylabware.controllers.XCalibur.DISPENSE_PUMP - INFO - Dispensing 6000 ul as 6 full dispenses of the 1.0mL and 0 ul remaining volume
2025-01-27 14:02:33,717 - pylabware.controllers.XCalibur.DISPENSE_PUMP - INFO - Valve position is: 7
2025-01-27 14:02:33,717 - pylabware.controllers.XCalibur.DISPENSE_PUMP - INFO - Requested valve was 7 current valve is 7
2025-01-27 14:02:38,355 - pylabware.controllers.XCalibur.DISPENSE_PUMP - INFO - Plunger position is 3000
2025-01-27 14:02:38,355 - pylabware.controllers.XCalibur.DISPENSE_PUMP - INFO - Requested increment position was 3000 current position is 3000
2025-01-27 14:02:39,669 - pylabware.controllers.XCalibur.DISPENSE_PUMP - INFO - Valve position is: 6
2025-01-27 14:02:39,669 - pylabware.controllers.XCalibur.DISPENSE_PUMP - INFO - Requested valve was 6 current valve is 6
2025-01-27 14:02:44,308 - pylabware.controllers.XCalibur.DISPENSE_PUMP - INFO - Plunger position is 0
2025-01-27 14:02:44,308 - pylabware.controllers.XCalibur.DISPENSE_PUMP - INFO - Requested increment position was 0 current position is 0
2025-01-27 14:02:45,066 - pylabware.controllers.XCalibur.DISPENSE_PUMP - INFO - Valve position is: 7
2025-01-27 14:02:45,066 - pylabware.controllers.XCalibur.DISPENSE_PUMP - INFO - Requested valve was 7 current valve is 7
2025-01-27 14:02:49,705 - pylabware.controllers.XCalibur.DISPENSE_PUMP - INFO - Plunger position is 3000
2025-01-27 14:02:49,705 - pylabware.controllers.XCalibur.DISPENSE_PUMP - INFO - Requested increment position was 3000 current position is 3000
2025-01-27 14:02:51,068 - pylabware.controllers.XCalibur.DISPENSE_PUMP - INFO - Valve position is: 6
2025-01-27 14:02:51,068 - pylabware.controllers.XCalibur.DISPENSE_PUMP - INFO - Requested valve was 6 current valve is 6
2025-01-27 14:02:55,707 - pylabware.controllers.XCalibur.DISPENSE_PUMP - INFO - Plunger position is 0
2025-01-27 14:02:55,707 - pylabware.controllers.XCalibur.DISPENSE_PUMP - INFO - Requested increment position was 0 current position is 0
2025-01-27 14:02:56,465 - pylabware.controllers.XCalibur.DISPENSE_PUMP - INFO - Valve position is: 7
2025-01-27 14:02:56,465 - pylabware.controllers.XCalibur.DISPENSE_PUMP - INFO - Requested valve was 7 current valve is 7
2025-01-27 14:03:01,103 - pylabware.controllers.XCalibur.DISPENSE_PUMP - INFO - Plunger position is 3000
2025-01-27 14:03:01,103 - pylabware.controllers.XCalibur.DISPENSE_PUMP - INFO - Requested increment position was 3000 current position is 3000
2025-01-27 14:03:02,414 - pylabware.controllers.XCalibur.DISPENSE_PUMP - INFO - Valve position is: 6
2025-01-27 14:03:02,415 - pylabware.controllers.XCalibur.DISPENSE_PUMP - INFO - Requested valve was 6 current valve is 6
2025-01-27 14:03:07,104 - pylabware.controllers.XCalibur.DISPENSE_PUMP - INFO - Plunger position is 0
2025-01-27 14:03:07,104 - pylabware.controllers.XCalibur.DISPENSE_PUMP - INFO - Requested increment position was 0 current position is 0
2025-01-27 14:03:07,861 - pylabware.controllers.XCalibur.DISPENSE_PUMP - INFO - Valve position is: 7
2025-01-27 14:03:07,861 - pylabware.controllers.XCalibur.DISPENSE_PUMP - INFO - Requested valve was 7 current valve is 7
2025-01-27 14:03:12,500 - pylabware.controllers.XCalibur.DISPENSE_PUMP - INFO - Plunger position is 3000
2025-01-27 14:03:12,501 - pylabware.controllers.XCalibur.DISPENSE_PUMP - INFO - Requested increment position was 3000 current position is 3000
2025-01-27 14:03:13,813 - pylabware.controllers.XCalibur.DISPENSE_PUMP - INFO - Valve position is: 6
2025-01-27 14:03:13,814 - pylabware.controllers.XCalibur.DISPENSE_PUMP - INFO - Requested valve was 6 current valve is 6
2025-01-27 14:03:18,453 - pylabware.controllers.XCalibur.DISPENSE_PUMP - INFO - Plunger position is 0
2025-01-27 14:03:18,453 - pylabware.controllers.XCalibur.DISPENSE_PUMP - INFO - Requested increment position was 0 current position is 0
2025-01-27 14:03:19,210 - pylabware.controllers.XCalibur.DISPENSE_PUMP - INFO - Valve position is: 7
2025-01-27 14:03:19,210 - pylabware.controllers.XCalibur.DISPENSE_PUMP - INFO - Requested valve was 7 current valve is 7
2025-01-27 14:03:23,849 - pylabware.controllers.XCalibur.DISPENSE_PUMP - INFO - Plunger position is 3000
2025-01-27 14:03:23,849 - pylabware.controllers.XCalibur.DISPENSE_PUMP - INFO - Requested increment position was 3000 current position is 3000
2025-01-27 14:03:25,161 - pylabware.controllers.XCalibur.DISPENSE_PUMP - INFO - Valve position is: 6
2025-01-27 14:03:25,162 - pylabware.controllers.XCalibur.DISPENSE_PUMP - INFO - Requested valve was 6 current valve is 6
2025-01-27 14:03:29,799 - pylabware.controllers.XCalibur.DISPENSE_PUMP - INFO - Plunger position is 0
2025-01-27 14:03:29,800 - pylabware.controllers.XCalibur.DISPENSE_PUMP - INFO - Requested increment position was 0 current position is 0
2025-01-27 14:03:30,555 - pylabware.controllers.XCalibur.DISPENSE_PUMP - INFO - Valve position is: 7
2025-01-27 14:03:30,556 - pylabware.controllers.XCalibur.DISPENSE_PUMP - INFO - Requested valve was 7 current valve is 7
2025-01-27 14:03:35,193 - pylabware.controllers.XCalibur.DISPENSE_PUMP - INFO - Plunger position is 3000
2025-01-27 14:03:35,194 - pylabware.controllers.XCalibur.DISPENSE_PUMP - INFO - Requested increment position was 3000 current position is 3000
2025-01-27 14:03:36,504 - pylabware.controllers.XCalibur.DISPENSE_PUMP - INFO - Valve position is: 6
2025-01-27 14:03:36,504 - pylabware.controllers.XCalibur.DISPENSE_PUMP - INFO - Requested valve was 6 current valve is 6
2025-01-27 14:03:41,143 - pylabware.controllers.XCalibur.DISPENSE_PUMP - INFO - Plunger position is 0
2025-01-27 14:03:41,144 - pylabware.controllers.XCalibur.DISPENSE_PUMP - INFO - Requested increment position was 0 current position is 0
2025-01-27 14:03:41,144 - pylabware.controllers.XCalibur.DISPENSE_PUMP - INFO - Remaining volume 0 ul is 0.0 rounded to 0
2025-01-27 14:03:41,144 - pylabware.controllers.XCalibur.DISPENSE_PUMP - INFO - Dispensing complete
2025-01-27 14:03:41,194 - RiH_Main - INFO - Priming reagent tubing with DYE3 from port 8 into waste on port: 6
2025-01-27 14:03:41,245 - pylabware.controllers.XCalibur.DISPENSE_PUMP - INFO - Dispensing 6000 ul as 6 full dispenses of the 1.0mL and 0 ul remaining volume
2025-01-27 14:03:42,001 - pylabware.controllers.XCalibur.DISPENSE_PUMP - INFO - Valve position is: 8
2025-01-27 14:03:42,001 - pylabware.controllers.XCalibur.DISPENSE_PUMP - INFO - Requested valve was 8 current valve is 8
2025-01-27 14:03:46,638 - pylabware.controllers.XCalibur.DISPENSE_PUMP - INFO - Plunger position is 3000
2025-01-27 14:03:46,638 - pylabware.controllers.XCalibur.DISPENSE_PUMP - INFO - Requested increment position was 3000 current position is 3000
2025-01-27 14:03:47,949 - pylabware.controllers.XCalibur.DISPENSE_PUMP - INFO - Valve position is: 6
2025-01-27 14:03:47,950 - pylabware.controllers.XCalibur.DISPENSE_PUMP - INFO - Requested valve was 6 current valve is 6
2025-01-27 14:03:52,595 - pylabware.controllers.XCalibur.DISPENSE_PUMP - INFO - Plunger position is 0
2025-01-27 14:03:52,596 - pylabware.controllers.XCalibur.DISPENSE_PUMP - INFO - Requested increment position was 0 current position is 0
2025-01-27 14:03:53,352 - pylabware.controllers.XCalibur.DISPENSE_PUMP - INFO - Valve position is: 8
2025-01-27 14:03:53,352 - pylabware.controllers.XCalibur.DISPENSE_PUMP - INFO - Requested valve was 8 current valve is 8
2025-01-27 14:03:57,997 - pylabware.controllers.XCalibur.DISPENSE_PUMP - INFO - Plunger position is 3000
2025-01-27 14:03:57,997 - pylabware.controllers.XCalibur.DISPENSE_PUMP - INFO - Requested increment position was 3000 current position is 3000
2025-01-27 14:03:59,309 - pylabware.controllers.XCalibur.DISPENSE_PUMP - INFO - Valve position is: 6
2025-01-27 14:03:59,309 - pylabware.controllers.XCalibur.DISPENSE_PUMP - INFO - Requested valve was 6 current valve is 6
2025-01-27 14:04:03,947 - pylabware.controllers.XCalibur.DISPENSE_PUMP - INFO - Plunger position is 0
2025-01-27 14:04:03,947 - pylabware.controllers.XCalibur.DISPENSE_PUMP - INFO - Requested increment position was 0 current position is 0
2025-01-27 14:04:04,704 - pylabware.controllers.XCalibur.DISPENSE_PUMP - INFO - Valve position is: 8
2025-01-27 14:04:04,704 - pylabware.controllers.XCalibur.DISPENSE_PUMP - INFO - Requested valve was 8 current valve is 8
2025-01-27 14:04:09,341 - pylabware.controllers.XCalibur.DISPENSE_PUMP - INFO - Plunger position is 3000
2025-01-27 14:04:09,341 - pylabware.controllers.XCalibur.DISPENSE_PUMP - INFO - Requested increment position was 3000 current position is 3000
2025-01-27 14:04:10,653 - pylabware.controllers.XCalibur.DISPENSE_PUMP - INFO - Valve position is: 6
2025-01-27 14:04:10,653 - pylabware.controllers.XCalibur.DISPENSE_PUMP - INFO - Requested valve was 6 current valve is 6
2025-01-27 14:04:15,299 - pylabware.controllers.XCalibur.DISPENSE_PUMP - INFO - Plunger position is 0
2025-01-27 14:04:15,299 - pylabware.controllers.XCalibur.DISPENSE_PUMP - INFO - Requested increment position was 0 current position is 0
2025-01-27 14:04:16,057 - pylabware.controllers.XCalibur.DISPENSE_PUMP - INFO - Valve position is: 8
2025-01-27 14:04:16,057 - pylabware.controllers.XCalibur.DISPENSE_PUMP - INFO - Requested valve was 8 current valve is 8
2025-01-27 14:04:20,695 - pylabware.controllers.XCalibur.DISPENSE_PUMP - INFO - Plunger position is 3000
2025-01-27 14:04:20,695 - pylabware.controllers.XCalibur.DISPENSE_PUMP - INFO - Requested increment position was 3000 current position is 3000
2025-01-27 14:04:22,007 - pylabware.controllers.XCalibur.DISPENSE_PUMP - INFO - Valve position is: 6
2025-01-27 14:04:22,007 - pylabware.controllers.XCalibur.DISPENSE_PUMP - INFO - Requested valve was 6 current valve is 6
2025-01-27 14:04:26,645 - pylabware.controllers.XCalibur.DISPENSE_PUMP - INFO - Plunger position is 0
2025-01-27 14:04:26,646 - pylabware.controllers.XCalibur.DISPENSE_PUMP - INFO - Requested increment position was 0 current position is 0
2025-01-27 14:04:27,453 - pylabware.controllers.XCalibur.DISPENSE_PUMP - INFO - Valve position is: 8
2025-01-27 14:04:27,454 - pylabware.controllers.XCalibur.DISPENSE_PUMP - INFO - Requested valve was 8 current valve is 8
2025-01-27 14:04:32,096 - pylabware.controllers.XCalibur.DISPENSE_PUMP - INFO - Plunger position is 3000
2025-01-27 14:04:32,096 - pylabware.controllers.XCalibur.DISPENSE_PUMP - INFO - Requested increment position was 3000 current position is 3000
2025-01-27 14:04:33,408 - pylabware.controllers.XCalibur.DISPENSE_PUMP - INFO - Valve position is: 6
2025-01-27 14:04:33,408 - pylabware.controllers.XCalibur.DISPENSE_PUMP - INFO - Requested valve was 6 current valve is 6
2025-01-27 14:04:38,046 - pylabware.controllers.XCalibur.DISPENSE_PUMP - INFO - Plunger position is 0
2025-01-27 14:04:38,047 - pylabware.controllers.XCalibur.DISPENSE_PUMP - INFO - Requested increment position was 0 current position is 0
2025-01-27 14:04:38,804 - pylabware.controllers.XCalibur.DISPENSE_PUMP - INFO - Valve position is: 8
2025-01-27 14:04:38,805 - pylabware.controllers.XCalibur.DISPENSE_PUMP - INFO - Requested valve was 8 current valve is 8
2025-01-27 14:04:43,441 - pylabware.controllers.XCalibur.DISPENSE_PUMP - INFO - Plunger position is 3000
2025-01-27 14:04:43,441 - pylabware.controllers.XCalibur.DISPENSE_PUMP - INFO - Requested increment position was 3000 current position is 3000
2025-01-27 14:04:44,753 - pylabware.controllers.XCalibur.DISPENSE_PUMP - INFO - Valve position is: 6
2025-01-27 14:04:44,753 - pylabware.controllers.XCalibur.DISPENSE_PUMP - INFO - Requested valve was 6 current valve is 6
2025-01-27 14:04:49,389 - pylabware.controllers.XCalibur.DISPENSE_PUMP - INFO - Plunger position is 0
2025-01-27 14:04:49,389 - pylabware.controllers.XCalibur.DISPENSE_PUMP - INFO - Requested increment position was 0 current position is 0
2025-01-27 14:04:49,390 - pylabware.controllers.XCalibur.DISPENSE_PUMP - INFO - Remaining volume 0 ul is 0.0 rounded to 0
2025-01-27 14:04:49,390 - pylabware.controllers.XCalibur.DISPENSE_PUMP - INFO - Dispensing complete
2025-01-27 14:04:49,439 - RiH_Main - INFO - Priming reagent tubing with DYE4 from port 9 into waste on port: 6
2025-01-27 14:04:49,490 - pylabware.controllers.XCalibur.DISPENSE_PUMP - INFO - Dispensing 6000 ul as 6 full dispenses of the 1.0mL and 0 ul remaining volume
2025-01-27 14:04:50,249 - pylabware.controllers.XCalibur.DISPENSE_PUMP - INFO - Valve position is: 9
2025-01-27 14:04:50,250 - pylabware.controllers.XCalibur.DISPENSE_PUMP - INFO - Requested valve was 9 current valve is 9
2025-01-27 14:04:54,886 - pylabware.controllers.XCalibur.DISPENSE_PUMP - INFO - Plunger position is 3000
2025-01-27 14:04:54,886 - pylabware.controllers.XCalibur.DISPENSE_PUMP - INFO - Requested increment position was 3000 current position is 3000
2025-01-27 14:04:56,196 - pylabware.controllers.XCalibur.DISPENSE_PUMP - INFO - Valve position is: 6
2025-01-27 14:04:56,196 - pylabware.controllers.XCalibur.DISPENSE_PUMP - INFO - Requested valve was 6 current valve is 6
2025-01-27 14:05:00,836 - pylabware.controllers.XCalibur.DISPENSE_PUMP - INFO - Plunger position is 0
2025-01-27 14:05:00,837 - pylabware.controllers.XCalibur.DISPENSE_PUMP - INFO - Requested increment position was 0 current position is 0
2025-01-27 14:05:01,594 - pylabware.controllers.XCalibur.DISPENSE_PUMP - INFO - Valve position is: 9
2025-01-27 14:05:01,595 - pylabware.controllers.XCalibur.DISPENSE_PUMP - INFO - Requested valve was 9 current valve is 9
2025-01-27 14:05:06,235 - pylabware.controllers.XCalibur.DISPENSE_PUMP - INFO - Plunger position is 3000
2025-01-27 14:05:06,235 - pylabware.controllers.XCalibur.DISPENSE_PUMP - INFO - Requested increment position was 3000 current position is 3000
2025-01-27 14:05:07,547 - pylabware.controllers.XCalibur.DISPENSE_PUMP - INFO - Valve position is: 6
2025-01-27 14:05:07,547 - pylabware.controllers.XCalibur.DISPENSE_PUMP - INFO - Requested valve was 6 current valve is 6
2025-01-27 14:05:12,235 - pylabware.controllers.XCalibur.DISPENSE_PUMP - INFO - Plunger position is 0
2025-01-27 14:05:12,236 - pylabware.controllers.XCalibur.DISPENSE_PUMP - INFO - Requested increment position was 0 current position is 0
2025-01-27 14:05:12,993 - pylabware.controllers.XCalibur.DISPENSE_PUMP - INFO - Valve position is: 9
2025-01-27 14:05:12,993 - pylabware.controllers.XCalibur.DISPENSE_PUMP - INFO - Requested valve was 9 current valve is 9
2025-01-27 14:05:17,632 - pylabware.controllers.XCalibur.DISPENSE_PUMP - INFO - Plunger position is 3000
2025-01-27 14:05:17,632 - pylabware.controllers.XCalibur.DISPENSE_PUMP - INFO - Requested increment position was 3000 current position is 3000
2025-01-27 14:05:18,944 - pylabware.controllers.XCalibur.DISPENSE_PUMP - INFO - Valve position is: 6
2025-01-27 14:05:18,944 - pylabware.controllers.XCalibur.DISPENSE_PUMP - INFO - Requested valve was 6 current valve is 6
2025-01-27 14:05:23,580 - pylabware.controllers.XCalibur.DISPENSE_PUMP - INFO - Plunger position is 0
2025-01-27 14:05:23,581 - pylabware.controllers.XCalibur.DISPENSE_PUMP - INFO - Requested increment position was 0 current position is 0
2025-01-27 14:05:24,337 - pylabware.controllers.XCalibur.DISPENSE_PUMP - INFO - Valve position is: 9
2025-01-27 14:05:24,337 - pylabware.controllers.XCalibur.DISPENSE_PUMP - INFO - Requested valve was 9 current valve is 9
2025-01-27 14:05:28,976 - pylabware.controllers.XCalibur.DISPENSE_PUMP - INFO - Plunger position is 3000
2025-01-27 14:05:28,976 - pylabware.controllers.XCalibur.DISPENSE_PUMP - INFO - Requested increment position was 3000 current position is 3000
2025-01-27 14:05:30,288 - pylabware.controllers.XCalibur.DISPENSE_PUMP - INFO - Valve position is: 6
2025-01-27 14:05:30,288 - pylabware.controllers.XCalibur.DISPENSE_PUMP - INFO - Requested valve was 6 current valve is 6
2025-01-27 14:05:34,927 - pylabware.controllers.XCalibur.DISPENSE_PUMP - INFO - Plunger position is 0
2025-01-27 14:05:34,928 - pylabware.controllers.XCalibur.DISPENSE_PUMP - INFO - Requested increment position was 0 current position is 0
2025-01-27 14:05:35,684 - pylabware.controllers.XCalibur.DISPENSE_PUMP - INFO - Valve position is: 9
2025-01-27 14:05:35,684 - pylabware.controllers.XCalibur.DISPENSE_PUMP - INFO - Requested valve was 9 current valve is 9
2025-01-27 14:05:40,324 - pylabware.controllers.XCalibur.DISPENSE_PUMP - INFO - Plunger position is 3000
2025-01-27 14:05:40,324 - pylabware.controllers.XCalibur.DISPENSE_PUMP - INFO - Requested increment position was 3000 current position is 3000
2025-01-27 14:05:41,635 - pylabware.controllers.XCalibur.DISPENSE_PUMP - INFO - Valve position is: 6
2025-01-27 14:05:41,635 - pylabware.controllers.XCalibur.DISPENSE_PUMP - INFO - Requested valve was 6 current valve is 6
2025-01-27 14:05:46,275 - pylabware.controllers.XCalibur.DISPENSE_PUMP - INFO - Plunger position is 0
2025-01-27 14:05:46,275 - pylabware.controllers.XCalibur.DISPENSE_PUMP - INFO - Requested increment position was 0 current position is 0
2025-01-27 14:05:47,033 - pylabware.controllers.XCalibur.DISPENSE_PUMP - INFO - Valve position is: 9
2025-01-27 14:05:47,033 - pylabware.controllers.XCalibur.DISPENSE_PUMP - INFO - Requested valve was 9 current valve is 9
2025-01-27 14:05:51,674 - pylabware.controllers.XCalibur.DISPENSE_PUMP - INFO - Plunger position is 3000
2025-01-27 14:05:51,674 - pylabware.controllers.XCalibur.DISPENSE_PUMP - INFO - Requested increment position was 3000 current position is 3000
2025-01-27 14:05:52,985 - pylabware.controllers.XCalibur.DISPENSE_PUMP - INFO - Valve position is: 6
2025-01-27 14:05:52,985 - pylabware.controllers.XCalibur.DISPENSE_PUMP - INFO - Requested valve was 6 current valve is 6
2025-01-27 14:05:57,622 - pylabware.controllers.XCalibur.DISPENSE_PUMP - INFO - Plunger position is 0
2025-01-27 14:05:57,622 - pylabware.controllers.XCalibur.DISPENSE_PUMP - INFO - Requested increment position was 0 current position is 0
2025-01-27 14:05:57,623 - pylabware.controllers.XCalibur.DISPENSE_PUMP - INFO - Remaining volume 0 ul is 0.0 rounded to 0
2025-01-27 14:05:57,623 - pylabware.controllers.XCalibur.DISPENSE_PUMP - INFO - Dispensing complete
2025-01-27 14:05:57,673 - RiH_Main - INFO - Priming reagent tubing with DYE5 from port 11 into waste on port: 6
2025-01-27 14:05:57,724 - pylabware.controllers.XCalibur.DISPENSE_PUMP - INFO - Dispensing 6000 ul as 6 full dispenses of the 1.0mL and 0 ul remaining volume
2025-01-27 14:05:58,481 - pylabware.controllers.XCalibur.DISPENSE_PUMP - INFO - Valve position is: 11
2025-01-27 14:05:58,481 - pylabware.controllers.XCalibur.DISPENSE_PUMP - INFO - Requested valve was 11 current valve is 11
2025-01-27 14:06:03,120 - pylabware.controllers.XCalibur.DISPENSE_PUMP - INFO - Plunger position is 3000
2025-01-27 14:06:03,120 - pylabware.controllers.XCalibur.DISPENSE_PUMP - INFO - Requested increment position was 3000 current position is 3000
2025-01-27 14:06:03,877 - pylabware.controllers.XCalibur.DISPENSE_PUMP - INFO - Valve position is: 6
2025-01-27 14:06:03,877 - pylabware.controllers.XCalibur.DISPENSE_PUMP - INFO - Requested valve was 6 current valve is 6
2025-01-27 14:06:08,515 - pylabware.controllers.XCalibur.DISPENSE_PUMP - INFO - Plunger position is 0
2025-01-27 14:06:08,515 - pylabware.controllers.XCalibur.DISPENSE_PUMP - INFO - Requested increment position was 0 current position is 0
2025-01-27 14:06:09,271 - pylabware.controllers.XCalibur.DISPENSE_PUMP - INFO - Valve position is: 11
2025-01-27 14:06:09,272 - pylabware.controllers.XCalibur.DISPENSE_PUMP - INFO - Requested valve was 11 current valve is 11
2025-01-27 14:06:13,908 - pylabware.controllers.XCalibur.DISPENSE_PUMP - INFO - Plunger position is 3000
2025-01-27 14:06:13,909 - pylabware.controllers.XCalibur.DISPENSE_PUMP - INFO - Requested increment position was 3000 current position is 3000
2025-01-27 14:06:14,666 - pylabware.controllers.XCalibur.DISPENSE_PUMP - INFO - Valve position is: 6
2025-01-27 14:06:14,667 - pylabware.controllers.XCalibur.DISPENSE_PUMP - INFO - Requested valve was 6 current valve is 6
2025-01-27 14:06:19,302 - pylabware.controllers.XCalibur.DISPENSE_PUMP - INFO - Plunger position is 0
2025-01-27 14:06:19,302 - pylabware.controllers.XCalibur.DISPENSE_PUMP - INFO - Requested increment position was 0 current position is 0
2025-01-27 14:06:20,109 - pylabware.controllers.XCalibur.DISPENSE_PUMP - INFO - Valve position is: 11
2025-01-27 14:06:20,109 - pylabware.controllers.XCalibur.DISPENSE_PUMP - INFO - Requested valve was 11 current valve is 11
2025-01-27 14:06:24,748 - pylabware.controllers.XCalibur.DISPENSE_PUMP - INFO - Plunger position is 3000
2025-01-27 14:06:24,748 - pylabware.controllers.XCalibur.DISPENSE_PUMP - INFO - Requested increment position was 3000 current position is 3000
2025-01-27 14:06:25,556 - pylabware.controllers.XCalibur.DISPENSE_PUMP - INFO - Valve position is: 6
2025-01-27 14:06:25,556 - pylabware.controllers.XCalibur.DISPENSE_PUMP - INFO - Requested valve was 6 current valve is 6
2025-01-27 14:06:30,196 - pylabware.controllers.XCalibur.DISPENSE_PUMP - INFO - Plunger position is 0
2025-01-27 14:06:30,196 - pylabware.controllers.XCalibur.DISPENSE_PUMP - INFO - Requested increment position was 0 current position is 0
2025-01-27 14:06:31,004 - pylabware.controllers.XCalibur.DISPENSE_PUMP - INFO - Valve position is: 11
2025-01-27 14:06:31,004 - pylabware.controllers.XCalibur.DISPENSE_PUMP - INFO - Requested valve was 11 current valve is 11
2025-01-27 14:06:35,648 - pylabware.controllers.XCalibur.DISPENSE_PUMP - INFO - Plunger position is 3000
2025-01-27 14:06:35,648 - pylabware.controllers.XCalibur.DISPENSE_PUMP - INFO - Requested increment position was 3000 current position is 3000
2025-01-27 14:06:36,404 - pylabware.controllers.XCalibur.DISPENSE_PUMP - INFO - Valve position is: 6
2025-01-27 14:06:36,405 - pylabware.controllers.XCalibur.DISPENSE_PUMP - INFO - Requested valve was 6 current valve is 6
2025-01-27 14:06:41,048 - pylabware.controllers.XCalibur.DISPENSE_PUMP - INFO - Plunger position is 0
2025-01-27 14:06:41,048 - pylabware.controllers.XCalibur.DISPENSE_PUMP - INFO - Requested increment position was 0 current position is 0
2025-01-27 14:06:41,855 - pylabware.controllers.XCalibur.DISPENSE_PUMP - INFO - Valve position is: 11
2025-01-27 14:06:41,855 - pylabware.controllers.XCalibur.DISPENSE_PUMP - INFO - Requested valve was 11 current valve is 11
2025-01-27 14:06:46,493 - pylabware.controllers.XCalibur.DISPENSE_PUMP - INFO - Plunger position is 3000
2025-01-27 14:06:46,494 - pylabware.controllers.XCalibur.DISPENSE_PUMP - INFO - Requested increment position was 3000 current position is 3000
2025-01-27 14:06:47,251 - pylabware.controllers.XCalibur.DISPENSE_PUMP - INFO - Valve position is: 6
2025-01-27 14:06:47,251 - pylabware.controllers.XCalibur.DISPENSE_PUMP - INFO - Requested valve was 6 current valve is 6
2025-01-27 14:06:51,890 - pylabware.controllers.XCalibur.DISPENSE_PUMP - INFO - Plunger position is 0
2025-01-27 14:06:51,890 - pylabware.controllers.XCalibur.DISPENSE_PUMP - INFO - Requested increment position was 0 current position is 0
2025-01-27 14:06:52,647 - pylabware.controllers.XCalibur.DISPENSE_PUMP - INFO - Valve position is: 11
2025-01-27 14:06:52,647 - pylabware.controllers.XCalibur.DISPENSE_PUMP - INFO - Requested valve was 11 current valve is 11
2025-01-27 14:06:57,290 - pylabware.controllers.XCalibur.DISPENSE_PUMP - INFO - Plunger position is 3000
2025-01-27 14:06:57,290 - pylabware.controllers.XCalibur.DISPENSE_PUMP - INFO - Requested increment position was 3000 current position is 3000
2025-01-27 14:06:58,048 - pylabware.controllers.XCalibur.DISPENSE_PUMP - INFO - Valve position is: 6
2025-01-27 14:06:58,048 - pylabware.controllers.XCalibur.DISPENSE_PUMP - INFO - Requested valve was 6 current valve is 6
2025-01-27 14:07:02,686 - pylabware.controllers.XCalibur.DISPENSE_PUMP - INFO - Plunger position is 0
2025-01-27 14:07:02,686 - pylabware.controllers.XCalibur.DISPENSE_PUMP - INFO - Requested increment position was 0 current position is 0
2025-01-27 14:07:02,686 - pylabware.controllers.XCalibur.DISPENSE_PUMP - INFO - Remaining volume 0 ul is 0.0 rounded to 0
2025-01-27 14:07:02,686 - pylabware.controllers.XCalibur.DISPENSE_PUMP - INFO - Dispensing complete
2025-01-27 14:07:02,736 - RiH_Main - INFO - Priming reagent tubing with DYE6 from port 12 into waste on port: 6
2025-01-27 14:07:02,787 - pylabware.controllers.XCalibur.DISPENSE_PUMP - INFO - Dispensing 6000 ul as 6 full dispenses of the 1.0mL and 0 ul remaining volume
2025-01-27 14:07:03,545 - pylabware.controllers.XCalibur.DISPENSE_PUMP - INFO - Valve position is: 12
2025-01-27 14:07:03,545 - pylabware.controllers.XCalibur.DISPENSE_PUMP - INFO - Requested valve was 12 current valve is 12
2025-01-27 14:07:08,184 - pylabware.controllers.XCalibur.DISPENSE_PUMP - INFO - Plunger position is 3000
2025-01-27 14:07:08,184 - pylabware.controllers.XCalibur.DISPENSE_PUMP - INFO - Requested increment position was 3000 current position is 3000
2025-01-27 14:07:08,941 - pylabware.controllers.XCalibur.DISPENSE_PUMP - INFO - Valve position is: 6
2025-01-27 14:07:08,941 - pylabware.controllers.XCalibur.DISPENSE_PUMP - INFO - Requested valve was 6 current valve is 6
2025-01-27 14:07:13,581 - pylabware.controllers.XCalibur.DISPENSE_PUMP - INFO - Plunger position is 0
2025-01-27 14:07:13,581 - pylabware.controllers.XCalibur.DISPENSE_PUMP - INFO - Requested increment position was 0 current position is 0
2025-01-27 14:07:14,338 - pylabware.controllers.XCalibur.DISPENSE_PUMP - INFO - Valve position is: 12
2025-01-27 14:07:14,338 - pylabware.controllers.XCalibur.DISPENSE_PUMP - INFO - Requested valve was 12 current valve is 12
2025-01-27 14:07:18,985 - pylabware.controllers.XCalibur.DISPENSE_PUMP - INFO - Plunger position is 3000
2025-01-27 14:07:18,985 - pylabware.controllers.XCalibur.DISPENSE_PUMP - INFO - Requested increment position was 3000 current position is 3000
2025-01-27 14:07:19,741 - pylabware.controllers.XCalibur.DISPENSE_PUMP - INFO - Valve position is: 6
2025-01-27 14:07:19,742 - pylabware.controllers.XCalibur.DISPENSE_PUMP - INFO - Requested valve was 6 current valve is 6
2025-01-27 14:07:24,378 - pylabware.controllers.XCalibur.DISPENSE_PUMP - INFO - Plunger position is 0
2025-01-27 14:07:24,379 - pylabware.controllers.XCalibur.DISPENSE_PUMP - INFO - Requested increment position was 0 current position is 0
2025-01-27 14:07:25,135 - pylabware.controllers.XCalibur.DISPENSE_PUMP - INFO - Valve position is: 12
2025-01-27 14:07:25,135 - pylabware.controllers.XCalibur.DISPENSE_PUMP - INFO - Requested valve was 12 current valve is 12
2025-01-27 14:07:29,771 - pylabware.controllers.XCalibur.DISPENSE_PUMP - INFO - Plunger position is 3000
2025-01-27 14:07:29,771 - pylabware.controllers.XCalibur.DISPENSE_PUMP - INFO - Requested increment position was 3000 current position is 3000
2025-01-27 14:07:30,529 - pylabware.controllers.XCalibur.DISPENSE_PUMP - INFO - Valve position is: 6
2025-01-27 14:07:30,529 - pylabware.controllers.XCalibur.DISPENSE_PUMP - INFO - Requested valve was 6 current valve is 6
2025-01-27 14:07:35,216 - pylabware.controllers.XCalibur.DISPENSE_PUMP - INFO - Plunger position is 0
2025-01-27 14:07:35,216 - pylabware.controllers.XCalibur.DISPENSE_PUMP - INFO - Requested increment position was 0 current position is 0
2025-01-27 14:07:35,974 - pylabware.controllers.XCalibur.DISPENSE_PUMP - INFO - Valve position is: 12
2025-01-27 14:07:35,974 - pylabware.controllers.XCalibur.DISPENSE_PUMP - INFO - Requested valve was 12 current valve is 12
2025-01-27 14:07:40,612 - pylabware.controllers.XCalibur.DISPENSE_PUMP - INFO - Plunger position is 3000
2025-01-27 14:07:40,613 - pylabware.controllers.XCalibur.DISPENSE_PUMP - INFO - Requested increment position was 3000 current position is 3000
2025-01-27 14:07:41,373 - pylabware.controllers.XCalibur.DISPENSE_PUMP - INFO - Valve position is: 6
2025-01-27 14:07:41,374 - pylabware.controllers.XCalibur.DISPENSE_PUMP - INFO - Requested valve was 6 current valve is 6
2025-01-27 14:07:46,060 - pylabware.controllers.XCalibur.DISPENSE_PUMP - INFO - Plunger position is 0
2025-01-27 14:07:46,061 - pylabware.controllers.XCalibur.DISPENSE_PUMP - INFO - Requested increment position was 0 current position is 0
2025-01-27 14:07:46,817 - pylabware.controllers.XCalibur.DISPENSE_PUMP - INFO - Valve position is: 12
2025-01-27 14:07:46,818 - pylabware.controllers.XCalibur.DISPENSE_PUMP - INFO - Requested valve was 12 current valve is 12
2025-01-27 14:07:51,458 - pylabware.controllers.XCalibur.DISPENSE_PUMP - INFO - Plunger position is 3000
2025-01-27 14:07:51,458 - pylabware.controllers.XCalibur.DISPENSE_PUMP - INFO - Requested increment position was 3000 current position is 3000
2025-01-27 14:07:52,216 - pylabware.controllers.XCalibur.DISPENSE_PUMP - INFO - Valve position is: 6
2025-01-27 14:07:52,217 - pylabware.controllers.XCalibur.DISPENSE_PUMP - INFO - Requested valve was 6 current valve is 6
2025-01-27 14:07:56,856 - pylabware.controllers.XCalibur.DISPENSE_PUMP - INFO - Plunger position is 0
2025-01-27 14:07:56,856 - pylabware.controllers.XCalibur.DISPENSE_PUMP - INFO - Requested increment position was 0 current position is 0
2025-01-27 14:07:57,612 - pylabware.controllers.XCalibur.DISPENSE_PUMP - INFO - Valve position is: 12
2025-01-27 14:07:57,613 - pylabware.controllers.XCalibur.DISPENSE_PUMP - INFO - Requested valve was 12 current valve is 12
2025-01-27 14:08:02,250 - pylabware.controllers.XCalibur.DISPENSE_PUMP - INFO - Plunger position is 3000
2025-01-27 14:08:02,250 - pylabware.controllers.XCalibur.DISPENSE_PUMP - INFO - Requested increment position was 3000 current position is 3000
2025-01-27 14:08:03,006 - pylabware.controllers.XCalibur.DISPENSE_PUMP - INFO - Valve position is: 6
2025-01-27 14:08:03,006 - pylabware.controllers.XCalibur.DISPENSE_PUMP - INFO - Requested valve was 6 current valve is 6
2025-01-27 14:08:07,643 - pylabware.controllers.XCalibur.DISPENSE_PUMP - INFO - Plunger position is 0
2025-01-27 14:08:07,643 - pylabware.controllers.XCalibur.DISPENSE_PUMP - INFO - Requested increment position was 0 current position is 0
2025-01-27 14:08:07,679 - pylabware.controllers.XCalibur.DISPENSE_PUMP - INFO - Remaining volume 0 ul is 0.0 rounded to 0
2025-01-27 14:08:07,679 - pylabware.controllers.XCalibur.DISPENSE_PUMP - INFO - Dispensing complete
2025-01-27 14:16:26,779 - Workflow_Config_Helper - INFO - All solids and liquids requested in sample list are in the workflow
2025-01-27 14:16:26,779 - Workflow_Config_Helper - INFO - No errors in workflow detected
2025-01-27 14:16:30,804 - pylabware.connections.SerialConnection - INFO - Creating connection object with the following settings: 
{'address': '', 'port': '/dev/ttyUSB1', 'encoding': 'UTF-8', 'command_delay': 0.5, 'receive_buffer_size': 128, 'receive_timeout': 1, 'transmit_timeout': 1, 'receiving_interval': 0.05, 'write_timeout': 0.5, 'baudrate': 9600, 'bytesize': 7, 'parity': 'E', 'stopbits': 1, 'xonxoff': False, 'rtscts': False, 'dsrdtr': False, 'inter_byte_timeout': False}
2025-01-27 14:16:30,805 - pylabware.connections.SerialConnection - INFO - Creating connection object with the following settings: 
{'address': '1', 'port': '/dev/ttyUSB0', 'encoding': 'UTF-8', 'command_delay': 0, 'receive_buffer_size': 128, 'receive_timeout': 10, 'transmit_timeout': 1, 'receiving_interval': 0.05, 'write_timeout': 0.5, 'baudrate': 9600, 'bytesize': 8, 'parity': 'N', 'stopbits': 1, 'xonxoff': False, 'rtscts': False, 'dsrdtr': False, 'inter_byte_timeout': False}
2025-01-27 14:16:30,805 - pylabware.connections.SerialConnection - INFO - Creating connection object with the following settings: 
{'address': None, 'port': '/dev/ttyUSB2', 'encoding': 'UTF-8', 'command_delay': 0.5, 'receive_buffer_size': 128, 'receive_timeout': 1, 'transmit_timeout': 1, 'receiving_interval': 0.05, 'write_timeout': 0.5, 'baudrate': 9600, 'bytesize': 8, 'parity': 'N', 'stopbits': 1, 'xonxoff': True, 'rtscts': False, 'dsrdtr': False, 'inter_byte_timeout': False, 'timeout': 0.1}
2025-01-27 14:16:30,808 - pylabware.connections.SerialConnection - INFO - Starting connection listener...
2025-01-27 14:16:30,808 - pylabware.connections.SerialConnection - INFO - Port /dev/ttyUSB2 opened.
2025-01-27 14:16:30,810 - pylabware.connections.SerialConnection - WARNING - Command rate too high! Delaying next command for 0.5 seconds
2025-01-27 14:16:31,415 - pylabware.controllers.QuantosQB1.QUANTOS - INFO - No carousel/autosampler connected
2025-01-27 14:16:31,415 - pylabware.connections.SerialConnection - WARNING - Command rate too high! Delaying next command for 0.5 seconds
2025-01-27 14:16:34,628 - RiH_Main - INFO - Connecting IKA RCT digital..
2025-01-27 14:16:34,629 - pylabware.connections.SerialConnection - INFO - Starting connection listener...
2025-01-27 14:16:34,630 - pylabware.connections.SerialConnection - INFO - Port /dev/ttyUSB1 opened.
2025-01-27 14:16:34,630 - pylabware.controllers.RCTDigitalHotplate.IKA - INFO - Opened connection.
2025-01-27 14:16:36,696 - RiH_Main - INFO - IKA RCT digital connected.
2025-01-27 14:16:38,204 - RiH_Main - INFO - Stiring velocity set to 200.
2025-01-27 14:16:39,771 - RiH_Main - INFO - Current temperature: 0.0.
2025-01-27 14:16:39,771 - RiH_Main - INFO - Connecting Pump..
2025-01-27 14:16:39,772 - pylabware.connections.SerialConnection - INFO - Starting connection listener...
2025-01-27 14:16:39,773 - pylabware.connections.SerialConnection - INFO - Port /dev/ttyUSB0 opened.
2025-01-27 14:16:39,773 - pylabware.controllers.XCalibur.DISPENSE_PUMP - INFO - Opened connection.
2025-01-27 14:16:40,328 - RiH_Main - INFO - Pump connected.
2025-01-27 14:16:40,882 - pylabware.controllers.XCalibur.DISPENSE_PUMP - INFO - Device initialized.
2025-01-27 14:16:40,882 - RiH_Main - INFO - Pump initialised.
2025-01-27 14:16:41,384 - RiH_Main - INFO - Checking for pump errors
2025-01-27 14:16:41,385 - RiH_Main - INFO - Connecting to the Quantos - opening doors
2025-01-27 14:16:47,847 - RiH_Main - INFO - Quantos connected..
2025-01-27 14:16:47,847 - RiH_Main - INFO - Initialising the filter machine
2025-01-27 14:16:47,847 - RiH_Filtration_System - INFO - Initialising filtration system pump
2025-01-27 14:16:50,853 - pylabware.connections.SerialConnection - INFO - Creating connection object with the following settings: 
{'address': '1', 'port': '/dev/ttyUSB3', 'encoding': 'UTF-8', 'command_delay': 0, 'receive_buffer_size': 128, 'receive_timeout': 10, 'transmit_timeout': 1, 'receiving_interval': 0.05, 'write_timeout': 0.5, 'baudrate': 9600, 'bytesize': 8, 'parity': 'N', 'stopbits': 1, 'xonxoff': False, 'rtscts': False, 'dsrdtr': False, 'inter_byte_timeout': False}
2025-01-27 14:16:50,855 - pylabware.connections.SerialConnection - INFO - Starting connection listener...
2025-01-27 14:16:50,856 - pylabware.connections.SerialConnection - INFO - Port /dev/ttyUSB3 opened.
2025-01-27 14:16:50,856 - pylabware.controllers.XCalibur.FILT_PUMP - INFO - Opened connection.
2025-01-27 14:16:50,907 - pylabware.controllers.XCalibur.FILT_PUMP - INFO - Device initialized.
2025-01-27 14:16:53,730 - pylabware.controllers.XCalibur.FILT_PUMP - INFO - Reply was <Invalid command! Pump Ready.>
2025-01-27 14:16:53,731 - pylabware.controllers.XCalibur.FILT_PUMP - WARNING - A non-fatal error was recieved resending command - errors occured: 1
2025-01-27 14:16:54,336 - RiH_Filtration_System - INFO - Initialising the filtration system arduino
2025-01-27 14:16:54,343 - RiH_Main - INFO - Panda robot connected to 172.16.0.2
2025-01-27 14:16:54,344 - RiH_Main - ERROR - Capper camera is not available.
2025-01-27 14:16:54,344 - RiH_Filtration_System - INFO - E stop is off - checking pump is ready
2025-01-27 14:16:54,387 - RiH_Filtration_System - INFO - pump is idle running command
2025-01-27 14:16:55,144 - pylabware.controllers.XCalibur.FILT_PUMP - INFO - Valve position is: 5
2025-01-27 14:16:55,145 - pylabware.controllers.XCalibur.FILT_PUMP - INFO - Requested valve was 5 current valve is 5
2025-01-27 14:16:55,180 - RiH_Filtration_System - INFO - Vacuum on
2025-01-27 14:17:22,874 - RiH_Filtration_System - INFO - E stop is off - checking pump is ready
2025-01-27 14:17:22,906 - RiH_Filtration_System - INFO - pump is idle running command
2025-01-27 14:17:22,906 - RiH_Filtration_System - INFO - Vacuum off
2025-01-27 14:27:25,969 - Workflow_Config_Helper - INFO - All solids and liquids requested in sample list are in the workflow
2025-01-27 14:27:25,969 - Workflow_Config_Helper - INFO - No errors in workflow detected
2025-01-27 14:27:29,994 - pylabware.connections.SerialConnection - INFO - Creating connection object with the following settings: 
{'address': '', 'port': '/dev/ttyUSB1', 'encoding': 'UTF-8', 'command_delay': 0.5, 'receive_buffer_size': 128, 'receive_timeout': 1, 'transmit_timeout': 1, 'receiving_interval': 0.05, 'write_timeout': 0.5, 'baudrate': 9600, 'bytesize': 7, 'parity': 'E', 'stopbits': 1, 'xonxoff': False, 'rtscts': False, 'dsrdtr': False, 'inter_byte_timeout': False}
2025-01-27 14:27:29,995 - pylabware.connections.SerialConnection - INFO - Creating connection object with the following settings: 
{'address': '1', 'port': '/dev/ttyUSB0', 'encoding': 'UTF-8', 'command_delay': 0, 'receive_buffer_size': 128, 'receive_timeout': 10, 'transmit_timeout': 1, 'receiving_interval': 0.05, 'write_timeout': 0.5, 'baudrate': 9600, 'bytesize': 8, 'parity': 'N', 'stopbits': 1, 'xonxoff': False, 'rtscts': False, 'dsrdtr': False, 'inter_byte_timeout': False}
2025-01-27 14:27:29,995 - pylabware.connections.SerialConnection - INFO - Creating connection object with the following settings: 
{'address': None, 'port': '/dev/ttyUSB2', 'encoding': 'UTF-8', 'command_delay': 0.5, 'receive_buffer_size': 128, 'receive_timeout': 1, 'transmit_timeout': 1, 'receiving_interval': 0.05, 'write_timeout': 0.5, 'baudrate': 9600, 'bytesize': 8, 'parity': 'N', 'stopbits': 1, 'xonxoff': True, 'rtscts': False, 'dsrdtr': False, 'inter_byte_timeout': False, 'timeout': 0.1}
2025-01-27 14:27:29,996 - pylabware.connections.SerialConnection - INFO - Starting connection listener...
2025-01-27 14:27:29,996 - pylabware.connections.SerialConnection - INFO - Port /dev/ttyUSB2 opened.
2025-01-27 14:27:29,997 - pylabware.connections.SerialConnection - WARNING - Command rate too high! Delaying next command for 0.5 seconds
2025-01-27 14:27:30,602 - pylabware.controllers.QuantosQB1.QUANTOS - INFO - No carousel/autosampler connected
2025-01-27 14:27:30,602 - pylabware.connections.SerialConnection - WARNING - Command rate too high! Delaying next command for 0.5 seconds
2025-01-27 14:27:33,772 - RiH_Main - INFO - Connecting IKA RCT digital..
2025-01-27 14:27:33,774 - pylabware.connections.SerialConnection - INFO - Starting connection listener...
2025-01-27 14:27:33,774 - pylabware.connections.SerialConnection - INFO - Port /dev/ttyUSB1 opened.
2025-01-27 14:27:33,774 - pylabware.controllers.RCTDigitalHotplate.IKA - INFO - Opened connection.
2025-01-27 14:27:35,841 - RiH_Main - INFO - IKA RCT digital connected.
2025-01-27 14:27:37,349 - RiH_Main - INFO - Stiring velocity set to 200.
2025-01-27 14:27:38,913 - RiH_Main - INFO - Current temperature: 0.0.
2025-01-27 14:27:38,914 - RiH_Main - INFO - Connecting Pump..
2025-01-27 14:27:38,916 - pylabware.connections.SerialConnection - INFO - Starting connection listener...
2025-01-27 14:27:38,917 - pylabware.connections.SerialConnection - INFO - Port /dev/ttyUSB0 opened.
2025-01-27 14:27:38,917 - pylabware.controllers.XCalibur.DISPENSE_PUMP - INFO - Opened connection.
2025-01-27 14:27:39,472 - RiH_Main - INFO - Pump connected.
2025-01-27 14:27:40,027 - pylabware.controllers.XCalibur.DISPENSE_PUMP - INFO - Device initialized.
2025-01-27 14:27:40,027 - RiH_Main - INFO - Pump initialised.
2025-01-27 14:27:40,530 - RiH_Main - INFO - Checking for pump errors
2025-01-27 14:27:40,531 - RiH_Main - INFO - Connecting to the Quantos - opening doors
2025-01-27 14:27:46,982 - RiH_Main - INFO - Quantos connected..
2025-01-27 14:27:46,982 - RiH_Main - INFO - Initialising the filter machine
2025-01-27 14:27:46,982 - RiH_Filtration_System - INFO - Initialising filtration system pump
2025-01-27 14:27:49,998 - pylabware.connections.SerialConnection - INFO - Creating connection object with the following settings: 
{'address': '1', 'port': '/dev/ttyUSB3', 'encoding': 'UTF-8', 'command_delay': 0, 'receive_buffer_size': 128, 'receive_timeout': 10, 'transmit_timeout': 1, 'receiving_interval': 0.05, 'write_timeout': 0.5, 'baudrate': 9600, 'bytesize': 8, 'parity': 'N', 'stopbits': 1, 'xonxoff': False, 'rtscts': False, 'dsrdtr': False, 'inter_byte_timeout': False}
2025-01-27 14:27:50,001 - pylabware.connections.SerialConnection - INFO - Starting connection listener...
2025-01-27 14:27:50,001 - pylabware.connections.SerialConnection - INFO - Port /dev/ttyUSB3 opened.
2025-01-27 14:27:50,001 - pylabware.controllers.XCalibur.FILT_PUMP - INFO - Opened connection.
2025-01-27 14:27:50,052 - pylabware.controllers.XCalibur.FILT_PUMP - INFO - Device initialized.
2025-01-27 14:27:52,877 - pylabware.controllers.XCalibur.FILT_PUMP - INFO - Reply was <Invalid command! Pump Ready.>
2025-01-27 14:27:52,877 - pylabware.controllers.XCalibur.FILT_PUMP - WARNING - A non-fatal error was recieved resending command - errors occured: 1
2025-01-27 14:27:53,482 - RiH_Filtration_System - INFO - Initialising the filtration system arduino
2025-01-27 14:27:53,490 - RiH_Main - INFO - Panda robot connected to 172.16.0.2
2025-01-27 14:27:53,491 - RiH_Main - ERROR - Capper camera is not available.
2025-01-27 14:27:53,491 - RiH_Filtration_System - INFO - E stop is off - checking pump is ready
2025-01-27 14:27:53,533 - RiH_Filtration_System - INFO - pump is idle running command
2025-01-27 14:27:53,533 - RiH_Filtration_System - INFO - Priming system solvent Water(DI) (port: 7) to system waste
2025-01-27 14:27:53,584 - pylabware.controllers.XCalibur.FILT_PUMP - INFO - Dispensing 2000 ul as 0 full dispenses of the 5.0mL and 2000 ul remaining volume
2025-01-27 14:27:53,584 - pylabware.controllers.XCalibur.FILT_PUMP - INFO - Remaining volume 2000 ul is 1200.0 rounded to 1200
2025-01-27 14:27:54,342 - pylabware.controllers.XCalibur.FILT_PUMP - INFO - Valve position is: 7
2025-01-27 14:27:54,342 - pylabware.controllers.XCalibur.FILT_PUMP - INFO - Requested valve was 7 current valve is 7
2025-01-27 14:27:57,317 - pylabware.controllers.XCalibur.FILT_PUMP - INFO - Plunger position is 1200
2025-01-27 14:27:57,317 - pylabware.controllers.XCalibur.FILT_PUMP - INFO - Requested increment position was 1200 current position is 1200
2025-01-27 14:27:58,075 - pylabware.controllers.XCalibur.FILT_PUMP - INFO - Valve position is: 3
2025-01-27 14:27:58,075 - pylabware.controllers.XCalibur.FILT_PUMP - INFO - Requested valve was 3 current valve is 3
2025-01-27 14:28:01,050 - pylabware.controllers.XCalibur.FILT_PUMP - INFO - Plunger position is 0
2025-01-27 14:28:01,050 - pylabware.controllers.XCalibur.FILT_PUMP - INFO - Requested increment position was 0 current position is 0
2025-01-27 14:28:01,051 - pylabware.controllers.XCalibur.FILT_PUMP - INFO - Dispensing complete
2025-01-27 14:28:01,051 - RiH_Main - INFO - Priming reagent tubing with Water(DI) from port 3 into waste on port: 6
2025-01-27 14:28:01,092 - pylabware.controllers.XCalibur.DISPENSE_PUMP - INFO - Reply was <Invalid command! Pump Ready.>
2025-01-27 14:28:01,093 - pylabware.controllers.XCalibur.DISPENSE_PUMP - WARNING - A non-fatal error was recieved resending command - errors occured: 1
2025-01-27 14:28:01,646 - pylabware.controllers.XCalibur.DISPENSE_PUMP - INFO - Dispensing 6000 ul as 6 full dispenses of the 1.0mL and 0 ul remaining volume
2025-01-27 14:28:02,959 - pylabware.controllers.XCalibur.DISPENSE_PUMP - INFO - Valve position is: 3
2025-01-27 14:28:02,959 - pylabware.controllers.XCalibur.DISPENSE_PUMP - INFO - Requested valve was 3 current valve is 3
2025-01-27 14:28:07,594 - pylabware.controllers.XCalibur.DISPENSE_PUMP - INFO - Plunger position is 3000
2025-01-27 14:28:07,595 - pylabware.controllers.XCalibur.DISPENSE_PUMP - INFO - Requested increment position was 3000 current position is 3000
2025-01-27 14:28:08,351 - pylabware.controllers.XCalibur.DISPENSE_PUMP - INFO - Valve position is: 6
2025-01-27 14:28:08,351 - pylabware.controllers.XCalibur.DISPENSE_PUMP - INFO - Requested valve was 6 current valve is 6
2025-01-27 14:28:12,990 - pylabware.controllers.XCalibur.DISPENSE_PUMP - INFO - Plunger position is 0
2025-01-27 14:28:12,991 - pylabware.controllers.XCalibur.DISPENSE_PUMP - INFO - Requested increment position was 0 current position is 0
2025-01-27 14:28:14,301 - pylabware.controllers.XCalibur.DISPENSE_PUMP - INFO - Valve position is: 3
2025-01-27 14:28:14,301 - pylabware.controllers.XCalibur.DISPENSE_PUMP - INFO - Requested valve was 3 current valve is 3
2025-01-27 14:28:18,938 - pylabware.controllers.XCalibur.DISPENSE_PUMP - INFO - Plunger position is 3000
2025-01-27 14:28:18,938 - pylabware.controllers.XCalibur.DISPENSE_PUMP - INFO - Requested increment position was 3000 current position is 3000
2025-01-27 14:28:19,696 - pylabware.controllers.XCalibur.DISPENSE_PUMP - INFO - Valve position is: 6
2025-01-27 14:28:19,697 - pylabware.controllers.XCalibur.DISPENSE_PUMP - INFO - Requested valve was 6 current valve is 6
2025-01-27 14:28:24,335 - pylabware.controllers.XCalibur.DISPENSE_PUMP - INFO - Plunger position is 0
2025-01-27 14:28:24,336 - pylabware.controllers.XCalibur.DISPENSE_PUMP - INFO - Requested increment position was 0 current position is 0
2025-01-27 14:28:25,647 - pylabware.controllers.XCalibur.DISPENSE_PUMP - INFO - Valve position is: 3
2025-01-27 14:28:25,647 - pylabware.controllers.XCalibur.DISPENSE_PUMP - INFO - Requested valve was 3 current valve is 3
2025-01-27 14:28:30,285 - pylabware.controllers.XCalibur.DISPENSE_PUMP - INFO - Plunger position is 3000
2025-01-27 14:28:30,286 - pylabware.controllers.XCalibur.DISPENSE_PUMP - INFO - Requested increment position was 3000 current position is 3000
2025-01-27 14:28:31,093 - pylabware.controllers.XCalibur.DISPENSE_PUMP - INFO - Valve position is: 6
2025-01-27 14:28:31,093 - pylabware.controllers.XCalibur.DISPENSE_PUMP - INFO - Requested valve was 6 current valve is 6
2025-01-27 14:28:35,733 - pylabware.controllers.XCalibur.DISPENSE_PUMP - INFO - Plunger position is 0
2025-01-27 14:28:35,740 - pylabware.controllers.XCalibur.DISPENSE_PUMP - INFO - Requested increment position was 0 current position is 0
2025-01-27 14:28:37,046 - pylabware.controllers.XCalibur.DISPENSE_PUMP - INFO - Valve position is: 3
2025-01-27 14:28:37,047 - pylabware.controllers.XCalibur.DISPENSE_PUMP - INFO - Requested valve was 3 current valve is 3
2025-01-27 14:28:41,688 - pylabware.controllers.XCalibur.DISPENSE_PUMP - INFO - Plunger position is 3000
2025-01-27 14:28:41,689 - pylabware.controllers.XCalibur.DISPENSE_PUMP - INFO - Requested increment position was 3000 current position is 3000
2025-01-27 14:28:42,446 - pylabware.controllers.XCalibur.DISPENSE_PUMP - INFO - Valve position is: 6
2025-01-27 14:28:42,447 - pylabware.controllers.XCalibur.DISPENSE_PUMP - INFO - Requested valve was 6 current valve is 6
2025-01-27 14:28:47,084 - pylabware.controllers.XCalibur.DISPENSE_PUMP - INFO - Plunger position is 0
2025-01-27 14:28:47,084 - pylabware.controllers.XCalibur.DISPENSE_PUMP - INFO - Requested increment position was 0 current position is 0
2025-01-27 14:28:48,395 - pylabware.controllers.XCalibur.DISPENSE_PUMP - INFO - Valve position is: 3
2025-01-27 14:28:48,395 - pylabware.controllers.XCalibur.DISPENSE_PUMP - INFO - Requested valve was 3 current valve is 3
2025-01-27 14:28:53,032 - pylabware.controllers.XCalibur.DISPENSE_PUMP - INFO - Plunger position is 3000
2025-01-27 14:28:53,032 - pylabware.controllers.XCalibur.DISPENSE_PUMP - INFO - Requested increment position was 3000 current position is 3000
2025-01-27 14:28:53,790 - pylabware.controllers.XCalibur.DISPENSE_PUMP - INFO - Valve position is: 6
2025-01-27 14:28:53,791 - pylabware.controllers.XCalibur.DISPENSE_PUMP - INFO - Requested valve was 6 current valve is 6
2025-01-27 14:28:58,432 - pylabware.controllers.XCalibur.DISPENSE_PUMP - INFO - Plunger position is 0
2025-01-27 14:28:58,433 - pylabware.controllers.XCalibur.DISPENSE_PUMP - INFO - Requested increment position was 0 current position is 0
2025-01-27 14:28:59,744 - pylabware.controllers.XCalibur.DISPENSE_PUMP - INFO - Valve position is: 3
2025-01-27 14:28:59,745 - pylabware.controllers.XCalibur.DISPENSE_PUMP - INFO - Requested valve was 3 current valve is 3
2025-01-27 14:29:04,384 - pylabware.controllers.XCalibur.DISPENSE_PUMP - INFO - Plunger position is 3000
2025-01-27 14:29:04,385 - pylabware.controllers.XCalibur.DISPENSE_PUMP - INFO - Requested increment position was 3000 current position is 3000
2025-01-27 14:29:05,144 - pylabware.controllers.XCalibur.DISPENSE_PUMP - INFO - Valve position is: 6
2025-01-27 14:29:05,144 - pylabware.controllers.XCalibur.DISPENSE_PUMP - INFO - Requested valve was 6 current valve is 6
2025-01-27 14:29:09,784 - pylabware.controllers.XCalibur.DISPENSE_PUMP - INFO - Plunger position is 0
2025-01-27 14:29:09,785 - pylabware.controllers.XCalibur.DISPENSE_PUMP - INFO - Requested increment position was 0 current position is 0
2025-01-27 14:29:09,785 - pylabware.controllers.XCalibur.DISPENSE_PUMP - INFO - Remaining volume 0 ul is 0.0 rounded to 0
2025-01-27 14:29:09,785 - pylabware.controllers.XCalibur.DISPENSE_PUMP - INFO - Dispensing complete
