2024-11-27 11:25:14,099 - Workflow_Config_Helper - INFO - All solids and liquids requested in sample list are in the workflow
2024-11-27 11:25:14,100 - Workflow_Config_Helper - INFO - No errors in workflow detected
2024-11-27 11:25:18,115 - pylabware.connections.SerialConnection - INFO - Creating connection object with the following settings: 
{'address': '', 'port': '/dev/ttyUSB0', 'encoding': 'UTF-8', 'command_delay': 0.5, 'receive_buffer_size': 128, 'receive_timeout': 1, 'transmit_timeout': 1, 'receiving_interval': 0.05, 'write_timeout': 0.5, 'baudrate': 9600, 'bytesize': 7, 'parity': 'E', 'stopbits': 1, 'xonxoff': False, 'rtscts': False, 'dsrdtr': False, 'inter_byte_timeout': False}
2024-11-27 11:25:18,116 - pylabware.connections.SerialConnection - INFO - Creating connection object with the following settings: 
{'address': '1', 'port': '/dev/ttyUSB1', 'encoding': 'UTF-8', 'command_delay': 0, 'receive_buffer_size': 128, 'receive_timeout': 10, 'transmit_timeout': 1, 'receiving_interval': 0.05, 'write_timeout': 0.5, 'baudrate': 9600, 'bytesize': 8, 'parity': 'N', 'stopbits': 1, 'xonxoff': False, 'rtscts': False, 'dsrdtr': False, 'inter_byte_timeout': False}
2024-11-27 11:25:18,116 - pylabware.connections.SerialConnection - INFO - Creating connection object with the following settings: 
{'address': None, 'port': '/dev/ttyUSB2', 'encoding': 'UTF-8', 'command_delay': 0.5, 'receive_buffer_size': 128, 'receive_timeout': 1, 'transmit_timeout': 1, 'receiving_interval': 0.05, 'write_timeout': 0.5, 'baudrate': 9600, 'bytesize': 8, 'parity': 'N', 'stopbits': 1, 'xonxoff': True, 'rtscts': False, 'dsrdtr': False, 'inter_byte_timeout': False, 'timeout': 0.1}
2024-11-27 11:25:18,119 - pylabware.connections.SerialConnection - INFO - Starting connection listener...
2024-11-27 11:25:18,120 - pylabware.connections.SerialConnection - INFO - Port /dev/ttyUSB2 opened.
2024-11-27 11:25:18,120 - pylabware.connections.SerialConnection - WARNING - Command rate too high! Delaying next command for 0.5 seconds
2024-11-27 11:25:18,726 - pylabware.controllers.QuantosQB1.QUANTOS - INFO - No carousel/autosampler connected
2024-11-27 11:25:18,727 - pylabware.connections.SerialConnection - WARNING - Command rate too high! Delaying next command for 0.5 seconds
2024-11-27 11:25:21,998 - RiH_Main - INFO - Connecting IKA RCT digital..
2024-11-27 11:25:22,000 - pylabware.connections.SerialConnection - INFO - Starting connection listener...
2024-11-27 11:25:22,001 - pylabware.connections.SerialConnection - INFO - Port /dev/ttyUSB0 opened.
2024-11-27 11:25:22,001 - pylabware.controllers.RCTDigitalHotplate.IKA - INFO - Opened connection.
2024-11-27 11:26:04,005 - RiH_Main - INFO - IKA RCT digital connected.
2024-11-27 11:26:05,514 - RiH_Main - INFO - Stiring velocity set to 200.
2024-11-27 11:26:07,077 - RiH_Main - INFO - Current temperature: 0.0.
2024-11-27 11:26:07,077 - RiH_Main - INFO - Connecting Pump..
2024-11-27 11:26:07,078 - pylabware.connections.SerialConnection - INFO - Starting connection listener...
2024-11-27 11:26:07,078 - pylabware.connections.SerialConnection - INFO - Port /dev/ttyUSB1 opened.
2024-11-27 11:26:07,079 - pylabware.controllers.XCalibur.DISPENSE_PUMP - INFO - Opened connection.
2024-11-27 11:26:07,634 - RiH_Main - INFO - Pump connected.
2024-11-27 11:26:08,189 - pylabware.controllers.XCalibur.DISPENSE_PUMP - INFO - Device initialized.
2024-11-27 11:26:08,189 - RiH_Main - INFO - Pump initialised.
2024-11-27 11:26:08,692 - RiH_Main - INFO - Checking for pump errors
2024-11-27 11:26:08,692 - RiH_Main - INFO - Connecting to the Quantos - opening doors
2024-11-27 11:26:15,298 - RiH_Main - INFO - Quantos connected..
2024-11-27 11:26:15,299 - RiH_Main - INFO - Initialising the filter machine
2024-11-27 11:26:15,299 - RiH_Filtration_System - INFO - Initialising filtration system pump
2024-11-27 11:26:15,300 - pylabware.connections.SerialConnection - INFO - Creating connection object with the following settings: 
{'address': '1', 'port': '/dev/ttyUSB3', 'encoding': 'UTF-8', 'command_delay': 0, 'receive_buffer_size': 128, 'receive_timeout': 10, 'transmit_timeout': 1, 'receiving_interval': 0.05, 'write_timeout': 0.5, 'baudrate': 9600, 'bytesize': 8, 'parity': 'N', 'stopbits': 1, 'xonxoff': False, 'rtscts': False, 'dsrdtr': False, 'inter_byte_timeout': False}
2024-11-27 11:26:15,303 - pylabware.connections.SerialConnection - INFO - Starting connection listener...
2024-11-27 11:26:15,303 - pylabware.connections.SerialConnection - INFO - Port /dev/ttyUSB3 opened.
2024-11-27 11:26:15,304 - pylabware.controllers.XCalibur.FILT_PUMP - INFO - Opened connection.
2024-11-27 11:26:15,355 - pylabware.controllers.XCalibur.FILT_PUMP - INFO - Device initialized.
2024-11-27 11:26:18,179 - pylabware.controllers.XCalibur.FILT_PUMP - INFO - Reply was <Invalid command! Pump Ready.>
2024-11-27 11:26:18,180 - pylabware.controllers.XCalibur.FILT_PUMP - WARNING - A non-fatal error was recieved resending command - errors occured: 1
2024-11-27 11:26:18,786 - RiH_Filtration_System - INFO - Initialising the filtration system arduino
2024-11-27 11:26:18,795 - RiH_Main - INFO - Panda robot connected to 172.16.0.2
2024-11-27 11:26:18,796 - RiH_Main - ERROR - Capper camera is not available.
2024-11-27 11:26:23,828 - RiH_Filtration_System - INFO - Washing filter before start of filtering process with 9.0 mL
2024-11-27 11:26:23,828 - RiH_Filtration_System - INFO - E stop is off - checking pump is ready
2024-11-27 11:26:23,876 - RiH_Filtration_System - INFO - pump is idle running command
2024-11-27 11:26:23,876 - RiH_Filtration_System - INFO - Clamping
2024-11-27 11:26:28,902 - RiH_Filtration_System - INFO - E stop is off - checking pump is ready
2024-11-27 11:26:28,967 - RiH_Filtration_System - INFO - pump is idle running command
2024-11-27 11:26:28,968 - RiH_Filtration_System - INFO - Forward pouring
2024-11-27 11:26:43,984 - RiH_Filtration_System - INFO - E stop is off - checking pump is ready
2024-11-27 11:26:44,036 - RiH_Filtration_System - INFO - pump is idle running command
2024-11-27 11:26:44,793 - pylabware.controllers.XCalibur.FILT_PUMP - INFO - Valve position is: 5
2024-11-27 11:26:44,794 - pylabware.controllers.XCalibur.FILT_PUMP - INFO - Requested valve was 5 current valve is 5
2024-11-27 11:26:44,794 - RiH_Filtration_System - INFO - Vacuum on
2024-11-27 11:26:49,806 - RiH_Filtration_System - INFO - E stop is off - checking pump is ready
2024-11-27 11:26:49,835 - RiH_Filtration_System - INFO - pump is idle running command
2024-11-27 11:26:49,836 - RiH_Filtration_System - INFO - Backward pouring
2024-11-27 11:27:34,996 - RiH_Filtration_System - INFO - E stop is off - checking pump is ready
2024-11-27 11:27:35,053 - RiH_Filtration_System - INFO - pump is idle running command
2024-11-27 11:27:35,054 - RiH_Filtration_System - INFO - Recovering pre-filtration wash (9000 + 5 mL) from receiving flask
2024-11-27 11:27:35,104 - pylabware.controllers.XCalibur.FILT_PUMP - INFO - Dispensing 14000 ul as 2 full dispenses of the 5.0mL and 4000 ul remaining volume
2024-11-27 11:27:35,861 - pylabware.controllers.XCalibur.FILT_PUMP - INFO - Valve position is: 1
2024-11-27 11:27:35,862 - pylabware.controllers.XCalibur.FILT_PUMP - INFO - Requested valve was 1 current valve is 1
2024-11-27 11:27:42,165 - pylabware.controllers.XCalibur.FILT_PUMP - INFO - Plunger position is 3000
2024-11-27 11:27:42,166 - pylabware.controllers.XCalibur.FILT_PUMP - INFO - Requested increment position was 3000 current position is 3000
2024-11-27 11:27:42,922 - pylabware.controllers.XCalibur.FILT_PUMP - INFO - Valve position is: 3
2024-11-27 11:27:42,923 - pylabware.controllers.XCalibur.FILT_PUMP - INFO - Requested valve was 3 current valve is 3
2024-11-27 11:27:49,226 - pylabware.controllers.XCalibur.FILT_PUMP - INFO - Plunger position is 0
2024-11-27 11:27:49,227 - pylabware.controllers.XCalibur.FILT_PUMP - INFO - Requested increment position was 0 current position is 0
2024-11-27 11:27:50,539 - pylabware.controllers.XCalibur.FILT_PUMP - INFO - Valve position is: 1
2024-11-27 11:27:50,540 - pylabware.controllers.XCalibur.FILT_PUMP - INFO - Requested valve was 1 current valve is 1
2024-11-27 11:27:56,846 - pylabware.controllers.XCalibur.FILT_PUMP - INFO - Plunger position is 3000
2024-11-27 11:27:56,846 - pylabware.controllers.XCalibur.FILT_PUMP - INFO - Requested increment position was 3000 current position is 3000
2024-11-27 11:27:57,604 - pylabware.controllers.XCalibur.FILT_PUMP - INFO - Valve position is: 3
2024-11-27 11:27:57,604 - pylabware.controllers.XCalibur.FILT_PUMP - INFO - Requested valve was 3 current valve is 3
2024-11-27 11:28:03,909 - pylabware.controllers.XCalibur.FILT_PUMP - INFO - Plunger position is 0
2024-11-27 11:28:03,910 - pylabware.controllers.XCalibur.FILT_PUMP - INFO - Requested increment position was 0 current position is 0
2024-11-27 11:28:03,910 - pylabware.controllers.XCalibur.FILT_PUMP - INFO - Remaining volume 4000 ul is 2400.0 rounded to 2400
2024-11-27 11:28:05,222 - pylabware.controllers.XCalibur.FILT_PUMP - INFO - Valve position is: 1
2024-11-27 11:28:05,222 - pylabware.controllers.XCalibur.FILT_PUMP - INFO - Requested valve was 1 current valve is 1
2024-11-27 11:28:10,419 - pylabware.controllers.XCalibur.FILT_PUMP - INFO - Plunger position is 2400
2024-11-27 11:28:10,419 - pylabware.controllers.XCalibur.FILT_PUMP - INFO - Requested increment position was 2400 current position is 2400
2024-11-27 11:28:11,176 - pylabware.controllers.XCalibur.FILT_PUMP - INFO - Valve position is: 3
2024-11-27 11:28:11,177 - pylabware.controllers.XCalibur.FILT_PUMP - INFO - Requested valve was 3 current valve is 3
2024-11-27 11:28:16,372 - pylabware.controllers.XCalibur.FILT_PUMP - INFO - Plunger position is 0
2024-11-27 11:28:16,372 - pylabware.controllers.XCalibur.FILT_PUMP - INFO - Requested increment position was 0 current position is 0
2024-11-27 11:28:16,373 - pylabware.controllers.XCalibur.FILT_PUMP - INFO - Dispensing complete
2024-11-27 11:28:16,373 - RiH_Filtration_System - INFO - E stop is off - checking pump is ready
2024-11-27 11:28:16,423 - RiH_Filtration_System - INFO - pump is idle running command
2024-11-27 11:28:16,423 - RiH_Filtration_System - INFO - Releasing
2024-11-27 11:29:25,530 - RiH_Filtration_System - INFO - Filtering 9.0 mL of solvent - vacuum will be on for 300 s
2024-11-27 11:29:25,531 - RiH_Filtration_System - INFO - E stop is off - checking pump is ready
2024-11-27 11:29:25,570 - RiH_Filtration_System - INFO - pump is idle running command
2024-11-27 11:29:25,570 - RiH_Filtration_System - INFO - Clamping
2024-11-27 11:29:30,596 - RiH_Filtration_System - INFO - E stop is off - checking pump is ready
2024-11-27 11:29:30,661 - RiH_Filtration_System - INFO - pump is idle running command
2024-11-27 11:29:31,419 - pylabware.controllers.XCalibur.FILT_PUMP - INFO - Valve position is: 5
2024-11-27 11:29:31,419 - pylabware.controllers.XCalibur.FILT_PUMP - INFO - Requested valve was 5 current valve is 5
2024-11-27 11:29:31,419 - RiH_Filtration_System - INFO - Vacuum on
2024-11-27 11:29:36,445 - RiH_Filtration_System - INFO - E stop is off - checking pump is ready
2024-11-27 11:29:36,508 - RiH_Filtration_System - INFO - pump is idle running command
2024-11-27 11:29:36,508 - RiH_Filtration_System - INFO - Forward pouring
2024-11-27 11:34:51,653 - RiH_Filtration_System - INFO - E stop is off - checking pump is ready
2024-11-27 11:34:51,677 - RiH_Filtration_System - INFO - pump is idle running command
2024-11-27 11:34:51,677 - RiH_Filtration_System - INFO - Vacuum off
2024-11-27 11:34:56,679 - RiH_Filtration_System - INFO - E stop is off - checking pump is ready
2024-11-27 11:34:56,718 - RiH_Filtration_System - INFO - pump is idle running command
2024-11-27 11:34:56,718 - RiH_Filtration_System - INFO - Backward pouring
2024-11-27 11:35:11,730 - RiH_Filtration_System - INFO - E stop is off - checking pump is ready
2024-11-27 11:35:11,789 - RiH_Filtration_System - INFO - pump is idle running command
2024-11-27 11:35:11,789 - RiH_Filtration_System - INFO - Moving needle to dispense position
2024-11-27 11:35:16,815 - RiH_Filtration_System - INFO - E stop is off - checking pump is ready
2024-11-27 11:35:16,882 - RiH_Filtration_System - INFO - pump is idle running command
2024-11-27 11:35:16,883 - RiH_Filtration_System - INFO - Recovering filtrate (f9000 + 10 mL) from receiving flask
2024-11-27 11:35:16,933 - pylabware.controllers.XCalibur.FILT_PUMP - INFO - Dispensing 19000 ul as 3 full dispenses of the 5.0mL and 4000 ul remaining volume
2024-11-27 11:35:17,690 - pylabware.controllers.XCalibur.FILT_PUMP - INFO - Valve position is: 1
2024-11-27 11:35:17,691 - pylabware.controllers.XCalibur.FILT_PUMP - INFO - Requested valve was 1 current valve is 1
2024-11-27 11:35:23,995 - pylabware.controllers.XCalibur.FILT_PUMP - INFO - Plunger position is 3000
2024-11-27 11:35:23,996 - pylabware.controllers.XCalibur.FILT_PUMP - INFO - Requested increment position was 3000 current position is 3000
2024-11-27 11:35:24,753 - pylabware.controllers.XCalibur.FILT_PUMP - INFO - Valve position is: 4
2024-11-27 11:35:24,754 - pylabware.controllers.XCalibur.FILT_PUMP - INFO - Requested valve was 4 current valve is 4
2024-11-27 11:35:31,058 - pylabware.controllers.XCalibur.FILT_PUMP - INFO - Plunger position is 0
2024-11-27 11:35:31,059 - pylabware.controllers.XCalibur.FILT_PUMP - INFO - Requested increment position was 0 current position is 0
2024-11-27 11:35:32,371 - pylabware.controllers.XCalibur.FILT_PUMP - INFO - Valve position is: 1
2024-11-27 11:35:32,371 - pylabware.controllers.XCalibur.FILT_PUMP - INFO - Requested valve was 1 current valve is 1
2024-11-27 11:35:38,675 - pylabware.controllers.XCalibur.FILT_PUMP - INFO - Plunger position is 3000
2024-11-27 11:35:38,675 - pylabware.controllers.XCalibur.FILT_PUMP - INFO - Requested increment position was 3000 current position is 3000
2024-11-27 11:35:39,433 - pylabware.controllers.XCalibur.FILT_PUMP - INFO - Valve position is: 4
2024-11-27 11:35:39,434 - pylabware.controllers.XCalibur.FILT_PUMP - INFO - Requested valve was 4 current valve is 4
2024-11-27 11:35:45,738 - pylabware.controllers.XCalibur.FILT_PUMP - INFO - Plunger position is 0
2024-11-27 11:35:45,738 - pylabware.controllers.XCalibur.FILT_PUMP - INFO - Requested increment position was 0 current position is 0
2024-11-27 11:35:47,050 - pylabware.controllers.XCalibur.FILT_PUMP - INFO - Valve position is: 1
2024-11-27 11:35:47,051 - pylabware.controllers.XCalibur.FILT_PUMP - INFO - Requested valve was 1 current valve is 1
2024-11-27 11:35:53,355 - pylabware.controllers.XCalibur.FILT_PUMP - INFO - Plunger position is 3000
2024-11-27 11:35:53,356 - pylabware.controllers.XCalibur.FILT_PUMP - INFO - Requested increment position was 3000 current position is 3000
2024-11-27 11:35:54,114 - pylabware.controllers.XCalibur.FILT_PUMP - INFO - Valve position is: 4
2024-11-27 11:35:54,114 - pylabware.controllers.XCalibur.FILT_PUMP - INFO - Requested valve was 4 current valve is 4
2024-11-27 11:36:00,419 - pylabware.controllers.XCalibur.FILT_PUMP - INFO - Plunger position is 0
2024-11-27 11:36:00,420 - pylabware.controllers.XCalibur.FILT_PUMP - INFO - Requested increment position was 0 current position is 0
2024-11-27 11:36:00,420 - pylabware.controllers.XCalibur.FILT_PUMP - INFO - Remaining volume 4000 ul is 2400.0 rounded to 2400
2024-11-27 11:36:01,732 - pylabware.controllers.XCalibur.FILT_PUMP - INFO - Valve position is: 1
2024-11-27 11:36:01,733 - pylabware.controllers.XCalibur.FILT_PUMP - INFO - Requested valve was 1 current valve is 1
2024-11-27 11:36:06,927 - pylabware.controllers.XCalibur.FILT_PUMP - INFO - Plunger position is 2400
2024-11-27 11:36:06,927 - pylabware.controllers.XCalibur.FILT_PUMP - INFO - Requested increment position was 2400 current position is 2400
2024-11-27 11:36:07,685 - pylabware.controllers.XCalibur.FILT_PUMP - INFO - Valve position is: 4
2024-11-27 11:36:07,685 - pylabware.controllers.XCalibur.FILT_PUMP - INFO - Requested valve was 4 current valve is 4
2024-11-27 11:36:12,880 - pylabware.controllers.XCalibur.FILT_PUMP - INFO - Plunger position is 0
2024-11-27 11:36:12,881 - pylabware.controllers.XCalibur.FILT_PUMP - INFO - Requested increment position was 0 current position is 0
2024-11-27 11:36:12,881 - pylabware.controllers.XCalibur.FILT_PUMP - INFO - Dispensing complete
2024-11-27 11:36:12,881 - RiH_Filtration_System - INFO - E stop is off - checking pump is ready
2024-11-27 11:36:12,931 - RiH_Filtration_System - INFO - pump is idle running command
2024-11-27 11:36:12,932 - RiH_Filtration_System - INFO - Moving needle to wash position
2024-11-27 11:36:17,941 - RiH_Filtration_System - INFO - E stop is off - checking pump is ready
2024-11-27 11:36:17,971 - RiH_Filtration_System - INFO - pump is idle running command
2024-11-27 11:36:17,971 - RiH_Filtration_System - INFO - Releasing
2024-11-27 11:37:35,881 - RiH_Filtration_System - INFO - Washing receiving flask with 9.0 mL of Water(DI)
2024-11-27 11:37:35,882 - RiH_Filtration_System - INFO - E stop is off - checking pump is ready
2024-11-27 11:37:35,938 - RiH_Filtration_System - INFO - pump is idle running command
2024-11-27 11:37:35,938 - RiH_Filtration_System - INFO - Cleaning receiving flask with 18.0 mL solvent:Water(DI)
2024-11-27 11:37:35,988 - pylabware.controllers.XCalibur.FILT_PUMP - INFO - Dispensing 18000 ul as 3 full dispenses of the 5.0mL and 3000 ul remaining volume
2024-11-27 11:37:36,746 - pylabware.controllers.XCalibur.FILT_PUMP - INFO - Valve position is: 7
2024-11-27 11:37:36,747 - pylabware.controllers.XCalibur.FILT_PUMP - INFO - Requested valve was 7 current valve is 7
2024-11-27 11:37:43,051 - pylabware.controllers.XCalibur.FILT_PUMP - INFO - Plunger position is 3000
2024-11-27 11:37:43,052 - pylabware.controllers.XCalibur.FILT_PUMP - INFO - Requested increment position was 3000 current position is 3000
2024-11-27 11:37:43,809 - pylabware.controllers.XCalibur.FILT_PUMP - INFO - Valve position is: 1
2024-11-27 11:37:43,810 - pylabware.controllers.XCalibur.FILT_PUMP - INFO - Requested valve was 1 current valve is 1
2024-11-27 11:37:50,116 - pylabware.controllers.XCalibur.FILT_PUMP - INFO - Plunger position is 0
2024-11-27 11:37:50,116 - pylabware.controllers.XCalibur.FILT_PUMP - INFO - Requested increment position was 0 current position is 0
2024-11-27 11:37:50,874 - pylabware.controllers.XCalibur.FILT_PUMP - INFO - Valve position is: 7
2024-11-27 11:37:50,874 - pylabware.controllers.XCalibur.FILT_PUMP - INFO - Requested valve was 7 current valve is 7
2024-11-27 11:37:57,180 - pylabware.controllers.XCalibur.FILT_PUMP - INFO - Plunger position is 3000
2024-11-27 11:37:57,181 - pylabware.controllers.XCalibur.FILT_PUMP - INFO - Requested increment position was 3000 current position is 3000
2024-11-27 11:37:57,937 - pylabware.controllers.XCalibur.FILT_PUMP - INFO - Valve position is: 1
2024-11-27 11:37:57,938 - pylabware.controllers.XCalibur.FILT_PUMP - INFO - Requested valve was 1 current valve is 1
2024-11-27 11:38:04,243 - pylabware.controllers.XCalibur.FILT_PUMP - INFO - Plunger position is 0
2024-11-27 11:38:04,243 - pylabware.controllers.XCalibur.FILT_PUMP - INFO - Requested increment position was 0 current position is 0
2024-11-27 11:38:05,001 - pylabware.controllers.XCalibur.FILT_PUMP - INFO - Valve position is: 7
2024-11-27 11:38:05,002 - pylabware.controllers.XCalibur.FILT_PUMP - INFO - Requested valve was 7 current valve is 7
2024-11-27 11:38:11,306 - pylabware.controllers.XCalibur.FILT_PUMP - INFO - Plunger position is 3000
2024-11-27 11:38:11,306 - pylabware.controllers.XCalibur.FILT_PUMP - INFO - Requested increment position was 3000 current position is 3000
2024-11-27 11:38:12,063 - pylabware.controllers.XCalibur.FILT_PUMP - INFO - Valve position is: 1
2024-11-27 11:38:12,064 - pylabware.controllers.XCalibur.FILT_PUMP - INFO - Requested valve was 1 current valve is 1
2024-11-27 11:38:18,368 - pylabware.controllers.XCalibur.FILT_PUMP - INFO - Plunger position is 0
2024-11-27 11:38:18,368 - pylabware.controllers.XCalibur.FILT_PUMP - INFO - Requested increment position was 0 current position is 0
2024-11-27 11:38:18,368 - pylabware.controllers.XCalibur.FILT_PUMP - INFO - Remaining volume 3000 ul is 1800.0 rounded to 1800
2024-11-27 11:38:19,126 - pylabware.controllers.XCalibur.FILT_PUMP - INFO - Valve position is: 7
2024-11-27 11:38:19,126 - pylabware.controllers.XCalibur.FILT_PUMP - INFO - Requested valve was 7 current valve is 7
2024-11-27 11:38:23,212 - pylabware.controllers.XCalibur.FILT_PUMP - INFO - Plunger position is 1800
2024-11-27 11:38:23,213 - pylabware.controllers.XCalibur.FILT_PUMP - INFO - Requested increment position was 1800 current position is 1800
2024-11-27 11:38:23,970 - pylabware.controllers.XCalibur.FILT_PUMP - INFO - Valve position is: 1
2024-11-27 11:38:23,970 - pylabware.controllers.XCalibur.FILT_PUMP - INFO - Requested valve was 1 current valve is 1
2024-11-27 11:38:28,056 - pylabware.controllers.XCalibur.FILT_PUMP - INFO - Plunger position is 0
2024-11-27 11:38:28,056 - pylabware.controllers.XCalibur.FILT_PUMP - INFO - Requested increment position was 0 current position is 0
2024-11-27 11:38:28,057 - pylabware.controllers.XCalibur.FILT_PUMP - INFO - Dispensing complete
2024-11-27 11:38:28,107 - pylabware.controllers.XCalibur.FILT_PUMP - INFO - Dispensing 28000 ul as 5 full dispenses of the 5.0mL and 3000 ul remaining volume
2024-11-27 11:38:28,310 - pylabware.controllers.XCalibur.FILT_PUMP - INFO - Valve position is: 1
2024-11-27 11:38:28,310 - pylabware.controllers.XCalibur.FILT_PUMP - INFO - Requested valve was 1 current valve is 1
2024-11-27 11:38:34,615 - pylabware.controllers.XCalibur.FILT_PUMP - INFO - Plunger position is 3000
2024-11-27 11:38:34,615 - pylabware.controllers.XCalibur.FILT_PUMP - INFO - Requested increment position was 3000 current position is 3000
2024-11-27 11:38:35,373 - pylabware.controllers.XCalibur.FILT_PUMP - INFO - Valve position is: 3
2024-11-27 11:38:35,373 - pylabware.controllers.XCalibur.FILT_PUMP - INFO - Requested valve was 3 current valve is 3
2024-11-27 11:38:41,678 - pylabware.controllers.XCalibur.FILT_PUMP - INFO - Plunger position is 0
2024-11-27 11:38:41,678 - pylabware.controllers.XCalibur.FILT_PUMP - INFO - Requested increment position was 0 current position is 0
2024-11-27 11:38:42,991 - pylabware.controllers.XCalibur.FILT_PUMP - INFO - Valve position is: 1
2024-11-27 11:38:42,991 - pylabware.controllers.XCalibur.FILT_PUMP - INFO - Requested valve was 1 current valve is 1
2024-11-27 11:38:49,297 - pylabware.controllers.XCalibur.FILT_PUMP - INFO - Plunger position is 3000
2024-11-27 11:38:49,297 - pylabware.controllers.XCalibur.FILT_PUMP - INFO - Requested increment position was 3000 current position is 3000
2024-11-27 11:38:50,055 - pylabware.controllers.XCalibur.FILT_PUMP - INFO - Valve position is: 3
2024-11-27 11:38:50,055 - pylabware.controllers.XCalibur.FILT_PUMP - INFO - Requested valve was 3 current valve is 3
2024-11-27 11:38:56,359 - pylabware.controllers.XCalibur.FILT_PUMP - INFO - Plunger position is 0
2024-11-27 11:38:56,360 - pylabware.controllers.XCalibur.FILT_PUMP - INFO - Requested increment position was 0 current position is 0
2024-11-27 11:38:57,722 - pylabware.controllers.XCalibur.FILT_PUMP - INFO - Valve position is: 1
2024-11-27 11:38:57,722 - pylabware.controllers.XCalibur.FILT_PUMP - INFO - Requested valve was 1 current valve is 1
2024-11-27 11:39:04,027 - pylabware.controllers.XCalibur.FILT_PUMP - INFO - Plunger position is 3000
2024-11-27 11:39:04,027 - pylabware.controllers.XCalibur.FILT_PUMP - INFO - Requested increment position was 3000 current position is 3000
2024-11-27 11:39:04,785 - pylabware.controllers.XCalibur.FILT_PUMP - INFO - Valve position is: 3
2024-11-27 11:39:04,785 - pylabware.controllers.XCalibur.FILT_PUMP - INFO - Requested valve was 3 current valve is 3
2024-11-27 11:39:11,090 - pylabware.controllers.XCalibur.FILT_PUMP - INFO - Plunger position is 0
2024-11-27 11:39:11,090 - pylabware.controllers.XCalibur.FILT_PUMP - INFO - Requested increment position was 0 current position is 0
2024-11-27 11:39:12,402 - pylabware.controllers.XCalibur.FILT_PUMP - INFO - Valve position is: 1
2024-11-27 11:39:12,403 - pylabware.controllers.XCalibur.FILT_PUMP - INFO - Requested valve was 1 current valve is 1
2024-11-27 11:39:18,708 - pylabware.controllers.XCalibur.FILT_PUMP - INFO - Plunger position is 3000
2024-11-27 11:39:18,708 - pylabware.controllers.XCalibur.FILT_PUMP - INFO - Requested increment position was 3000 current position is 3000
2024-11-27 11:39:19,465 - pylabware.controllers.XCalibur.FILT_PUMP - INFO - Valve position is: 3
2024-11-27 11:39:19,466 - pylabware.controllers.XCalibur.FILT_PUMP - INFO - Requested valve was 3 current valve is 3
2024-11-27 11:39:25,772 - pylabware.controllers.XCalibur.FILT_PUMP - INFO - Plunger position is 0
2024-11-27 11:39:25,773 - pylabware.controllers.XCalibur.FILT_PUMP - INFO - Requested increment position was 0 current position is 0
2024-11-27 11:39:27,085 - pylabware.controllers.XCalibur.FILT_PUMP - INFO - Valve position is: 1
2024-11-27 11:39:27,085 - pylabware.controllers.XCalibur.FILT_PUMP - INFO - Requested valve was 1 current valve is 1
2024-11-27 11:39:33,390 - pylabware.controllers.XCalibur.FILT_PUMP - INFO - Plunger position is 3000
2024-11-27 11:39:33,390 - pylabware.controllers.XCalibur.FILT_PUMP - INFO - Requested increment position was 3000 current position is 3000
2024-11-27 11:39:34,147 - pylabware.controllers.XCalibur.FILT_PUMP - INFO - Valve position is: 3
2024-11-27 11:39:34,147 - pylabware.controllers.XCalibur.FILT_PUMP - INFO - Requested valve was 3 current valve is 3
2024-11-27 11:39:40,452 - pylabware.controllers.XCalibur.FILT_PUMP - INFO - Plunger position is 0
2024-11-27 11:39:40,453 - pylabware.controllers.XCalibur.FILT_PUMP - INFO - Requested increment position was 0 current position is 0
2024-11-27 11:39:40,453 - pylabware.controllers.XCalibur.FILT_PUMP - INFO - Remaining volume 3000 ul is 1800.0 rounded to 1800
2024-11-27 11:39:41,765 - pylabware.controllers.XCalibur.FILT_PUMP - INFO - Valve position is: 1
2024-11-27 11:39:41,766 - pylabware.controllers.XCalibur.FILT_PUMP - INFO - Requested valve was 1 current valve is 1
2024-11-27 11:39:45,851 - pylabware.controllers.XCalibur.FILT_PUMP - INFO - Plunger position is 1800
2024-11-27 11:39:45,851 - pylabware.controllers.XCalibur.FILT_PUMP - INFO - Requested increment position was 1800 current position is 1800
2024-11-27 11:39:46,609 - pylabware.controllers.XCalibur.FILT_PUMP - INFO - Valve position is: 3
2024-11-27 11:39:46,610 - pylabware.controllers.XCalibur.FILT_PUMP - INFO - Requested valve was 3 current valve is 3
2024-11-27 11:39:50,696 - pylabware.controllers.XCalibur.FILT_PUMP - INFO - Plunger position is 0
2024-11-27 11:39:50,697 - pylabware.controllers.XCalibur.FILT_PUMP - INFO - Requested increment position was 0 current position is 0
2024-11-27 11:39:50,697 - pylabware.controllers.XCalibur.FILT_PUMP - INFO - Dispensing complete
2024-11-27 11:39:50,697 - RiH_Filtration_System - INFO - E stop is off - checking pump is ready
2024-11-27 11:39:50,747 - RiH_Filtration_System - INFO - pump is idle running command
2024-11-27 11:39:50,748 - RiH_Filtration_System - INFO - Washing output needle with 4 mL of solvent Water(DI)
2024-11-27 11:39:50,798 - pylabware.controllers.XCalibur.FILT_PUMP - INFO - Dispensing 4000 ul as 0 full dispenses of the 5.0mL and 4000 ul remaining volume
2024-11-27 11:39:50,798 - pylabware.controllers.XCalibur.FILT_PUMP - INFO - Remaining volume 4000 ul is 2400.0 rounded to 2400
2024-11-27 11:39:51,556 - pylabware.controllers.XCalibur.FILT_PUMP - INFO - Valve position is: 7
2024-11-27 11:39:51,556 - pylabware.controllers.XCalibur.FILT_PUMP - INFO - Requested valve was 7 current valve is 7
2024-11-27 11:39:56,752 - pylabware.controllers.XCalibur.FILT_PUMP - INFO - Plunger position is 2400
2024-11-27 11:39:56,752 - pylabware.controllers.XCalibur.FILT_PUMP - INFO - Requested increment position was 2400 current position is 2400
2024-11-27 11:39:58,064 - pylabware.controllers.XCalibur.FILT_PUMP - INFO - Valve position is: 4
2024-11-27 11:39:58,064 - pylabware.controllers.XCalibur.FILT_PUMP - INFO - Requested valve was 4 current valve is 4
2024-11-27 11:40:03,260 - pylabware.controllers.XCalibur.FILT_PUMP - INFO - Plunger position is 0
2024-11-27 11:40:03,260 - pylabware.controllers.XCalibur.FILT_PUMP - INFO - Requested increment position was 0 current position is 0
2024-11-27 11:40:03,260 - pylabware.controllers.XCalibur.FILT_PUMP - INFO - Dispensing complete
2024-11-27 11:40:03,311 - pylabware.controllers.XCalibur.FILT_PUMP - INFO - Dispensing 4000 ul as 0 full dispenses of the 5.0mL and 4000 ul remaining volume
2024-11-27 11:40:03,311 - pylabware.controllers.XCalibur.FILT_PUMP - INFO - Remaining volume 4000 ul is 2400.0 rounded to 2400
2024-11-27 11:40:04,069 - pylabware.controllers.XCalibur.FILT_PUMP - INFO - Valve position is: 5
2024-11-27 11:40:04,069 - pylabware.controllers.XCalibur.FILT_PUMP - INFO - Requested valve was 5 current valve is 5
2024-11-27 11:40:09,265 - pylabware.controllers.XCalibur.FILT_PUMP - INFO - Plunger position is 2400
2024-11-27 11:40:09,265 - pylabware.controllers.XCalibur.FILT_PUMP - INFO - Requested increment position was 2400 current position is 2400
2024-11-27 11:40:10,578 - pylabware.controllers.XCalibur.FILT_PUMP - INFO - Valve position is: 4
2024-11-27 11:40:10,578 - pylabware.controllers.XCalibur.FILT_PUMP - INFO - Requested valve was 4 current valve is 4
2024-11-27 11:40:15,772 - pylabware.controllers.XCalibur.FILT_PUMP - INFO - Plunger position is 0
2024-11-27 11:40:15,773 - pylabware.controllers.XCalibur.FILT_PUMP - INFO - Requested increment position was 0 current position is 0
2024-11-27 11:40:15,773 - pylabware.controllers.XCalibur.FILT_PUMP - INFO - Dispensing complete
2024-11-27 11:40:15,773 - RiH_Main - WARNING - Please replace the cartridge.
2024-11-27 11:40:15,773 - RiH_Main - INFO - Cleaning up after experiment
2024-11-27 11:40:15,773 - RiH_Main - INFO - Priming dispense line with Water(DI) from port: 3
2024-11-27 11:40:15,774 - RiH_Main - INFO - Emptying 2 ml volume from dispense line port 1 into waste on port '6
2024-11-27 11:40:15,836 - pylabware.controllers.XCalibur.DISPENSE_PUMP - INFO - Reply was <Invalid command! Pump Ready.>
2024-11-27 11:40:15,836 - pylabware.controllers.XCalibur.DISPENSE_PUMP - WARNING - A non-fatal error was recieved resending command - errors occured: 1
2024-11-27 11:40:16,390 - pylabware.controllers.XCalibur.DISPENSE_PUMP - INFO - Dispensing 2000 ul as 2 full dispenses of the 1.0mL and 0 ul remaining volume
2024-11-27 11:40:17,148 - pylabware.controllers.XCalibur.DISPENSE_PUMP - INFO - Valve position is: 1
2024-11-27 11:40:17,148 - pylabware.controllers.XCalibur.DISPENSE_PUMP - INFO - Requested valve was 1 current valve is 1
2024-11-27 11:40:21,787 - pylabware.controllers.XCalibur.DISPENSE_PUMP - INFO - Plunger position is 3000
2024-11-27 11:40:21,787 - pylabware.controllers.XCalibur.DISPENSE_PUMP - INFO - Requested increment position was 3000 current position is 3000
2024-11-27 11:40:22,546 - pylabware.controllers.XCalibur.DISPENSE_PUMP - INFO - Valve position is: 6
2024-11-27 11:40:22,546 - pylabware.controllers.XCalibur.DISPENSE_PUMP - INFO - Requested valve was 6 current valve is 6
2024-11-27 11:40:27,186 - pylabware.controllers.XCalibur.DISPENSE_PUMP - INFO - Plunger position is 0
2024-11-27 11:40:27,186 - pylabware.controllers.XCalibur.DISPENSE_PUMP - INFO - Requested increment position was 0 current position is 0
2024-11-27 11:40:27,944 - pylabware.controllers.XCalibur.DISPENSE_PUMP - INFO - Valve position is: 1
2024-11-27 11:40:27,944 - pylabware.controllers.XCalibur.DISPENSE_PUMP - INFO - Requested valve was 1 current valve is 1
2024-11-27 11:40:32,586 - pylabware.controllers.XCalibur.DISPENSE_PUMP - INFO - Plunger position is 3000
2024-11-27 11:40:32,586 - pylabware.controllers.XCalibur.DISPENSE_PUMP - INFO - Requested increment position was 3000 current position is 3000
2024-11-27 11:40:33,345 - pylabware.controllers.XCalibur.DISPENSE_PUMP - INFO - Valve position is: 6
2024-11-27 11:40:33,345 - pylabware.controllers.XCalibur.DISPENSE_PUMP - INFO - Requested valve was 6 current valve is 6
2024-11-27 11:40:37,986 - pylabware.controllers.XCalibur.DISPENSE_PUMP - INFO - Plunger position is 0
2024-11-27 11:40:37,986 - pylabware.controllers.XCalibur.DISPENSE_PUMP - INFO - Requested increment position was 0 current position is 0
2024-11-27 11:40:37,986 - pylabware.controllers.XCalibur.DISPENSE_PUMP - INFO - Remaining volume 0 ul is 0.0 rounded to 0
2024-11-27 11:40:37,986 - pylabware.controllers.XCalibur.DISPENSE_PUMP - INFO - Dispensing complete
2024-11-27 11:40:37,987 - RiH_Main - INFO - Starting 1 backward washing cycle
2024-11-27 11:40:37,987 - RiH_Main - INFO - Dispensing 1 mL Water(DI) from port: 3 - overspill into waste vial
2024-11-27 11:40:38,036 - pylabware.controllers.XCalibur.DISPENSE_PUMP - INFO - Dispensing 1000 ul as 1 full dispenses of the 1.0mL and 0 ul remaining volume
2024-11-27 11:40:39,350 - pylabware.controllers.XCalibur.DISPENSE_PUMP - INFO - Valve position is: 3
2024-11-27 11:40:39,350 - pylabware.controllers.XCalibur.DISPENSE_PUMP - INFO - Requested valve was 3 current valve is 3
2024-11-27 11:40:43,990 - pylabware.controllers.XCalibur.DISPENSE_PUMP - INFO - Plunger position is 3000
2024-11-27 11:40:43,991 - pylabware.controllers.XCalibur.DISPENSE_PUMP - INFO - Requested increment position was 3000 current position is 3000
2024-11-27 11:40:45,303 - pylabware.controllers.XCalibur.DISPENSE_PUMP - INFO - Valve position is: 1
2024-11-27 11:40:45,303 - pylabware.controllers.XCalibur.DISPENSE_PUMP - INFO - Requested valve was 1 current valve is 1
2024-11-27 11:40:49,943 - pylabware.controllers.XCalibur.DISPENSE_PUMP - INFO - Plunger position is 0
2024-11-27 11:40:49,944 - pylabware.controllers.XCalibur.DISPENSE_PUMP - INFO - Requested increment position was 0 current position is 0
2024-11-27 11:40:49,944 - pylabware.controllers.XCalibur.DISPENSE_PUMP - INFO - Remaining volume 0 ul is 0.0 rounded to 0
2024-11-27 11:40:49,944 - pylabware.controllers.XCalibur.DISPENSE_PUMP - INFO - Dispensing complete
2024-11-27 11:40:49,945 - RiH_Main - INFO - Aspirating 2 mL volume from dispense line (port: 1) to waste (port: 6)
2024-11-27 11:40:49,995 - pylabware.controllers.XCalibur.DISPENSE_PUMP - INFO - Dispensing 2000 ul as 2 full dispenses of the 1.0mL and 0 ul remaining volume
2024-11-27 11:40:50,198 - pylabware.controllers.XCalibur.DISPENSE_PUMP - INFO - Valve position is: 1
2024-11-27 11:40:50,198 - pylabware.controllers.XCalibur.DISPENSE_PUMP - INFO - Requested valve was 1 current valve is 1
2024-11-27 11:40:54,839 - pylabware.controllers.XCalibur.DISPENSE_PUMP - INFO - Plunger position is 3000
2024-11-27 11:40:54,839 - pylabware.controllers.XCalibur.DISPENSE_PUMP - INFO - Requested increment position was 3000 current position is 3000
2024-11-27 11:40:55,597 - pylabware.controllers.XCalibur.DISPENSE_PUMP - INFO - Valve position is: 6
2024-11-27 11:40:55,598 - pylabware.controllers.XCalibur.DISPENSE_PUMP - INFO - Requested valve was 6 current valve is 6
2024-11-27 11:41:00,237 - pylabware.controllers.XCalibur.DISPENSE_PUMP - INFO - Plunger position is 0
2024-11-27 11:41:00,237 - pylabware.controllers.XCalibur.DISPENSE_PUMP - INFO - Requested increment position was 0 current position is 0
2024-11-27 11:41:01,045 - pylabware.controllers.XCalibur.DISPENSE_PUMP - INFO - Valve position is: 1
2024-11-27 11:41:01,046 - pylabware.controllers.XCalibur.DISPENSE_PUMP - INFO - Requested valve was 1 current valve is 1
2024-11-27 11:41:05,687 - pylabware.controllers.XCalibur.DISPENSE_PUMP - INFO - Plunger position is 3000
2024-11-27 11:41:05,687 - pylabware.controllers.XCalibur.DISPENSE_PUMP - INFO - Requested increment position was 3000 current position is 3000
2024-11-27 11:41:06,445 - pylabware.controllers.XCalibur.DISPENSE_PUMP - INFO - Valve position is: 6
2024-11-27 11:41:06,446 - pylabware.controllers.XCalibur.DISPENSE_PUMP - INFO - Requested valve was 6 current valve is 6
2024-11-27 11:41:11,085 - pylabware.controllers.XCalibur.DISPENSE_PUMP - INFO - Plunger position is 0
2024-11-27 11:41:11,085 - pylabware.controllers.XCalibur.DISPENSE_PUMP - INFO - Requested increment position was 0 current position is 0
2024-11-27 11:41:11,086 - pylabware.controllers.XCalibur.DISPENSE_PUMP - INFO - Remaining volume 0 ul is 0.0 rounded to 0
2024-11-27 11:41:11,086 - pylabware.controllers.XCalibur.DISPENSE_PUMP - INFO - Dispensing complete
2024-11-27 11:41:11,086 - RiH_Main - INFO - Starting 2 backward washing cycle
2024-11-27 11:41:11,086 - RiH_Main - INFO - Dispensing 1 mL Water(DI) from port: 3 - overspill into waste vial
2024-11-27 11:41:11,136 - pylabware.controllers.XCalibur.DISPENSE_PUMP - INFO - Dispensing 1000 ul as 1 full dispenses of the 1.0mL and 0 ul remaining volume
2024-11-27 11:41:12,449 - pylabware.controllers.XCalibur.DISPENSE_PUMP - INFO - Valve position is: 3
2024-11-27 11:41:12,449 - pylabware.controllers.XCalibur.DISPENSE_PUMP - INFO - Requested valve was 3 current valve is 3
2024-11-27 11:41:17,089 - pylabware.controllers.XCalibur.DISPENSE_PUMP - INFO - Plunger position is 3000
2024-11-27 11:41:17,089 - pylabware.controllers.XCalibur.DISPENSE_PUMP - INFO - Requested increment position was 3000 current position is 3000
2024-11-27 11:41:18,402 - pylabware.controllers.XCalibur.DISPENSE_PUMP - INFO - Valve position is: 1
2024-11-27 11:41:18,402 - pylabware.controllers.XCalibur.DISPENSE_PUMP - INFO - Requested valve was 1 current valve is 1
2024-11-27 11:41:23,042 - pylabware.controllers.XCalibur.DISPENSE_PUMP - INFO - Plunger position is 0
2024-11-27 11:41:23,042 - pylabware.controllers.XCalibur.DISPENSE_PUMP - INFO - Requested increment position was 0 current position is 0
2024-11-27 11:41:23,042 - pylabware.controllers.XCalibur.DISPENSE_PUMP - INFO - Remaining volume 0 ul is 0.0 rounded to 0
2024-11-27 11:41:23,042 - pylabware.controllers.XCalibur.DISPENSE_PUMP - INFO - Dispensing complete
2024-11-27 11:41:23,043 - RiH_Main - INFO - Aspirating 2 mL volume from dispense line (port: 1) to waste (port: 6)
2024-11-27 11:41:23,093 - pylabware.controllers.XCalibur.DISPENSE_PUMP - INFO - Dispensing 2000 ul as 2 full dispenses of the 1.0mL and 0 ul remaining volume
2024-11-27 11:41:23,296 - pylabware.controllers.XCalibur.DISPENSE_PUMP - INFO - Valve position is: 1
2024-11-27 11:41:23,296 - pylabware.controllers.XCalibur.DISPENSE_PUMP - INFO - Requested valve was 1 current valve is 1
2024-11-27 11:41:27,937 - pylabware.controllers.XCalibur.DISPENSE_PUMP - INFO - Plunger position is 3000
2024-11-27 11:41:27,938 - pylabware.controllers.XCalibur.DISPENSE_PUMP - INFO - Requested increment position was 3000 current position is 3000
2024-11-27 11:41:28,696 - pylabware.controllers.XCalibur.DISPENSE_PUMP - INFO - Valve position is: 6
2024-11-27 11:41:28,696 - pylabware.controllers.XCalibur.DISPENSE_PUMP - INFO - Requested valve was 6 current valve is 6
2024-11-27 11:41:33,337 - pylabware.controllers.XCalibur.DISPENSE_PUMP - INFO - Plunger position is 0
2024-11-27 11:41:33,337 - pylabware.controllers.XCalibur.DISPENSE_PUMP - INFO - Requested increment position was 0 current position is 0
2024-11-27 11:41:34,146 - pylabware.controllers.XCalibur.DISPENSE_PUMP - INFO - Valve position is: 1
2024-11-27 11:41:34,146 - pylabware.controllers.XCalibur.DISPENSE_PUMP - INFO - Requested valve was 1 current valve is 1
2024-11-27 11:41:38,786 - pylabware.controllers.XCalibur.DISPENSE_PUMP - INFO - Plunger position is 3000
2024-11-27 11:41:38,786 - pylabware.controllers.XCalibur.DISPENSE_PUMP - INFO - Requested increment position was 3000 current position is 3000
2024-11-27 11:41:39,544 - pylabware.controllers.XCalibur.DISPENSE_PUMP - INFO - Valve position is: 6
2024-11-27 11:41:39,545 - pylabware.controllers.XCalibur.DISPENSE_PUMP - INFO - Requested valve was 6 current valve is 6
2024-11-27 11:41:44,185 - pylabware.controllers.XCalibur.DISPENSE_PUMP - INFO - Plunger position is 0
2024-11-27 11:41:44,186 - pylabware.controllers.XCalibur.DISPENSE_PUMP - INFO - Requested increment position was 0 current position is 0
2024-11-27 11:41:44,186 - pylabware.controllers.XCalibur.DISPENSE_PUMP - INFO - Remaining volume 0 ul is 0.0 rounded to 0
2024-11-27 11:41:44,186 - pylabware.controllers.XCalibur.DISPENSE_PUMP - INFO - Dispensing complete
2024-11-27 11:41:44,186 - RiH_Main - INFO - Priming the dispense line (port: 1) with Water(DI) port 3
2024-11-27 11:41:44,236 - pylabware.controllers.XCalibur.DISPENSE_PUMP - INFO - Dispensing 1000 ul as 1 full dispenses of the 1.0mL and 0 ul remaining volume
2024-11-27 11:41:45,548 - pylabware.controllers.XCalibur.DISPENSE_PUMP - INFO - Valve position is: 3
2024-11-27 11:41:45,549 - pylabware.controllers.XCalibur.DISPENSE_PUMP - INFO - Requested valve was 3 current valve is 3
2024-11-27 11:41:50,189 - pylabware.controllers.XCalibur.DISPENSE_PUMP - INFO - Plunger position is 3000
2024-11-27 11:41:50,190 - pylabware.controllers.XCalibur.DISPENSE_PUMP - INFO - Requested increment position was 3000 current position is 3000
2024-11-27 11:41:51,502 - pylabware.controllers.XCalibur.DISPENSE_PUMP - INFO - Valve position is: 1
2024-11-27 11:41:51,502 - pylabware.controllers.XCalibur.DISPENSE_PUMP - INFO - Requested valve was 1 current valve is 1
2024-11-27 11:41:56,143 - pylabware.controllers.XCalibur.DISPENSE_PUMP - INFO - Plunger position is 0
2024-11-27 11:41:56,143 - pylabware.controllers.XCalibur.DISPENSE_PUMP - INFO - Requested increment position was 0 current position is 0
2024-11-27 11:41:56,144 - pylabware.controllers.XCalibur.DISPENSE_PUMP - INFO - Remaining volume 0 ul is 0.0 rounded to 0
2024-11-27 11:41:56,144 - pylabware.controllers.XCalibur.DISPENSE_PUMP - INFO - Dispensing complete
2024-11-27 11:41:56,194 - RiH_Main - INFO - Priming dispense line with Air from port: 2
2024-11-27 11:41:56,194 - RiH_Main - INFO - Emptying 2 ml volume from dispense line port 1 into waste on port '6
2024-11-27 11:41:56,245 - pylabware.controllers.XCalibur.DISPENSE_PUMP - INFO - Dispensing 2000 ul as 2 full dispenses of the 1.0mL and 0 ul remaining volume
2024-11-27 11:41:56,449 - pylabware.controllers.XCalibur.DISPENSE_PUMP - INFO - Valve position is: 1
2024-11-27 11:41:56,450 - pylabware.controllers.XCalibur.DISPENSE_PUMP - INFO - Requested valve was 1 current valve is 1
2024-11-27 11:42:01,091 - pylabware.controllers.XCalibur.DISPENSE_PUMP - INFO - Plunger position is 3000
2024-11-27 11:42:01,091 - pylabware.controllers.XCalibur.DISPENSE_PUMP - INFO - Requested increment position was 3000 current position is 3000
2024-11-27 11:42:01,848 - pylabware.controllers.XCalibur.DISPENSE_PUMP - INFO - Valve position is: 6
2024-11-27 11:42:01,848 - pylabware.controllers.XCalibur.DISPENSE_PUMP - INFO - Requested valve was 6 current valve is 6
2024-11-27 11:42:06,488 - pylabware.controllers.XCalibur.DISPENSE_PUMP - INFO - Plunger position is 0
2024-11-27 11:42:06,488 - pylabware.controllers.XCalibur.DISPENSE_PUMP - INFO - Requested increment position was 0 current position is 0
2024-11-27 11:42:07,245 - pylabware.controllers.XCalibur.DISPENSE_PUMP - INFO - Valve position is: 1
2024-11-27 11:42:07,246 - pylabware.controllers.XCalibur.DISPENSE_PUMP - INFO - Requested valve was 1 current valve is 1
2024-11-27 11:42:11,887 - pylabware.controllers.XCalibur.DISPENSE_PUMP - INFO - Plunger position is 3000
2024-11-27 11:42:11,887 - pylabware.controllers.XCalibur.DISPENSE_PUMP - INFO - Requested increment position was 3000 current position is 3000
2024-11-27 11:42:12,695 - pylabware.controllers.XCalibur.DISPENSE_PUMP - INFO - Valve position is: 6
2024-11-27 11:42:12,695 - pylabware.controllers.XCalibur.DISPENSE_PUMP - INFO - Requested valve was 6 current valve is 6
2024-11-27 11:42:17,340 - pylabware.controllers.XCalibur.DISPENSE_PUMP - INFO - Plunger position is 0
2024-11-27 11:42:17,340 - pylabware.controllers.XCalibur.DISPENSE_PUMP - INFO - Requested increment position was 0 current position is 0
2024-11-27 11:42:17,340 - pylabware.controllers.XCalibur.DISPENSE_PUMP - INFO - Remaining volume 0 ul is 0.0 rounded to 0
2024-11-27 11:42:17,340 - pylabware.controllers.XCalibur.DISPENSE_PUMP - INFO - Dispensing complete
2024-11-27 11:42:17,340 - RiH_Main - INFO - Starting 1 backward washing cycle
2024-11-27 11:42:17,340 - RiH_Main - INFO - Dispensing 1 mL Air from port: 2 - overspill into waste vial
2024-11-27 11:42:17,390 - pylabware.controllers.XCalibur.DISPENSE_PUMP - INFO - Dispensing 1000 ul as 1 full dispenses of the 1.0mL and 0 ul remaining volume
2024-11-27 11:42:18,148 - pylabware.controllers.XCalibur.DISPENSE_PUMP - INFO - Valve position is: 2
2024-11-27 11:42:18,149 - pylabware.controllers.XCalibur.DISPENSE_PUMP - INFO - Requested valve was 2 current valve is 2
2024-11-27 11:42:22,789 - pylabware.controllers.XCalibur.DISPENSE_PUMP - INFO - Plunger position is 3000
2024-11-27 11:42:22,790 - pylabware.controllers.XCalibur.DISPENSE_PUMP - INFO - Requested increment position was 3000 current position is 3000
2024-11-27 11:42:24,101 - pylabware.controllers.XCalibur.DISPENSE_PUMP - INFO - Valve position is: 1
2024-11-27 11:42:24,101 - pylabware.controllers.XCalibur.DISPENSE_PUMP - INFO - Requested valve was 1 current valve is 1
2024-11-27 11:42:28,742 - pylabware.controllers.XCalibur.DISPENSE_PUMP - INFO - Plunger position is 0
2024-11-27 11:42:28,742 - pylabware.controllers.XCalibur.DISPENSE_PUMP - INFO - Requested increment position was 0 current position is 0
2024-11-27 11:42:28,742 - pylabware.controllers.XCalibur.DISPENSE_PUMP - INFO - Remaining volume 0 ul is 0.0 rounded to 0
2024-11-27 11:42:28,742 - pylabware.controllers.XCalibur.DISPENSE_PUMP - INFO - Dispensing complete
2024-11-27 11:42:28,743 - RiH_Main - INFO - Aspirating 2 mL volume from dispense line (port: 1) to waste (port: 6)
2024-11-27 11:42:28,792 - pylabware.controllers.XCalibur.DISPENSE_PUMP - INFO - Dispensing 2000 ul as 2 full dispenses of the 1.0mL and 0 ul remaining volume
2024-11-27 11:42:28,996 - pylabware.controllers.XCalibur.DISPENSE_PUMP - INFO - Valve position is: 1
2024-11-27 11:42:28,997 - pylabware.controllers.XCalibur.DISPENSE_PUMP - INFO - Requested valve was 1 current valve is 1
2024-11-27 11:42:33,637 - pylabware.controllers.XCalibur.DISPENSE_PUMP - INFO - Plunger position is 3000
2024-11-27 11:42:33,638 - pylabware.controllers.XCalibur.DISPENSE_PUMP - INFO - Requested increment position was 3000 current position is 3000
2024-11-27 11:42:34,395 - pylabware.controllers.XCalibur.DISPENSE_PUMP - INFO - Valve position is: 6
2024-11-27 11:42:34,396 - pylabware.controllers.XCalibur.DISPENSE_PUMP - INFO - Requested valve was 6 current valve is 6
2024-11-27 11:42:39,086 - pylabware.controllers.XCalibur.DISPENSE_PUMP - INFO - Plunger position is 0
2024-11-27 11:42:39,087 - pylabware.controllers.XCalibur.DISPENSE_PUMP - INFO - Requested increment position was 0 current position is 0
2024-11-27 11:42:39,844 - pylabware.controllers.XCalibur.DISPENSE_PUMP - INFO - Valve position is: 1
2024-11-27 11:42:39,845 - pylabware.controllers.XCalibur.DISPENSE_PUMP - INFO - Requested valve was 1 current valve is 1
2024-11-27 11:42:44,485 - pylabware.controllers.XCalibur.DISPENSE_PUMP - INFO - Plunger position is 3000
2024-11-27 11:42:44,485 - pylabware.controllers.XCalibur.DISPENSE_PUMP - INFO - Requested increment position was 3000 current position is 3000
2024-11-27 11:42:45,243 - pylabware.controllers.XCalibur.DISPENSE_PUMP - INFO - Valve position is: 6
2024-11-27 11:42:45,243 - pylabware.controllers.XCalibur.DISPENSE_PUMP - INFO - Requested valve was 6 current valve is 6
2024-11-27 11:42:49,883 - pylabware.controllers.XCalibur.DISPENSE_PUMP - INFO - Plunger position is 0
2024-11-27 11:42:49,884 - pylabware.controllers.XCalibur.DISPENSE_PUMP - INFO - Requested increment position was 0 current position is 0
2024-11-27 11:42:49,884 - pylabware.controllers.XCalibur.DISPENSE_PUMP - INFO - Remaining volume 0 ul is 0.0 rounded to 0
2024-11-27 11:42:49,884 - pylabware.controllers.XCalibur.DISPENSE_PUMP - INFO - Dispensing complete
2024-11-27 11:42:49,885 - RiH_Main - INFO - Starting 2 backward washing cycle
2024-11-27 11:42:49,885 - RiH_Main - INFO - Dispensing 1 mL Air from port: 2 - overspill into waste vial
2024-11-27 11:42:49,934 - pylabware.controllers.XCalibur.DISPENSE_PUMP - INFO - Dispensing 1000 ul as 1 full dispenses of the 1.0mL and 0 ul remaining volume
2024-11-27 11:42:50,692 - pylabware.controllers.XCalibur.DISPENSE_PUMP - INFO - Valve position is: 2
2024-11-27 11:42:50,692 - pylabware.controllers.XCalibur.DISPENSE_PUMP - INFO - Requested valve was 2 current valve is 2
2024-11-27 11:42:55,333 - pylabware.controllers.XCalibur.DISPENSE_PUMP - INFO - Plunger position is 3000
2024-11-27 11:42:55,333 - pylabware.controllers.XCalibur.DISPENSE_PUMP - INFO - Requested increment position was 3000 current position is 3000
2024-11-27 11:42:56,646 - pylabware.controllers.XCalibur.DISPENSE_PUMP - INFO - Valve position is: 1
2024-11-27 11:42:56,646 - pylabware.controllers.XCalibur.DISPENSE_PUMP - INFO - Requested valve was 1 current valve is 1
2024-11-27 11:43:01,288 - pylabware.controllers.XCalibur.DISPENSE_PUMP - INFO - Plunger position is 0
2024-11-27 11:43:01,288 - pylabware.controllers.XCalibur.DISPENSE_PUMP - INFO - Requested increment position was 0 current position is 0
2024-11-27 11:43:01,289 - pylabware.controllers.XCalibur.DISPENSE_PUMP - INFO - Remaining volume 0 ul is 0.0 rounded to 0
2024-11-27 11:43:01,289 - pylabware.controllers.XCalibur.DISPENSE_PUMP - INFO - Dispensing complete
2024-11-27 11:43:01,289 - RiH_Main - INFO - Aspirating 2 mL volume from dispense line (port: 1) to waste (port: 6)
2024-11-27 11:43:01,339 - pylabware.controllers.XCalibur.DISPENSE_PUMP - INFO - Dispensing 2000 ul as 2 full dispenses of the 1.0mL and 0 ul remaining volume
2024-11-27 11:43:01,542 - pylabware.controllers.XCalibur.DISPENSE_PUMP - INFO - Valve position is: 1
2024-11-27 11:43:01,542 - pylabware.controllers.XCalibur.DISPENSE_PUMP - INFO - Requested valve was 1 current valve is 1
2024-11-27 11:43:06,184 - pylabware.controllers.XCalibur.DISPENSE_PUMP - INFO - Plunger position is 3000
2024-11-27 11:43:06,185 - pylabware.controllers.XCalibur.DISPENSE_PUMP - INFO - Requested increment position was 3000 current position is 3000
2024-11-27 11:43:06,942 - pylabware.controllers.XCalibur.DISPENSE_PUMP - INFO - Valve position is: 6
2024-11-27 11:43:06,942 - pylabware.controllers.XCalibur.DISPENSE_PUMP - INFO - Requested valve was 6 current valve is 6
2024-11-27 11:43:11,584 - pylabware.controllers.XCalibur.DISPENSE_PUMP - INFO - Plunger position is 0
2024-11-27 11:43:11,584 - pylabware.controllers.XCalibur.DISPENSE_PUMP - INFO - Requested increment position was 0 current position is 0
2024-11-27 11:43:12,342 - pylabware.controllers.XCalibur.DISPENSE_PUMP - INFO - Valve position is: 1
2024-11-27 11:43:12,342 - pylabware.controllers.XCalibur.DISPENSE_PUMP - INFO - Requested valve was 1 current valve is 1
2024-11-27 11:43:17,032 - pylabware.controllers.XCalibur.DISPENSE_PUMP - INFO - Plunger position is 3000
2024-11-27 11:43:17,032 - pylabware.controllers.XCalibur.DISPENSE_PUMP - INFO - Requested increment position was 3000 current position is 3000
2024-11-27 11:43:17,790 - pylabware.controllers.XCalibur.DISPENSE_PUMP - INFO - Valve position is: 6
2024-11-27 11:43:17,790 - pylabware.controllers.XCalibur.DISPENSE_PUMP - INFO - Requested valve was 6 current valve is 6
2024-11-27 11:43:22,430 - pylabware.controllers.XCalibur.DISPENSE_PUMP - INFO - Plunger position is 0
2024-11-27 11:43:22,430 - pylabware.controllers.XCalibur.DISPENSE_PUMP - INFO - Requested increment position was 0 current position is 0
2024-11-27 11:43:22,430 - pylabware.controllers.XCalibur.DISPENSE_PUMP - INFO - Remaining volume 0 ul is 0.0 rounded to 0
2024-11-27 11:43:22,431 - pylabware.controllers.XCalibur.DISPENSE_PUMP - INFO - Dispensing complete
2024-11-27 11:43:22,431 - RiH_Main - INFO - Priming the dispense line (port: 1) with Air port 2
2024-11-27 11:43:22,481 - pylabware.controllers.XCalibur.DISPENSE_PUMP - INFO - Dispensing 1000 ul as 1 full dispenses of the 1.0mL and 0 ul remaining volume
2024-11-27 11:43:23,238 - pylabware.controllers.XCalibur.DISPENSE_PUMP - INFO - Valve position is: 2
2024-11-27 11:43:23,238 - pylabware.controllers.XCalibur.DISPENSE_PUMP - INFO - Requested valve was 2 current valve is 2
2024-11-27 11:43:27,880 - pylabware.controllers.XCalibur.DISPENSE_PUMP - INFO - Plunger position is 3000
2024-11-27 11:43:27,880 - pylabware.controllers.XCalibur.DISPENSE_PUMP - INFO - Requested increment position was 3000 current position is 3000
2024-11-27 11:43:29,191 - pylabware.controllers.XCalibur.DISPENSE_PUMP - INFO - Valve position is: 1
2024-11-27 11:43:29,191 - pylabware.controllers.XCalibur.DISPENSE_PUMP - INFO - Requested valve was 1 current valve is 1
2024-11-27 11:43:33,833 - pylabware.controllers.XCalibur.DISPENSE_PUMP - INFO - Plunger position is 0
2024-11-27 11:43:33,833 - pylabware.controllers.XCalibur.DISPENSE_PUMP - INFO - Requested increment position was 0 current position is 0
2024-11-27 11:43:33,834 - pylabware.controllers.XCalibur.DISPENSE_PUMP - INFO - Remaining volume 0 ul is 0.0 rounded to 0
2024-11-27 11:43:33,834 - pylabware.controllers.XCalibur.DISPENSE_PUMP - INFO - Dispensing complete
2024-11-27 11:43:50,063 - RiH_Filtration_System - INFO - E stop is off - checking pump is ready
2024-11-27 11:43:50,129 - RiH_Filtration_System - INFO - pump is idle running command
2024-11-27 11:43:50,130 - RiH_Filtration_System - INFO - Recovering pre-filtration wash (9000 + 5 mL) from receiving flask
2024-11-27 11:43:50,180 - pylabware.controllers.XCalibur.FILT_PUMP - INFO - Dispensing 14000 ul as 2 full dispenses of the 5.0mL and 4000 ul remaining volume
2024-11-27 11:43:51,493 - pylabware.controllers.XCalibur.FILT_PUMP - INFO - Valve position is: 1
2024-11-27 11:43:51,493 - pylabware.controllers.XCalibur.FILT_PUMP - INFO - Requested valve was 1 current valve is 1
2024-11-27 11:43:57,797 - pylabware.controllers.XCalibur.FILT_PUMP - INFO - Plunger position is 3000
2024-11-27 11:43:57,798 - pylabware.controllers.XCalibur.FILT_PUMP - INFO - Requested increment position was 3000 current position is 3000
2024-11-27 11:43:58,555 - pylabware.controllers.XCalibur.FILT_PUMP - INFO - Valve position is: 3
2024-11-27 11:43:58,555 - pylabware.controllers.XCalibur.FILT_PUMP - INFO - Requested valve was 3 current valve is 3
2024-11-27 11:44:04,860 - pylabware.controllers.XCalibur.FILT_PUMP - INFO - Plunger position is 0
2024-11-27 11:44:04,860 - pylabware.controllers.XCalibur.FILT_PUMP - INFO - Requested increment position was 0 current position is 0
2024-11-27 11:44:06,173 - pylabware.controllers.XCalibur.FILT_PUMP - INFO - Valve position is: 1
2024-11-27 11:44:06,173 - pylabware.controllers.XCalibur.FILT_PUMP - INFO - Requested valve was 1 current valve is 1
2024-11-27 11:44:12,478 - pylabware.controllers.XCalibur.FILT_PUMP - INFO - Plunger position is 3000
2024-11-27 11:44:12,478 - pylabware.controllers.XCalibur.FILT_PUMP - INFO - Requested increment position was 3000 current position is 3000
2024-11-27 11:44:13,235 - pylabware.controllers.XCalibur.FILT_PUMP - INFO - Valve position is: 3
2024-11-27 11:44:13,236 - pylabware.controllers.XCalibur.FILT_PUMP - INFO - Requested valve was 3 current valve is 3
2024-11-27 11:44:19,541 - pylabware.controllers.XCalibur.FILT_PUMP - INFO - Plunger position is 0
2024-11-27 11:44:19,541 - pylabware.controllers.XCalibur.FILT_PUMP - INFO - Requested increment position was 0 current position is 0
2024-11-27 11:44:19,541 - pylabware.controllers.XCalibur.FILT_PUMP - INFO - Remaining volume 4000 ul is 2400.0 rounded to 2400
2024-11-27 11:44:20,853 - pylabware.controllers.XCalibur.FILT_PUMP - INFO - Valve position is: 1
2024-11-27 11:44:20,854 - pylabware.controllers.XCalibur.FILT_PUMP - INFO - Requested valve was 1 current valve is 1
2024-11-27 11:44:26,049 - pylabware.controllers.XCalibur.FILT_PUMP - INFO - Plunger position is 2400
2024-11-27 11:44:26,049 - pylabware.controllers.XCalibur.FILT_PUMP - INFO - Requested increment position was 2400 current position is 2400
2024-11-27 11:44:26,806 - pylabware.controllers.XCalibur.FILT_PUMP - INFO - Valve position is: 3
2024-11-27 11:44:26,807 - pylabware.controllers.XCalibur.FILT_PUMP - INFO - Requested valve was 3 current valve is 3
2024-11-27 11:44:32,000 - pylabware.controllers.XCalibur.FILT_PUMP - INFO - Plunger position is 0
2024-11-27 11:44:32,000 - pylabware.controllers.XCalibur.FILT_PUMP - INFO - Requested increment position was 0 current position is 0
2024-11-27 11:44:32,000 - pylabware.controllers.XCalibur.FILT_PUMP - INFO - Dispensing complete
2024-11-27 11:44:32,000 - RiH_Filtration_System - INFO - E stop is off - checking pump is ready
2024-11-27 11:44:32,051 - RiH_Filtration_System - INFO - pump is idle running command
2024-11-27 11:44:32,051 - RiH_Filtration_System - INFO - Purging system ports
2024-11-27 11:44:32,101 - pylabware.controllers.XCalibur.FILT_PUMP - INFO - Dispensing 5000 ul as 1 full dispenses of the 5.0mL and 0 ul remaining volume
2024-11-27 11:44:32,858 - pylabware.controllers.XCalibur.FILT_PUMP - INFO - Valve position is: 5
2024-11-27 11:44:32,858 - pylabware.controllers.XCalibur.FILT_PUMP - INFO - Requested valve was 5 current valve is 5
2024-11-27 11:44:39,164 - pylabware.controllers.XCalibur.FILT_PUMP - INFO - Plunger position is 3000
2024-11-27 11:44:39,164 - pylabware.controllers.XCalibur.FILT_PUMP - INFO - Requested increment position was 3000 current position is 3000
2024-11-27 11:44:39,922 - pylabware.controllers.XCalibur.FILT_PUMP - INFO - Valve position is: 1
2024-11-27 11:44:39,922 - pylabware.controllers.XCalibur.FILT_PUMP - INFO - Requested valve was 1 current valve is 1
2024-11-27 11:44:46,227 - pylabware.controllers.XCalibur.FILT_PUMP - INFO - Plunger position is 0
2024-11-27 11:44:46,227 - pylabware.controllers.XCalibur.FILT_PUMP - INFO - Requested increment position was 0 current position is 0
2024-11-27 11:44:46,228 - pylabware.controllers.XCalibur.FILT_PUMP - INFO - Remaining volume 0 ul is 0.0 rounded to 0
2024-11-27 11:44:46,228 - pylabware.controllers.XCalibur.FILT_PUMP - INFO - Dispensing complete
2024-11-27 11:44:46,278 - pylabware.controllers.XCalibur.FILT_PUMP - INFO - Dispensing 5000 ul as 1 full dispenses of the 5.0mL and 0 ul remaining volume
2024-11-27 11:44:47,036 - pylabware.controllers.XCalibur.FILT_PUMP - INFO - Valve position is: 5
2024-11-27 11:44:47,036 - pylabware.controllers.XCalibur.FILT_PUMP - INFO - Requested valve was 5 current valve is 5
2024-11-27 11:44:53,341 - pylabware.controllers.XCalibur.FILT_PUMP - INFO - Plunger position is 3000
2024-11-27 11:44:53,341 - pylabware.controllers.XCalibur.FILT_PUMP - INFO - Requested increment position was 3000 current position is 3000
2024-11-27 11:44:54,654 - pylabware.controllers.XCalibur.FILT_PUMP - INFO - Valve position is: 2
2024-11-27 11:44:54,654 - pylabware.controllers.XCalibur.FILT_PUMP - INFO - Requested valve was 2 current valve is 2
2024-11-27 11:45:00,960 - pylabware.controllers.XCalibur.FILT_PUMP - INFO - Plunger position is 0
2024-11-27 11:45:00,961 - pylabware.controllers.XCalibur.FILT_PUMP - INFO - Requested increment position was 0 current position is 0
2024-11-27 11:45:00,961 - pylabware.controllers.XCalibur.FILT_PUMP - INFO - Remaining volume 0 ul is 0.0 rounded to 0
2024-11-27 11:45:00,961 - pylabware.controllers.XCalibur.FILT_PUMP - INFO - Dispensing complete
2024-11-27 11:45:01,011 - pylabware.controllers.XCalibur.FILT_PUMP - INFO - Dispensing 5000 ul as 1 full dispenses of the 5.0mL and 0 ul remaining volume
2024-11-27 11:45:01,769 - pylabware.controllers.XCalibur.FILT_PUMP - INFO - Valve position is: 5
2024-11-27 11:45:01,769 - pylabware.controllers.XCalibur.FILT_PUMP - INFO - Requested valve was 5 current valve is 5
2024-11-27 11:45:08,075 - pylabware.controllers.XCalibur.FILT_PUMP - INFO - Plunger position is 3000
2024-11-27 11:45:08,075 - pylabware.controllers.XCalibur.FILT_PUMP - INFO - Requested increment position was 3000 current position is 3000
2024-11-27 11:45:09,387 - pylabware.controllers.XCalibur.FILT_PUMP - INFO - Valve position is: 3
2024-11-27 11:45:09,387 - pylabware.controllers.XCalibur.FILT_PUMP - INFO - Requested valve was 3 current valve is 3
2024-11-27 11:45:15,691 - pylabware.controllers.XCalibur.FILT_PUMP - INFO - Plunger position is 0
2024-11-27 11:45:15,692 - pylabware.controllers.XCalibur.FILT_PUMP - INFO - Requested increment position was 0 current position is 0
2024-11-27 11:45:15,692 - pylabware.controllers.XCalibur.FILT_PUMP - INFO - Remaining volume 0 ul is 0.0 rounded to 0
2024-11-27 11:45:15,692 - pylabware.controllers.XCalibur.FILT_PUMP - INFO - Dispensing complete
2024-11-27 11:45:15,743 - pylabware.controllers.XCalibur.FILT_PUMP - INFO - Dispensing 5000 ul as 1 full dispenses of the 5.0mL and 0 ul remaining volume
2024-11-27 11:45:16,501 - pylabware.controllers.XCalibur.FILT_PUMP - INFO - Valve position is: 5
2024-11-27 11:45:16,501 - pylabware.controllers.XCalibur.FILT_PUMP - INFO - Requested valve was 5 current valve is 5
2024-11-27 11:45:22,808 - pylabware.controllers.XCalibur.FILT_PUMP - INFO - Plunger position is 3000
2024-11-27 11:45:22,808 - pylabware.controllers.XCalibur.FILT_PUMP - INFO - Requested increment position was 3000 current position is 3000
2024-11-27 11:45:24,120 - pylabware.controllers.XCalibur.FILT_PUMP - INFO - Valve position is: 4
2024-11-27 11:45:24,120 - pylabware.controllers.XCalibur.FILT_PUMP - INFO - Requested valve was 4 current valve is 4
2024-11-27 11:45:30,425 - pylabware.controllers.XCalibur.FILT_PUMP - INFO - Plunger position is 0
2024-11-27 11:45:30,426 - pylabware.controllers.XCalibur.FILT_PUMP - INFO - Requested increment position was 0 current position is 0
2024-11-27 11:45:30,426 - pylabware.controllers.XCalibur.FILT_PUMP - INFO - Remaining volume 0 ul is 0.0 rounded to 0
2024-11-27 11:45:30,426 - pylabware.controllers.XCalibur.FILT_PUMP - INFO - Dispensing complete
2024-11-27 11:45:30,476 - pylabware.controllers.XCalibur.FILT_PUMP - INFO - Dispensing 5000 ul as 1 full dispenses of the 5.0mL and 0 ul remaining volume
2024-11-27 11:45:31,234 - pylabware.controllers.XCalibur.FILT_PUMP - INFO - Valve position is: 5
2024-11-27 11:45:31,234 - pylabware.controllers.XCalibur.FILT_PUMP - INFO - Requested valve was 5 current valve is 5
2024-11-27 11:45:37,538 - pylabware.controllers.XCalibur.FILT_PUMP - INFO - Plunger position is 3000
2024-11-27 11:45:37,538 - pylabware.controllers.XCalibur.FILT_PUMP - INFO - Requested increment position was 3000 current position is 3000
2024-11-27 11:45:38,295 - pylabware.controllers.XCalibur.FILT_PUMP - INFO - Valve position is: 12
2024-11-27 11:45:38,296 - pylabware.controllers.XCalibur.FILT_PUMP - INFO - Requested valve was 12 current valve is 12
2024-11-27 11:45:44,601 - pylabware.controllers.XCalibur.FILT_PUMP - INFO - Plunger position is 0
2024-11-27 11:45:44,601 - pylabware.controllers.XCalibur.FILT_PUMP - INFO - Requested increment position was 0 current position is 0
2024-11-27 11:45:44,601 - pylabware.controllers.XCalibur.FILT_PUMP - INFO - Remaining volume 0 ul is 0.0 rounded to 0
2024-11-27 11:45:44,601 - pylabware.controllers.XCalibur.FILT_PUMP - INFO - Dispensing complete
2024-11-27 11:45:44,651 - pylabware.controllers.XCalibur.FILT_PUMP - INFO - Dispensing 5000 ul as 1 full dispenses of the 5.0mL and 0 ul remaining volume
2024-11-27 11:45:45,409 - pylabware.controllers.XCalibur.FILT_PUMP - INFO - Valve position is: 5
2024-11-27 11:45:45,410 - pylabware.controllers.XCalibur.FILT_PUMP - INFO - Requested valve was 5 current valve is 5
2024-11-27 11:45:51,715 - pylabware.controllers.XCalibur.FILT_PUMP - INFO - Plunger position is 3000
2024-11-27 11:45:51,715 - pylabware.controllers.XCalibur.FILT_PUMP - INFO - Requested increment position was 3000 current position is 3000
2024-11-27 11:45:52,473 - pylabware.controllers.XCalibur.FILT_PUMP - INFO - Valve position is: 7
2024-11-27 11:45:52,473 - pylabware.controllers.XCalibur.FILT_PUMP - INFO - Requested valve was 7 current valve is 7
2024-11-27 11:45:58,779 - pylabware.controllers.XCalibur.FILT_PUMP - INFO - Plunger position is 0
2024-11-27 11:45:58,780 - pylabware.controllers.XCalibur.FILT_PUMP - INFO - Requested increment position was 0 current position is 0
2024-11-27 11:45:58,780 - pylabware.controllers.XCalibur.FILT_PUMP - INFO - Remaining volume 0 ul is 0.0 rounded to 0
2024-11-27 11:45:58,780 - pylabware.controllers.XCalibur.FILT_PUMP - INFO - Dispensing complete
